"calor-total-porta-rfile"
"Time Step" "calor-total-porta etc.."
("Time Step" "calor-total-porta" "flow-time")
0 252.9491658422814 0
1 0 0.1
2 0 0.2
3 0 0.3
4 0 0.4
5 0 0.5
6 0 0.6000000000000001
7 0 0.7000000000000001
8 0 0.8
9 0 0.9
10 0 1
11 0 1.1
12 0 1.2
13 0 1.3
14 0 1.4
15 0 1.5
16 0 1.6
17 0 1.7
18 0 1.8
19 0 1.9
20 0 2
21 0 2.1
22 0 2.2
23 0 2.3
24 0 2.4
25 0 2.5
26 0 2.6
27 0 2.7
28 0 2.8
29 0 2.9
30 0 3
31 0 3.1
32 0 3.2
33 0 3.3
34 0 3.4
35 0 3.5
36 0 3.6
37 0 3.7
38 0 3.8
39 0 3.9
40 0 4
41 0 4.100000000000001
42 0 4.2
43 0 4.3
44 0 4.4
45 0 4.5
46 0 4.600000000000001
47 0 4.7
48 0 4.800000000000001
49 0 4.9
50 0 5
51 0 5.100000000000001
52 0 5.2
53 0 5.300000000000001
54 0 5.4
55 0 5.5
56 0 5.600000000000001
57 0 5.7
58 0 5.800000000000001
59 0 5.9
60 0 6
61 0 6.100000000000001
62 0 6.2
63 0 6.300000000000001
64 0 6.4
65 0 6.5
66 0 6.600000000000001
67 0 6.7
68 0 6.800000000000001
69 0 6.9
70 0 7
71 0 7.100000000000001
72 0 7.2
73 0 7.300000000000001
74 0 7.4
75 0 7.5
76 0 7.600000000000001
77 0 7.7
78 0 7.800000000000001
79 0 7.9
80 0 8
81 0 8.1
82 0 8.200000000000001
83 0 8.300000000000001
84 0 8.4
85 0 8.5
86 0 8.6
87 0 8.700000000000001
88 0 8.800000000000001
89 0 8.9
90 0 9
91 0 9.1
92 0 9.200000000000001
93 0 9.300000000000001
94 0 9.4
95 0 9.5
96 0 9.600000000000001
97 0 9.700000000000001
98 0 9.800000000000001
99 0 9.9
100 0 10
101 0 10.1
102 0 10.2
103 0 10.3
104 0 10.4
105 0 10.5
106 0 10.6
107 0 10.7
108 0 10.8
109 0 10.9
110 0 11
111 0 11.1
112 0 11.2
113 0 11.3
114 0 11.4
115 0 11.5
116 0 11.6
117 0 11.7
118 0 11.8
119 0 11.9
120 0 12
121 0 12.1
122 0 12.2
123 0 12.3
124 0 12.4
125 0 12.5
126 0 12.6
127 0 12.7
128 0 12.8
129 0 12.9
130 0 13
131 0 13.1
132 0 13.2
133 0 13.3
134 0 13.4
135 0 13.5
136 0 13.6
137 0 13.7
138 0 13.8
139 0 13.9
140 0 14
141 0 14.1
142 0 14.2
143 0 14.3
144 0 14.4
145 0 14.5
146 0 14.6
147 0 14.7
148 0 14.8
149 0 14.9
150 0 15
151 0 15.1
152 0 15.2
153 0 15.3
154 0 15.4
155 0 15.5
156 0 15.6
157 0 15.7
158 0 15.8
159 0 15.9
160 0 16
161 0 16.1
162 0 16.2
163 0 16.3
164 0 16.4
165 0 16.5
166 0 16.6
167 0 16.7
168 0 16.8
169 0 16.9
170 0 17
171 0 17.1
172 0 17.2
173 0 17.3
174 0 17.4
175 0 17.5
176 0 17.6
177 0 17.7
178 0 17.8
179 0 17.9
180 0 18
181 0 18.1
182 0 18.2
183 0 18.3
184 0 18.4
185 0 18.5
186 0 18.6
187 0 18.7
188 0 18.8
189 0 18.9
190 0 19
191 0 19.1
192 0 19.2
193 0 19.3
194 0 19.4
195 0 19.5
196 0 19.6
197 0 19.7
198 0 19.8
199 0 19.9
200 0 20
201 0 20.1
202 0 20.2
203 0 20.3
204 0 20.4
205 0 20.5
206 0 20.6
207 0 20.7
208 0 20.8
209 0 20.9
210 0 21
211 0 21.1
212 0 21.2
213 0 21.3
214 0 21.4
215 0 21.5
216 0 21.6
217 0 21.7
218 0 21.8
219 0 21.9
220 0 22
221 0 22.1
222 0 22.2
223 0 22.3
224 0 22.4
225 0 22.5
226 0 22.6
227 0 22.7
228 0 22.8
229 0 22.9
230 0 23
231 0 23.1
232 0 23.2
233 0 23.3
234 0 23.4
235 0 23.5
236 0 23.6
237 0 23.7
238 0 23.8
239 0 23.9
240 0 24
241 0 24.1
242 0 24.2
243 0 24.3
244 0 24.4
245 0 24.5
246 0 24.6
247 0 24.7
248 0 24.8
249 0 24.9
250 0 25
251 0 25.1
252 0 25.2
253 0 25.3
254 0 25.4
255 0 25.5
256 0 25.6
257 0 25.7
258 0 25.8
259 0 25.9
260 0 26
261 0 26.1
262 0 26.2
263 0 26.3
264 0 26.4
265 0 26.5
266 0 26.6
267 0 26.7
268 0 26.8
269 0 26.9
270 0 27
271 0 27.1
272 0 27.2
273 0 27.3
274 0 27.4
275 0 27.5
276 0 27.6
277 0 27.7
278 0 27.8
279 0 27.9
280 0 28
281 0 28.1
282 0 28.2
283 0 28.3
284 0 28.4
285 0 28.5
286 0 28.6
287 0 28.7
288 0 28.8
289 0 28.9
290 0 29
291 0 29.1
292 0 29.2
293 0 29.3
294 0 29.4
295 0 29.5
296 0 29.6
297 0 29.7
298 0 29.8
299 0 29.9
300 0 30
301 0 30.1
302 0 30.2
303 0 30.3
304 0 30.4
305 0 30.5
306 0 30.6
307 0 30.7
308 0 30.8
309 0 30.9
310 0 31
311 0 31.1
312 0 31.2
313 0 31.3
314 0 31.4
315 0 31.5
316 0 31.6
317 0 31.7
318 0 31.8
319 0 31.9
320 0 32
321 0 32.1
322 0 32.2
323 0 32.3
324 0 32.4
325 0 32.5
326 0 32.6
327 0 32.7
328 0 32.8
329 0 32.9
330 0 33
331 0 33.1
332 0 33.2
333 0 33.3
334 0 33.4
335 0 33.5
336 0 33.6
337 0 33.7
338 0 33.8
339 0 33.9
340 0 34
341 0 34.1
342 0 34.2
343 0 34.3
344 0 34.4
345 0 34.5
346 0 34.6
347 0 34.7
348 0 34.8
349 0 34.9
350 0 35
351 0 35.1
352 0 35.2
353 0 35.3
354 0 35.4
355 0 35.5
356 0 35.6
357 0 35.7
358 0 35.8
359 0 35.9
360 0 36
361 0 36.1
362 0 36.2
363 0 36.3
364 0 36.4
365 0 36.5
366 0 36.6
367 0 36.7
368 0 36.8
369 0 36.9
370 0 37
371 0 37.1
372 0 37.2
373 0 37.3
374 0 37.4
375 0 37.5
376 0 37.6
377 0 37.7
378 0 37.8
379 0 37.9
380 0 38
381 0 38.1
382 0 38.2
383 0 38.3
384 0 38.40000000000001
385 0 38.5
386 0 38.6
387 0 38.7
388 0 38.8
389 0 38.90000000000001
390 0 39
391 0 39.1
392 0 39.2
393 0 39.3
394 0 39.40000000000001
395 0 39.5
396 0 39.6
397 0 39.7
398 0 39.8
399 0 39.90000000000001
400 0 40
401 0 40.1
402 0 40.2
403 0 40.3
404 0 40.40000000000001
405 0 40.5
406 0 40.6
407 0 40.7
408 0 40.8
409 0 40.90000000000001
410 0 41
411 0 41.1
412 0 41.2
413 0 41.3
414 0 41.40000000000001
415 0 41.5
416 0 41.6
417 0 41.7
418 0 41.8
419 0 41.90000000000001
420 0 42
421 0 42.1
422 0 42.2
423 0 42.3
424 0 42.40000000000001
425 0 42.5
426 0 42.6
427 0 42.7
428 0 42.8
429 0 42.90000000000001
430 0 43
431 0 43.1
432 0 43.2
433 0 43.3
434 0 43.40000000000001
435 0 43.5
436 0 43.6
437 0 43.7
438 0 43.8
439 0 43.90000000000001
440 0 44
441 0 44.1
442 0 44.2
443 0 44.3
444 0 44.40000000000001
445 0 44.5
446 0 44.6
447 0 44.7
448 0 44.8
449 0 44.90000000000001
450 0 45
451 0 45.1
452 0 45.2
453 0 45.3
454 0 45.40000000000001
455 0 45.5
456 0 45.6
457 0 45.7
458 0 45.8
459 0 45.90000000000001
460 0 46
461 0 46.1
462 0 46.2
463 0 46.3
464 0 46.40000000000001
465 0 46.5
466 0 46.6
467 0 46.7
468 0 46.8
469 0 46.90000000000001
470 0 47
471 0 47.1
472 0 47.2
473 0 47.3
474 0 47.40000000000001
475 0 47.5
476 0 47.6
477 0 47.7
478 0 47.8
479 0 47.90000000000001
480 0 48
481 0 48.1
482 0 48.2
483 0 48.3
484 0 48.40000000000001
485 0 48.5
486 0 48.6
487 0 48.7
488 0 48.8
489 0 48.90000000000001
490 0 49
491 0 49.1
492 0 49.2
493 0 49.3
494 0 49.40000000000001
495 0 49.5
496 0 49.6
497 0 49.7
498 0 49.8
499 0 49.90000000000001
500 0 50
501 58145.57800360539 50.01
502 54825.48153950593 50.02
503 56560.78431617203 50.03
504 58369.54463227821 50.04
505 75067.37930261486 50.05
506 82222.44715187875 50.06
507 87769.38484287592 50.07
508 92791.01061002965 50.08
509 97165.85840252758 50.09
510 100906.2517905785 50.1
511 113965.3890916029 50.11
512 125485.1475826747 50.12
513 136570.4225042694 50.13
514 148250.7738046343 50.14
515 161379.3878758369 50.15
516 175044.2436053747 50.16
517 188079.4879212036 50.17
518 199945.0476139937 50.18
519 210509.8476695631 50.19
520 219870.727826117 50.2
521 228177.8357669003 50.21
522 235604.4707918891 50.22
523 242110.2059542573 50.23
524 247563.6676290833 50.24
525 249707.0281228311 50.25
526 248823.272193777 50.26
527 244349.2444602376 50.27
528 240233.7393206094 50.28
529 236170.0148430719 50.29
530 231830.0600755423 50.3
531 227143.8991990273 50.31
532 222098.757804135 50.32
533 216762.3150656052 50.33
534 211251.4880107655 50.34
535 205662.3007403727 50.35
536 200026.1659485628 50.36
537 194426.2389709869 50.37
538 188853.0601567721 50.38
539 183340.9559575189 50.39
540 177914.8096494281 50.4
541 172584.3994904126 50.41
542 167353.6684544947 50.42
543 162235.0623953712 50.43
544 157223.1864976962 50.44
545 152309.233201009 50.45
546 147517.4994851564 50.46
547 142809.8261870806 50.47
548 138215.7848909305 50.48
549 133695.9457963475 50.49
550 129277.6853632141 50.5
551 124913.987775675 50.51
552 120658.164527895 50.52
553 116472.9794245342 50.53
554 112365.6543293178 50.54
555 108320.3107153593 50.55
556 104379.7718982151 50.56
557 94449.351730971 50.57
558 87588.41400036703 50.58
559 80242.03422989117 50.59
560 70257.53547950942 50.6
561 59673.73988680261 50.61
562 49853.72174114901 50.62
563 45461.42560246948 50.63
564 31982.3071629537 50.64
565 12831.9327500635 50.65
566 -4609.878296888017 50.66
567 -12625.02577541004 50.67
568 -19925.2099087955 50.68
569 -37711.26451316751 50.69
570 -48140.91109633489 50.7
571 -48146.82889097559 50.71
572 -42012.96508655688 50.72
573 -40527.22413704928 50.73
574 -46632.55536083481 50.74
575 -32512.17448662616 50.75
576 -26008.97043181586 50.76
577 -18610.68982124811 50.77
578 -17961.89962553374 50.78
579 -15573.58660311657 50.79
580 -13711.67034779759 50.8
581 -11934.74754383727 50.81
582 -10079.87336092286 50.82
583 -9209.275566653087 50.83
584 -7683.729704334834 50.84
585 -7247.730708172634 50.85
586 -6140.014026094844 50.86
587 -6257.858417476051 50.87
588 -6434.729196116237 50.88
589 -6536.304286299908 50.89
590 -6543.336034567074 50.9
591 -6207.231764802627 50.91
592 -5940.88714413265 50.92
593 -6407.254754244239 50.93
594 -6444.378289470818 50.94
595 -6740.077200774651 50.95
596 -7040.592913429799 50.96
597 -7194.685444796532 50.97
598 -7145.070371066805 50.98
599 -6921.153448024096 50.99
600 -6752.606825674666 51
601 -7066.445822642261 51.01
602 -7191.858540040981 51.02
603 -6744.010496727064 51.03
604 -6522.713458085708 51.04
605 -6559.823334336326 51.05
606 -6534.493281108506 51.06
607 -6490.198424954382 51.07
608 -6457.766374638833 51.08
609 -6417.377163559387 51.09
610 -6695.3773169388 51.1
611 -6373.895699057034 51.11
612 -6300.970528409982 51.12
613 -6291.004358581198 51.13
614 -6284.249079595222 51.14
615 -6252.872945017056 51.15
616 -6228.403414641307 51.16
617 -6224.439361089577 51.17
618 -6166.741034699887 51.18
619 -6203.187005425256 51.19
620 -6191.659878872452 51.2
621 -6186.611989378496 51.21
622 -6468.047019329211 51.22
623 -6684.2688256977 51.23
624 -6868.370432142243 51.24
625 -7002.314223976993 51.25
626 -7151.308308445821 51.26
627 -7370.508201538889 51.27
628 -7611.739638428612 51.28
629 -7753.112454014516 51.29
630 -7841.229712015333 51.3
631 -7621.917498660345 51.31
632 -7247.138968764612 51.32
633 -7458.136511561744 51.33
634 -6989.684772390645 51.34
635 -6969.763138121873 51.35
636 -6671.16634884732 51.36
637 -6558.185233776752 51.37
638 -6276.400001551552 51.38
639 -5711.311865423957 51.39
640 -5431.417562821545 51.4
641 -5055.469765663282 51.41
642 -4218.565065726105 51.42
643 -2184.5577463455 51.43
644 -463.5263246974325 51.44
645 434.3323105617926 51.45
646 1882.740926599356 51.46
647 4780.213938749461 51.47
648 6669.850431715162 51.48
649 8433.893468553826 51.49
650 10065.65436362871 51.5
651 12740.08494675056 51.51
652 15782.44234310714 51.52
653 17574.72357150557 51.53
654 19826.16275911573 51.54
655 21862.52708789937 51.55
656 24371.77123851121 51.56
657 26645.33030137026 51.57
658 28847.97511544713 51.58
659 30798.87215704368 51.59
660 33335.75445837287 51.6
661 36963.27585215249 51.61
662 39039.72364081167 51.62
663 40829.64037105637 51.63
664 41724.6148943681 51.64
665 43079.62096212259 51.65
666 44391.9335732942 51.66
667 45564.06970026443 51.67
668 46554.41411142988 51.68
669 47340.6956630673 51.69
670 47902.67260913798 51.7
671 48256.28451759154 51.71
672 48101.84315619502 51.72
673 48063.15352695181 51.73
674 48035.33274091604 51.74
675 46999.26531270491 51.75
676 44079.55887877817 51.76
677 45112.77278250121 51.77
678 44365.07233776603 51.78
679 43722.21889896419 51.79
680 42029.63591824091 51.8
681 39795.59117611708 51.81
682 36702.60348372536 51.82
683 35429.28887690986 51.83
684 33632.18779014204 51.84
685 31891.4268752629 51.85
686 28494.58047803485 51.86
687 26713.01133453099 51.87
688 24488.24368725406 51.88
689 22936.81767364294 51.89
690 20172.29197612647 51.9
691 18141.56057295339 51.91
692 15986.2127291134 51.92
693 13311.45914192992 51.93
694 11351.55077143316 51.94
695 9601.462928723866 51.95
696 7722.214929244936 51.96
697 6383.82937455357 51.97
698 5177.47750342758 51.98
699 4077.885964136842 51.99
700 3359.694356843338 52
701 2850.877025837432 52.01
702 1851.84033440442 52.02
703 700.291295380239 52.03
704 543.6757260816225 52.04
705 373.3497213398007 52.05
706 228.1679972315218 52.06
707 45.68860532739143 52.07
708 -111.4593819781387 52.08
709 -319.0839293833311 52.09
710 -490.0260806056531 52.1
711 -626.0059391730465 52.11
712 -761.979080457186 52.12
713 -846.9902950105247 52.13
714 -915.6687640439472 52.14
715 -967.2279509249485 52.15
716 -998.6520526503933 52.16
717 -1010.527251075654 52.17
718 -1011.849756678862 52.18
719 -1028.397350825514 52.19
720 -1066.013910707913 52.2
721 -1106.816814191586 52.21
722 -1210.736292267844 52.22
723 -1281.306792094332 52.23
724 -1372.914581251519 52.24
725 -1396.366928260553 52.25
726 -1398.65275607908 52.26
727 -1293.504605853175 52.27
728 -1244.359230774274 52.28
729 -1232.112970472821 52.29
730 -1261.500339188256 52.3
731 -1304.530829414362 52.31
732 -1362.703336412312 52.32
733 -1421.019782519128 52.33
734 -1481.371564731318 52.34
735 -1495.168090384839 52.35
736 -1489.450061178783 52.36
737 -1491.473719659412 52.37
738 -1508.160345684679 52.38
739 -1524.838360446024 52.39
740 -1537.151715072099 52.4
741 -1548.404475278324 52.41
742 -1510.749256979484 52.42
743 -1519.050523052877 52.43
744 -1470.267224981397 52.44
745 -1492.730407914695 52.45
746 -1517.986760754108 52.46
747 -1562.531514445049 52.47
748 -1521.705088702971 52.48
749 -1586.450319433633 52.49
750 -1626.607797731243 52.5
751 -1680.647483295747 52.51
752 -1735.041606946324 52.52
753 -1780.520855214383 52.53
754 -1823.271419354977 52.54
755 -1851.72586924478 52.55
756 -1886.012742618534 52.56
757 -1882.131832391315 52.57
758 -1905.891218608017 52.58
759 -1937.506586586804 52.59
760 -1953.405908102719 52.6
761 -1981.522267985509 52.61
762 -1990.027407887284 52.62
763 -2051.528361348649 52.63
764 -2026.84146229981 52.64
765 -2054.369076307678 52.65
766 -2063.063319660643 52.66
767 -2051.621600134953 52.67
768 -2063.158589254438 52.68
769 -2108.490673308402 52.69
770 -2110.590426565438 52.7
771 -2178.278621877852 52.71
772 -2219.099110285571 52.72
773 -2170.754849580077 52.73
774 -2205.545970026899 52.74
775 -2217.350252452553 52.75
776 -2233.5623022588 52.76
777 -2232.699649955106 52.77
778 -2235.905512598201 52.78
779 -2242.956375454873 52.79
780 -2214.76247249962 52.8
781 -2067.224859242212 52.81
782 -2193.633058358337 52.82
783 -2163.22177030664 52.83
784 -2063.88474740185 52.84
785 -1922.549905352778 52.85
786 -1726.313760184608 52.86
787 -1566.492635806953 52.87
788 -1418.967395303624 52.88
789 -1431.960856969045 52.89
790 -1494.581574109916 52.9
791 -1467.753152954213 52.91
792 -1324.565061679531 52.92
793 -1287.526280037248 52.93
794 -1198.739526029403 52.94
795 -1114.758246676465 52.95
796 -942.0809142767175 52.96
797 -831.9285447865294 52.97
798 -680.9419816277837 52.98
799 -478.4148570955817 52.99
800 -223.7510285514136 53
801 -11.95774139793093 53.01
802 208.6236630886302 53.02
803 453.2626705569442 53.03
804 655.0782043359227 53.04
805 860.0274168888209 53.05
806 988.418560933727 53.06
807 1307.29420894522 53.07
808 1580.938464949866 53.08
809 1843.916221260414 53.09
810 2098.896529025548 53.1
811 2403.591807064913 53.11
812 2682.745985587413 53.12
813 2939.852479593766 53.13
814 3208.682282835789 53.14
815 3527.598724087212 53.15
816 3838.587418432902 53.16
817 4228.825967581982 53.17
818 4619.214575332127 53.18
819 5036.053324203876 53.19
820 5352.21185034508 53.2
821 5695.634088122912 53.21
822 6038.610658705184 53.22
823 6332.582821647797 53.23
824 6681.993984243929 53.24
825 6955.825287066977 53.25
826 7240.733554414324 53.26
827 7534.971273162685 53.27
828 7925.134286762699 53.28
829 8188.438535059838 53.29
830 8629.551694851703 53.3
831 8961.970988153324 53.31
832 9301.312981651163 53.32
833 9623.356195809833 53.33
834 9931.66517751953 53.34
835 10227.8649523124 53.35
836 10520.51517666726 53.36
837 10804.53957715325 53.37
838 11095.99233050408 53.38
839 11391.05789657222 53.39
840 11673.07459814984 53.4
841 11932.26152941817 53.41
842 12141.7822895274 53.42
843 12285.44391716232 53.43
844 12364.15312708951 53.44
845 12303.93279190951 53.45
846 12290.11306280258 53.46
847 12235.42985112065 53.47
848 12074.82124393681 53.48
849 11847.69477599547 53.49
850 11561.19744707542 53.5
851 11157.90808682235 53.51
852 10505.16851653842 53.52
853 10146.05679947037 53.53
854 9799.620454026104 53.54
855 9209.680291052933 53.55
856 8462.403952500748 53.56
857 7718.016590643785 53.57
858 7171.240331553922 53.58
859 6938.287354296615 53.59
860 6284.395384325328 53.6
861 5782.858194264795 53.61
862 5213.50468432563 53.62
863 4435.738284471838 53.63
864 4112.613445620323 53.64
865 3686.59903887796 53.65
866 3232.865172592518 53.66
867 2865.896714212346 53.67
868 2399.199259854697 53.68
869 2078.560447363209 53.69
870 1756.950353748109 53.7
871 1408.724386543116 53.71
872 979.1799063490421 53.72
873 871.6039092479429 53.73
874 755.6314284592202 53.74
875 577.1643208949763 53.75
876 422.8376202027896 53.76
877 295.5856442712517 53.77
878 165.5258728817631 53.78
879 19.87697319989877 53.79
880 -175.3543987618862 53.8
881 -195.859311027152 53.81
882 -194.5458595135664 53.82
883 -224.3723740312976 53.83
884 -337.0358448864086 53.84
885 -353.422793098764 53.85
886 -364.2286151804389 53.86
887 -390.0536492647446 53.87
888 -432.2445912409055 53.88
889 -453.2865080715431 53.89
890 -502.4244015469388 53.9
891 -533.7946061868267 53.91
892 -537.9710499895502 53.92
893 -551.0789723617627 53.93
894 -570.6917472009143 53.94
895 -584.2235252092988 53.95
896 -603.240687539988 53.96
897 -636.5180255179439 53.97
898 -668.0807265099004 53.98
899 -693.4777332418221 53.99
900 -684.5199806578175 54
901 -675.5258326104394 54.01
902 -715.7649223165004 54.02
903 -724.5362345071328 54.03
904 -757.5501650868575 54.04
905 -780.7742108172126 54.05
906 -790.6700070803222 54.06
907 -798.2955663189312 54.07
908 -830.4651879817412 54.08
909 -735.4629098706041 54.09
910 -729.1580794094587 54.1
911 -767.5640895319727 54.11
912 -750.8093121124837 54.12
913 -642.6878849053055 54.13
914 -595.8809745469545 54.14
915 -558.0980197985276 54.15
916 -513.1198242818707 54.16
917 -367.9205294910093 54.17
918 -294.2131237458677 54.18
919 -230.7668613783697 54.19
920 -16.42379087924843 54.2
921 221.4515798775444 54.21
922 502.3154751590621 54.22
923 807.8539248308715 54.23
924 1032.663533245402 54.24
925 1156.76362141625 54.25
926 1435.232946425077 54.26
927 1892.297934915019 54.27
928 2264.505797288196 54.28
929 2586.816066036369 54.29
930 3007.582257497837 54.3
931 3371.560598755464 54.31
932 3787.452879430747 54.32
933 4313.246017930671 54.33
934 4799.313277703921 54.34
935 5167.273966723638 54.35
936 5556.75756754001 54.36
937 5937.153609143041 54.37
938 6305.377037688847 54.38
939 6643.066509246637 54.39
940 6942.379645834626 54.4
941 7197.365803896848 54.41
942 7408.728747179635 54.42
943 7514.391037162766 54.43
944 7645.633060202623 54.44
945 7554.080922990306 54.45
946 7637.963330133545 54.46
947 7634.65139444649 54.47
948 7532.896258342746 54.48
949 7361.282790089087 54.49
950 7030.886567764739 54.5
951 6841.447280521968 54.51
952 6552.100925608855 54.52
953 5834.188459541911 54.53
954 5600.65658785613 54.54
955 5174.67163349276 54.55
956 4797.441992152852 54.56
957 4583.261777859399 54.57
958 4105.738959570558 54.58
959 3611.457211006798 54.59
960 3111.835436024702 54.6
961 2693.5438729424 54.61
962 2279.508420136447 54.62
963 1940.802076870443 54.63
964 1759.135079081201 54.64
965 1441.423781143996 54.65
966 1076.890231349316 54.66
967 933.3539655963662 54.67
968 823.4027485588967 54.68
969 639.0725365446934 54.69
970 409.6304725431509 54.7
971 198.4957221090805 54.71
972 185.8155519943156 54.72
973 95.88665304508747 54.73
974 -31.83660520099831 54.74
975 -108.4444213502086 54.75
976 -119.8170920126394 54.76
977 -162.4268770253965 54.77
978 -325.7102289808676 54.78
979 -301.7925556104558 54.79
980 -300.6456346423408 54.8
981 -327.8875852776121 54.81
982 -356.275605040866 54.82
983 -396.6133277028274 54.83
984 -422.1976892180008 54.84
985 -431.7208823416862 54.85
986 -445.2592367445643 54.86
987 -463.2108153997118 54.87
988 -484.6759628961074 54.88
989 -509.2058149542279 54.89
990 -534.031844633897 54.9
991 -556.7989810390296 54.91
992 -581.7706092992594 54.92
993 -606.9474036920853 54.93
994 -602.7648587523662 54.94
995 -637.9437244346304 54.95
996 -664.8822327320236 54.96
997 -699.4428316778906 54.97
998 -660.9743474825534 54.98
999 -619.008730818696 54.99
1000 -690.1956357603435 55
1001 -712.9222174654763 55.01
1002 -744.706990494435 55.02
1003 -714.6569427101463 55.03
1004 -702.8618823868873 55.04
1005 -625.6933164006725 55.05
1006 -546.6737409833811 55.06
1007 -595.4561720674083 55.07
1008 -591.0964191527835 55.08
1009 -412.7627800133253 55.09
1010 -329.849156831503 55.1
1011 -278.6413863399472 55.11
1012 -144.0354249057538 55.12
1013 -4.779330344816628 55.13
1014 268.7024829868361 55.14
1015 368.2611087457041 55.15
1016 683.5234752162243 55.16
1017 868.6170488796345 55.17
1018 1172.596470206009 55.18
1019 1513.740560230892 55.19
1020 1829.866986695113 55.2
1021 2384.4447997136 55.21
1022 2755.564485821144 55.22
1023 2973.389659420284 55.23
1024 3322.557064126307 55.24
1025 3734.899751473236 55.25
1026 4134.720911163915 55.26
1027 4507.989121676294 55.27
1028 4859.154049557696 55.28
1029 5188.203754495398 55.29
1030 5485.7500990566 55.3
1031 5743.686919215872 55.31
1032 5955.575018205245 55.32
1033 6118.170846414162 55.33
1034 6217.46162823924 55.34
1035 6121.862968337892 55.35
1036 6199.240660705228 55.36
1037 6092.262783328568 55.37
1038 6098.280313454493 55.38
1039 5965.457842645806 55.39
1040 5703.775384091819 55.4
1041 5276.170404478615 55.41
1042 5017.15460476635 55.42
1043 4665.872158345494 55.43
1044 4172.768249342746 55.44
1045 3929.331827474665 55.45
1046 3567.01959855135 55.46
1047 3113.101051408537 55.47
1048 2746.175210948186 55.48
1049 2327.456336008641 55.49
1050 1933.930210598109 55.5
1051 1614.134762958399 55.51
1052 1391.237487477611 55.52
1053 1020.828669335445 55.53
1054 920.8925981544736 55.54
1055 773.8279459765748 55.55
1056 548.3698402742566 55.56
1057 342.2120315126876 55.57
1058 247.3141421738302 55.58
1059 166.7109498663742 55.59
1060 -6.550653439461172 55.6
1061 -24.52586019077862 55.61
1062 -47.52227517832682 55.62
1063 -97.70230401812168 55.63
1064 -144.3627555982474 55.64
1065 -185.5311870706333 55.65
1066 -224.2689981278074 55.66
1067 -255.9811021464751 55.67
1068 -285.6879701067015 55.68
1069 -402.2185114363568 55.69
1070 -398.4248400532526 55.7
1071 -383.9320655227512 55.71
1072 -395.7390959184812 55.72
1073 -416.3983184028728 55.73
1074 -438.2298560734712 55.74
1075 -455.49244627716 55.75
1076 -472.11680489627 55.76
1077 -493.5819402975451 55.77
1078 -517.4614722971648 55.78
1079 -527.4352289851713 55.79
1080 -544.8595487401167 55.8
1081 -482.5823786623354 55.81
1082 -533.1668799786481 55.82
1083 -587.4020761570673 55.83
1084 -617.9541691259996 55.84
1085 -633.1879529660146 55.85
1086 -592.1488776629549 55.86
1087 -613.4624780810104 55.87
1088 -688.1897208657299 55.88
1089 -654.4214441010768 55.89
1090 -669.7424603632707 55.9
1091 -673.8162662278773 55.91
1092 -575.5965803296713 55.92
1093 -503.1067369671911 55.93
1094 -400.7947667702953 55.94
1095 -336.6298524825604 55.95
1096 -276.4908453465058 55.96
1097 -158.3689280395286 55.97
1098 -30.76612224279728 55.98
1099 109.0230559244539 55.99
1100 281.1061839652485 56
1101 600.7917293106236 56.01
1102 797.8418528710549 56.02
1103 1044.370259788496 56.03
1104 1448.171121639126 56.04
1105 1714.642936108715 56.05
1106 2070.324959190186 56.06
1107 2364.643078482784 56.07
1108 2728.229383936153 56.08
1109 3220.881331502782 56.09
1110 3484.754624715137 56.1
1111 3795.598675059149 56.11
1112 4131.008444408181 56.12
1113 4409.210904251011 56.13
1114 4635.141752212301 56.14
1115 4849.435344126678 56.15
1116 5017.408847684799 56.16
1117 5131.755248582812 56.17
1118 5162.348803828578 56.18
1119 5174.233374880205 56.19
1120 5125.19454287625 56.2
1121 5024.641494536567 56.21
1122 4881.10957078751 56.22
1123 4606.164812160827 56.23
1124 4403.052796821025 56.24
1125 3982.7419044002 56.25
1126 3813.546303011782 56.26
1127 3526.890714941239 56.27
1128 3131.300703829614 56.28
1129 2822.35693792688 56.29
1130 2475.051153655751 56.3
1131 2047.045525554624 56.31
1132 1616.892199243624 56.32
1133 1344.731821317619 56.33
1134 1235.936915951284 56.34
1135 1028.216568361047 56.35
1136 834.873380204886 56.36
1137 661.6212676754791 56.37
1138 421.2829418765598 56.38
1139 186.7176437807316 56.39
1140 202.7178459365237 56.4
1141 180.0651392344607 56.41
1142 57.59892604415631 56.42
1143 -18.84187341244733 56.43
1144 -74.37907015783605 56.44
1145 -120.6215357838595 56.45
1146 -182.6880055370828 56.46
1147 -209.8918236048097 56.47
1148 -230.6666652758096 56.48
1149 -251.6651526706619 56.49
1150 -271.5304635476073 56.5
1151 -289.7523743776169 56.51
1152 -305.8537337168141 56.52
1153 -327.8213715414195 56.53
1154 -356.8069390621414 56.54
1155 -368.3618991063738 56.55
1156 -370.6941359822135 56.56
1157 -379.9828243446684 56.57
1158 -403.1770752374451 56.58
1159 -403.7946348428624 56.59
1160 -434.3587223838003 56.6
1161 -464.9159267096742 56.61
1162 -502.0418354438618 56.62
1163 -522.1236310622635 56.63
1164 -556.6097539093404 56.64
1165 -586.7438322381706 56.65
1166 -608.8348055439892 56.66
1167 -621.4128449520158 56.67
1168 -585.1515898344956 56.68
1169 -592.9347827168845 56.69
1170 -601.9654766871856 56.7
1171 -600.4439228152839 56.71
1172 -550.320353063013 56.72
1173 -478.1134626421391 56.73
1174 -447.3663092354743 56.74
1175 -418.9672040530911 56.75
1176 -239.7922197842367 56.76
1177 -58.14708446260168 56.77
1178 68.45529656614301 56.78
1179 249.5414076038645 56.79
1180 367.3989510529263 56.8
1181 589.1909534172654 56.81
1182 859.8627955086873 56.82
1183 1118.1640557073 56.83
1184 1357.666555369112 56.84
1185 1649.324826250585 56.85
1186 1931.453230347032 56.86
1187 2250.671263881546 56.87
1188 2564.215214103249 56.88
1189 2858.84323392036 56.89
1190 3184.218181067569 56.9
1191 3455.211939632674 56.91
1192 3699.548942250975 56.92
1193 3901.574262288802 56.93
1194 4077.037484288486 56.94
1195 4226.755125376436 56.95
1196 4304.383407808418 56.96
1197 4339.268466325211 56.97
1198 4320.824626807003 56.98
1199 4261.779041724987 56.99
1200 4098.874340782068 57
1201 3918.71715915965 57.01
1202 3600.910447697632 57.02
1203 3407.436547997639 57.03
1204 3180.280936590031 57.04
1205 2908.805796660481 57.05
1206 2416.845592366863 57.06
1207 2154.899212743323 57.07
1208 1977.254538453698 57.08
1209 1587.861414933794 57.09
1210 1357.805046893948 57.1
1211 1194.153795814283 57.11
1212 945.9954086751511 57.12
1213 707.9398824722776 57.13
1214 460.1324765720345 57.14
1215 387.9282252050814 57.15
1216 291.4911602501834 57.16
1217 230.7242530667215 57.17
1218 129.5178967001129 57.18
1219 37.72427289425764 57.19
1220 -37.13761892289797 57.2
1221 -96.11135205570679 57.21
1222 -131.1894929938692 57.22
1223 -165.7521064879231 57.23
1224 -198.2929640211768 57.24
1225 -224.573402688579 57.25
1226 -245.5264490563052 57.26
1227 -263.9074694372454 57.27
1228 -280.0380707860538 57.28
1229 -294.5359031604105 57.29
1230 -308.6791901010049 57.3
1231 -324.0599776450052 57.31
1232 -339.7063078425901 57.32
1233 -357.5457446567225 57.33
1234 -376.5457352572291 57.34
1235 -398.748444147647 57.35
1236 -415.3226295483819 57.36
1237 -433.4580306852037 57.37
1238 -467.2694813885912 57.38
1239 -496.691023514274 57.39
1240 -533.2876228312709 57.4
1241 -540.3730185443545 57.41
1242 -562.8035046784992 57.42
1243 -560.040522104987 57.43
1244 -554.7114672136746 57.44
1245 -517.3160913175407 57.45
1246 -437.7902612589601 57.46
1247 -451.5176339068798 57.47
1248 -502.9149801698505 57.48
1249 -477.3550760313901 57.49
1250 -309.0528631112654 57.5
1251 -161.8976642100811 57.51
1252 -92.33721616246413 57.52
1253 14.81860005377229 57.53
1254 120.3723495267758 57.54
1255 287.957334903955 57.55
1256 595.2674228183257 57.56
1257 792.8971119744242 57.57
1258 1091.544225012501 57.58
1259 1263.023955848255 57.59
1260 1465.191538011955 57.6
1261 1727.110226111312 57.61
1262 1991.027342303541 57.62
1263 2267.685244235529 57.63
1264 2530.782428626979 57.64
1265 2783.944978122417 57.65
1266 3018.636860734345 57.66
1267 3225.514707974461 57.67
1268 3398.507539131417 57.68
1269 3532.306297616497 57.69
1270 3627.330370154578 57.7
1271 3673.806696470876 57.71
1272 3673.412438210953 57.72
1273 3601.019093335694 57.73
1274 3296.187189813796 57.74
1275 3255.3482913089 57.75
1276 3018.013421308305 57.76
1277 2753.273944496028 57.77
1278 2686.096263285353 57.78
1279 2443.791827973679 57.79
1280 2053.027299330207 57.8
1281 1825.910400980839 57.81
1282 1533.562974365428 57.82
1283 1330.862445197892 57.83
1284 1161.97881720185 57.84
1285 760.6019983880378 57.85
1286 723.1513321487485 57.86
1287 635.3365954807181 57.87
1288 443.8795686915695 57.88
1289 282.8699074666609 57.89
1290 158.8431486327315 57.9
1291 66.02533739686206 57.91
1292 -16.46491756807978 57.92
1293 -55.26499005180504 57.93
1294 -98.95641978356244 57.94
1295 -137.1665745969217 57.95
1296 -188.7891120880828 57.96
1297 -209.0297108545317 57.97
1298 -229.1454088947728 57.98
1299 -285.351067886011 57.99
1300 -345.1128203884978 58
1301 -334.9036426829311 58.01
1302 -337.5985145895502 58.02
1303 -336.3602247128864 58.03
1304 -356.9792111143676 58.04
1305 -375.6046038936827 58.05
1306 -378.6682398662481 58.06
1307 -392.5433804856816 58.07
1308 -427.3486103272967 58.08
1309 -461.1886798182487 58.09
1310 -478.8309536751395 58.1
1311 -484.1159104608178 58.11
1312 -488.1157106950523 58.12
1313 -433.1021274072368 58.13
1314 -462.4787330087818 58.14
1315 -461.7311528035771 58.15
1316 -452.1779182859827 58.16
1317 -450.9698659263951 58.17
1318 -360.7142130936758 58.18
1319 -326.5534645930121 58.19
1320 -296.4662004372626 58.2
1321 -265.6021894356491 58.21
1322 -209.8109030581867 58.22
1323 -133.4261298150137 58.23
1324 31.82584119922313 58.24
1325 138.3339486228385 58.25
1326 235.4240930582066 58.26
1327 402.0129879521789 58.27
1328 629.454201640016 58.28
1329 808.2602530460333 58.29
1330 1019.013337437598 58.3
1331 1426.170623607961 58.31
1332 1637.947495417946 58.32
1333 1801.350315064366 58.33
1334 2010.510134477556 58.34
1335 2241.831587517961 58.35
1336 2463.291841908837 58.36
1337 2658.922115139627 58.37
1338 2825.369394585732 58.38
1339 2960.449232652918 58.39
1340 3059.569867845572 58.4
1341 3114.766617151946 58.41
1342 2955.621257107431 58.42
1343 2967.838808520947 58.43
1344 3023.181825122875 58.44
1345 2944.815615723938 58.45
1346 2751.306629054044 58.46
1347 2557.028538777364 58.47
1348 2310.703657090817 58.48
1349 2139.393365016527 58.49
1350 1943.729766228172 58.5
1351 1693.402985290049 58.51
1352 1441.174752593813 58.52
1353 996.4187655425933 58.53
1354 747.2353357365371 58.54
1355 780.3251377858646 58.55
1356 723.3639291912204 58.56
1357 476.5915411186219 58.57
1358 305.9805542445982 58.58
1359 162.5099589019688 58.59
1360 65.63646478295868 58.6
1361 -14.9177000709563 58.61
1362 -65.30007474051348 58.62
1363 -131.4515205338197 58.63
1364 -186.9411509580212 58.64
1365 -226.5067283975126 58.65
1366 -241.0054779636318 58.66
1367 -271.9521808069052 58.67
1368 -284.9613769274591 58.68
1369 -297.1886654879553 58.69
1370 -310.8412514499754 58.7
1371 -325.1262359967218 58.71
1372 -339.97852315226 58.72
1373 -352.4834917642698 58.73
1374 -372.0414871297697 58.74
1375 -394.6576271455384 58.75
1376 -386.3490028645002 58.76
1377 -402.8571619844363 58.77
1378 -397.9532202047933 58.78
1379 -422.8900028511622 58.79
1380 -402.4245146061972 58.8
1381 -404.3629117074684 58.81
1382 -430.7718935274807 58.82
1383 -396.7172230998085 58.83
1384 -388.1780989007112 58.84
1385 -380.8559419475821 58.85
1386 -280.1689019867714 58.86
1387 -317.6045379980183 58.87
1388 -318.708263688171 58.88
1389 -56.33561083137371 58.89
1390 -49.32917868141584 58.9
1391 -21.15305711939952 58.91
1392 124.4200971102374 58.92
1393 220.0354674890947 58.93
1394 345.2266484774929 58.94
1395 485.2980296938651 58.95
1396 690.2657299358951 58.96
1397 904.8103288367762 58.97
1398 1069.243765708543 58.98
1399 1276.245041468844 58.99
1400 1487.24446579931 59
1401 1727.475629928626 59.01
1402 1957.284866070054 59.02
1403 2129.506571149781 59.03
1404 2283.948468469543 59.04
1405 2413.823706714477 59.05
1406 2520.971234908046 59.06
1407 2588.756710791181 59.07
1408 2648.915309938126 59.08
1409 2672.412081281893 59.09
1410 2590.153023032471 59.1
1411 2538.274822461685 59.11
1412 2490.74863702222 59.12
1413 2369.802937963702 59.13
1414 2219.472568147377 59.14
1415 1950.6780073266 59.15
1416 1713.863980972965 59.16
1417 1567.980956050466 59.17
1418 988.8905698657903 59.18
1419 1035.499955951223 59.19
1420 911.1785842372626 59.2
1421 771.8682083718982 59.21
1422 697.7248623713572 59.22
1423 549.7376299803378 59.23
1424 273.8352621301698 59.24
1425 257.4680011033013 59.25
1426 184.8510945202665 59.26
1427 52.5259635435051 59.27
1428 -52.96373522903301 59.28
1429 -132.6747735896216 59.29
1430 -148.1040815431041 59.3
1431 -226.005889247262 59.31
1432 -215.3168199434091 59.32
1433 -260.5117784799951 59.33
1434 -275.5971518934398 59.34
1435 -286.8717213329944 59.35
1436 -301.3497424026889 59.36
1437 -318.3835872085468 59.37
1438 -334.0810887152504 59.38
1439 -351.6418364667047 59.39
1440 -348.7522988160056 59.4
1441 -362.0726390535842 59.41
1442 -332.2752388066845 59.42
1443 -312.8371290553498 59.43
1444 -327.421122835984 59.44
1445 -338.9045733289224 59.45
1446 -311.3324483831717 59.46
1447 -334.7244808557365 59.47
1448 -333.1032917294419 59.48
1449 -276.9632560982971 59.49
1450 -227.2237617720178 59.5
1451 -175.7515470754723 59.51
1452 -175.0908314925554 59.52
1453 -117.1188194553233 59.53
1454 -22.36775738362491 59.54
1455 172.2042422560333 59.55
1456 205.2073496763234 59.56
1457 236.2721141300334 59.57
1458 352.0784630462987 59.58
1459 499.0057902665577 59.59
1460 655.906566111457 59.6
1461 844.9959220606514 59.61
1462 1028.348679553068 59.62
1463 1199.647185706462 59.63
1464 1392.112960722409 59.64
1465 1571.152684151795 59.65
1466 1745.111891657244 59.66
1467 1903.988789915647 59.67
1468 2041.792336874751 59.68
1469 2154.628433831146 59.69
1470 2239.119033126797 59.7
1471 2291.272321763676 59.71
1472 2316.557878982121 59.72
1473 2307.860931723923 59.73
1474 2238.452935121048 59.74
1475 2152.105943471635 59.75
1476 2056.968806374284 59.76
1477 1942.690099820282 59.77
1478 1785.995347407404 59.78
1479 1422.876592834609 59.79
1480 1377.809977722671 59.8
1481 1165.525729878639 59.81
1482 958.3888042287856 59.82
1483 676.9810439352087 59.83
1484 747.7346784710605 59.84
1485 611.4554539917671 59.85
1486 439.5038555066949 59.86
1487 302.6244885143114 59.87
1488 211.4121074996294 59.88
1489 74.70380001127785 59.89
1490 39.17344933921871 59.9
1491 -13.55226728081098 59.91
1492 -81.45470539918941 59.92
1493 -125.597768445327 59.93
1494 -190.5094407233489 59.94
1495 -208.4596102218196 59.95
1496 -223.2865519296703 59.96
1497 -238.1048551510866 59.97
1498 -251.8338872366087 59.98
1499 -264.8070027162252 59.99
1500 -257.1191381982768 60
