"frac-mass-n2-rfile"
"Time Step" "frac-mass-n2 etc.."
("Time Step" "frac-mass-n2" "flow-time")
0 0.7694720322824029 0
1 0.7693686292999848 0.1
2 0.7692974678359609 0.2
3 0.7692207071655008 0.3
4 0.7691259492165539 0.4
5 0.7690233062857837 0.5
6 0.7689163936236963 0.6000000000000001
7 0.7688081093224411 0.7000000000000001
8 0.7686923394033623 0.8
9 0.768569503036256 0.9
10 0.7684391796939091 1
11 0.7683060995988631 1.1
12 0.7681697475149889 1.2
13 0.7680279934745968 1.3
14 0.7678881481921932 1.4
15 0.7677406189051365 1.5
16 0.7675917278922605 1.6
17 0.7674419822101239 1.7
18 0.7672906944518704 1.8
19 0.7671378508957962 1.9
20 0.7669831346665579 2
21 0.7668344748212268 2.1
22 0.766676259651543 2.2
23 0.7665162878629334 2.3
24 0.7663544780673009 2.4
25 0.7662006583118495 2.5
26 0.7660474757602407 2.6
27 0.7658888634074519 2.7
28 0.7657370057222276 2.8
29 0.7655828774747666 2.9
30 0.7654298978437428 3
31 0.7652766330736246 3.1
32 0.7651246594778686 3.2
33 0.764973597381755 3.3
34 0.7648240435841216 3.4
35 0.7646760979844827 3.5
36 0.7645306028164741 3.6
37 0.7643880499697814 3.7
38 0.7642477936815508 3.8
39 0.7641123307750993 3.9
40 0.7639798927978488 4
41 0.7638510018372844 4.100000000000001
42 0.763725179161213 4.2
43 0.7635970423404826 4.3
44 0.7634775326998318 4.4
45 0.7633593030420357 4.5
46 0.7632419285665282 4.600000000000001
47 0.7631247483310126 4.7
48 0.7630073292288768 4.800000000000001
49 0.7628895537753776 4.9
50 0.7627708587661264 5
51 0.7626514138595362 5.100000000000001
52 0.7625303465104597 5.2
53 0.7624079010471347 5.300000000000001
54 0.7622838021459959 5.4
55 0.7621581444210569 5.5
56 0.7620309115446469 5.600000000000001
57 0.7619020263271203 5.7
58 0.7617716751290229 5.800000000000001
59 0.7616396737637168 5.9
60 0.7615062122519797 6
61 0.7613713466358618 6.100000000000001
62 0.7612348986874652 6.2
63 0.7610971373103143 6.300000000000001
64 0.7609581737800954 6.4
65 0.76081801371241 6.5
66 0.7606766340480142 6.600000000000001
67 0.7605341606493961 6.7
68 0.7603910792082993 6.800000000000001
69 0.7602474151853997 6.9
70 0.7601027099488135 7
71 0.7599572544425671 7.100000000000001
72 0.7598112763013981 7.2
73 0.7596648215450064 7.300000000000001
74 0.7595181411360765 7.4
75 0.759371445367318 7.5
76 0.7592255230654408 7.600000000000001
77 0.7590796105796562 7.7
78 0.758932568305666 7.800000000000001
79 0.7587861733707035 7.9
80 0.7586418248197492 8
81 0.7584967190798123 8.1
82 0.7583524323753965 8.200000000000001
83 0.7582090030210697 8.300000000000001
84 0.7580661702363979 8.4
85 0.7579246241692859 8.5
86 0.7577832995413867 8.6
87 0.7576429479354058 8.700000000000001
88 0.7575028097646949 8.800000000000001
89 0.7573630782082272 8.9
90 0.7572235192298009 9
91 0.757084144295827 9.1
92 0.7569447195847011 9.200000000000001
93 0.7568053056676136 9.300000000000001
94 0.7566658092505434 9.4
95 0.7565317401654319 9.5
96 0.756400451852975 9.600000000000001
97 0.756267502445411 9.700000000000001
98 0.7561339992980058 9.800000000000001
99 0.7559994438018993 9.9
100 0.7558685610291354 10
101 0.7557339769683481 10.1
102 0.7555968746979159 10.2
103 0.755460814087196 10.3
104 0.7553243295221347 10.4
105 0.7551872886058113 10.5
106 0.7550443822705638 10.6
107 0.7549079173544742 10.7
108 0.7547666692917563 10.8
109 0.7546348672169269 10.9
110 0.7544946277117486 11
111 0.754358233929151 11.1
112 0.754221361634909 11.2
113 0.7540782605583713 11.3
114 0.7539409917828782 11.4
115 0.7538037467591915 11.5
116 0.7536690358380886 11.6
117 0.7535298657555143 11.7
118 0.753391183726231 11.8
119 0.7532536570679246 11.9
120 0.7531250085257626 12
121 0.7529868933356161 12.1
122 0.7528476187194211 12.2
123 0.7527076490965503 12.3
124 0.7525659569529898 12.4
125 0.752419429415518 12.5
126 0.7522841913794341 12.6
127 0.7521438415903318 12.7
128 0.7520075726530274 12.8
129 0.7518563946551347 12.9
130 0.7517207713324243 13
131 0.7515849976763254 13.1
132 0.7514483036976859 13.2
133 0.7512997282684321 13.3
134 0.7511607352583757 13.4
135 0.7510265429974067 13.5
136 0.7508895108113097 13.6
137 0.7507416073687559 13.7
138 0.750602009454952 13.8
139 0.7504532143143336 13.9
140 0.7503153087270114 14
141 0.750166658588507 14.1
142 0.7500278336834801 14.2
143 0.7498708436767066 14.3
144 0.7497143065197898 14.4
145 0.7495576247750307 14.5
146 0.7494198727730509 14.6
147 0.7492852938420339 14.7
148 0.7491436664605615 14.8
149 0.749006328564689 14.9
150 0.7488643315012059 15
151 0.7487294297476433 15.1
152 0.7485875405989482 15.2
153 0.748450633129136 15.3
154 0.748307959385525 15.4
155 0.7481740594662403 15.5
156 0.7480298663015843 15.6
157 0.7478866799280693 15.7
158 0.7477444911217691 15.8
159 0.7476019572670608 15.9
160 0.7474591886349492 16
161 0.7473175941609665 16.1
162 0.7471758003374435 16.2
163 0.7470396462405898 16.3
164 0.746896850989819 16.4
165 0.7467493670346803 16.5
166 0.7466058472528286 16.6
167 0.7464620314743219 16.7
168 0.7463133658913422 16.8
169 0.7461756471427946 16.9
170 0.7460266242405016 17
171 0.7458888166077142 17.1
172 0.7457406597547211 17.2
173 0.7456060256334587 17.3
174 0.7454550656545985 17.4
175 0.7453047278920126 17.5
176 0.7451313230954844 17.6
177 0.7449593482127677 17.7
178 0.7448121300749075 17.8
179 0.7446494395045281 17.9
180 0.7445017183760484 18
181 0.7443279251180938 18.1
182 0.7441631191949954 18.2
183 0.7440172164611139 18.3
184 0.743869075046657 18.4
185 0.7437169199020788 18.5
186 0.7435678349307174 18.6
187 0.7434141932567849 18.7
188 0.743268876722647 18.8
189 0.7431188840796661 18.9
190 0.7429739713374142 19
191 0.7428269396779484 19.1
192 0.7426753575720193 19.2
193 0.7425289909314586 19.3
194 0.7424582423646029 19.4
195 0.7423110261158634 19.5
196 0.7421600411142832 19.6
197 0.7420112167379771 19.7
198 0.7418649395010929 19.8
199 0.741717666112871 19.9
200 0.7415644981725255 20
201 0.7414150646989108 20.1
202 0.7412642523164769 20.2
203 0.7411112848664828 20.3
204 0.7409592251614782 20.4
205 0.7408093056192169 20.5
206 0.7406565289511899 20.6
207 0.7404963522088536 20.7
208 0.7403828973470978 20.8
209 0.7402287756995877 20.9
210 0.740087432391121 21
211 0.7399074449046049 21.1
212 0.739762723816688 21.2
213 0.7396470261556383 21.3
214 0.739511603107975 21.4
215 0.7393564016442358 21.5
216 0.7392261395962811 21.6
217 0.7390736832599358 21.7
218 0.7389301284714576 21.8
219 0.7388104834664896 21.9
220 0.7386493444603448 22
221 0.7384986353176033 22.1
222 0.7383628213291186 22.2
223 0.7382504765932313 22.3
224 0.7381041784244596 22.4
225 0.7379459988765695 22.5
226 0.7378053439877105 22.6
227 0.7376802975348075 22.7
228 0.7375533894373375 22.8
229 0.7374081141563185 22.9
230 0.7372604310230986 23
231 0.7371153302383417 23.1
232 0.7369790619969013 23.2
233 0.736862903906673 23.3
234 0.7367101534993039 23.4
235 0.7365482666001282 23.5
236 0.7364213514461156 23.6
237 0.7362888064679197 23.7
238 0.7361573371831457 23.8
239 0.7360054752660664 23.9
240 0.7358659622923275 24
241 0.7356912683277705 24.1
242 0.7355151332993037 24.2
243 0.7353387920379287 24.3
244 0.7351670166467675 24.4
245 0.7350063214585306 24.5
246 0.7348794917443133 24.6
247 0.7347374145757135 24.7
248 0.7345858352595034 24.8
249 0.7344582789283844 24.9
250 0.7343087175442256 25
251 0.7341440030339228 25.1
252 0.7340067130167287 25.2
253 0.7338460662410579 25.3
254 0.7336856395464036 25.4
255 0.7335505647093017 25.5
256 0.7334110628181451 25.6
257 0.7332510439201116 25.7
258 0.733100274750802 25.8
259 0.7329537110138539 25.9
260 0.7328274086764156 26
261 0.7326931844623165 26.1
262 0.7325326597947609 26.2
263 0.7323924651694209 26.3
264 0.7322279797929151 26.4
265 0.7320588549179141 26.5
266 0.7319440512939377 26.6
267 0.7317798575663803 26.7
268 0.7316142562153478 26.8
269 0.7314745774892704 26.9
270 0.7313268654253099 27
271 0.7311744373046262 27.1
272 0.7310325309443844 27.2
273 0.7309022316806523 27.3
274 0.7307244654477485 27.4
275 0.7305483516295765 27.5
276 0.7303987089209782 27.6
277 0.7302093763932734 27.7
278 0.7300238201781507 27.8
279 0.7298795208459131 27.9
280 0.7297319443205987 28
281 0.7295294289516232 28.1
282 0.7293238324814204 28.2
283 0.7291947711954271 28.3
284 0.7290540280641656 28.4
285 0.7289110530420543 28.5
286 0.7287628424832449 28.6
287 0.728556629383612 28.7
288 0.7283463872985118 28.8
289 0.728195298431167 28.9
290 0.7279673579102124 29
291 0.7277445414382636 29.1
292 0.7275570831648369 29.2
293 0.7272309999739556 29.3
294 0.7269284877076009 29.4
295 0.7266515053920053 29.5
296 0.7265495508294924 29.6
297 0.7263822824753603 29.7
298 0.7262438703602829 29.8
299 0.7261096591192528 29.9
300 0.7259099809375454 30
301 0.7256558048803462 30.1
302 0.7253815079948746 30.2
303 0.7251752757179124 30.3
304 0.7248303555103927 30.4
305 0.724506607212251 30.5
306 0.7243161583377064 30.6
307 0.7239575789362478 30.7
308 0.72364695748329 30.8
309 0.7234811561077404 30.9
310 0.7231495529342838 31
311 0.722846829042434 31.1
312 0.7226679391874267 31.2
313 0.7223184402212877 31.3
314 0.721979098047138 31.4
315 0.7217641090063384 31.5
316 0.7214264336720903 31.6
317 0.7212844469881123 31.7
318 0.7211354504567992 31.8
319 0.7209886660645486 31.9
320 0.7208408212577053 32
321 0.7206921355540793 32.1
322 0.7205424234630396 32.2
323 0.7203923493810245 32.3
324 0.720242874526587 32.4
325 0.720094978742992 32.5
326 0.719941401290738 32.6
327 0.7197852600141873 32.7
328 0.7196294292749229 32.8
329 0.7194732310463418 32.9
330 0.7193195096826944 33
331 0.7191632245719635 33.1
332 0.7190084118897531 33.2
333 0.7188530795598846 33.3
334 0.718701551464402 33.4
335 0.7185492941885994 33.5
336 0.7183972712261599 33.6
337 0.7182438771931879 33.7
338 0.7180911206038728 33.8
339 0.7179383341558837 33.9
340 0.7177891684233505 34
341 0.7176404766752554 34.1
342 0.7174940686952478 34.2
343 0.7173477980725772 34.3
344 0.7172017291446291 34.4
345 0.7170558310608577 34.5
346 0.7169111370329131 34.6
347 0.7167659306588393 34.7
348 0.7166198069754831 34.8
349 0.7164739473470308 34.9
350 0.7163285005316132 35
351 0.7161834333518573 35.1
352 0.7160382159768036 35.2
353 0.7158918043651632 35.3
354 0.7157474729724074 35.4
355 0.7156028094983435 35.5
356 0.7154575070625625 35.6
357 0.715311763978794 35.7
358 0.7151669952904781 35.8
359 0.7150220315220933 35.9
360 0.7148751009019255 36
361 0.7147291028620802 36.1
362 0.7145828934563311 36.2
363 0.7144372767406217 36.3
364 0.7142909143936138 36.4
365 0.7141452192059825 36.5
366 0.7139987546885747 36.6
367 0.7138492901831017 36.7
368 0.7137031706581344 36.8
369 0.7135559740783102 36.9
370 0.7134101605126063 37
371 0.7132645710908044 37.1
372 0.7131173240167716 37.2
373 0.7129685195735853 37.3
374 0.712819749043807 37.4
375 0.7126710068338853 37.5
376 0.712522122721336 37.6
377 0.7123762481756641 37.7
378 0.7122271088640076 37.8
379 0.712078281699757 37.9
380 0.7119292740017444 38
381 0.7117797097322991 38.1
382 0.7116299677004274 38.2
383 0.711480128217275 38.3
384 0.7113301439952507 38.40000000000001
385 0.7111786251713146 38.5
386 0.7110271485373131 38.6
387 0.7108740973393994 38.7
388 0.710720719680546 38.8
389 0.7105670866331603 38.90000000000001
390 0.7104131440044678 39
391 0.7102588951028377 39.1
392 0.7101034274615401 39.2
393 0.7099492105270552 39.3
394 0.7098032061511679 39.40000000000001
395 0.7096565981177247 39.5
396 0.7095099582118494 39.6
397 0.7093632900158474 39.7
398 0.7092170727522061 39.8
399 0.7090700178810938 39.90000000000001
400 0.7089236744715151 40
401 0.7087780130636289 40.1
402 0.708632869442736 40.2
403 0.70848796692862 40.3
404 0.7083428697178984 40.40000000000001
405 0.7082047109395935 40.5
406 0.7080592906524862 40.6
407 0.7079152667592929 40.7
408 0.7077702544420958 40.8
409 0.7076251888636224 40.90000000000001
410 0.70748010236022 41
411 0.7073354331497044 41.1
412 0.7071898715878343 41.2
413 0.7070453834143495 41.3
414 0.7069006419098343 41.40000000000001
415 0.7067557532363473 41.5
416 0.7066117922700509 41.6
417 0.7064663333596186 41.7
418 0.7063206592087339 41.8
419 0.7061750271065265 41.90000000000001
420 0.7060281766955996 42
421 0.7058811229074184 42.1
422 0.7057344100354459 42.2
423 0.7055867958177348 42.3
424 0.7054393153415403 42.40000000000001
425 0.7052917424229029 42.5
426 0.7051438367081321 42.6
427 0.7049948774313846 42.7
428 0.7048449367490741 42.8
429 0.7046949628555433 42.90000000000001
430 0.704543174052505 43
431 0.7043914642673303 43.1
432 0.7042386488653681 43.2
433 0.7040847758269232 43.3
434 0.7039304916812189 43.40000000000001
435 0.7037765710955221 43.5
436 0.7036217029426254 43.6
437 0.7034664542444533 43.7
438 0.7033116158569817 43.8
439 0.7031577064464558 43.90000000000001
440 0.7030042351639573 44
441 0.7028494947543095 44.1
442 0.70268916509304 44.2
443 0.702531622681954 44.3
444 0.7023755195693242 44.40000000000001
445 0.7022206856304295 44.5
446 0.7020665356036153 44.6
447 0.7019131824303987 44.7
448 0.7017624162775712 44.8
449 0.7016114908612251 44.90000000000001
450 0.7014650618705514 45
451 0.7013179266867146 45.1
452 0.7011696744285593 45.2
453 0.7010200623236483 45.3
454 0.7008691386566208 45.40000000000001
455 0.7007172293751557 45.5
456 0.7005641869329295 45.6
457 0.7004109712532822 45.7
458 0.7002568875503208 45.8
459 0.7001025517348712 45.90000000000001
460 0.6999483215698278 46
461 0.6997961138681775 46.1
462 0.6996465003662464 46.2
463 0.6994969981660361 46.3
464 0.6993497017844202 46.40000000000001
465 0.6992051949122651 46.5
466 0.699063394320987 46.6
467 0.6989231957531883 46.7
468 0.6987858822291707 46.8
469 0.6986494157082442 46.90000000000001
470 0.6985137813299187 47
471 0.6983794517499039 47.1
472 0.6982446935535476 47.2
473 0.6981098195488373 47.3
474 0.6979726874190054 47.40000000000001
475 0.6978349769388722 47.5
476 0.6976963139623026 47.6
477 0.6975570443380712 47.7
478 0.6974164593727684 47.8
479 0.6972750686364423 47.90000000000001
480 0.6971333168441129 48
481 0.696990314351252 48.1
482 0.6968462402131527 48.2
483 0.6967015856883129 48.3
484 0.6965564853489602 48.40000000000001
485 0.6964113998574897 48.5
486 0.6962630531975795 48.6
487 0.6961144743322282 48.7
488 0.6959664440926283 48.8
489 0.6958177796390634 48.90000000000001
490 0.6956687704487737 49
491 0.6955262371535262 49.1
492 0.6953835066252285 49.2
493 0.6952401885588265 49.3
494 0.6950960298248461 49.40000000000001
495 0.6949514070115743 49.5
496 0.6948062139409209 49.6
497 0.6946612035128803 49.7
498 0.6945156476262245 49.8
499 0.6943721700083046 49.90000000000001
500 0.6942274850699524 50
501 0.6942126103138873 50.01
502 0.6941977399443554 50.02
503 0.6941828776525498 50.03
504 0.6941678709613484 50.04
505 0.6941527033192091 50.05
506 0.6941373142529115 50.06
507 0.6941216494876383 50.07
508 0.6941052748164674 50.08
509 0.6940885164723927 50.09
510 0.6940714158800124 50.1
511 0.6940540230383058 50.11
512 0.6940359713088474 50.12
513 0.6940171745184711 50.13
514 0.693997375605048 50.14
515 0.6939763604663367 50.15
516 0.6939542032268115 50.16
517 0.6939308938503044 50.17
518 0.6939064615952908 50.18
519 0.6938808528444457 50.19
520 0.6938540227975426 50.2
521 0.6938260023741952 50.21
522 0.6937967471021446 50.22
523 0.6937662929742976 50.23
524 0.6937346547172579 50.24
525 0.6937018359464268 50.25
526 0.69366758065028 50.26
527 0.6936319668736963 50.27
528 0.6935951728671274 50.28
529 0.6935572702409191 50.29
530 0.6935181744670251 50.3
531 0.6934777885407233 50.31
532 0.6934360354541905 50.32
533 0.6933928209244947 50.33
534 0.6933480579584452 50.34
535 0.6933016592899107 50.35
536 0.6932535503264284 50.36
537 0.6932036347638048 50.37
538 0.6931518169714772 50.38
539 0.693097987704812 50.39
540 0.6930421056369082 50.4
541 0.692984001712977 50.41
542 0.6929235599085453 50.42
543 0.6928607413566314 50.43
544 0.6927953842722272 50.44
545 0.6927273839820167 50.45
546 0.6926566147884837 50.46
547 0.6925829703627782 50.47
548 0.6925063109727324 50.48
549 0.6924265174927864 50.49
550 0.6923434411103475 50.5
551 0.6922595895754675 50.51
552 0.6921696971023973 50.52
553 0.6920785484393076 50.53
554 0.6919810280425945 50.54
555 0.6918821340273613 50.55
556 0.6917763383988165 50.56
557 0.6916631958931813 50.57
558 0.6915463292866509 50.58
559 0.6914242634202509 50.59
560 0.6912868515326203 50.6
561 0.6911416852676483 50.61
562 0.6909855692924235 50.62
563 0.690756977749147 50.63
564 0.690507212680843 50.64
565 0.6898736164753265 50.65
566 0.6887500150540062 50.66
567 0.6873511377075084 50.67
568 0.6859003156723984 50.68
569 0.6841378456555138 50.69
570 0.6820309834130122 50.7
571 0.6801093587951355 50.71
572 0.678903711159438 50.72
573 0.6781822611317131 50.73
574 0.6781337640085026 50.74
575 0.6790408582040529 50.75
576 0.6809997265265917 50.76
577 0.6828433986475099 50.77
578 0.6848476864853412 50.78
579 0.686892402585552 50.79
580 0.6890579631595855 50.8
581 0.6913973268152946 50.81
582 0.6938882215036442 50.82
583 0.6964881363598808 50.83
584 0.6991515389829144 50.84
585 0.7017793230138962 50.85
586 0.7043101468687295 50.86
587 0.7067071689774941 50.87
588 0.7089408504727309 50.88
589 0.7110137084885568 50.89
590 0.7129238571721657 50.9
591 0.7146997485259913 50.91
592 0.7163807390390019 50.92
593 0.7180447624302125 50.93
594 0.719694831860253 50.94
595 0.7213220710297308 50.95
596 0.7229492270078735 50.96
597 0.7245539137240543 50.97
598 0.7261145584428889 50.98
599 0.7276269459839455 50.99
600 0.7290942762837842 51
601 0.7305145946630262 51.01
602 0.7318886909967008 51.02
603 0.7332097820437167 51.03
604 0.734477510041737 51.04
605 0.7357121028885466 51.05
606 0.7369001625501604 51.06
607 0.7380795366210466 51.07
608 0.7392112932145473 51.08
609 0.7403114624471863 51.09
610 0.7413613334511084 51.1
611 0.7423419056424764 51.11
612 0.7432670289110215 51.12
613 0.7441281165484301 51.13
614 0.7449179196140777 51.14
615 0.7456503628957839 51.15
616 0.746325030284265 51.16
617 0.7469476936095681 51.17
618 0.7475075522877397 51.18
619 0.748028973077386 51.19
620 0.7485119004385767 51.2
621 0.7489646998113197 51.21
622 0.7493715096305672 51.22
623 0.749758254162871 51.23
624 0.7501267152028059 51.24
625 0.7504775835037132 51.25
626 0.7508160348965396 51.26
627 0.7511432945383799 51.27
628 0.7514587056764265 51.28
629 0.7517611152166761 51.29
630 0.7520510969529703 51.3
631 0.7523323914314625 51.31
632 0.7526011600957738 51.32
633 0.7528580804959338 51.33
634 0.7531054241823613 51.34
635 0.7533316469851853 51.35
636 0.7535398519216241 51.36
637 0.7537280829642121 51.37
638 0.7538974314615697 51.38
639 0.7540469301322665 51.39
640 0.7541771153068061 51.4
641 0.7543000198392288 51.41
642 0.7543973833540136 51.42
643 0.754478038330598 51.43
644 0.7545473288022568 51.44
645 0.7545923218176572 51.45
646 0.7546212434818008 51.46
647 0.75463085194887 51.47
648 0.7546241666343466 51.48
649 0.7546035567165338 51.49
650 0.7545722827176181 51.5
651 0.7545256251470213 51.51
652 0.7544693410292468 51.52
653 0.7544041316500281 51.53
654 0.7543304699434062 51.54
655 0.754249496195569 51.55
656 0.7541604343251302 51.56
657 0.7540669885264544 51.57
658 0.7539680709338447 51.58
659 0.7538646205556754 51.59
660 0.7537571199033826 51.6
661 0.753644494911226 51.61
662 0.7535290728967051 51.62
663 0.7534097572969739 51.63
664 0.7532871280497582 51.64
665 0.7531615139898034 51.65
666 0.7530318951529041 51.66
667 0.7528980434589219 51.67
668 0.7527597214929413 51.68
669 0.7526169467197038 51.69
670 0.7524696717030417 51.7
671 0.7523193248933817 51.71
672 0.7521673073264803 51.72
673 0.7520117762772254 51.73
674 0.7518534983689926 51.74
675 0.7516899037117178 51.75
676 0.7515223289973055 51.76
677 0.7513514756443231 51.77
678 0.7511768166541313 51.78
679 0.7509999772816834 51.79
680 0.7508230399826314 51.8
681 0.7506490623965711 51.81
682 0.7504829191574491 51.82
683 0.7503269830053386 51.83
684 0.7501717070836649 51.84
685 0.7500235435770999 51.85
686 0.7498869704068248 51.86
687 0.7497632298787177 51.87
688 0.7496515416139583 51.88
689 0.7495546524085238 51.89
690 0.749480666839407 51.9
691 0.7494255926161373 51.91
692 0.74939871602174 51.92
693 0.7493938762946898 51.93
694 0.7494215686208104 51.94
695 0.7494815387812819 51.95
696 0.7495755256512409 51.96
697 0.7497015217780177 51.97
698 0.7498555167266522 51.98
699 0.7500458958651964 51.99
700 0.7502554350802407 52
701 0.7504983276511358 52.01
702 0.7507583967495741 52.02
703 0.7510484404906039 52.03
704 0.7513501684171014 52.04
705 0.7516607261704397 52.05
706 0.7519735703568313 52.06
707 0.752288687233305 52.07
708 0.7526027361795558 52.08
709 0.7529161960875029 52.09
710 0.7532333027546989 52.1
711 0.7535525921565543 52.11
712 0.7538691112105074 52.12
713 0.7541808941425276 52.13
714 0.7544887744361153 52.14
715 0.7547930785934989 52.15
716 0.7550953636111283 52.16
717 0.755389459205779 52.17
718 0.7556768033278655 52.18
719 0.7559578478120472 52.19
720 0.7562325050596588 52.2
721 0.7565003448471966 52.21
722 0.7567611684170863 52.22
723 0.75701478371223 52.23
724 0.7572610007425967 52.24
725 0.7575005432775389 52.25
726 0.7577324080087121 52.26
727 0.7579570593969605 52.27
728 0.7581750611839251 52.28
729 0.7583883085334963 52.29
730 0.7585964518788969 52.3
731 0.758800344988422 52.31
732 0.7590001566703424 52.32
733 0.7591970392534636 52.33
734 0.7593912127253449 52.34
735 0.7595834416094382 52.35
736 0.7597755810263183 52.36
737 0.7599679994649272 52.37
738 0.7601613765961137 52.38
739 0.7603552172924251 52.39
740 0.7605492390450409 52.4
741 0.760743075309487 52.41
742 0.7609363279873695 52.42
743 0.7611286433265646 52.43
744 0.7613174008816886 52.44
745 0.7615003501153482 52.45
746 0.7616758251452116 52.46
747 0.7618429459285563 52.47
748 0.762000930001501 52.48
749 0.762149482011401 52.49
750 0.7622913818627216 52.5
751 0.7624244953165239 52.51
752 0.7625506167737222 52.52
753 0.7626696766720372 52.53
754 0.7627826475927671 52.54
755 0.7628887542349153 52.55
756 0.7629898970158118 52.56
757 0.7630857502142994 52.57
758 0.7631764696145572 52.58
759 0.7632629630131256 52.59
760 0.763344157581972 52.6
761 0.7634204787759646 52.61
762 0.7634924743370971 52.62
763 0.7635601011411439 52.63
764 0.7636238755406587 52.64
765 0.7636835921672152 52.65
766 0.7637395913780549 52.66
767 0.7637917145392545 52.67
768 0.7638403720288491 52.68
769 0.763885706967631 52.69
770 0.7639278584172198 52.7
771 0.7639669548435574 52.71
772 0.7640030218572141 52.72
773 0.7640363320405885 52.73
774 0.7640670531691565 52.74
775 0.7640952924628293 52.75
776 0.7641211257845157 52.76
777 0.764144770444972 52.77
778 0.7641663419195498 52.78
779 0.7641859534802474 52.79
780 0.764203652426777 52.8
781 0.764219595288924 52.81
782 0.7642338722724646 52.82
783 0.7642466257277596 52.83
784 0.7642578591588843 52.84
785 0.7642675572594233 52.85
786 0.7642758959515662 52.86
787 0.7642827674805734 52.87
788 0.7642883286908154 52.88
789 0.7642926359494813 52.89
790 0.7642915435003848 52.9
791 0.7642928539274717 52.91
792 0.7642936914749773 52.92
793 0.7642924484062027 52.93
794 0.7642899981323616 52.94
795 0.7642862932187353 52.95
796 0.7642814685668958 52.96
797 0.76427541529021 52.97
798 0.7642679682869651 52.98
799 0.7642592745228836 52.99
800 0.7642503228367029 53
801 0.7642390915677865 53.01
802 0.7642265803735903 53.02
803 0.7642137771904708 53.03
804 0.7641985793047038 53.04
805 0.7641830999840493 53.05
806 0.7641651711162303 53.06
807 0.764145968669768 53.07
808 0.764125352825388 53.08
809 0.7641044509656184 53.09
810 0.7640810293236544 53.1
811 0.7640560739831052 53.11
812 0.7640247318028472 53.12
813 0.7640033572819334 53.13
814 0.7639739861797037 53.14
815 0.7639380992904955 53.15
816 0.763906334378999 53.16
817 0.763879194573016 53.17
818 0.7638449916657183 53.18
819 0.763809190943619 53.19
820 0.7637718959108202 53.2
821 0.763733137493541 53.21
822 0.763692919270868 53.22
823 0.7636512148674552 53.23
824 0.7636081573466881 53.24
825 0.7635637263885354 53.25
826 0.7635179746841686 53.26
827 0.763470929313098 53.27
828 0.7634226185668906 53.28
829 0.7633729815968177 53.29
830 0.7633219298456518 53.3
831 0.7632696899846092 53.31
832 0.7632163617702636 53.32
833 0.7631618991757613 53.33
834 0.7631059807150754 53.34
835 0.7630493503481569 53.35
836 0.7629914184271454 53.36
837 0.7629325229513335 53.37
838 0.7628724482166342 53.38
839 0.7628113934498015 53.39
840 0.7627502093786288 53.4
841 0.762688676054747 53.41
842 0.7626273478105851 53.42
843 0.7625663135750549 53.43
844 0.7625063278599316 53.44
845 0.7624475792097629 53.45
846 0.7623899647228128 53.46
847 0.7623333036083073 53.47
848 0.7622774206707797 53.48
849 0.7622219276935063 53.49
850 0.7621666325986343 53.5
851 0.7621112334304676 53.51
852 0.7620562416376743 53.52
853 0.7620011867134462 53.53
854 0.7619459271956802 53.54
855 0.7618909125170454 53.55
856 0.761837072202613 53.56
857 0.7617857913700284 53.57
858 0.7617368001167902 53.58
859 0.7616976743268425 53.59
860 0.7616546440552876 53.6
861 0.7616153409274148 53.61
862 0.7615818757662237 53.62
863 0.7615553861898857 53.63
864 0.7615351457402354 53.64
865 0.7615229122765617 53.65
866 0.7615187272084449 53.66
867 0.7615205842956272 53.67
868 0.7615332799907789 53.68
869 0.7615544269746823 53.69
870 0.7615838560601298 53.7
871 0.761620996263578 53.71
872 0.7616666336465127 53.72
873 0.761718234253924 53.73
874 0.7617758774549721 53.74
875 0.7618386780360449 53.75
876 0.7619067975134622 53.76
877 0.7619795565269886 53.77
878 0.7620564596163618 53.78
879 0.762137355764629 53.79
880 0.7622222176762368 53.8
881 0.7623088539429476 53.81
882 0.7623970695924295 53.82
883 0.7624869736044606 53.83
884 0.7625789887124692 53.84
885 0.762672344862903 53.85
886 0.762766025743577 53.86
887 0.7628600658053382 53.87
888 0.7629542670692576 53.88
889 0.7630482154326672 53.89
890 0.763141576127064 53.9
891 0.7632340264193568 53.91
892 0.7633247372909875 53.92
893 0.7634136183956198 53.93
894 0.7635003757127936 53.94
895 0.7635847324891417 53.95
896 0.7636662566820596 53.96
897 0.7637446274070507 53.97
898 0.763819617056045 53.98
899 0.7638909973603077 53.99
900 0.7639585128191796 54
901 0.7640220593788061 54.01
902 0.7640815004750965 54.02
903 0.7641367504017951 54.03
904 0.7641878639581816 54.04
905 0.7642348415683748 54.05
906 0.7642774487589822 54.06
907 0.7643155921514254 54.07
908 0.7643494250638301 54.08
909 0.7643787685261454 54.09
910 0.7644035915857624 54.1
911 0.7644242775224814 54.11
912 0.764440726687814 54.12
913 0.7644528047053606 54.13
914 0.7644610124167626 54.14
915 0.7644650137470794 54.15
916 0.7644649789109553 54.16
917 0.7644610159336519 54.17
918 0.7644531429196171 54.18
919 0.7644415476034905 54.19
920 0.7644260792758302 54.2
921 0.764406784854302 54.21
922 0.7643840400820943 54.22
923 0.7643574970226176 54.23
924 0.7643274552844397 54.24
925 0.764294094704512 54.25
926 0.7642573782776618 54.26
927 0.764217564692154 54.27
928 0.764174323406957 54.28
929 0.7641280762419117 54.29
930 0.7640787747509512 54.3
931 0.7640269050380712 54.31
932 0.7639724505722141 54.32
933 0.7639154579727074 54.33
934 0.7638560863698195 54.34
935 0.7637947304841158 54.35
936 0.7637315956754157 54.36
937 0.7636668459146778 54.37
938 0.7636007156671454 54.38
939 0.7635332872924158 54.39
940 0.7634648629425861 54.4
941 0.7633959959776458 54.41
942 0.7633270313754251 54.42
943 0.7632581348343699 54.43
944 0.763189661481655 54.44
945 0.7631220992323881 54.45
946 0.763055448544506 54.46
947 0.7629899518770129 54.47
948 0.7629259599684897 54.48
949 0.762864089903864 54.49
950 0.7628046402124562 54.5
951 0.7627475808893713 54.51
952 0.7626933745575751 54.52
953 0.7626424271971266 54.53
954 0.7625958676791803 54.54
955 0.7625531977937594 54.55
956 0.7625149758207959 54.56
957 0.7624809874209277 54.57
958 0.7624523971510556 54.58
959 0.7624298175103523 54.59
960 0.7624136630666382 54.6
961 0.762404020886945 54.61
962 0.7624013994288824 54.62
963 0.7624061618225815 54.63
964 0.7624172966063414 54.64
965 0.7624355134739723 54.65
966 0.7624611985604227 54.66
967 0.7624934197779238 54.67
968 0.7625311752817229 54.68
969 0.7625751260120183 54.69
970 0.7626259797273524 54.7
971 0.7626829766445726 54.71
972 0.7627452955545097 54.72
973 0.762811864547308 54.73
974 0.7628825121075489 54.74
975 0.7629570260294505 54.75
976 0.7630342566351581 54.76
977 0.7631139502424165 54.77
978 0.7631967535463399 54.78
979 0.7632802675828971 54.79
980 0.7633645237820794 54.8
981 0.7634492504245907 54.81
982 0.763534003859226 54.82
983 0.7636183773290153 54.83
984 0.7637020053659869 54.84
985 0.7637843480567306 54.85
986 0.7638651346007077 54.86
987 0.7639439649170077 54.87
988 0.7640203601644201 54.88
989 0.7640940055344074 54.89
990 0.7641646814129714 54.9
991 0.7642321756021027 54.91
992 0.7642963105930484 54.92
993 0.7643569607732222 54.93
994 0.7644138953570734 54.94
995 0.7644671600719448 54.95
996 0.7645166907380605 54.96
997 0.764562322662831 54.97
998 0.764604033579693 54.98
999 0.7646414301514706 54.99
1000 0.7646749189308577 55
1001 0.7647041046741822 55.01
1002 0.7647293774631897 55.02
1003 0.7647502411400786 55.03
1004 0.7647668363749405 55.04
1005 0.7647793084326984 55.05
1006 0.7647873984511672 55.06
1007 0.7647913225571423 55.07
1008 0.764791202989222 55.08
1009 0.7647868907925272 55.09
1010 0.7647785332247928 55.1
1011 0.7647662486399996 55.11
1012 0.7647501225576805 55.12
1013 0.7647301935655196 55.13
1014 0.7647064727034446 55.14
1015 0.7646789812750798 55.15
1016 0.7646481391570351 55.16
1017 0.7646139232347218 55.17
1018 0.7645766528155868 55.18
1019 0.7645363137143166 55.19
1020 0.7644929991320952 55.2
1021 0.7644470375164262 55.21
1022 0.764398354912568 55.22
1023 0.764347381520399 55.23
1024 0.7642942502282456 55.24
1025 0.7642394065511058 55.25
1026 0.7641824581239154 55.26
1027 0.7641239066702989 55.27
1028 0.7640640491093049 55.28
1029 0.7640031507289812 55.29
1030 0.7639415646712012 55.3
1031 0.7638795539288982 55.31
1032 0.7638175411772589 55.32
1033 0.7637557369894546 55.33
1034 0.7636944917617009 55.34
1035 0.7636342386253919 55.35
1036 0.7635749213974956 55.36
1037 0.7635170265977717 55.37
1038 0.7634608518152975 55.38
1039 0.7634066393936957 55.39
1040 0.7633544844355729 55.4
1041 0.7633052292820818 55.41
1042 0.7632589552983677 55.42
1043 0.7632162148549589 55.43
1044 0.7631779121500896 55.44
1045 0.7631435933221118 55.45
1046 0.7631139569643347 55.46
1047 0.7630896066539765 55.47
1048 0.7630710272238255 55.48
1049 0.7630585048869397 55.49
1050 0.7630523619681823 55.5
1051 0.7630522961132316 55.51
1052 0.7630586141132586 55.52
1053 0.7630718825892825 55.53
1054 0.7630906082526248 55.54
1055 0.7631152912164614 55.55
1056 0.7631462569772484 55.56
1057 0.7631832509441154 55.57
1058 0.7632257359433252 55.58
1059 0.7632733839157751 55.59
1060 0.763326138373993 55.6
1061 0.7633828460732299 55.61
1062 0.7634434281041375 55.62
1063 0.7635072732755159 55.63
1064 0.7635740799767509 55.64
1065 0.7636434009272846 55.65
1066 0.7637148355879191 55.66
1067 0.7637878791102216 55.67
1068 0.7638618055893479 55.68
1069 0.7639367642875265 55.69
1070 0.764011168813719 55.7
1071 0.7640845212002174 55.71
1072 0.7641566805199284 55.72
1073 0.7642272182750978 55.73
1074 0.7642957925891901 55.74
1075 0.7643620375577498 55.75
1076 0.7644256487939345 55.76
1077 0.7644863694764277 55.77
1078 0.7645445273000455 55.78
1079 0.7645993331120795 55.79
1080 0.7646506304181979 55.8
1081 0.7646982210980571 55.81
1082 0.7647424463930576 55.82
1083 0.7647829649161282 55.83
1084 0.7648196115966035 55.84
1085 0.7648522482543643 55.85
1086 0.7648807550422506 55.86
1087 0.7649050599782299 55.87
1088 0.7649252945639122 55.88
1089 0.7649413246676362 55.89
1090 0.7649532114747318 55.9
1091 0.7649610262652784 55.91
1092 0.7649647856622136 55.92
1093 0.7649645062353325 55.93
1094 0.76496017864156 55.94
1095 0.7649520438108562 55.95
1096 0.7649401906460063 55.96
1097 0.7649244036861454 55.97
1098 0.7649049318032436 55.98
1099 0.7648818929015216 55.99
1100 0.7648555932260193 56
1101 0.7648259822616567 56.01
1102 0.7647933277476928 56.02
1103 0.7647577001538732 56.03
1104 0.7647193035572397 56.04
1105 0.76467829896047 56.05
1106 0.7646349002610754 56.06
1107 0.7645893781605951 56.07
1108 0.764541783131896 56.08
1109 0.7644923088021331 56.09
1110 0.7644411220159061 56.1
1111 0.7643885346504368 56.11
1112 0.7643348173314428 56.12
1113 0.7642802025487515 56.13
1114 0.7642249237989449 56.14
1115 0.7641696546114409 56.15
1116 0.7641144340073718 56.16
1117 0.7640594502614984 56.17
1118 0.764005272525408 56.18
1119 0.7639521201082 56.19
1120 0.7639003265886168 56.2
1121 0.7638500789680659 56.21
1122 0.7638016207419521 56.22
1123 0.7637554657081058 56.23
1124 0.7637118835515972 56.24
1125 0.7636714306493196 56.25
1126 0.7636337786595909 56.26
1127 0.7635996658136019 56.27
1128 0.763569442521231 56.28
1129 0.7635433668817649 56.29
1130 0.7635220450095316 56.3
1131 0.7635060177377589 56.31
1132 0.763495175491971 56.32
1133 0.7634904982967432 56.33
1134 0.7634906328596857 56.34
1135 0.7634961722507871 56.35
1136 0.7635073965133755 56.36
1137 0.763524261359791 56.37
1138 0.7635472083133007 56.38
1139 0.7635756680588803 56.39
1140 0.763609112232454 56.4
1141 0.7636471078140413 56.41
1142 0.7636897130443389 56.42
1143 0.7637368370274082 56.43
1144 0.7637879140156089 56.44
1145 0.7638424530961889 56.45
1146 0.7638999043571775 56.46
1147 0.7639596517469325 56.47
1148 0.7640214158787277 56.48
1149 0.7640847047158816 56.49
1150 0.7641489358622564 56.5
1151 0.7642135858123671 56.51
1152 0.7642780696008582 56.52
1153 0.7643422097703384 56.53
1154 0.7644052670491216 56.54
1155 0.7644664955758843 56.55
1156 0.7645255901561911 56.56
1157 0.7645821133747718 56.57
1158 0.7646360049301423 56.58
1159 0.7646873469225673 56.59
1160 0.7647352003329132 56.6
1161 0.7647796222661806 56.61
1162 0.7648204389543419 56.62
1163 0.7648575277167529 56.63
1164 0.7648908157214925 56.64
1165 0.7649201171262655 56.65
1166 0.7649456082629486 56.66
1167 0.7649671430846336 56.67
1168 0.7649847145811305 56.68
1169 0.7649983210365372 56.69
1170 0.7650080122288725 56.7
1171 0.7650137893195093 56.71
1172 0.7650156564202184 56.72
1173 0.7650137046646199 56.73
1174 0.765008062331652 56.74
1175 0.7649987465566014 56.75
1176 0.7649858632461778 56.76
1177 0.7649694322407408 56.77
1178 0.764949772544181 56.78
1179 0.7649267771087649 56.79
1180 0.7649007284657887 56.8
1181 0.7648717437507847 56.81
1182 0.7648395811605168 56.82
1183 0.7648051524825302 56.83
1184 0.7647684293044377 56.84
1185 0.764729095902166 56.85
1186 0.7646876140613613 56.86
1187 0.7646442310618445 56.87
1188 0.7645991015092833 56.88
1189 0.7645525757869492 56.89
1190 0.7645048487063065 56.9
1191 0.7644561559834701 56.91
1192 0.7644068319892238 56.92
1193 0.7643571833495743 56.93
1194 0.7643075511598656 56.94
1195 0.7642581871793374 56.95
1196 0.7642094070181213 56.96
1197 0.7641614094775379 56.97
1198 0.7641144621536559 56.98
1199 0.7640691607089672 56.99
1200 0.7640257403500548 57
1201 0.7639844570308321 57.01
1202 0.7639458351316327 57.02
1203 0.7639097145962502 57.03
1204 0.7638761908833366 57.04
1205 0.7638462405818561 57.05
1206 0.7638198435873804 57.06
1207 0.7637978440375867 57.07
1208 0.7637795601465066 57.08
1209 0.7637660459078495 57.09
1210 0.7637567290446411 57.1
1211 0.7637519773533307 57.11
1212 0.7637521511389394 57.12
1213 0.7637572475002153 57.13
1214 0.7637677796953848 57.14
1215 0.7637831543949292 57.15
1216 0.7638033029182875 57.16
1217 0.7638282303396027 57.17
1218 0.7638579345363063 57.18
1219 0.7638921210094963 57.19
1220 0.763930518738741 57.2
1221 0.7639727796382333 57.21
1222 0.7640185179398299 57.22
1223 0.7640671292747806 57.23
1224 0.7641182527057944 57.24
1225 0.7641714973011464 57.25
1226 0.7642262844102229 57.26
1227 0.7642820623451068 57.27
1228 0.7643382279644876 57.28
1229 0.7643943456411629 57.29
1230 0.7644497225164937 57.3
1231 0.7645039489543886 57.31
1232 0.7645566913128334 57.32
1233 0.7646072780396275 57.33
1234 0.7646554586479734 57.34
1235 0.7647009301013393 57.35
1236 0.764743413605002 57.36
1237 0.7647827409542061 57.37
1238 0.7648187174457498 57.38
1239 0.7648512465985206 57.39
1240 0.7648801849509707 57.4
1241 0.7649054344899218 57.41
1242 0.7649269383968161 57.42
1243 0.7649446673068092 57.43
1244 0.76495861341416 57.44
1245 0.7649687258948423 57.45
1246 0.7649750317443429 57.46
1247 0.7649775831332656 57.47
1248 0.7649765687864933 57.48
1249 0.7649720074340376 57.49
1250 0.7649639082151568 57.5
1251 0.7649523348134301 57.51
1252 0.7649373314588451 57.52
1253 0.7649191603626653 57.53
1254 0.7648979364398297 57.54
1255 0.7648738081728287 57.55
1256 0.7648468130524296 57.56
1257 0.7648170248253603 57.57
1258 0.764784705990719 57.58
1259 0.764750053993547 57.59
1260 0.7647132798146662 57.6
1261 0.7646745711211014 57.61
1262 0.7646340904025373 57.62
1263 0.7645920687953798 57.63
1264 0.7645487777556342 57.64
1265 0.7645045079597838 57.65
1266 0.7644595564885118 57.66
1267 0.7644142444435861 57.67
1268 0.7643688770773753 57.68
1269 0.7643237646573597 57.69
1270 0.7642792131492334 57.7
1271 0.7642355442136464 57.71
1272 0.7641930664498611 57.72
1273 0.7641520699731668 57.73
1274 0.7641133897301866 57.74
1275 0.7640764608531838 57.75
1276 0.764042237317368 57.76
1277 0.7640099934791008 57.77
1278 0.7639801838369551 57.78
1279 0.7639539388216426 57.79
1280 0.7639309050954367 57.8
1281 0.7639118963217802 57.81
1282 0.7638967310414058 57.82
1283 0.7638854848595871 57.83
1284 0.7638781764023885 57.84
1285 0.7638754623354229 57.85
1286 0.7638769387723243 57.86
1287 0.7638827230148594 57.87
1288 0.763893706543275 57.88
1289 0.7639091846261612 57.89
1290 0.763928939396048 57.9
1291 0.7639533236816141 57.91
1292 0.7639816794029781 57.92
1293 0.7640139382475686 57.93
1294 0.7640498102636732 57.94
1295 0.7640889208842144 57.95
1296 0.7641309222204199 57.96
1297 0.7641753569167016 57.97
1298 0.7642216763280015 57.98
1299 0.7642695186095831 57.99
1300 0.7643187008856374 58
1301 0.7643678199532863 58.01
1302 0.764416591200222 58.02
1303 0.764464555745463 58.03
1304 0.7645113637412796 58.04
1305 0.7645565504919489 58.05
1306 0.7645997082017355 58.06
1307 0.7646405743849136 58.07
1308 0.7646788721619736 58.08
1309 0.7647143470021611 58.09
1310 0.7647467651970079 58.1
1311 0.7647759503336039 58.11
1312 0.7648017762765907 58.12
1313 0.7648240131693783 58.13
1314 0.7648427240545186 58.14
1315 0.764857812506886 58.15
1316 0.7648692337556036 58.16
1317 0.7648769970943243 58.17
1318 0.7648809748237362 58.18
1319 0.7648813605455894 58.19
1320 0.7648781492668351 58.2
1321 0.764871500443291 58.21
1322 0.7648614651693167 58.22
1323 0.7648481169889823 58.23
1324 0.7648316207495327 58.24
1325 0.7648120362368604 58.25
1326 0.7647896404883564 58.26
1327 0.7647645310462565 58.27
1328 0.7647368338724665 58.28
1329 0.7647067714243727 58.29
1330 0.7646745381294607 58.3
1331 0.764640181924954 58.31
1332 0.7646038907719698 58.32
1333 0.7645661545638289 58.33
1334 0.76452715910058 58.34
1335 0.764487106415415 58.35
1336 0.7644462287909387 58.36
1337 0.7644048310709667 58.37
1338 0.7643632245293291 58.38
1339 0.7643217317302273 58.39
1340 0.7642806393412613 58.4
1341 0.7642402613711958 58.41
1342 0.7642010226876125 58.42
1343 0.7641632340245452 58.43
1344 0.7641267665485032 58.44
1345 0.7640919909330457 58.45
1346 0.7640598123226162 58.46
1347 0.7640296915462783 58.47
1348 0.7640022278777453 58.48
1349 0.7639777922647081 58.49
1350 0.7639565328675533 58.5
1351 0.7639387718771244 58.51
1352 0.7639244833158613 58.52
1353 0.7639140555252061 58.53
1354 0.7639080729795614 58.54
1355 0.7639056879148753 58.55
1356 0.7639073852623257 58.56
1357 0.7639134523918665 58.57
1358 0.7639240260842558 58.58
1359 0.7639391648580033 58.59
1360 0.7639581444100586 58.6
1361 0.7639809380978591 58.61
1362 0.7640074464447704 58.62
1363 0.7640373059307688 58.63
1364 0.7640702520982493 58.64
1365 0.7641059986579436 58.65
1366 0.7641439700195437 58.66
1367 0.7641838550843539 58.67
1368 0.7642251610385077 58.68
1369 0.764267383911271 58.69
1370 0.7643099926783706 58.7
1371 0.7643524684121017 58.71
1372 0.7643943085919982 58.72
1373 0.7644350716189966 58.73
1374 0.764474336592482 58.74
1375 0.764511705649575 58.75
1376 0.7645468717021888 58.76
1377 0.7645795419535059 58.77
1378 0.764609439300877 58.78
1379 0.7646363677859234 58.79
1380 0.7646601888588397 58.8
1381 0.7646807265129729 58.81
1382 0.7646978636689078 58.82
1383 0.7647115315159718 58.83
1384 0.7647216948417598 58.84
1385 0.7647283367603742 58.85
1386 0.7647314033909338 58.86
1387 0.764730969314629 58.87
1388 0.7647271492175304 58.88
1389 0.7647199069624417 58.89
1390 0.7647094225658302 58.9
1391 0.764695916467897 58.91
1392 0.7646793280774655 58.92
1393 0.764659856115446 58.93
1394 0.7646376876129488 58.94
1395 0.7646129947191405 58.95
1396 0.7645859401190991 58.96
1397 0.7645566824133783 58.97
1398 0.7645254626524772 58.98
1399 0.7644925109582472 58.99
1400 0.7644579910292275 59
1401 0.764422170489542 59.01
1402 0.7643852492581178 59.02
1403 0.7643475464005935 59.03
1404 0.7643093880629804 59.04
1405 0.7642710728754537 59.05
1406 0.7642329340734926 59.06
1407 0.7641952688305303 59.07
1408 0.7641583257108658 59.08
1409 0.764122411789809 59.09
1410 0.7640878232173582 59.1
1411 0.7640546882946725 59.11
1412 0.7640234726409971 59.12
1413 0.7639943520379058 59.13
1414 0.7639676187052921 59.14
1415 0.7639437554633101 59.15
1416 0.7639231648387772 59.16
1417 0.763905475426273 59.17
1418 0.7638911866499617 59.18
1419 0.7638804117829507 59.19
1420 0.7638728647747566 59.2
1421 0.7638692563686904 59.21
1422 0.7638695082615047 59.22
1423 0.7638741631767629 59.23
1424 0.7638829848790951 59.24
1425 0.7638948209280975 59.25
1426 0.7639104179659898 59.26
1427 0.7639298401839977 59.27
1428 0.7639526411302709 59.28
1429 0.7639786746283485 59.29
1430 0.7640074556179389 59.3
1431 0.7640386690390021 59.31
1432 0.7640719784257595 59.32
1433 0.7641071129361648 59.33
1434 0.7641434018697051 59.34
1435 0.7641803088963842 59.35
1436 0.7642173112899375 59.36
1437 0.7642539178279187 59.37
1438 0.7642896822159246 59.38
1439 0.7643241892524804 59.39
1440 0.7643570595980839 59.4
1441 0.7643879762391451 59.41
1442 0.7644166208175126 59.42
1443 0.7644426879448655 59.43
1444 0.764465891323957 59.44
1445 0.7644861212851654 59.45
1446 0.7645032204640301 59.46
1447 0.7645170440945759 59.47
1448 0.764527527104118 59.48
1449 0.7645346201988434 59.49
1450 0.7645382787974082 59.5
1451 0.7645385609713371 59.51
1452 0.7645355586014411 59.52
1453 0.7645293020113834 59.53
1454 0.7645198494976476 59.54
1455 0.7645072031802382 59.55
1456 0.7644915861638323 59.56
1457 0.7644733040100863 59.57
1458 0.7644524006265239 59.58
1459 0.7644290352386576 59.59
1460 0.7644034070097568 59.6
1461 0.7643757233406491 59.61
1462 0.7643461853393623 59.62
1463 0.7643150739636374 59.63
1464 0.764282610714933 59.64
1465 0.7642491596582902 59.65
1466 0.7642145982432429 59.66
1467 0.7641795454585755 59.67
1468 0.7641442911463437 59.68
1469 0.7641091093938528 59.69
1470 0.76407430084543 59.7
1471 0.7640401754168233 59.71
1472 0.7640069965344097 59.72
1473 0.7639750480249167 59.73
1474 0.763944708908789 59.74
1475 0.7639160552881965 59.75
1476 0.7638894318722028 59.76
1477 0.7638650574647776 59.77
1478 0.7638432459018758 59.78
1479 0.7638243825946153 59.79
1480 0.7638089560002629 59.8
1481 0.763796139291989 59.81
1482 0.7637865383120739 59.82
1483 0.7637806967530766 59.83
1484 0.763778512754332 59.84
1485 0.7637802258730519 59.85
1486 0.7637848873276781 59.86
1487 0.7637932609489129 59.87
1488 0.7638052166878954 59.88
1489 0.76382063945874 59.89
1490 0.7638392320843831 59.9
1491 0.7638607012025316 59.91
1492 0.7638848476376611 59.92
1493 0.7639112686887537 59.93
1494 0.7639400027578627 59.94
1495 0.7639701373148475 59.95
1496 0.7640012154247265 59.96
1497 0.7640327836636467 59.97
1498 0.7640643721245621 59.98
1499 0.7640955263337281 59.99
1500 0.7641258309506634 60
