"frac-mass-o2-rfile"
"Time Step" "frac-mass-o2 etc.."
("Time Step" "frac-mass-o2" "flow-time")
0 0.2274385004186128 0
1 0.2268159958245352 0.1
2 0.2263906904176611 0.2
3 0.2259166002507511 0.3
4 0.2253653885062739 0.4
5 0.224783875765436 0.5
6 0.224190516004829 0.6000000000000001
7 0.2235843293679556 0.7000000000000001
8 0.2229453192238936 0.8
9 0.222258858393954 0.9
10 0.2215305825751248 1
11 0.2207846629297506 1.1
12 0.2200403474604556 1.2
13 0.2192663608976478 1.3
14 0.2185214612245895 1.4
15 0.2177190891151277 1.5
16 0.2169069948451694 1.6
17 0.2160863947849995 1.7
18 0.2152714410960322 1.8
19 0.2144530840668453 1.9
20 0.2136078378342285 2
21 0.21282316145049 2.1
22 0.2119613357554128 2.2
23 0.2111643266073993 2.3
24 0.210312289596266 2.4
25 0.2094508775973552 2.5
26 0.2086394566377043 2.6
27 0.2077860748848245 2.7
28 0.2069282032887205 2.8
29 0.2061010114011215 2.9
30 0.205270404157845 3
31 0.2044398579803534 3.1
32 0.2036147390115098 3.2
33 0.2027940913896747 3.3
34 0.2019803686850874 3.4
35 0.2011734419552088 3.5
36 0.2003779327539474 3.6
37 0.1995947796807389 3.7
38 0.1988281924318541 3.8
39 0.1980749458491324 3.9
40 0.1973378675271421 4
41 0.1966157299222229 4.100000000000001
42 0.195907804697563 4.2
43 0.1952140297059056 4.3
44 0.1945284679923444 4.4
45 0.1938528979235393 4.5
46 0.1931842314872255 4.600000000000001
47 0.1925186255891578 4.7
48 0.1918538189546692 4.800000000000001
49 0.1911886211178487 4.9
50 0.190519627192588 5
51 0.1898494499416125 5.100000000000001
52 0.1891709122457841 5.2
53 0.1884861361387054 5.300000000000001
54 0.1877930664045233 5.4
55 0.1870934893008326 5.5
56 0.1863869839912664 5.600000000000001
57 0.1856724612626834 5.7
58 0.1849512275643118 5.800000000000001
59 0.1842221007408855 5.9
60 0.1834864011237306 6
61 0.1827439572608599 6.100000000000001
62 0.1819939906209097 6.2
63 0.1812379416414112 6.300000000000001
64 0.1804757777178597 6.4
65 0.1797080164618074 6.5
66 0.1789342467091097 6.600000000000001
67 0.1781559929508005 6.7
68 0.17737459558136 6.800000000000001
69 0.176587942025395 6.9
70 0.1757995886524683 7
71 0.1750071127611194 7.100000000000001
72 0.1742118556669912 7.2
73 0.1734141936220955 7.300000000000001
74 0.1726148350067926 7.4
75 0.1718157615952471 7.5
76 0.1710216819234967 7.600000000000001
77 0.1702229025983691 7.7
78 0.169426494890948 7.800000000000001
79 0.1686322346006885 7.9
80 0.1678391980027699 8
81 0.1670491277424574 8.1
82 0.1662625782127956 8.200000000000001
83 0.1654787617447442 8.300000000000001
84 0.1646979606527771 8.4
85 0.1639204818393096 8.5
86 0.1631450791018655 8.6
87 0.1623720836100799 8.700000000000001
88 0.1616013333746876 8.800000000000001
89 0.160832586362233 8.9
90 0.1600642637738964 9
91 0.1592970789318144 9.1
92 0.1585298452553965 9.200000000000001
93 0.1577626157368356 9.300000000000001
94 0.1569947127000852 9.4
95 0.1562814652342984 9.5
96 0.1555754813332561 9.600000000000001
97 0.154862436780252 9.700000000000001
98 0.1541472445974615 9.800000000000001
99 0.1534244208041442 9.9
100 0.1527009915604176 10
101 0.1519808020560033 10.1
102 0.1512476139065221 10.2
103 0.1505201334913515 10.3
104 0.1497935651223856 10.4
105 0.1490650444128837 10.5
106 0.148325708142268 10.6
107 0.1476030756499919 10.7
108 0.1468724332878981 10.8
109 0.1461371960449599 10.9
110 0.1454117532255871 11
111 0.1446865598206773 11.1
112 0.1439591562002081 11.2
113 0.1432294522198317 11.3
114 0.1424983024502305 11.4
115 0.1417687710714683 11.5
116 0.1410292511575491 11.6
117 0.140290151385446 11.7
118 0.1395551808259621 11.8
119 0.1388250389698366 11.9
120 0.1381386896370097 12
121 0.1374076740561921 12.1
122 0.1366705061093042 12.2
123 0.135926216619993 12.3
124 0.13518224316059 12.4
125 0.1344390769332425 12.5
126 0.1336921869391253 12.6
127 0.1329570020037902 12.7
128 0.1322121223279167 12.8
129 0.131474553559998 12.9
130 0.1307277067649945 13
131 0.1299832664599262 13.1
132 0.1292378352086885 13.2
133 0.1284956965076362 13.3
134 0.127743642915706 13.4
135 0.1270001603298204 13.5
136 0.1262486075084027 13.6
137 0.1255067172923628 13.7
138 0.1247522463948855 13.8
139 0.1240104656430398 13.9
140 0.1232594659792788 14
141 0.1225071425426511 14.1
142 0.1217520201671275 14.2
143 0.1210130380277406 14.3
144 0.120269847434969 14.4
145 0.1195271820203415 14.5
146 0.1187713375813307 14.6
147 0.1180246398116709 14.7
148 0.1172771361629067 14.8
149 0.1165216893080814 14.9
150 0.1157751954202732 15
151 0.1150261737717596 15.1
152 0.1142780034443532 15.2
153 0.1135106937399438 15.3
154 0.1127619388868035 15.4
155 0.1120040743273034 15.5
156 0.1112452690203033 15.6
157 0.1104957262322514 15.7
158 0.1097516991177995 15.8
159 0.1090017303141548 15.9
160 0.1082527674559208 16
161 0.1075104009101923 16.1
162 0.1067662908446481 16.2
163 0.1060162545968439 16.3
164 0.1052706091714097 16.4
165 0.1045206239122212 16.5
166 0.10376858497628 16.6
167 0.1030176924329388 16.7
168 0.1022738688260433 16.8
169 0.1015214561777965 16.9
170 0.1007682528586788 17
171 0.1000147144390691 17.1
172 0.099259970871134 17.2
173 0.09849505979517183 17.3
174 0.09773680663731385 17.4
175 0.0969073183489022 17.5
176 0.09615889468517619 17.6
177 0.09540655349690241 17.7
178 0.09462475293541335 17.8
179 0.09386732557809818 17.9
180 0.09308401334521163 18
181 0.09233357635543038 18.1
182 0.09156074807199205 18.2
183 0.09078261035513623 18.3
184 0.09000173551501667 18.4
185 0.08917221224346845 18.5
186 0.08840265820103541 18.6
187 0.08757606311745195 18.7
188 0.08680064775697748 18.8
189 0.08597168926999044 18.9
190 0.08521068524329597 19
191 0.08445631304542708 19.1
192 0.08363426070810485 19.2
193 0.0828845115809812 19.3
194 0.08206276703526741 19.4
195 0.08130809217577674 19.5
196 0.08056753592187771 19.6
197 0.07980932929030163 19.7
198 0.07906090131051936 19.8
199 0.07830984625383891 19.9
200 0.07755971939689586 20
201 0.07680181292107974 20.1
202 0.07596485604946601 20.2
203 0.07511651435961197 20.3
204 0.07428070549983265 20.4
205 0.07346338199436379 20.5
206 0.07266105839774777 20.6
207 0.07203710365070577 20.7
208 0.07126863064785541 20.8
209 0.07041027279096888 20.9
210 0.06972078002309227 21
211 0.06881088051155543 21.1
212 0.06811084748379628 21.2
213 0.06739873042715971 21.3
214 0.0664846075226514 21.4
215 0.06570202368549546 21.5
216 0.06501393904228958 21.6
217 0.06417279015054282 21.7
218 0.06336083346764063 21.8
219 0.06267927824280943 21.9
220 0.06191517016033145 22
221 0.06110922681189163 22.1
222 0.06030638043227612 22.2
223 0.05953099058055968 22.3
224 0.05877505466051915 22.4
225 0.05807611796833343 22.5
226 0.05729896361586048 22.6
227 0.05650046998106324 22.7
228 0.05572950720133964 22.8
229 0.05509822393326179 22.9
230 0.0543806755716887 23
231 0.05358538017170903 23.1
232 0.05281570408015474 23.2
233 0.0520538015753469 23.3
234 0.05125816968195317 23.4
235 0.05055451741646945 23.5
236 0.04979150197147444 23.6
237 0.04899727696045467 23.7
238 0.0482174115706684 23.8
239 0.04747125805259857 23.9
240 0.04674506280734352 24
241 0.04608429019551206 24.1
242 0.04544298672206437 24.2
243 0.04472672176367637 24.3
244 0.04409028539091516 24.4
245 0.04347746813413737 24.5
246 0.04276429317383629 24.6
247 0.04216495786242384 24.7
248 0.04155124252637246 24.8
249 0.04080753722690941 24.9
250 0.04016321799637676 25
251 0.03952424103312036 25.1
252 0.03875461525705696 25.2
253 0.03809347121861206 25.3
254 0.03744007240014587 25.4
255 0.03665970683175006 25.5
256 0.03587917378279 25.6
257 0.03518642171630536 25.7
258 0.03438895784829138 25.8
259 0.03362213153082907 25.9
260 0.03278056454468684 26
261 0.032029978057988 26.1
262 0.03140457537110635 26.2
263 0.03067040071091922 26.3
264 0.03002704336028714 26.4
265 0.02938335888051105 26.5
266 0.02861228502040822 26.6
267 0.02795684569277443 26.7
268 0.02731615060096749 26.8
269 0.02650040140268243 26.9
270 0.02577735028605354 27
271 0.02506241994178741 27.1
272 0.02427445648521454 27.2
273 0.02346135560608731 27.3
274 0.02275863932036216 27.4
275 0.02206701733765346 27.5
276 0.02126307728517873 27.6
277 0.02058023496841015 27.7
278 0.01991006179733174 27.8
279 0.01911518514740785 27.9
280 0.01834565735539607 28
281 0.01770484479505545 28.1
282 0.01708749465634739 28.2
283 0.0162567190266392 28.3
284 0.01542722234309229 28.4
285 0.01461090726456559 28.5
286 0.01381995971811187 28.6
287 0.01317002102677933 28.7
288 0.01253981490980071 28.8
289 0.01177369500434844 28.9
290 0.0111648864531803 29
291 0.01057278107718776 29.1
292 0.009912117703404 29.2
293 0.009496989867980149 29.3
294 0.009091604656424029 29.4
295 0.008696781695295898 29.5
296 0.007743645569876904 29.6
297 0.006989839162942116 29.7
298 0.006353822722803716 29.8
299 0.005911059016592534 29.9
300 0.005589707933667931 30
301 0.005266618714147675 30.1
302 0.004945441794553785 30.2
303 0.004386436970446137 30.3
304 0.004036201102229803 30.4
305 0.003705486734918601 30.5
306 0.003141397570489201 30.6
307 0.002828597449825445 30.7
308 0.002540541209296022 30.8
309 0.002043385209519809 30.9
310 0.001778949282145137 31
311 0.001536808437641468 31.1
312 0.001090521916952579 31.2
313 0.0008779086216448808 31.3
314 0.0006896071953582735 31.4
315 0.0003408423469076434 31.5
316 0.0002209277432077903 31.6
317 3.055564180766221e-05 31.7
318 8.632494146893222e-07 31.8
319 5.725509157192638e-09 31.9
320 4.792954832235364e-11 32
321 4.316810923867634e-13 32.1
322 3.83023553248862e-15 32.2
323 3.289974768817924e-17 32.3
324 2.377291002201261e-19 32.4
325 1.848663468515439e-21 32.5
326 2.753126833813117e-23 32.6
327 7.474755825846422e-24 32.7
328 2.620500710882531e-24 32.8
329 6.959536674738181e-25 32.9
330 8.348395320605017e-26 33
331 2.163609780222377e-27 33.1
332 4.886396828588356e-29 33.2
333 1.849035682511324e-29 33.3
334 8.054250051120725e-30 33.4
335 3.355999009431166e-30 33.5
336 1.259250568505143e-30 33.6
337 3.907378308425633e-31 33.7
338 2.841858914735656e-31 33.8
339 2.724830045983429e-31 33.9
340 2.713822977113287e-31 34
341 2.7030427867956e-31 34.1
342 2.692443111906067e-31 34.2
343 2.681993157037073e-31 34.3
344 2.671666299181866e-31 34.4
345 2.661440357222497e-31 34.5
346 2.651295581273223e-31 34.6
347 2.64121475092045e-31 34.7
348 2.631182753366774e-31 34.8
349 2.621186073988234e-31 34.9
350 2.61121262020995e-31 35
351 2.601251255577942e-31 35.1
352 2.591292089140552e-31 35.2
353 2.58132555201813e-31 35.3
354 2.571342994189513e-31 35.4
355 2.561336022002654e-31 35.5
356 2.551296803723532e-31 35.6
357 2.54121785119845e-31 35.7
358 2.531091919884901e-31 35.8
359 2.520911912525349e-31 35.9
360 2.510670852815284e-31 36
361 2.50036197714019e-31 36.1
362 2.489978439333656e-31 36.2
363 2.479513498077817e-31 36.3
364 2.468959960616421e-31 36.4
365 2.458310812961243e-31 36.5
366 2.447558476500628e-31 36.6
367 2.436695168359675e-31 36.7
368 2.425712673705085e-31 36.8
369 2.414602480569587e-31 36.9
370 2.403355479370303e-31 37
371 2.391961987010687e-31 37.1
372 2.380411519572724e-31 37.2
373 2.368692701561175e-31 37.3
374 2.356793319522495e-31 37.4
375 2.344700053227018e-31 37.5
376 2.332398577201355e-31 37.6
377 2.319872941180387e-31 37.7
378 2.307105718152306e-31 37.8
379 2.294077687716298e-31 37.9
380 2.280767567530461e-31 38
381 2.267151736851209e-31 38.1
382 2.25320385703617e-31 38.2
383 2.238894499161537e-31 38.3
384 2.224190287109239e-31 38.40000000000001
385 1.803906194974638e-31 38.5
386 1.531146033687457e-31 38.6
387 1.499440165033063e-31 38.7
388 1.468070830686005e-31 38.8
389 1.437388536852595e-31 38.90000000000001
390 1.407826375998664e-31 39
391 1.379770611306501e-31 39.1
392 1.16430976504433e-31 39.2
393 1.137434352680616e-31 39.3
394 1.135320460243099e-31 39.40000000000001
395 1.133229863515663e-31 39.5
396 1.131154442721239e-31 39.6
397 1.129089191515957e-31 39.7
398 1.127029421241016e-31 39.8
399 1.124971473698823e-31 39.90000000000001
400 1.122912162109049e-31 40
401 1.120848703974409e-31 40.1
402 1.118778583508735e-31 40.2
403 1.116699574000501e-31 40.3
404 1.114609659572543e-31 40.40000000000001
405 1.112506944909858e-31 40.5
406 1.110389646587121e-31 40.6
407 1.108256076490718e-31 40.7
408 1.106104573364087e-31 40.8
409 1.103933499579106e-31 40.90000000000001
410 1.101741218308719e-31 41
411 1.099526042330637e-31 41.1
412 1.097286248057129e-31 41.2
413 1.09502001318285e-31 41.3
414 1.092725439143884e-31 41.40000000000001
415 1.090400519972821e-31 41.5
416 1.088043091800342e-31 41.6
417 1.085650809743473e-31 41.7
418 1.083221098410538e-31 41.8
419 1.08075108522881e-31 41.90000000000001
420 1.078237660000789e-31 42
421 1.075677214758134e-31 42.1
422 1.073065734250626e-31 42.2
423 1.070398607083758e-31 42.3
424 1.067670351633144e-31 42.40000000000001
425 1.064874486466932e-31 42.5
426 1.06200328343929e-31 42.6
427 1.059047259501946e-31 42.7
428 1.055994736762491e-31 42.8
429 1.052831270965339e-31 42.90000000000001
430 1.049539803053264e-31 43
431 1.046101336031976e-31 43.1
432 1.042496659243338e-31 43.2
433 1.038709938371403e-31 43.3
434 1.03473519612062e-31 43.40000000000001
435 1.030586000751223e-31 43.5
436 1.026298589347649e-31 43.6
437 1.021923642760763e-31 43.7
438 1.017512096958827e-31 43.8
439 1.013098006693495e-31 43.90000000000001
440 9.042641020220102e-32 44
441 7.853935887181601e-32 44.1
442 7.710151854311245e-32 44.2
443 7.641362469606586e-32 44.3
444 7.57502188867504e-32 44.40000000000001
445 7.511954488577697e-32 44.5
446 7.45380196893009e-32 44.6
447 7.402184652582058e-32 44.7
448 7.024350480625406e-32 44.8
449 6.913533606310649e-32 44.90000000000001
450 6.902549654991795e-32 45
451 6.891196845069317e-32 45.1
452 6.879380550366788e-32 45.2
453 6.867008437067167e-32 45.3
454 6.85399480568514e-32 45.40000000000001
455 6.840288796860235e-32 45.5
456 6.825914994347898e-32 45.6
457 6.811022397387971e-32 45.7
458 6.795871699998398e-32 45.8
459 6.780781713743954e-32 45.90000000000001
460 6.766038332021847e-32 46
461 6.751819201117961e-32 46.1
462 6.738187471733602e-32 46.2
463 6.725123470429227e-32 46.3
464 6.712557850732458e-32 46.40000000000001
465 6.700400749362344e-32 46.5
466 6.688562445707783e-32 46.6
467 6.676962231980773e-32 46.7
468 6.665530715280254e-32 46.8
469 6.654210137899894e-32 46.90000000000001
470 6.642953034153733e-32 47
471 6.631720474844167e-32 47.1
472 6.620480998370773e-32 47.2
473 6.609208733742505e-32 47.3
474 6.59788129745908e-32 47.40000000000001
475 6.586479820771719e-32 47.5
476 6.574986445642454e-32 47.6
477 6.563382959261633e-32 47.7
478 6.551652242666781e-32 47.8
479 6.539777153639148e-32 47.90000000000001
480 6.527739087090407e-32 48
481 6.515516911754696e-32 48.1
482 6.50308812215073e-32 48.2
483 6.490428090026973e-32 48.3
484 6.477510685397233e-32 48.40000000000001
485 6.46430724276162e-32 48.5
486 6.080432525425543e-32 48.6
487 5.357064140639356e-32 48.7
488 5.008911420592867e-32 48.8
489 4.904641897068223e-32 48.90000000000001
490 4.804137022004179e-32 49
491 4.793221105681828e-32 49.1
492 4.787654124360091e-32 49.2
493 4.782005742155529e-32 49.3
494 4.776266931511833e-32 49.40000000000001
495 4.770430068908042e-32 49.5
496 4.764486779071967e-32 49.6
497 4.75842859411159e-32 49.7
498 4.752246473193458e-32 49.8
499 4.74593071183952e-32 49.90000000000001
500 4.739470991526103e-32 50
501 3.537530621718791e-11 50.01
502 1.711281802305801e-12 50.02
503 8.403992536439989e-14 50.03
504 4.252098450810908e-15 50.04
505 3.238109815974986e-16 50.05
506 3.09818585141467e-17 50.06
507 3.544996194208705e-18 50.07
508 4.599128855833918e-19 50.08
509 6.427913305059686e-20 50.09
510 9.464544084675026e-21 50.1
511 1.383957040099286e-21 50.11
512 2.211026820091312e-22 50.12
513 4.136483693898168e-23 50.13
514 5.660092501760071e-24 50.14
515 6.891865672041977e-25 50.15
516 9.091980540243295e-26 50.16
517 1.347257492113888e-26 50.17
518 2.206838527253672e-27 50.18
519 3.815578648977102e-28 50.19
520 6.611271487808922e-29 50.2
521 1.158786839459091e-29 50.21
522 2.74936674584433e-30 50.22
523 1.240079123733611e-30 50.23
524 7.678796752964468e-31 50.24
525 5.759099369034156e-31 50.25
526 4.850525772379221e-31 50.26
527 4.680979859376968e-31 50.27
528 4.322904776818308e-31 50.28
529 3.963846073803436e-31 50.29
530 3.658783144226111e-31 50.3
531 3.396446070850093e-31 50.31
532 3.168241638602166e-31 50.32
533 2.967593576683263e-31 50.33
534 2.789405691608106e-31 50.34
535 2.629688178968068e-31 50.35
536 2.485285627154286e-31 50.36
537 2.353707751543862e-31 50.37
538 2.232939268663041e-31 50.38
539 2.121426211506619e-31 50.39
540 2.017939235097178e-31 50.4
541 1.921520938023763e-31 50.41
542 1.83144565643063e-31 50.42
543 1.747186885273597e-31 50.43
544 1.668378558706339e-31 50.44
545 1.594775296810985e-31 50.45
546 1.526207908753842e-31 50.46
547 1.462537935762679e-31 50.47
548 1.403612822450109e-31 50.48
549 1.349244026103267e-31 50.49
550 1.299179930914322e-31 50.5
551 1.253116672496176e-31 50.51
552 1.21070263401207e-31 50.52
553 1.171557982784255e-31 50.53
554 1.135300156702822e-31 50.54
555 1.101583931571462e-31 50.55
556 1.070058549162957e-31 50.56
557 2.629392597305409e-07 50.57
558 2.796829100439146e-07 50.58
559 2.833155221994853e-07 50.59
560 6.145381119829695e-07 50.6
561 1.124424994653169e-06 50.61
562 1.399040751700597e-06 50.62
563 4.249347102156476e-06 50.63
564 5.199889955649701e-06 50.64
565 2.023315732049367e-05 50.65
566 3.454155033824533e-05 50.66
567 3.780097628934022e-05 50.67
568 3.790276663891367e-05 50.68
569 4.79707793277131e-05 50.69
570 5.657995066785032e-05 50.7
571 7.160044119391061e-05 50.71
572 0.0001254456888608088 50.72
573 0.0002288993141911768 50.73
574 0.000343066860080014 50.74
575 0.0004976960206281141 50.75
576 0.0007427193314478233 50.76
577 0.001734087417740541 50.77
578 0.00321670278678325 50.78
579 0.005064805702898474 50.79
580 0.007392384541909655 50.8
581 0.01022853100631546 50.81
582 0.01365761210451081 50.82
583 0.01775023722864676 50.83
584 0.0223315525096447 50.84
585 0.02719520427662305 50.85
586 0.03225482571094137 50.86
587 0.03745755821994174 50.87
588 0.04250728510913508 50.88
589 0.04722489364308922 50.89
590 0.05153429400041851 50.9
591 0.0554399149021778 50.91
592 0.05905776631757064 50.92
593 0.06265805237358378 50.93
594 0.06627514606003197 50.94
595 0.06990762648300525 50.95
596 0.07363705069783937 50.96
597 0.07739444342730531 50.97
598 0.08111759118055147 50.98
599 0.08478970032969017 50.99
600 0.08838982854647053 51
601 0.0919626820170597 51.01
602 0.09552755046312934 51.02
603 0.09906397645996991 51.03
604 0.102593570788442 51.04
605 0.1062129883547315 51.05
606 0.1100701425465365 51.06
607 0.1140423764562239 51.07
608 0.1179176697722919 51.08
609 0.121673676506726 51.09
610 0.1252634348958938 51.1
611 0.1286256907959801 51.11
612 0.1317631161781956 51.12
613 0.1346663915417396 51.13
614 0.1373365572812301 51.14
615 0.1397837750219115 51.15
616 0.1420139729054466 51.16
617 0.1440362724933716 51.17
618 0.1458705496529444 51.18
619 0.1475341825263826 51.19
620 0.1490767847105432 51.2
621 0.1505130343877859 51.21
622 0.1518289060447676 51.22
623 0.1530447904835046 51.23
624 0.1541854115243731 51.24
625 0.1552697868480038 51.25
626 0.1563124645530059 51.26
627 0.1573202234640534 51.27
628 0.1582961422463704 51.28
629 0.1592387717078272 51.29
630 0.1601460087304779 51.3
631 0.1610205550259362 51.31
632 0.1618555751396633 51.32
633 0.1626527328073247 51.33
634 0.1634001776418478 51.34
635 0.1640932728264463 51.35
636 0.1647253736968502 51.36
637 0.165290878512835 51.37
638 0.1657897057875427 51.38
639 0.1662299005750817 51.39
640 0.1666143729524065 51.4
641 0.1669570285285289 51.41
642 0.1672659499928346 51.42
643 0.1675387808125808 51.43
644 0.1677711055583346 51.44
645 0.167930939192545 51.45
646 0.1680226982910088 51.46
647 0.1680323613456854 51.47
648 0.1679722510224352 51.48
649 0.1678523515178492 51.49
650 0.1676777161574934 51.5
651 0.1674477794650482 51.51
652 0.167176835960684 51.52
653 0.1668656384255843 51.53
654 0.1665183806673674 51.54
655 0.1661428367735854 51.55
656 0.1657331477798624 51.56
657 0.1653047706695525 51.57
658 0.1648534536263919 51.58
659 0.1643826016292438 51.59
660 0.1638941568105992 51.6
661 0.1633832293070155 51.61
662 0.1628582923982359 51.62
663 0.1623164264563889 51.63
664 0.161759360467995 51.64
665 0.1611855785034281 51.65
666 0.1605919396205935 51.66
667 0.1599762490378231 51.67
668 0.1593368909505714 51.68
669 0.1586735746034859 51.69
670 0.1579854072367111 51.7
671 0.1572826242723844 51.71
672 0.1565657115095559 51.72
673 0.1558323115560954 51.73
674 0.1550815810781548 51.74
675 0.1543028620728478 51.75
676 0.1535002535881387 51.76
677 0.1526803062950251 51.77
678 0.1518413648100085 51.78
679 0.1509901469186203 51.79
680 0.1501375410692249 51.8
681 0.1492973122222096 51.81
682 0.1484836981994284 51.82
683 0.1476933487166829 51.83
684 0.146939184888 51.84
685 0.1462267804164252 51.85
686 0.1455681792408573 51.86
687 0.1449725305353418 51.87
688 0.1444401203187081 51.88
689 0.143984828747118 51.89
690 0.1436302115096445 51.9
691 0.1433903429094505 51.91
692 0.1432807047573141 51.92
693 0.1433440583964942 51.93
694 0.1435988790787779 51.94
695 0.1440278392034726 51.95
696 0.1446022216650172 51.96
697 0.1452995527153639 51.97
698 0.1461012696159361 51.98
699 0.1470100214534908 51.99
700 0.1480136953691072 52
701 0.1490913446795503 52.01
702 0.1502677505558565 52.02
703 0.1515489882783672 52.03
704 0.1528587924126276 52.04
705 0.1541851184290025 52.05
706 0.1555034576854051 52.06
707 0.1568149239544728 52.07
708 0.15810403946108 52.08
709 0.1593746195825799 52.09
710 0.1606452373909099 52.1
711 0.161910708678107 52.11
712 0.1631528992186467 52.12
713 0.1643698976786984 52.13
714 0.165561781770733 52.14
715 0.1667340734133247 52.15
716 0.1678688224415771 52.16
717 0.168975380168743 52.17
718 0.1700509882783326 52.18
719 0.1710959893939429 52.19
720 0.1721104605976381 52.2
721 0.1730932113150427 52.21
722 0.1740451152403682 52.22
723 0.1749668244115598 52.23
724 0.1758589307586982 52.24
725 0.1767204485289239 52.25
726 0.1775542643353181 52.26
727 0.1783591849279938 52.27
728 0.1791365060412766 52.28
729 0.179891069480004 52.29
730 0.1806313289728805 52.3
731 0.1813593870901033 52.31
732 0.1820757524319505 52.32
733 0.1827838070345158 52.33
734 0.1834862270720896 52.34
735 0.1841867406334985 52.35
736 0.184898251489507 52.36
737 0.1856226394745217 52.37
738 0.1863615555080348 52.38
739 0.187114150556108 52.39
740 0.187883868518773 52.4
741 0.1886715384444347 52.41
742 0.1894788580369308 52.42
743 0.1903108256676437 52.43
744 0.1911401598607403 52.44
745 0.1919497899116282 52.45
746 0.1927299013121449 52.46
747 0.1934746728645246 52.47
748 0.1941802895300992 52.48
749 0.1948441817603291 52.49
750 0.1954709683828697 52.5
751 0.1960644375153889 52.51
752 0.1966260013033254 52.52
753 0.1971573031200965 52.53
754 0.197657719540843 52.54
755 0.1981290085879346 52.55
756 0.1985715869848581 52.56
757 0.1989903851247092 52.57
758 0.1993862302224776 52.58
759 0.1997597517875382 52.59
760 0.2001120039567693 52.6
761 0.2004438473207861 52.61
762 0.2007557730017579 52.62
763 0.2010485819145633 52.63
764 0.2013229476159654 52.64
765 0.2015787798856453 52.65
766 0.2018170175422707 52.66
767 0.2020381243033385 52.67
768 0.2022427135115143 52.68
769 0.2024318291158335 52.69
770 0.202606422231587 52.7
771 0.2027667578362432 52.71
772 0.2029135498954442 52.72
773 0.2030476201479901 52.73
774 0.2031696720285879 52.74
775 0.2032804463402291 52.75
776 0.2033804566821558 52.76
777 0.2034703897350389 52.77
778 0.2035509062970902 52.78
779 0.2036226156955615 52.79
780 0.2036859199364666 52.8
781 0.2037414114245653 52.81
782 0.2037895656108329 52.82
783 0.203831002932002 52.83
784 0.2038659144124851 52.84
785 0.2038944039016156 52.85
786 0.2039167947625903 52.86
787 0.2039329635512148 52.87
788 0.2039434440817834 52.88
789 0.203948652537024 52.89
790 0.2039488281025393 52.9
791 0.2039402497201057 52.91
792 0.2039303417247262 52.92
793 0.2039113403357087 52.93
794 0.2038870422529417 52.94
795 0.2038573151562731 52.95
796 0.2038225901657837 52.96
797 0.2037821931264444 52.97
798 0.2037354939939524 52.98
799 0.2036830971622471 52.99
800 0.2036291395545745 53
801 0.2035648372052256 53.01
802 0.2034945197594592 53.02
803 0.2034224376226208 53.03
804 0.2033392876919396 53.04
805 0.2032543186243685 53.05
806 0.2031578374754405 53.06
807 0.2030549529545169 53.07
808 0.2029451361591659 53.08
809 0.2028332586168978 53.09
810 0.2027091614305371 53.1
811 0.2025774856564907 53.11
812 0.2024437092588847 53.12
813 0.2022968994383772 53.13
814 0.2021431077680546 53.14
815 0.2019874771775774 53.15
816 0.2018183189363926 53.16
817 0.2016416211603509 53.17
818 0.2014625626479052 53.18
819 0.2012756455559605 53.19
820 0.2010807934237821 53.2
821 0.2008780961048559 53.21
822 0.2006675946258838 53.22
823 0.2004493684134626 53.23
824 0.2002238233988189 53.24
825 0.1999910710402649 53.25
826 0.1997512192082742 53.26
827 0.1995044773281123 53.27
828 0.1992508389983897 53.28
829 0.1989903219901312 53.29
830 0.1987216302826121 53.3
831 0.1984481555488172 53.31
832 0.1981680703106547 53.32
833 0.1978819793207276 53.33
834 0.1975892154064855 53.34
835 0.1972913497400755 53.35
836 0.1969863701940287 53.36
837 0.1966759931156856 53.37
838 0.196359163698135 53.38
839 0.1960373115872351 53.39
840 0.1957126072049594 53.4
841 0.1953858163813385 53.41
842 0.1950603737376398 53.42
843 0.1947381519980541 53.43
844 0.1944203248873297 53.44
845 0.1941080803029523 53.45
846 0.1938011425418604 53.46
847 0.1934985380771309 53.47
848 0.1931992475458362 53.48
849 0.1929014241526245 53.49
850 0.1926033992224922 53.5
851 0.1923039580846707 53.51
852 0.1920046635110754 53.52
853 0.191703825138364 53.53
854 0.191400907247729 53.54
855 0.1910983130912433 53.55
856 0.1908009029559325 53.56
857 0.1905146961863215 53.57
858 0.1902377306302447 53.58
859 0.1899713141307914 53.59
860 0.1897250539577381 53.6
861 0.1894993250301976 53.61
862 0.1893012864926672 53.62
863 0.1891381054540358 53.63
864 0.1890130955109944 53.64
865 0.1889231683957763 53.65
866 0.188872674138551 53.66
867 0.1888685398605385 53.67
868 0.1889034109124759 53.68
869 0.1889812753924209 53.69
870 0.1891006326304578 53.7
871 0.1892592034393756 53.71
872 0.1894601473210764 53.72
873 0.1896915071804913 53.73
874 0.18995290874205 53.74
875 0.1902402950212839 53.75
876 0.1905541727547864 53.76
877 0.1908909217693567 53.77
878 0.1912483493560752 53.78
879 0.1916243490707439 53.79
880 0.1920210858660878 53.8
881 0.1924269258704572 53.81
882 0.1928413182439924 53.82
883 0.1932641845560449 53.83
884 0.1936978308404747 53.84
885 0.1941374075824173 53.85
886 0.1945802096120123 53.86
887 0.1950258634856258 53.87
888 0.1954727048911207 53.88
889 0.1959191975980017 53.89
890 0.1963640924670245 53.9
891 0.1968056487930843 53.91
892 0.197239850643881 53.92
893 0.1976658246438864 53.93
894 0.1980818231560819 53.94
895 0.1984862894843012 53.95
896 0.1988772034606163 53.96
897 0.1992536387583763 53.97
898 0.1996140542151585 53.98
899 0.1999571656361691 53.99
900 0.2002816452514217 54
901 0.2005870645008932 54.01
902 0.2008727503045084 54.02
903 0.2011379693848445 54.03
904 0.2013827203859573 54.04
905 0.201606390152171 54.05
906 0.2018087110589587 54.06
907 0.2019890775938213 54.07
908 0.2021480502418791 54.08
909 0.2022848839504395 54.09
910 0.2023994954118082 54.1
911 0.2024936554030484 54.11
912 0.2025667092303558 54.12
913 0.2026179321989018 54.13
914 0.2026489454712288 54.14
915 0.2026593393017131 54.15
916 0.2026497263644175 54.16
917 0.2026203675665402 54.17
918 0.2025714366958515 54.18
919 0.2025035425970246 54.19
920 0.2024165639257622 54.2
921 0.2023107551986774 54.21
922 0.2021848418667526 54.22
923 0.2020414075796235 54.23
924 0.2018801259369979 54.24
925 0.2017017769275405 54.25
926 0.2015070555233121 54.26
927 0.2012955270650229 54.27
928 0.2010673231340263 54.28
929 0.2008230396093311 54.29
930 0.2005633423003337 54.3
931 0.200289191655152 54.31
932 0.2000010736935064 54.32
933 0.1996997944580925 54.33
934 0.1993855481004062 54.34
935 0.199060865196046 54.35
936 0.1987266708621348 54.36
937 0.1983840551137223 54.37
938 0.1980338887565727 54.38
939 0.1976772713986653 54.39
940 0.1973156023039008 54.4
941 0.1969505386345212 54.41
942 0.1965838833102758 54.42
943 0.1962175053628016 54.43
944 0.1958528929484928 54.44
945 0.1954926146396573 54.45
946 0.1951369279469375 54.46
947 0.1947868708601316 54.47
948 0.1944443248783698 54.48
949 0.1941115013339108 54.49
950 0.1937905894145153 54.5
951 0.1934817056267826 54.51
952 0.1931867799982201 54.52
953 0.1929083874213522 54.53
954 0.1926518888572872 54.54
955 0.1924156348867623 54.55
956 0.1922024179379691 54.56
957 0.1920114617860335 54.57
958 0.1918478845482154 54.58
959 0.191714729944374 54.59
960 0.1916145683591908 54.6
961 0.1915481477920095 54.61
962 0.191518051426272 54.62
963 0.1915257312006974 54.63
964 0.1915659196208651 54.64
965 0.1916425288626497 54.65
966 0.191757388876444 54.66
967 0.1919061630788809 54.67
968 0.1920837262337881 54.68
969 0.1922934713549447 54.69
970 0.1925354375640954 54.7
971 0.1928076309914722 54.71
972 0.1931062122479349 54.72
973 0.193429953131965 54.73
974 0.193776656498669 54.74
975 0.1941444833368895 54.75
976 0.1945276160822317 54.76
977 0.1949237223157374 54.77
978 0.1953363492056288 54.78
979 0.1957526918962555 54.79
980 0.1961733988816987 54.8
981 0.1965971383602854 54.81
982 0.197021681763963 54.82
983 0.1974447473885259 54.83
984 0.1978642753333441 54.84
985 0.1982771207706162 54.85
986 0.1986818808218634 54.86
987 0.1990767239073649 54.87
988 0.1994598996523626 54.88
989 0.1998298051147625 54.89
990 0.2001850111444655 54.9
991 0.2005244854577242 54.91
992 0.2008471838146316 54.92
993 0.2011525219338875 54.93
994 0.201439000526832 54.94
995 0.2017069104328204 54.95
996 0.201955679369781 54.96
997 0.2021848103237624 54.97
998 0.2023938905320904 54.98
999 0.2025808054318435 54.99
1000 0.2027479158716492 55
1001 0.2028930108180869 55.01
1002 0.203016745320705 55.02
1003 0.2031183182292704 55.03
1004 0.2031981470165987 55.04
1005 0.2032561496133491 55.05
1006 0.203291983224839 55.06
1007 0.203306522114292 55.07
1008 0.2033001019272132 55.08
1009 0.2032720095075436 55.09
1010 0.2032229329797215 55.1
1011 0.2031534401880455 55.11
1012 0.2030639736222792 55.12
1013 0.2029546655886577 55.13
1014 0.2028256923856286 55.14
1015 0.2026774378247242 55.15
1016 0.2025109713487521 55.16
1017 0.2023267959063603 55.17
1018 0.2021265981051226 55.18
1019 0.2019102421825019 55.19
1020 0.2016785810978091 55.2
1021 0.2014323258283057 55.21
1022 0.2011717852192077 55.22
1023 0.2008996912463944 55.23
1024 0.2006167606247878 55.24
1025 0.2003231803178496 55.25
1026 0.2000197718293317 55.26
1027 0.1997075854330998 55.27
1028 0.1993878561503507 55.28
1029 0.1990623438997715 55.29
1030 0.1987329288708147 55.3
1031 0.1984014527340695 55.31
1032 0.1980695667641139 55.32
1033 0.1977389366670788 55.33
1034 0.1974109645133266 55.34
1035 0.1970875190757646 55.35
1036 0.1967700453398615 55.36
1037 0.1964592417540609 55.37
1038 0.1961564521564044 55.38
1039 0.1958628119526669 55.39
1040 0.1955806980736596 55.4
1041 0.195313682285338 55.41
1042 0.1950623516553392 55.42
1043 0.1948294913082789 55.43
1044 0.1946197727696226 55.44
1045 0.1944309946102208 55.45
1046 0.1942664404472337 55.46
1047 0.1941295935793667 55.47
1048 0.1940222944644662 55.48
1049 0.1939464225795686 55.49
1050 0.1939038443229827 55.5
1051 0.1938937162366434 55.51
1052 0.1939170578795184 55.52
1053 0.1939768809271035 55.53
1054 0.1940654415811474 55.54
1055 0.1941853204600246 55.55
1056 0.1943381906483816 55.56
1057 0.1945228800757187 55.57
1058 0.194737188368243 55.58
1059 0.1949776282537054 55.59
1060 0.1952451922046385 55.6
1061 0.1955339057238292 55.61
1062 0.195842007161482 55.62
1063 0.1961680934284915 55.63
1064 0.1965102109377184 55.64
1065 0.1968657199164596 55.65
1066 0.1972320160224512 55.66
1067 0.1976063801349204 55.67
1068 0.1979853951603384 55.68
1069 0.1983696462673924 55.69
1070 0.1987516970628334 55.7
1071 0.1991288433303668 55.71
1072 0.1994999947189601 55.72
1073 0.199863223547398 55.73
1074 0.2002165248117095 55.74
1075 0.2005582453801263 55.75
1076 0.2008868805286884 55.76
1077 0.2012010758905166 55.77
1078 0.2014999331150153 55.78
1079 0.2017820268872436 55.79
1080 0.2020463589160637 55.8
1081 0.2022916830197683 55.81
1082 0.2025183340688491 55.82
1083 0.2027258978830584 55.83
1084 0.2029133516128333 55.84
1085 0.2030796177457571 55.85
1086 0.2032247576654631 55.86
1087 0.2033480998120966 55.87
1088 0.2034501748744311 55.88
1089 0.2035301712454494 55.89
1090 0.2035884529747176 55.9
1091 0.2036253476495792 55.91
1092 0.2036409894794194 55.92
1093 0.203635376766746 55.93
1094 0.203608193755558 55.94
1095 0.2035609004908373 55.95
1096 0.2034941654738343 55.96
1097 0.2034076131469041 55.97
1098 0.2033016252569819 55.98
1099 0.2031772559105774 55.99
1100 0.2030347516732957 56
1101 0.2028743190355287 56.01
1102 0.2026973732599895 56.02
1103 0.2025045854458718 56.03
1104 0.2022971345627077 56.04
1105 0.2020754062914162 56.05
1106 0.2018412695444011 56.06
1107 0.2015954000073449 56.07
1108 0.2013387907335588 56.08
1109 0.2010720622451165 56.09
1110 0.2007962111139793 56.1
1111 0.2005126821412394 56.11
1112 0.2002230384697188 56.12
1113 0.1999285727298974 56.13
1114 0.199631431104011 56.14
1115 0.1993332143305989 56.15
1116 0.1990356033271559 56.16
1117 0.1987402958820175 56.17
1118 0.1984485678253292 56.18
1119 0.1981618286406898 56.19
1120 0.1978816722406523 56.2
1121 0.1976099236867562 56.21
1122 0.1973480876890395 56.22
1123 0.1970976394191166 56.23
1124 0.1968605820623437 56.24
1125 0.1966401452033553 56.25
1126 0.1964344638020259 56.26
1127 0.1962474581228396 56.27
1128 0.1960811523697776 56.28
1129 0.1959375731738075 56.29
1130 0.1958196193123802 56.3
1131 0.1957292759026247 56.31
1132 0.1956662029910798 56.32
1133 0.195635711704771 56.33
1134 0.1956306470519761 56.34
1135 0.1956543406258991 56.35
1136 0.1957081626229508 56.36
1137 0.195791843937268 56.37
1138 0.1959077391619536 56.38
1139 0.1960527476036678 56.39
1140 0.1962242105317391 56.4
1141 0.1964199414377216 56.41
1142 0.1966404753432535 56.42
1143 0.1968841643225577 56.43
1144 0.1971490105454222 56.44
1145 0.1974327070927668 56.45
1146 0.1977328460771697 56.46
1147 0.1980463496489405 56.47
1148 0.1983702869423624 56.48
1149 0.1987017494936082 56.49
1150 0.1990379212776946 56.5
1151 0.1993760398634079 56.51
1152 0.1997132626502322 56.52
1153 0.2000470082617656 56.53
1154 0.2003759690828421 56.54
1155 0.2006958700317618 56.55
1156 0.2010047854171068 56.56
1157 0.2013007722554562 56.57
1158 0.2015827903897038 56.58
1159 0.2018492918494109 56.59
1160 0.2020989008741015 56.6
1161 0.2023308484293744 56.61
1162 0.2025439641266349 56.62
1163 0.2027374679173465 56.63
1164 0.2029109316837772 56.64
1165 0.2030639295650851 56.65
1166 0.2031960197995704 56.66
1167 0.2033072075852818 56.67
1168 0.2033973732485608 56.68
1169 0.2034664446736907 56.69
1170 0.203514715871358 56.7
1171 0.2035421673404932 56.71
1172 0.2035488193113893 56.72
1173 0.2035351571137363 56.73
1174 0.2035018527936555 56.74
1175 0.2034489275359674 56.75
1176 0.2033769664157138 56.76
1177 0.2032861531671246 56.77
1178 0.2031776455535116 56.78
1179 0.2030517569685457 56.79
1180 0.2029095371384823 56.8
1181 0.202751633946408 56.81
1182 0.2025782576696135 56.82
1183 0.2023905647260402 56.83
1184 0.2021892225561837 56.84
1185 0.2019759326992641 56.85
1186 0.2017510327623184 56.86
1187 0.2015158465589361 56.87
1188 0.2012714599961751 56.88
1189 0.2010193122250577 56.89
1190 0.200760607316758 56.9
1191 0.2004966376300621 56.91
1192 0.2002291417476451 56.92
1193 0.1999598550487823 56.93
1194 0.1996905088508875 56.94
1195 0.1994226023099044 56.95
1196 0.1991577534272714 56.96
1197 0.1988973197807259 56.97
1198 0.1986431659862693 56.98
1199 0.1983972073478404 56.99
1200 0.198161299685665 57
1201 0.1979363018268893 57.01
1202 0.1977251648338811 57.02
1203 0.1975266109433944 57.03
1204 0.1973436118663401 57.04
1205 0.1971784742115874 57.05
1206 0.1970327932803739 57.06
1207 0.1969105652797534 57.07
1208 0.196808356270699 57.08
1209 0.1967298273017351 57.09
1210 0.1966752757309434 57.1
1211 0.1966455159075957 57.11
1212 0.196642147425085 57.12
1213 0.1966658081400509 57.13
1214 0.1967179006913741 57.14
1215 0.1967959544127678 57.15
1216 0.1968999198212298 57.16
1217 0.1970297136029203 57.17
1218 0.1971849083092574 57.18
1219 0.1973635676451058 57.19
1220 0.1975648049580195 57.2
1221 0.1977867769741442 57.21
1222 0.1980272797752059 57.22
1223 0.1982841012376965 57.23
1224 0.1985547990923052 57.24
1225 0.1988365311513328 57.25
1226 0.1991264368046629 57.26
1227 0.1994215376758652 57.27
1228 0.1997189061988578 57.28
1229 0.2000156422618692 57.29
1230 0.2003088726731556 57.3
1231 0.2005959143623738 57.31
1232 0.200874343592222 57.32
1233 0.2011419747018191 57.33
1234 0.201397086413804 57.34
1235 0.2016378809978552 57.35
1236 0.2018629131459956 57.36
1237 0.2020711280179694 57.37
1238 0.2022615750795381 57.38
1239 0.2024334896585274 57.39
1240 0.2025862213094251 57.4
1241 0.2027191865302919 57.41
1242 0.2028320762113056 57.42
1243 0.2029247427487994 57.43
1244 0.2029971487926384 57.44
1245 0.203049004550393 57.45
1246 0.2030804482104968 57.46
1247 0.2030917830363346 57.47
1248 0.2030840171758446 57.48
1249 0.2030572335239335 57.49
1250 0.2030114291878252 57.5
1251 0.2029469320320641 57.51
1252 0.2028639964519365 57.52
1253 0.2027640583056411 57.53
1254 0.2026476392683248 57.54
1255 0.2025155831377937 57.55
1256 0.2023680547264167 57.56
1257 0.2022054837080306 57.57
1258 0.2020292518125556 57.58
1259 0.2018404417487041 57.59
1260 0.2016401772139011 57.6
1261 0.2014294248790813 57.61
1262 0.2012090863710624 57.62
1263 0.2009804563104902 57.63
1264 0.2007448888170499 57.64
1265 0.2005039476457088 57.65
1266 0.200259281421725 57.66
1267 0.2000125969578915 57.67
1268 0.1997655837087859 57.68
1269 0.1995199179651261 57.69
1270 0.1992771784181335 57.7
1271 0.1990390558839027 57.71
1272 0.1988072532700081 57.72
1273 0.1985833958224033 57.73
1274 0.1983700924355145 57.74
1275 0.1981682168003668 57.75
1276 0.1979781211496115 57.76
1277 0.1978011355146978 57.77
1278 0.1976385659098804 57.78
1279 0.1974924026772786 57.79
1280 0.1973647282017018 57.8
1281 0.1972580051184346 57.81
1282 0.1971716024528997 57.82
1283 0.1971074145310237 57.83
1284 0.1970650355180473 57.84
1285 0.1970462355759912 57.85
1286 0.1970512110893399 57.86
1287 0.1970796893400639 57.87
1288 0.1971329065205119 57.88
1289 0.1972120906774049 57.89
1290 0.1973167783310442 57.9
1291 0.1974448592041488 57.91
1292 0.197594928485747 57.92
1293 0.1977660688804569 57.93
1294 0.1979567081067533 57.94
1295 0.1981651698575981 57.95
1296 0.1983892123477 57.96
1297 0.1986263379692248 57.97
1298 0.1988740384483996 57.98
1299 0.1991296403499946 57.99
1300 0.199391668595792 58
1301 0.1996540792158349 58.01
1302 0.1999149751696279 58.02
1303 0.2001717370709243 58.03
1304 0.2004219498381851 58.04
1305 0.2006634994217464 58.05
1306 0.2008941966594447 58.06
1307 0.2011126127065848 58.07
1308 0.2013172101412357 58.08
1309 0.2015066272158535 58.09
1310 0.2016796134101204 58.1
1311 0.2018352256264414 58.11
1312 0.2019727551477166 58.12
1313 0.2020909538994253 58.13
1314 0.2021901106787019 58.14
1315 0.2022697298092948 58.15
1316 0.2023296014169748 58.16
1317 0.2023697226780188 58.17
1318 0.202389468567019 58.18
1319 0.2023898152800483 58.19
1320 0.2023707436623492 58.2
1321 0.2023331194213449 58.21
1322 0.2022771408719078 58.22
1323 0.2022033340601685 58.23
1324 0.2021124628684362 58.24
1325 0.2020049538652648 58.25
1326 0.2018822201044229 58.26
1327 0.2017447936931673 58.27
1328 0.201593326044385 58.28
1329 0.2014290514326097 58.29
1330 0.2012530005749403 58.3
1331 0.2010654510349744 58.31
1332 0.2008673912442698 58.32
1333 0.2006614421150038 58.33
1334 0.200448662596719 58.34
1335 0.2002301264655514 58.35
1336 0.2000070988378818 58.36
1337 0.1997811719572475 58.37
1338 0.1995541185486567 58.38
1339 0.1993275948888221 58.39
1340 0.1991032782596366 58.4
1341 0.1988827986310737 58.41
1342 0.1986684492140095 58.42
1343 0.1984618636341808 58.43
1344 0.198262438488034 58.44
1345 0.1980722735372382 58.45
1346 0.1978937637654203 58.46
1347 0.1977283957768685 58.47
1348 0.1975776272553066 58.48
1349 0.1974420634912363 58.49
1350 0.1973236398278052 58.5
1351 0.1972236947658764 58.51
1352 0.1971435870973988 58.52
1353 0.1970846306270997 58.53
1354 0.197048760712958 58.54
1355 0.1970335494594093 58.55
1356 0.1970403968876703 58.56
1357 0.1970713134494053 58.57
1358 0.1971263781147708 58.58
1359 0.1972043167908409 58.59
1360 0.1973050379735171 58.6
1361 0.1974263854400809 58.61
1362 0.197567811232491 58.62
1363 0.1977274765999421 58.63
1364 0.1979038508832454 58.64
1365 0.1980954065356845 58.65
1366 0.1982990358099612 58.66
1367 0.1985130626299707 58.67
1368 0.1987348653537768 58.68
1369 0.198961694222823 58.69
1370 0.1991906836614926 58.7
1371 0.1994190028782811 58.71
1372 0.1996439648638492 58.72
1373 0.1998631362015519 58.73
1374 0.2000742296594798 58.74
1375 0.2002751192524808 58.75
1376 0.2004641274589458 58.76
1377 0.2006397085346202 58.77
1378 0.200800290117494 58.78
1379 0.2009448260126405 58.79
1380 0.2010725661096154 58.8
1381 0.2011825210462764 58.81
1382 0.201274101441993 58.82
1383 0.2013469040059125 58.83
1384 0.2014007168449348 58.84
1385 0.2014354803722827 58.85
1386 0.2014508754054478 58.86
1387 0.2014472760015511 58.87
1388 0.2014253364892702 58.88
1389 0.2013848289247047 58.89
1390 0.201326748947566 58.9
1391 0.2012522785057244 58.91
1392 0.2011610854721095 58.92
1393 0.2010542181394002 58.93
1394 0.2009326796142446 58.94
1395 0.2007974052520656 58.95
1396 0.2006493052097613 58.96
1397 0.2004892070908768 58.97
1398 0.2003184577681628 58.98
1399 0.2001382278822611 58.99
1400 0.199949485063468 59
1401 0.1997536095910834 59.01
1402 0.1995517476369172 59.02
1403 0.1993456546732304 59.03
1404 0.1991370682253628 59.04
1405 0.1989276256573937 59.05
1406 0.1987191135974735 59.06
1407 0.1985131630362191 59.07
1408 0.1983111067270631 59.08
1409 0.198114632783721 59.09
1410 0.1979254070251118 59.1
1411 0.1977446959894492 59.11
1412 0.1975737923706947 59.12
1413 0.1974142681550684 59.13
1414 0.1972676729127959 59.14
1415 0.1971357616850617 59.15
1416 0.1970202621230445 59.16
1417 0.1969217687921234 59.17
1418 0.1968420065672535 59.18
1419 0.1967809711848318 59.19
1420 0.1967374458013247 59.2
1421 0.1967146854125425 59.21
1422 0.196712804822467 59.22
1423 0.1967321537630977 59.23
1424 0.1967738178582668 59.24
1425 0.1968367928526374 59.25
1426 0.1969200715489904 59.26
1427 0.1970240906886195 59.27
1428 0.1971464641943703 59.28
1429 0.1972864041366137 59.29
1430 0.1974412676842834 59.3
1431 0.1976093677327097 59.31
1432 0.1977888958597671 59.32
1433 0.1979784128623475 59.33
1434 0.198174229414378 59.34
1435 0.1983733904764291 59.35
1436 0.1985731159959151 59.36
1437 0.1987707726560138 59.37
1438 0.1989638757421604 59.38
1439 0.1991502127136534 59.39
1440 0.1993276907860657 59.4
1441 0.1994945773119786 59.41
1442 0.1996491956773244 59.42
1443 0.1997898530158652 59.43
1444 0.1999149743905914 59.44
1445 0.2000239777765011 59.45
1446 0.2001159264230061 59.46
1447 0.2001901115934258 59.47
1448 0.2002460921855667 59.48
1449 0.2002836610727941 59.49
1450 0.2003025422117896 59.5
1451 0.2003031016166705 59.51
1452 0.2002858552170445 59.52
1453 0.2002509615942639 59.53
1454 0.2001986985131813 59.54
1455 0.2001290455143408 59.55
1456 0.2000432058038386 59.56
1457 0.1999428662826739 59.57
1458 0.1998282423206809 59.58
1459 0.1997002271060176 59.59
1460 0.1995598597998888 59.6
1461 0.1994082932164437 59.61
1462 0.1992465677643267 59.62
1463 0.1990762478701242 59.63
1464 0.1988985257648629 59.64
1465 0.1987147737610581 59.65
1466 0.1985261627439911 59.66
1467 0.1983346457447291 59.67
1468 0.198141773257116 59.68
1469 0.1979491993518999 59.69
1470 0.1977586426789455 59.7
1471 0.1975718316574983 59.71
1472 0.1973902123315627 59.72
1473 0.197215284291809 59.73
1474 0.1970487682826873 59.74
1475 0.1968919144369186 59.75
1476 0.1967460408313713 59.76
1477 0.1966123624775025 59.77
1478 0.1964926111849085 59.78
1479 0.1963888616512126 59.79
1480 0.1962996071980592 59.8
1481 0.1962275209182461 59.81
1482 0.1961738080760983 59.82
1483 0.1961392375645842 59.83
1484 0.1961238461251432 59.84
1485 0.1961278170738355 59.85
1486 0.1961523335113372 59.86
1487 0.1961969859169249 59.87
1488 0.1962610457188627 59.88
1489 0.1963439715473898 59.89
1490 0.19644415228875 59.9
1491 0.1965600143937191 59.91
1492 0.1966904441592468 59.92
1493 0.1968333393393778 59.93
1494 0.196988987323596 59.94
1495 0.1971520648230698 59.95
1496 0.1973203624985714 59.96
1497 0.1974913332743695 59.97
1498 0.1976624473028995 59.98
1499 0.1978312082552199 59.99
1500 0.1979953733583646 60
