"frac-mass-ch4-rfile"
"Time Step" "frac-mass-ch4 etc.."
("Time Step" "frac-mass-ch4" "flow-time")
0 8.243867526476731e-05 0
1 6.975109765863356e-05 0.1
2 6.319710947447171e-05 0.2
3 5.09010360882299e-05 0.3
4 4.209773549899293e-05 0.4
5 3.934677815725718e-05 0.5
6 3.76006470961697e-05 0.6000000000000001
7 3.618353734716868e-05 0.7000000000000001
8 3.525404658219742e-05 0.8
9 3.287326739520505e-05 0.9
10 2.980897264945766e-05 1
11 2.884219293456823e-05 1.1
12 2.898194195768315e-05 1.2
13 2.958125988300242e-05 1.3
14 3.035990071912216e-05 1.4
15 3.207128503325135e-05 1.5
16 3.309348342498126e-05 1.6
17 3.320528904274738e-05 1.7
18 3.4068245538823e-05 1.8
19 3.523572239246151e-05 1.9
20 3.661424086732859e-05 2
21 3.7861966656588e-05 2.1
22 4.004733888492075e-05 2.2
23 4.131237372772273e-05 2.3
24 4.305903839934376e-05 2.4
25 4.358893789972632e-05 2.5
26 4.412012264368264e-05 2.6
27 4.469475863624582e-05 2.7
28 4.265417457493463e-05 2.8
29 4.235396461960371e-05 2.9
30 4.214397411668374e-05 3
31 4.191874993425479e-05 3.1
32 4.169330320931969e-05 3.2
33 4.144490403866724e-05 3.3
34 4.112891825400619e-05 3.4
35 4.072618277823626e-05 3.5
36 4.021813223472389e-05 3.6
37 3.957716685690024e-05 3.7
38 3.878939640471084e-05 3.8
39 3.784420846034544e-05 3.9
40 3.673506176281385e-05 4
41 3.548030091215226e-05 4.100000000000001
42 3.409022988383042e-05 4.2
43 3.260430633170096e-05 4.3
44 3.101766768639651e-05 4.4
45 2.940833254602177e-05 4.5
46 2.779655057339127e-05 4.600000000000001
47 2.621125795438987e-05 4.7
48 2.46892276823386e-05 4.800000000000001
49 2.325268173210323e-05 4.9
50 2.191321082507604e-05 5
51 2.067149496789317e-05 5.100000000000001
52 1.953426275363622e-05 5.2
53 1.851023723659473e-05 5.300000000000001
54 1.759639782237522e-05 5.4
55 1.678820533603763e-05 5.5
56 1.60783723800078e-05 5.600000000000001
57 1.545907178260653e-05 5.7
58 1.492383100031705e-05 5.800000000000001
59 1.446647673498528e-05 5.9
60 1.406507790990405e-05 6
61 1.371747386191317e-05 6.100000000000001
62 1.34155411110166e-05 6.2
63 1.315476806262798e-05 6.300000000000001
64 1.292402911908784e-05 6.4
65 1.272008218238155e-05 6.5
66 1.254099634980832e-05 6.600000000000001
67 1.238167647437641e-05 6.7
68 1.223691830515096e-05 6.800000000000001
69 1.210550696133192e-05 6.9
70 1.198555933695191e-05 7
71 1.187570140696187e-05 7.100000000000001
72 1.177059406530841e-05 7.2
73 1.166960044077859e-05 7.300000000000001
74 1.156948287641296e-05 7.4
75 1.146941109335583e-05 7.5
76 1.136487619004101e-05 7.600000000000001
77 1.125262414299761e-05 7.7
78 1.112968012940608e-05 7.800000000000001
79 1.099306749517292e-05 7.9
80 1.084060119928766e-05 8
81 1.066246036208221e-05 8.1
82 1.04685736019856e-05 8.200000000000001
83 1.025634263303392e-05 8.300000000000001
84 1.003096437459777e-05 8.4
85 9.787866722832427e-06 8.5
86 9.533616636891358e-06 8.6
87 9.271996459047269e-06 8.700000000000001
88 9.005349557999834e-06 8.800000000000001
89 8.736460570232811e-06 8.9
90 8.466911676061804e-06 9
91 8.197619230628043e-06 9.1
92 7.931862329642952e-06 9.200000000000001
93 7.671966150542995e-06 9.300000000000001
94 7.41941573288602e-06 9.4
95 7.211650475989484e-06 9.5
96 7.16272929354916e-06 9.600000000000001
97 6.917281756366552e-06 9.700000000000001
98 6.725860329667702e-06 9.800000000000001
99 6.683972008112787e-06 9.9
100 6.45921506135313e-06 10
101 6.285574537256664e-06 10.1
102 6.245348412965081e-06 10.2
103 6.080188547202842e-06 10.3
104 6.046162423699518e-06 10.4
105 5.885542552661159e-06 10.5
106 5.856216414401873e-06 10.6
107 5.708462366490812e-06 10.7
108 5.681609334999854e-06 10.8
109 5.544880523057457e-06 10.9
110 5.519894142612592e-06 11
111 5.396569870212309e-06 11.1
112 5.369621293156312e-06 11.2
113 5.257006722135663e-06 11.3
114 5.2347238356077e-06 11.4
115 5.128323622968863e-06 11.5
116 5.106918860503344e-06 11.6
117 5.006581161497748e-06 11.7
118 4.986391557400523e-06 11.8
119 4.89097470317302e-06 11.9
120 4.871466686014914e-06 12
121 4.779702921938199e-06 12.1
122 4.761027528836728e-06 12.2
123 4.671258430852334e-06 12.3
124 4.652920583938168e-06 12.4
125 4.565373743948067e-06 12.5
126 4.547433317875172e-06 12.6
127 4.459107501990942e-06 12.7
128 4.441408724828142e-06 12.8
129 4.353736042917601e-06 12.9
130 4.335533110012981e-06 13
131 4.247655215593685e-06 13.1
132 4.229756287931973e-06 13.2
133 4.139694000609253e-06 13.3
134 4.119727050837474e-06 13.4
135 4.030852170140135e-06 13.5
136 4.010631081710792e-06 13.6
137 3.92118287592527e-06 13.7
138 3.900843468716814e-06 13.8
139 3.810833816034331e-06 13.9
140 3.790288523567224e-06 14
141 3.699237775813011e-06 14.1
142 3.678607957600416e-06 14.2
143 3.587393142749089e-06 14.3
144 3.566716238727616e-06 14.4
145 3.474963778929414e-06 14.5
146 3.454331965243447e-06 14.6
147 3.363255854882359e-06 14.7
148 3.342837290361784e-06 14.8
149 3.25247774060514e-06 14.9
150 3.231955418403616e-06 15
151 3.14265147802066e-06 15.1
152 3.122181478683597e-06 15.2
153 3.034860606129759e-06 15.3
154 3.01467024763913e-06 15.4
155 2.928867144366043e-06 15.5
156 2.909157988418602e-06 15.6
157 2.825224580507415e-06 15.7
158 2.805986835784075e-06 15.8
159 2.72454526533451e-06 15.9
160 2.705860729892206e-06 16
161 2.62686741448988e-06 16.1
162 2.608920661719706e-06 16.2
163 2.532759529396852e-06 16.3
164 2.515496955027841e-06 16.4
165 2.442833874552778e-06 16.5
166 2.426352292740893e-06 16.6
167 2.357087232628921e-06 16.7
168 2.341460349381567e-06 16.8
169 2.275365117027053e-06 16.9
170 2.260615899031626e-06 17
171 2.198529150887326e-06 17.1
172 2.184751114679716e-06 17.2
173 2.126266605247142e-06 17.3
174 2.113226790450239e-06 17.4
175 1.93833005685721e-06 17.5
176 1.928434758917924e-06 17.6
177 1.880543029522237e-06 17.7
178 1.871564753064058e-06 17.8
179 1.825767138638084e-06 17.9
180 1.817704387669593e-06 18
181 1.775506515871206e-06 18.1
182 1.767193931321414e-06 18.2
183 1.726981736032524e-06 18.3
184 1.719018727232582e-06 18.4
185 1.680091512121998e-06 18.5
186 1.672275900342259e-06 18.6
187 1.634970929219061e-06 18.7
188 1.627416761594698e-06 18.8
189 1.482701812374578e-06 18.9
190 1.462605163592453e-06 19
191 1.456656527020554e-06 19.1
192 1.425575312969608e-06 19.2
193 1.418938767136771e-06 19.3
194 1.388108030147676e-06 19.4
195 1.381355505308143e-06 19.5
196 1.35021183082762e-06 19.6
197 1.34375412957901e-06 19.7
198 1.3130116439151e-06 19.8
199 1.306530151533479e-06 19.9
200 1.276211803603535e-06 20
201 1.269845157130562e-06 20.1
202 1.149752711537885e-06 20.2
203 1.001833851376769e-06 20.3
204 8.952881888663973e-07 20.4
205 7.941063556524539e-07 20.5
206 7.549583412849197e-07 20.6
207 9.797031068704868e-07 20.7
208 1.870243300110119e-06 20.8
209 1.174622858821792e-06 20.9
210 9.794168450066773e-07 21
211 7.621027123307588e-07 21.1
212 7.395866641202586e-07 21.2
213 7.162139592889335e-07 21.3
214 4.639732348763035e-07 21.4
215 4.024270511778113e-07 21.5
216 5.021978278034049e-07 21.6
217 6.239127251933134e-07 21.7
218 3.095491093890859e-07 21.8
219 5.493877195610419e-07 21.9
220 5.594444189492773e-07 22
221 6.245225274515023e-07 22.1
222 4.662354627934369e-07 22.2
223 8.168598250534308e-07 22.3
224 4.560765720401967e-07 22.4
225 1.041114739678375e-06 22.5
226 7.015107803454902e-07 22.6
227 9.002619056797582e-07 22.7
228 6.086520271101906e-07 22.8
229 6.069748449089228e-07 22.9
230 5.15626813430892e-07 23
231 8.036881713609354e-07 23.1
232 5.441461461333375e-07 23.2
233 4.835473003228292e-07 23.3
234 5.262482144820968e-07 23.4
235 6.729903050646076e-07 23.5
236 8.157271661605107e-07 23.6
237 1.000297770662472e-06 23.7
238 6.927565736300979e-07 23.8
239 6.93745297988407e-07 23.9
240 1.036816329386802e-06 24
241 1.113224744373821e-06 24.1
242 1.192321054327497e-06 24.2
243 1.434442864496762e-06 24.3
244 1.455399558097367e-06 24.4
245 1.469423415922866e-06 24.5
246 1.525551059835396e-06 24.6
247 1.553703607178928e-06 24.7
248 1.58065654309778e-06 24.8
249 1.65635943484255e-06 24.9
250 1.670232872362439e-06 25
251 1.667117089263113e-06 25.1
252 1.57642093532595e-06 25.2
253 1.568479546581543e-06 25.3
254 1.545796724390975e-06 25.4
255 1.470879260798411e-06 25.5
256 1.465866741303099e-06 25.6
257 1.471835188257051e-06 25.7
258 1.129715006450417e-06 25.8
259 1.076302420605243e-06 25.9
260 2.704083762679502e-06 26
261 2.097608226091468e-06 26.1
262 2.09412019565546e-06 26.2
263 2.175867452502689e-06 26.3
264 2.181466383797027e-06 26.4
265 2.185757629288319e-06 26.5
266 2.194833419060983e-06 26.6
267 2.193532934406112e-06 26.7
268 2.190366232866336e-06 26.8
269 2.016498030242869e-06 26.9
270 1.241800408166988e-06 27
271 2.950192514929147e-06 27.1
272 2.637220146576303e-06 27.2
273 2.382661022308134e-06 27.3
274 2.415479366987372e-06 27.4
275 2.450734021670909e-06 27.5
276 2.520274231418244e-06 27.6
277 2.504701196738446e-06 27.7
278 2.495814103249369e-06 27.8
279 1.996314639636993e-06 27.9
280 1.997934843153879e-06 28
281 1.993695520438408e-06 28.1
282 2.012775632424747e-06 28.2
283 5.553338844531787e-06 28.3
284 4.892075424379891e-06 28.4
285 3.516189754939509e-06 28.5
286 2.834528128564986e-06 28.6
287 2.811717654981336e-06 28.7
288 2.818289452568205e-06 28.8
289 2.936194745679497e-06 28.9
290 2.97159775023343e-06 29
291 3.041213061709564e-06 29.1
292 1.103975431430571e-05 29.2
293 1.219337328592699e-05 29.3
294 1.26838549461588e-05 29.4
295 1.355309200076599e-05 29.5
296 9.40704391366677e-06 29.6
297 7.869906499257681e-06 29.7
298 3.198512597603647e-05 29.8
299 0.0001443738928622823 29.9
300 0.0001977614254356493 30
301 0.000238255835092931 30.1
302 0.0002663565124387978 30.2
303 0.0002735843282080261 30.3
304 0.000266747390608493 30.4
305 0.0002559552967021023 30.5
306 0.0002262913430495962 30.6
307 0.0002075941096275771 30.7
308 0.0001963658177840404 30.8
309 0.0001901069660185781 30.9
310 0.0001885214412620839 31
311 0.0001889809393821477 31.1
312 0.0002072884821303176 31.2
313 0.0002155018489880237 31.3
314 0.0002243028717204787 31.4
315 0.0002538014596002957 31.5
316 0.00026611524123176 31.6
317 0.0004176854686326231 31.7
318 0.0006130147568920364 31.8
319 0.0008168891177579481 31.9
320 0.001022012853558478 32
321 0.001228186642486082 32.1
322 0.001435697333552849 32.2
323 0.001643685699693714 32.3
324 0.001850834725262625 32.4
325 0.002055796966932155 32.5
326 0.002268623800753049 32.6
327 0.002485004341073713 32.7
328 0.002700955826122546 32.8
329 0.00291741933563603 32.9
330 0.003130453586139935 33
331 0.003347040075217449 33.1
332 0.00356161538950253 33.2
333 0.003776900000138103 33.3
334 0.003986895075817228 33.4
335 0.004197897477630258 33.5
336 0.004408573190382785 33.6
337 0.004621150833148461 33.7
338 0.004832844476202951 33.8
339 0.005044582216448498 33.9
340 0.005251299739903467 34
341 0.005457360278534056 34.1
342 0.005660257854801682 34.2
343 0.005862965753877738 34.3
344 0.006065394222331473 34.4
345 0.006267587438244463 34.5
346 0.006468114274762414 34.6
347 0.006669350870597271 34.7
348 0.006871856414402737 34.8
349 0.007073999055423602 34.9
350 0.007275570952821594 35
351 0.007476614509154773 35.1
352 0.007677865815211093 35.2
353 0.007880771410858 35.3
354 0.008080795095618279 35.4
355 0.008281276753929655 35.5
356 0.008482643497255457 35.6
357 0.008684620451866866 35.7
358 0.008885246641632844 35.8
359 0.009086143422029817 35.9
360 0.009289766483493 36
361 0.009492349411999263 36.1
362 0.009694985983418822 36.2
363 0.009896794877552557 36.3
364 0.0100999055628252 36.4
365 0.0103021327399506 36.5
366 0.01050512280183423 36.6
367 0.01071047088105742 36.7
368 0.01091296624816437 36.8
369 0.01111695177345566 36.9
370 0.0113183496705147 37
371 0.01152080123794585 37.1
372 0.01172406497403109 37.2
373 0.01193028497053379 37.3
374 0.01213520754173797 37.4
375 0.01234134145300759 37.5
376 0.01254767151105426 37.6
377 0.01275091599507692 37.7
378 0.01295681097634643 37.8
379 0.01316306482474252 37.9
380 0.01336956918588373 38
381 0.01357684509894496 38.1
382 0.01378437207233062 38.2
383 0.01399203030179442 38.3
384 0.01419988032894234 38.40000000000001
385 0.01440986170457684 38.5
386 0.01461978231324612 38.6
387 0.01483188310265465 38.7
388 0.01504443830166739 38.8
389 0.01525734846843528 38.90000000000001
390 0.01547068771200183 39
391 0.01568445216413914 39.1
392 0.01589990882367143 39.2
393 0.01611362982585179 39.3
394 0.01631597033325677 39.40000000000001
395 0.01651914695622136 39.5
396 0.01672236630212398 39.6
397 0.01692562570314105 39.7
398 0.01712826005646972 39.8
399 0.01733205629047705 39.90000000000001
400 0.01753487310602121 40
401 0.01773674909025625 40.1
402 0.01793789687050629 40.2
403 0.01813871010335261 40.3
404 0.01833979292847318 40.40000000000001
405 0.01853126025322143 40.5
406 0.01873279121739163 40.6
407 0.01893271604317168 40.7
408 0.0191336879866914 40.8
409 0.0193347309181084 40.90000000000001
410 0.01953546720076588 41
411 0.0197359582737265 41.1
412 0.01993768818012106 41.2
413 0.02013793422393807 41.3
414 0.0203385283324429 41.40000000000001
415 0.02053957264540012 41.5
416 0.02073908362556324 41.6
417 0.02094090578595714 41.7
418 0.02114278471196931 41.8
419 0.02134485383204658 41.90000000000001
420 0.02154804118484777 42
421 0.02175182192181338 42.1
422 0.02195513376859301 42.2
423 0.02215969705527572 42.3
424 0.02236407651322239 42.40000000000001
425 0.02256858470415248 42.5
426 0.02277355446772805 42.6
427 0.02297997874001695 42.7
428 0.02318776644391276 42.8
429 0.02339560324495013 42.90000000000001
430 0.02360595660567437 43
431 0.02381619978693628 43.1
432 0.02402797972622202 43.2
433 0.02424122231865682 43.3
434 0.02445503413727126 43.40000000000001
435 0.02466834182459319 43.5
436 0.02488296273555425 43.6
437 0.02509811109144394 43.7
438 0.02531269100738602 43.8
439 0.02552598387364542 43.90000000000001
440 0.02573867178831276 44
441 0.0259531181224374 44.1
442 0.02617531003934936 44.2
443 0.02639363903325494 44.3
444 0.0266099735611459 44.40000000000001
445 0.02682454963120185 44.5
446 0.02703817537517405 44.6
447 0.02725069931292517 44.7
448 0.02745965926991928 44.8
449 0.02766881617810872 44.90000000000001
450 0.02787178469203197 45
451 0.02807570952097519 45.1
452 0.02828116173610362 45.2
453 0.02848849732406955 45.3
454 0.02869764963187162 45.40000000000001
455 0.02890816850129697 45.5
456 0.02912026037784565 45.6
457 0.02933259074723673 45.7
458 0.02954612463061075 45.8
459 0.02976000827234239 45.90000000000001
460 0.0299737459925647 46
461 0.03018468288673319 46.1
462 0.03039202414453012 46.2
463 0.03059920947444111 46.3
464 0.03080334005275963 46.40000000000001
465 0.03100360278179585 46.5
466 0.03120011522743064 46.6
467 0.03139440773450668 46.7
468 0.03158470229113443 46.8
469 0.03177382305510035 46.90000000000001
470 0.03196178334874542 47
471 0.03214793087571727 47.1
472 0.03233467143799219 47.2
473 0.03252157777927171 47.3
474 0.03271161461953718 47.40000000000001
475 0.03290246208330413 47.5
476 0.03309463084140735 47.6
477 0.03328764403060004 47.7
478 0.03348248200575866 47.8
479 0.03367843968427241 47.90000000000001
480 0.03387489588003622 48
481 0.03407308326739553 48.1
482 0.03427275374074355 48.2
483 0.0344732268181349 48.3
484 0.0346743166297197 48.40000000000001
485 0.03487538489141638 48.5
486 0.03508096859531732 48.6
487 0.03528688036239531 48.7
488 0.03549202685732532 48.8
489 0.03569805536966849 48.90000000000001
490 0.03590464122955812 49
491 0.03610221888650528 49.1
492 0.03630007462672529 49.2
493 0.03649873348106464 49.3
494 0.03669853662628217 49.40000000000001
495 0.03689898133267038 49.5
496 0.03710020527537628 49.6
497 0.03730117312442778 49.7
498 0.03750289443986324 49.8
499 0.03770173482850588 49.90000000000001
500 0.03790224771890554 50
501 0.03792285903973622 50.01
502 0.03794348054230691 50.02
503 0.03796409147733005 50.03
504 0.03798489579517291 50.04
505 0.0380060408085818 50.05
506 0.03802754599033423 50.06
507 0.03804946096109928 50.07
508 0.03807222634172731 50.08
509 0.03809551649287941 50.09
510 0.03811929012996432 50.1
511 0.0381436449845038 50.11
512 0.0381689634221546 50.12
513 0.03819540166259058 50.13
514 0.03822325737651429 50.14
515 0.03825275654790005 50.15
516 0.03828382255152733 50.16
517 0.03831648039977494 50.17
518 0.03835070592279945 50.18
519 0.0383865741126098 50.19
520 0.03842411407837293 50.2
521 0.03846330651442155 50.21
522 0.03850419675991845 50.22
523 0.03854672906772735 50.23
524 0.03859088453922747 50.24
525 0.03863663974680166 50.25
526 0.03868424855060904 50.26
527 0.03873365454364119 50.27
528 0.03878466615421752 50.28
529 0.03883723326803842 50.29
530 0.03889146458677641 50.3
531 0.03894749162446492 50.31
532 0.0390054278118137 50.32
533 0.0390653983999031 50.33
534 0.03912752533191438 50.34
535 0.03919192931194791 50.35
536 0.03925871953427016 50.36
537 0.03932804306331833 50.37
538 0.03940002885025361 50.38
539 0.03947482116672303 50.39
540 0.03955249888348827 50.4
541 0.03963327158451051 50.41
542 0.03971729437882945 50.42
543 0.03980464549469494 50.43
544 0.03989552659263491 50.44
545 0.03999008313387085 50.45
546 0.04008848006806848 50.46
547 0.04019087737875139 50.47
548 0.04029743424727114 50.48
549 0.04040834908970569 50.49
550 0.04052382359846178 50.5
551 0.04064141390963581 50.51
552 0.04076645159377762 50.52
553 0.04089422119498233 50.53
554 0.04102992352832196 50.54
555 0.04116863444486246 50.55
556 0.04131596837072491 50.56
557 0.04146777290585513 50.57
558 0.04162860187607415 50.58
559 0.04179794760907084 50.59
560 0.04197233595642235 50.6
561 0.042145149396543 50.61
562 0.04231341585629624 50.62
563 0.04245780388771 50.63
564 0.04259328722007349 50.64
565 0.04255703524592843 50.65
566 0.04226078141091107 50.66
567 0.04179689664049987 50.67
568 0.04125893536251461 50.68
569 0.04051495358064731 50.69
570 0.03953154930932465 50.7
571 0.03848729188956341 50.71
572 0.03739560278638802 50.72
573 0.03606319226807888 50.73
574 0.03453538134472521 50.74
575 0.03298566061685839 50.75
576 0.03154875560823039 50.76
577 0.03000021323353556 50.77
578 0.02825198020917992 50.78
579 0.026339144466804 50.79
580 0.02435022378737643 50.8
581 0.02235776549294589 50.81
582 0.02041195001040086 50.82
583 0.01860959878285975 50.83
584 0.01697593862134131 50.84
585 0.01553351995542323 50.85
586 0.01430897117781809 50.86
587 0.01331588948233261 50.87
588 0.01248755423827714 50.88
589 0.01174780115736626 50.89
590 0.0110622209408094 50.9
591 0.01039475000526098 50.91
592 0.009726743644582923 50.92
593 0.009056128102749169 50.93
594 0.008390816353951006 50.94
595 0.007740566291535305 50.95
596 0.007102034719953946 50.96
597 0.006488591886194718 50.97
598 0.005908210584854733 50.98
599 0.005355877281746905 50.99
600 0.004835378988814824 51
601 0.004346137080734491 51.01
602 0.00389976742546888 51.02
603 0.003498238935577334 51.03
604 0.003143826682792165 51.04
605 0.002855167557371328 51.05
606 0.002653605885937865 51.06
607 0.002509120449582793 51.07
608 0.00237879788640644 51.08
609 0.002249482169316105 51.09
610 0.002128843850232683 51.1
611 0.002017013559332461 51.11
612 0.001908470316215782 51.12
613 0.001803918502259842 51.13
614 0.00170864890765351 51.14
615 0.001616073265422917 51.15
616 0.001529038044150258 51.16
617 0.001444200272808569 51.17
618 0.001361684969259189 51.18
619 0.001284721587476681 51.19
620 0.001215654656762302 51.2
621 0.001146746886794836 51.21
622 0.001083004042177307 51.22
623 0.001018582967594954 51.23
624 0.000953953920109246 51.24
625 0.000890382104255771 51.25
626 0.0008261644828677192 51.26
627 0.000761273708735112 51.27
628 0.0006981273771723999 51.28
629 0.0006368583019218172 51.29
630 0.0005766229441003265 51.3
631 0.0005156592187119785 51.31
632 0.0004562347237920676 51.32
633 0.0003974454931997174 51.33
634 0.0003400387621243684 51.34
635 0.0002846708705315332 51.35
636 0.0002321607356739429 51.36
637 0.000183394408007068 51.37
638 0.0001384926942531863 51.38
639 9.850151592655777e-05 51.39
640 6.480879224976295e-05 51.4
641 3.821858009037588e-05 51.41
642 1.977749764009878e-05 51.42
643 9.710879335239543e-06 51.43
644 6.89952475367389e-06 51.44
645 5.831684077654547e-06 51.45
646 5.180663373646818e-06 51.46
647 4.718883129834187e-06 51.47
648 4.363602925850001e-06 51.48
649 4.107289024797281e-06 51.49
650 3.912472670954053e-06 51.5
651 3.815203186157168e-06 51.51
652 3.792381793838849e-06 51.52
653 3.820240626134639e-06 51.53
654 3.883450924122356e-06 51.54
655 3.974961479845592e-06 51.55
656 4.091315145220022e-06 51.56
657 4.228684204580812e-06 51.57
658 4.405200143629456e-06 51.58
659 4.623157972151683e-06 51.59
660 4.888704262188559e-06 51.6
661 5.18939657217623e-06 51.61
662 5.536345903741237e-06 51.62
663 5.919764845691006e-06 51.63
664 6.363373530742765e-06 51.64
665 6.875422266265795e-06 51.65
666 7.480393519562374e-06 51.66
667 8.145399597290598e-06 51.67
668 8.871522301466146e-06 51.68
669 9.751303373799586e-06 51.69
670 1.083977189322256e-05 51.7
671 1.24972909286233e-05 51.71
672 1.387936284300155e-05 51.72
673 1.601175325422194e-05 51.73
674 1.847798035849305e-05 51.74
675 2.155060475297927e-05 51.75
676 2.513305149331072e-05 51.76
677 2.945170680061024e-05 51.77
678 3.51551283418046e-05 51.78
679 4.16803518863448e-05 51.79
680 4.922939586803189e-05 51.8
681 5.775139223175936e-05 51.81
682 6.7613583461828e-05 51.82
683 7.867989315493641e-05 51.83
684 9.117163238465381e-05 51.84
685 0.0001051560950652548 51.85
686 0.000120757553097786 51.86
687 0.0001383741934000354 51.87
688 0.0001585379267057759 51.88
689 0.0001813931708299538 51.89
690 0.000207185394314544 51.9
691 0.0002366936775089149 51.91
692 0.0002728724360452787 51.92
693 0.0003211308111800069 51.93
694 0.0003803518740123777 51.94
695 0.0004462775219576457 51.95
696 0.000509669084086162 51.96
697 0.0005675761085500912 51.97
698 0.0006199884961975108 51.98
699 0.0006664900323227026 51.99
700 0.0007069956658887139 52
701 0.0007413465968018445 52.01
702 0.0007694970697440408 52.02
703 0.0007916140680873761 52.03
704 0.0008082760254339543 52.04
705 0.0008198194540299945 52.05
706 0.0008267166587119106 52.06
707 0.0008290215980557893 52.07
708 0.000827642426641593 52.08
709 0.0008217912764182807 52.09
710 0.0008120840279546111 52.1
711 0.0007993852305613113 52.11
712 0.0007838804089272004 52.12
713 0.0007665229838282355 52.13
714 0.0007468995157194635 52.14
715 0.0007253768980623554 52.15
716 0.0007023442456176079 52.16
717 0.0006776443774045525 52.17
718 0.0006512525068191349 52.18
719 0.0006237870525728815 52.19
720 0.0005957705329148387 52.2
721 0.0005670822949429534 52.21
722 0.0005376443037396681 52.22
723 0.0005078592697141263 52.23
724 0.0004779506257758778 52.24
725 0.0004485564267179092 52.25
726 0.0004187349606397053 52.26
727 0.0003889326754104585 52.27
728 0.0003595158651214557 52.28
729 0.0003310756403215182 52.29
730 0.0003025039275928057 52.3
731 0.0002738105787347146 52.31
732 0.0002455428113973328 52.32
733 0.0002179687078024852 52.33
734 0.0001909498523472667 52.34
735 0.000164538077572723 52.35
736 0.0001386852152893772 52.36
737 0.000114254718177533 52.37
738 9.106406415484862e-05 52.38
739 6.941442510921989e-05 52.39
740 5.044164524575066e-05 52.4
741 3.477630467511473e-05 52.41
742 2.344855925805904e-05 52.42
743 1.778463309944326e-05 52.43
744 1.418900230562809e-05 52.44
745 1.156155952870238e-05 52.45
746 9.474949016939968e-06 52.46
747 7.877718105004894e-06 52.47
748 6.623638821522083e-06 52.48
749 5.650911994038416e-06 52.49
750 4.826137864774824e-06 52.5
751 4.147781524520722e-06 52.51
752 3.660338494277301e-06 52.52
753 3.234753650507106e-06 52.53
754 2.893957722856784e-06 52.54
755 2.659106618475414e-06 52.55
756 2.50415225219322e-06 52.56
757 2.358157456830059e-06 52.57
758 2.227362814773497e-06 52.58
759 2.104398507823874e-06 52.59
760 1.989518853292858e-06 52.6
761 1.885201273445134e-06 52.61
762 1.793284750582144e-06 52.62
763 1.679998648092856e-06 52.63
764 1.567567796921727e-06 52.64
765 1.52791450060558e-06 52.65
766 1.477269432658488e-06 52.66
767 1.420433659990115e-06 52.67
768 1.395128761320497e-06 52.68
769 1.370320247261447e-06 52.69
770 1.343211300701146e-06 52.7
771 1.309567748645502e-06 52.71
772 1.276341160531558e-06 52.72
773 1.243686408173043e-06 52.73
774 1.213512421322222e-06 52.74
775 1.1869208852378e-06 52.75
776 1.16353076936638e-06 52.76
777 1.142154634976374e-06 52.77
778 1.123984720289105e-06 52.78
779 1.107898367944252e-06 52.79
780 1.094242654908561e-06 52.8
781 1.082840975537218e-06 52.81
782 1.073326396761631e-06 52.82
783 1.065529915376104e-06 52.83
784 1.059454862785048e-06 52.84
785 1.054045019292011e-06 52.85
786 1.049505402820055e-06 52.86
787 1.047719095592481e-06 52.87
788 1.046311864653353e-06 52.88
789 1.043913035086049e-06 52.89
790 1.043752811509609e-06 52.9
791 1.043976361977509e-06 52.91
792 1.044232269024375e-06 52.92
793 1.046124750548549e-06 52.93
794 1.046107210908462e-06 52.94
795 1.0465839824451e-06 52.95
796 1.049585837495374e-06 52.96
797 1.051217211458051e-06 52.97
798 1.052840081303006e-06 52.98
799 1.057701690177255e-06 52.99
800 1.063668062761772e-06 53
801 1.067655184498218e-06 53.01
802 1.074532078620168e-06 53.02
803 1.082858679016219e-06 53.03
804 1.09206348350069e-06 53.04
805 1.101357828256606e-06 53.05
806 1.11363485976448e-06 53.06
807 1.121014547103665e-06 53.07
808 1.136546460026403e-06 53.08
809 1.146323991346885e-06 53.09
810 1.15993812059809e-06 53.1
811 1.185178338341555e-06 53.11
812 1.199386672589723e-06 53.12
813 1.227601451934199e-06 53.13
814 1.246485697221312e-06 53.14
815 1.268485688305583e-06 53.15
816 1.310321458793102e-06 53.16
817 1.349096281716491e-06 53.17
818 1.388088114679028e-06 53.18
819 1.430082418528194e-06 53.19
820 1.476667054491359e-06 53.2
821 1.528459963655289e-06 53.21
822 1.587300348169103e-06 53.22
823 1.650653939380663e-06 53.23
824 1.718603901189737e-06 53.24
825 1.791559890957793e-06 53.25
826 1.866551524449481e-06 53.26
827 1.946830421097137e-06 53.27
828 2.032823158215821e-06 53.28
829 2.125901399180908e-06 53.29
830 2.230666297523154e-06 53.3
831 2.324713356219711e-06 53.31
832 2.433445893317741e-06 53.32
833 2.544814094205689e-06 53.33
834 2.70066321515896e-06 53.34
835 2.817820582088702e-06 53.35
836 3.004674004275589e-06 53.36
837 3.177242307862542e-06 53.37
838 3.368413631713577e-06 53.38
839 3.579468873233027e-06 53.39
840 3.844419461056132e-06 53.4
841 4.169868622699812e-06 53.41
842 4.475508168831009e-06 53.42
843 4.800919184071656e-06 53.43
844 5.137540887152441e-06 53.44
845 5.499521430961361e-06 53.45
846 5.904092900226016e-06 53.46
847 6.332523333262844e-06 53.47
848 6.768284849325176e-06 53.48
849 7.234252232369576e-06 53.49
850 7.711512885022804e-06 53.5
851 8.205198533862583e-06 53.51
852 8.70583813944596e-06 53.52
853 9.262931309760205e-06 53.53
854 9.89293199019524e-06 53.54
855 1.059333471352321e-05 53.55
856 1.130456364564254e-05 53.56
857 1.202056514750882e-05 53.57
858 1.276522386994899e-05 53.58
859 1.349645590458187e-05 53.59
860 1.423742097978458e-05 53.6
861 1.500944233233138e-05 53.61
862 1.587929974466196e-05 53.62
863 1.672906968064879e-05 53.63
864 1.751668241697796e-05 53.64
865 1.821316769202586e-05 53.65
866 1.883108134246006e-05 53.66
867 1.93573942503671e-05 53.67
868 1.979636021944755e-05 53.68
869 2.015097362049108e-05 53.69
870 2.041145448816015e-05 53.7
871 2.051414614492202e-05 53.71
872 2.050822650729218e-05 53.72
873 2.043413500474903e-05 53.73
874 2.027731801232136e-05 53.74
875 2.003435117433736e-05 53.75
876 1.970714289305896e-05 53.76
877 1.927968274736829e-05 53.77
878 1.875558804870656e-05 53.78
879 1.816442318001676e-05 53.79
880 1.750611397759462e-05 53.8
881 1.68061462633972e-05 53.81
882 1.607234528235128e-05 53.82
883 1.531283391075456e-05 53.83
884 1.457171054489804e-05 53.84
885 1.385254108579541e-05 53.85
886 1.315295048112437e-05 53.86
887 1.24575556005722e-05 53.87
888 1.174221451728818e-05 53.88
889 1.104499883242177e-05 53.89
890 1.040315519162078e-05 53.9
891 9.800444288806806e-06 53.91
892 9.215524899367131e-06 53.92
893 8.635667266695336e-06 53.93
894 8.066447998951205e-06 53.94
895 7.538734670984343e-06 53.95
896 7.026030881241878e-06 53.96
897 6.580860480527373e-06 53.97
898 6.177465811003197e-06 53.98
899 5.785083145118942e-06 53.99
900 5.432774320593391e-06 54
901 5.127349075453786e-06 54.01
902 4.848741125945352e-06 54.02
903 4.599680017161868e-06 54.03
904 4.376820919610923e-06 54.04
905 4.18750550381345e-06 54.05
906 4.031387823722215e-06 54.06
907 3.898169384910748e-06 54.07
908 3.785268795983777e-06 54.08
909 3.690706429550838e-06 54.09
910 3.614323411834739e-06 54.1
911 3.549841574966464e-06 54.11
912 3.496491291458657e-06 54.12
913 3.452397090247301e-06 54.13
914 3.415045004548495e-06 54.14
915 3.386537684354416e-06 54.15
916 3.36583167243338e-06 54.16
917 3.354677931017288e-06 54.17
918 3.352062945885525e-06 54.18
919 3.355424190375565e-06 54.19
920 3.367863731852191e-06 54.2
921 3.386651556589655e-06 54.21
922 3.411679435720105e-06 54.22
923 3.446299099501945e-06 54.23
924 3.487979953464306e-06 54.24
925 3.540377845786256e-06 54.25
926 3.601458675741107e-06 54.26
927 3.675261435944646e-06 54.27
928 3.756478387881699e-06 54.28
929 3.85775904898732e-06 54.29
930 3.981900496081824e-06 54.3
931 4.114292467551924e-06 54.31
932 4.259605104972349e-06 54.32
933 4.415019110526706e-06 54.33
934 4.586439511068703e-06 54.34
935 4.792056643370006e-06 54.35
936 5.022989457350624e-06 54.36
937 5.283435320326038e-06 54.37
938 5.586640765773449e-06 54.38
939 5.893051216459674e-06 54.39
940 6.219667099235824e-06 54.4
941 6.574600089580194e-06 54.41
942 6.959888920491901e-06 54.42
943 7.384748240602608e-06 54.43
944 7.812254424695705e-06 54.44
945 8.244926491574384e-06 54.45
946 8.717784545003739e-06 54.46
947 9.217198604028615e-06 54.47
948 9.760308000175031e-06 54.48
949 1.033981826987559e-05 54.49
950 1.091475077005331e-05 54.5
951 1.149004688928731e-05 54.51
952 1.207388870946635e-05 54.52
953 1.264057359098434e-05 54.53
954 1.31789267420858e-05 54.54
955 1.374018873429358e-05 54.55
956 1.432381401734077e-05 54.56
957 1.489509424790521e-05 54.57
958 1.542462714577101e-05 54.58
959 1.591341115966135e-05 54.59
960 1.636268220227216e-05 54.6
961 1.673551834313356e-05 54.61
962 1.701677725193799e-05 54.62
963 1.720666724818594e-05 54.63
964 1.730703714511914e-05 54.64
965 1.731960377225391e-05 54.65
966 1.726423453742385e-05 54.66
967 1.713273648041763e-05 54.67
968 1.694833080530342e-05 54.68
969 1.668899170446042e-05 54.69
970 1.636101238499578e-05 54.7
971 1.598045818963978e-05 54.71
972 1.554472184823745e-05 54.72
973 1.505868176099215e-05 54.73
974 1.453248052011294e-05 54.74
975 1.400429897649658e-05 54.75
976 1.346313843219057e-05 54.76
977 1.289950239501908e-05 54.77
978 1.233434197100045e-05 54.78
979 1.177596226862439e-05 54.79
980 1.121549191323872e-05 54.8
981 1.063982880795234e-05 54.81
982 1.007004963502872e-05 54.82
983 9.496948940619903e-06 54.83
984 8.926273453467615e-06 54.84
985 8.375177502780561e-06 54.85
986 7.856286778677322e-06 54.86
987 7.373974734589427e-06 54.87
988 6.928499826330139e-06 54.88
989 6.493815808642496e-06 54.89
990 6.079272763202187e-06 54.9
991 5.717322615742792e-06 54.91
992 5.385985215916706e-06 54.92
993 5.09713628373843e-06 54.93
994 4.839243346982525e-06 54.94
995 4.606530782440192e-06 54.95
996 4.412515790476113e-06 54.96
997 4.245186104790051e-06 54.97
998 4.105352801134974e-06 54.98
999 3.987365134766379e-06 54.99
1000 3.884321100133962e-06 55
1001 3.795038782717495e-06 55.01
1002 3.715341074101746e-06 55.02
1003 3.64390438900793e-06 55.03
1004 3.583772718354607e-06 55.04
1005 3.532158195936115e-06 55.05
1006 3.48944322330401e-06 55.06
1007 3.456162876270079e-06 55.07
1008 3.43212201463478e-06 55.08
1009 3.415910934793386e-06 55.09
1010 3.407585984328538e-06 55.1
1011 3.406754937831116e-06 55.11
1012 3.414764638499302e-06 55.12
1013 3.43129109703668e-06 55.13
1014 3.456115359453802e-06 55.14
1015 3.489297441799182e-06 55.15
1016 3.532305839537837e-06 55.16
1017 3.582838411515331e-06 55.17
1018 3.642753326364058e-06 55.18
1019 3.711421381150767e-06 55.19
1020 3.790269872612149e-06 55.2
1021 3.88003991464309e-06 55.21
1022 3.978505387509231e-06 55.22
1023 4.092339667275531e-06 55.23
1024 4.223824852157649e-06 55.24
1025 4.37500499159186e-06 55.25
1026 4.540450283130598e-06 55.26
1027 4.715114540505015e-06 55.27
1028 4.903034348174212e-06 55.28
1029 5.104095023195927e-06 55.29
1030 5.337215921928841e-06 55.3
1031 5.603345114183243e-06 55.31
1032 5.900189348066689e-06 55.32
1033 6.218034364950618e-06 55.33
1034 6.538842967114009e-06 55.34
1035 6.855834525916186e-06 55.35
1036 7.169419082682296e-06 55.36
1037 7.5006100961586e-06 55.37
1038 7.867851643727187e-06 55.38
1039 8.230811688456471e-06 55.39
1040 8.585810324188444e-06 55.4
1041 8.923554630020961e-06 55.41
1042 9.253856866825889e-06 55.42
1043 9.604758224408298e-06 55.43
1044 9.965456424417286e-06 55.44
1045 1.030058033619969e-05 55.45
1046 1.060520084716798e-05 55.46
1047 1.088393317146787e-05 55.47
1048 1.112681889591646e-05 55.48
1049 1.133026007029911e-05 55.49
1050 1.149005174092653e-05 55.5
1051 1.160572790513275e-05 55.51
1052 1.167251868049945e-05 55.52
1053 1.168234525155833e-05 55.53
1054 1.164053094061241e-05 55.54
1055 1.157043625023137e-05 55.55
1056 1.146656039250849e-05 55.56
1057 1.132586987044304e-05 55.57
1058 1.114156323525744e-05 55.58
1059 1.091504318580798e-05 55.59
1060 1.065016696941327e-05 55.6
1061 1.034889478212988e-05 55.61
1062 1.001899602833165e-05 55.62
1063 9.659816276470809e-06 55.63
1064 9.275503331166441e-06 55.64
1065 8.870532637358838e-06 55.65
1066 8.468300754541918e-06 55.66
1067 8.074154391469069e-06 55.67
1068 7.681554928069784e-06 55.68
1069 7.291959404628395e-06 55.69
1070 6.90259531033256e-06 55.7
1071 6.540482537841255e-06 55.71
1072 6.20495689698845e-06 55.72
1073 5.881025900884836e-06 55.73
1074 5.577605345603371e-06 55.74
1075 5.30451493473357e-06 55.75
1076 5.056648262943392e-06 55.76
1077 4.822129439318788e-06 55.77
1078 4.616010624045966e-06 55.78
1079 4.436219063016231e-06 55.79
1080 4.278130316629279e-06 55.8
1081 4.138625691698382e-06 55.81
1082 4.018542728781383e-06 55.82
1083 3.9107480513973e-06 55.83
1084 3.808382510894114e-06 55.84
1085 3.717773925499865e-06 55.85
1086 3.6368125600163e-06 55.86
1087 3.564632980390411e-06 55.87
1088 3.499424141488246e-06 55.88
1089 3.440480584001715e-06 55.89
1090 3.389790658765104e-06 55.9
1091 3.349237762376173e-06 55.91
1092 3.317530394512222e-06 55.92
1093 3.293308738306383e-06 55.93
1094 3.276582126732843e-06 55.94
1095 3.267390246601172e-06 55.95
1096 3.265759257490191e-06 55.96
1097 3.272286863713222e-06 55.97
1098 3.28648560825241e-06 55.98
1099 3.308348430760811e-06 55.99
1100 3.33804548731044e-06 56
1101 3.375473546960193e-06 56.01
1102 3.421596507419419e-06 56.02
1103 3.475482169235375e-06 56.03
1104 3.538081553604008e-06 56.04
1105 3.607918655423358e-06 56.05
1106 3.687019338079968e-06 56.06
1107 3.773938312321195e-06 56.07
1108 3.868236315434788e-06 56.08
1109 3.971083400262705e-06 56.09
1110 4.083250510421016e-06 56.1
1111 4.206954898720796e-06 56.11
1112 4.342037773370119e-06 56.12
1113 4.488557777207454e-06 56.13
1114 4.652297194675018e-06 56.14
1115 4.833922661893559e-06 56.15
1116 5.019019179646179e-06 56.16
1117 5.211566160387338e-06 56.17
1118 5.411522789475949e-06 56.18
1119 5.610747229514486e-06 56.19
1120 5.823459852363962e-06 56.2
1121 6.062946998783838e-06 56.21
1122 6.321389975521767e-06 56.22
1123 6.567082232545328e-06 56.23
1124 6.80478648161872e-06 56.24
1125 7.036430505069045e-06 56.25
1126 7.25356261705901e-06 56.26
1127 7.455718293525333e-06 56.27
1128 7.641213226620451e-06 56.28
1129 7.802236178337323e-06 56.29
1130 7.946882920994766e-06 56.3
1131 8.068036374413321e-06 56.31
1132 8.162580275767491e-06 56.32
1133 8.226622849615886e-06 56.33
1134 8.264144625909218e-06 56.34
1135 8.273834138451035e-06 56.35
1136 8.259504085720118e-06 56.36
1137 8.216442498588436e-06 56.37
1138 8.144374795304039e-06 56.38
1139 8.045021146795811e-06 56.39
1140 7.927714331322735e-06 56.4
1141 7.787059204749478e-06 56.41
1142 7.62508378951151e-06 56.42
1143 7.442229027393986e-06 56.43
1144 7.239658732664483e-06 56.44
1145 7.021912358088031e-06 56.45
1146 6.789345797882806e-06 56.46
1147 6.546465901013328e-06 56.47
1148 6.300495798547204e-06 56.48
1149 6.053764338078065e-06 56.49
1150 5.808291032763505e-06 56.5
1151 5.570661291287286e-06 56.51
1152 5.344091084235311e-06 56.52
1153 5.125720022956063e-06 56.53
1154 4.927523307903245e-06 56.54
1155 4.740952678953976e-06 56.55
1156 4.568673279148386e-06 56.56
1157 4.415235647750336e-06 56.57
1158 4.274216207378312e-06 56.58
1159 4.145601317830636e-06 56.59
1160 4.028159991152895e-06 56.6
1161 3.917968216682065e-06 56.61
1162 3.815303635314211e-06 56.62
1163 3.719216508003555e-06 56.63
1164 3.631872522812887e-06 56.64
1165 3.552588515973041e-06 56.65
1166 3.482419645901578e-06 56.66
1167 3.41968613720029e-06 56.67
1168 3.363291757704262e-06 56.68
1169 3.313740888706189e-06 56.69
1170 3.270619944454005e-06 56.7
1171 3.235208063840617e-06 56.71
1172 3.207163271082352e-06 56.72
1173 3.186702343980483e-06 56.73
1174 3.173777093387071e-06 56.74
1175 3.166964697336965e-06 56.75
1176 3.166958962003455e-06 56.76
1177 3.175034212852964e-06 56.77
1178 3.189987205648716e-06 56.78
1179 3.21221242752162e-06 56.79
1180 3.241747160237416e-06 56.8
1181 3.278611201039075e-06 56.81
1182 3.322246309187013e-06 56.82
1183 3.373311416954528e-06 56.83
1184 3.432358919885816e-06 56.84
1185 3.498588182565189e-06 56.85
1186 3.571617827204499e-06 56.86
1187 3.652105336035126e-06 56.87
1188 3.7402328751206e-06 56.88
1189 3.834889998418018e-06 56.89
1190 3.936113252034171e-06 56.9
1191 4.043148410826028e-06 56.91
1192 4.154351435111865e-06 56.92
1193 4.270290411609183e-06 56.93
1194 4.391401601149379e-06 56.94
1195 4.521659973767955e-06 56.95
1196 4.660428294812604e-06 56.96
1197 4.799027363496713e-06 56.97
1198 4.94430115094224e-06 56.98
1199 5.095396393006428e-06 56.99
1200 5.251754047062947e-06 57
1201 5.400767151667295e-06 57.01
1202 5.541198339520057e-06 57.02
1203 5.676686046162241e-06 57.03
1204 5.803907301295354e-06 57.04
1205 5.924606317167641e-06 57.05
1206 6.037580171624758e-06 57.06
1207 6.142719005078023e-06 57.07
1208 6.233845678768842e-06 57.08
1209 6.319216990243438e-06 57.09
1210 6.381251256359226e-06 57.1
1211 6.42273464445487e-06 57.11
1212 6.445145140579529e-06 57.12
1213 6.447825972491751e-06 57.13
1214 6.428083038386578e-06 57.14
1215 6.388435267328354e-06 57.15
1216 6.330140821712854e-06 57.16
1217 6.25254730644819e-06 57.17
1218 6.155993571951525e-06 57.18
1219 6.043423486909549e-06 57.19
1220 5.917359845688773e-06 57.2
1221 5.783475622099058e-06 57.21
1222 5.643300950313465e-06 57.22
1223 5.497442611392876e-06 57.23
1224 5.349834022966053e-06 57.24
1225 5.201498741753785e-06 57.25
1226 5.049312593647589e-06 57.26
1227 4.894178413922742e-06 57.27
1228 4.743068017334201e-06 57.28
1229 4.605750859025702e-06 57.29
1230 4.473690139031254e-06 57.3
1231 4.350778747970557e-06 57.31
1232 4.233782485707876e-06 57.32
1233 4.119429444935801e-06 57.33
1234 4.01038301593665e-06 57.34
1235 3.907321512762339e-06 57.35
1236 3.809414684876878e-06 57.36
1237 3.7175554353207e-06 57.37
1238 3.631502371591931e-06 57.38
1239 3.551176848634717e-06 57.39
1240 3.476697439245736e-06 57.4
1241 3.408455965530062e-06 57.41
1242 3.345798371020544e-06 57.42
1243 3.289771036606299e-06 57.43
1244 3.240973301143432e-06 57.44
1245 3.198115999674501e-06 57.45
1246 3.162287320811421e-06 57.46
1247 3.134904171214394e-06 57.47
1248 3.115278515408491e-06 57.48
1249 3.101718205219586e-06 57.49
1250 3.094230234666229e-06 57.5
1251 3.092640938069568e-06 57.51
1252 3.097261916219969e-06 57.52
1253 3.108934637169832e-06 57.53
1254 3.126714481200702e-06 57.54
1255 3.15095649200005e-06 57.55
1256 3.180918226669643e-06 57.56
1257 3.217744309896616e-06 57.57
1258 3.261453218881686e-06 57.58
1259 3.312067032407003e-06 57.59
1260 3.369274262927037e-06 57.6
1261 3.434255987105774e-06 57.61
1262 3.506121411303712e-06 57.62
1263 3.584016558777667e-06 57.63
1264 3.666832651944309e-06 57.64
1265 3.755001810981705e-06 57.65
1266 3.848710590333535e-06 57.66
1267 3.945436425794452e-06 57.67
1268 4.047020255490019e-06 57.68
1269 4.149869246663451e-06 57.69
1270 4.252806814341451e-06 57.7
1271 4.356187116885793e-06 57.71
1272 4.458889510883493e-06 57.72
1273 4.559650880033444e-06 57.73
1274 4.658327547360023e-06 57.74
1275 4.75225070971451e-06 57.75
1276 4.846107130152246e-06 57.76
1277 4.93629307597874e-06 57.77
1278 5.023399580348172e-06 57.78
1279 5.100805284255306e-06 57.79
1280 5.170617385655197e-06 57.8
1281 5.234926788837578e-06 57.81
1282 5.289149697925938e-06 57.82
1283 5.330513128275166e-06 57.83
1284 5.35918730720469e-06 57.84
1285 5.375184465313265e-06 57.85
1286 5.377329566595917e-06 57.86
1287 5.367334215760155e-06 57.87
1288 5.344655845750251e-06 57.88
1289 5.308206270930226e-06 57.89
1290 5.256973260211872e-06 57.9
1291 5.194192500951284e-06 57.91
1292 5.121039578639674e-06 57.92
1293 5.041449487538672e-06 57.93
1294 4.958439664430026e-06 57.94
1295 4.869541353887021e-06 57.95
1296 4.774256746041587e-06 57.96
1297 4.676908730300007e-06 57.97
1298 4.578349235312725e-06 57.98
1299 4.48172397206408e-06 57.99
1300 4.384401979991415e-06 58
1301 4.285833364421578e-06 58.01
1302 4.185525748511376e-06 58.02
1303 4.086121565995175e-06 58.03
1304 3.987940147425342e-06 58.04
1305 3.893430046258527e-06 58.05
1306 3.802636756105111e-06 58.06
1307 3.714413367559117e-06 58.07
1308 3.628818377780567e-06 58.08
1309 3.547342610784168e-06 58.09
1310 3.470178350837176e-06 58.1
1311 3.398255930006411e-06 58.11
1312 3.330980673740778e-06 58.12
1313 3.273607135987251e-06 58.13
1314 3.222328425407309e-06 58.14
1315 3.175496303868765e-06 58.15
1316 3.134873420674579e-06 58.16
1317 3.100176169547872e-06 58.17
1318 3.071153110655513e-06 58.18
1319 3.048850259540044e-06 58.19
1320 3.032364094620754e-06 58.2
1321 3.022184337437033e-06 58.21
1322 3.017510384116189e-06 58.22
1323 3.01915788709766e-06 58.23
1324 3.026813834250463e-06 58.24
1325 3.0412879284938e-06 58.25
1326 3.062402431418913e-06 58.26
1327 3.088602420808265e-06 58.27
1328 3.120854097996032e-06 58.28
1329 3.160222180838396e-06 58.29
1330 3.204068769516458e-06 58.3
1331 3.254028785367654e-06 58.31
1332 3.309006474315942e-06 58.32
1333 3.368211330315418e-06 58.33
1334 3.43276998033385e-06 58.34
1335 3.501855630097689e-06 58.35
1336 3.576888026510532e-06 58.36
1337 3.653064315411308e-06 58.37
1338 3.737016798700471e-06 58.38
1339 3.823239282805616e-06 58.39
1340 3.910865868046501e-06 58.4
1341 3.996848189702235e-06 58.41
1342 4.084004503884312e-06 58.42
1343 4.168040744698391e-06 58.43
1344 4.252445027943257e-06 58.44
1345 4.331599496690966e-06 58.45
1346 4.407660764578609e-06 58.46
1347 4.4793579657422e-06 58.47
1348 4.542403715374555e-06 58.48
1349 4.599340449277793e-06 58.49
1350 4.648988987956291e-06 58.5
1351 4.691505046249165e-06 58.51
1352 4.723934086420993e-06 58.52
1353 4.746770592196e-06 58.53
1354 4.761519099169119e-06 58.54
1355 4.76832922679521e-06 58.55
1356 4.765408276274332e-06 58.56
1357 4.754409594988455e-06 58.57
1358 4.733581476856696e-06 58.58
1359 4.704632023892207e-06 58.59
1360 4.66664769965323e-06 58.6
1361 4.621345682392859e-06 58.61
1362 4.569192915468335e-06 58.62
1363 4.51074618070097e-06 58.63
1364 4.446538783190957e-06 58.64
1365 4.37683529485299e-06 58.65
1366 4.302664469615424e-06 58.66
1367 4.225580589215093e-06 58.67
1368 4.147171169453641e-06 58.68
1369 4.066637593529039e-06 58.69
1370 3.9840975836716e-06 58.7
1371 3.900080023984655e-06 58.71
1372 3.816224827042072e-06 58.72
1373 3.732740646702166e-06 58.73
1374 3.651178930294937e-06 58.74
1375 3.571709285902663e-06 58.75
1376 3.497303077380633e-06 58.76
1377 3.427756681901637e-06 58.77
1378 3.362642010311794e-06 58.78
1379 3.301281433780159e-06 58.79
1380 3.244100586900092e-06 58.8
1381 3.191400347033618e-06 58.81
1382 3.143921785889323e-06 58.82
1383 3.101400403972923e-06 58.83
1384 3.063608158325585e-06 58.84
1385 3.031489288881806e-06 58.85
1386 3.004154206530721e-06 58.86
1387 2.983648511457602e-06 58.87
1388 2.968304439739041e-06 58.88
1389 2.958969106479698e-06 58.89
1390 2.955832925619755e-06 58.9
1391 2.958247285423013e-06 58.91
1392 2.966375177648215e-06 58.92
1393 2.980229727709843e-06 58.93
1394 2.999912602192349e-06 58.94
1395 3.025706419977184e-06 58.95
1396 3.056932259006643e-06 58.96
1397 3.093109167921582e-06 58.97
1398 3.135066700425934e-06 58.98
1399 3.182568473489066e-06 58.99
1400 3.234719251802998e-06 59
1401 3.291167791098192e-06 59.01
1402 3.351694851461519e-06 59.02
1403 3.41494178760039e-06 59.03
1404 3.480858191177405e-06 59.04
1405 3.548623506903033e-06 59.05
1406 3.617414975411052e-06 59.06
1407 3.687456369008986e-06 59.07
1408 3.75906787918825e-06 59.08
1409 3.829468639205954e-06 59.09
1410 3.898133550198362e-06 59.1
1411 3.966645665160299e-06 59.11
1412 4.030265116146446e-06 59.12
1413 4.091072428101204e-06 59.13
1414 4.1470268693701e-06 59.14
1415 4.198041188031982e-06 59.15
1416 4.242535764663156e-06 59.16
1417 4.27876221330932e-06 59.17
1418 4.308148650618855e-06 59.18
1419 4.329586054078189e-06 59.19
1420 4.345333163994441e-06 59.2
1421 4.352931176926168e-06 59.21
1422 4.353064565620678e-06 59.22
1423 4.344771839132203e-06 59.23
1424 4.32878464560731e-06 59.24
1425 4.305084117824218e-06 59.25
1426 4.274066101012272e-06 59.26
1427 4.23672211090554e-06 59.27
1428 4.193511441754306e-06 59.28
1429 4.144122240584833e-06 59.29
1430 4.090163080607823e-06 59.3
1431 4.032394545515288e-06 59.31
1432 3.970833006671253e-06 59.32
1433 3.905549479197366e-06 59.33
1434 3.837195474556673e-06 59.34
1435 3.766944573188232e-06 59.35
1436 3.698408423770766e-06 59.36
1437 3.629913354133446e-06 59.37
1438 3.562363250501366e-06 59.38
1439 3.4966121366356e-06 59.39
1440 3.432613535536833e-06 59.4
1441 3.370803360217503e-06 59.41
1442 3.311993815135981e-06 59.42
1443 3.254675241295245e-06 59.43
1444 3.200118952187246e-06 59.44
1445 3.149222699536472e-06 59.45
1446 3.103252425351063e-06 59.46
1447 3.061763753145356e-06 59.47
1448 3.025034254307867e-06 59.48
1449 2.993570952008521e-06 59.49
1450 2.966725561335994e-06 59.5
1451 2.945575029646618e-06 59.51
1452 2.930007387919511e-06 59.52
1453 2.91999927562136e-06 59.53
1454 2.915608220401233e-06 59.54
1455 2.916329904296587e-06 59.55
1456 2.922810294715063e-06 59.56
1457 2.935671407568135e-06 59.57
1458 2.953275220348039e-06 59.58
1459 2.976116157870399e-06 59.59
1460 3.005105093578971e-06 59.6
1461 3.038531728344735e-06 59.61
1462 3.076806673496004e-06 59.62
1463 3.119606266476048e-06 59.63
1464 3.165765932307871e-06 59.64
1465 3.166989480848336e-06 59.65
1466 3.280012681694373e-06 59.66
1467 3.34417465398891e-06 59.67
1468 3.397287604301367e-06 59.68
1469 3.452068537950698e-06 59.69
1470 3.510856230615451e-06 59.7
1471 3.571791923626683e-06 59.71
1472 3.6317444117824e-06 59.72
1473 3.691017245096021e-06 59.73
1474 3.746894631402714e-06 59.74
1475 3.79870880787799e-06 59.75
1476 3.844486590129267e-06 59.76
1477 3.8879761924078e-06 59.77
1478 3.927600796311592e-06 59.78
1479 3.961699920863775e-06 59.79
1480 3.988802558420078e-06 59.8
1481 4.011500395167449e-06 59.81
1482 4.028078564979796e-06 59.82
1483 4.038080485124697e-06 59.83
1484 4.040337792463684e-06 59.84
1485 4.035879056651591e-06 59.85
1486 4.024973214154573e-06 59.86
1487 4.008611157738325e-06 59.87
1488 3.984762372230107e-06 59.88
1489 3.956307693535318e-06 59.89
1490 3.922250537602618e-06 59.9
1491 3.88338194248785e-06 59.91
1492 3.840645284326865e-06 59.92
1493 3.793652031433273e-06 59.93
1494 3.744835473740955e-06 59.94
1495 3.691590492642399e-06 59.95
1496 3.638492476224864e-06 59.96
1497 3.583625755388628e-06 59.97
1498 3.526665426582792e-06 59.98
1499 3.469838035254843e-06 59.99
1500 3.412355759441206e-06 60
