"frac-mass-co2-rfile"
"Time Step" "frac-mass-co2 etc.."
("Time Step" "frac-mass-co2" "flow-time")
0 0.001653278271507577 0
1 0.002059519728908606 0.1
2 0.002336473287320956 0.2
3 0.002646235791949335 0.3
4 0.003006148503316436 0.4
5 0.003384089021697604 0.5
6 0.003770260053952006 0.6000000000000001
7 0.004164097163217501 0.7000000000000001
8 0.004579613838595842 0.8
9 0.005025993744949048 0.9
10 0.005499807245189209 1
11 0.005983695658813939 1.1
12 0.006467831843053642 1.2
13 0.006971000407149819 1.3
14 0.007456739477496861 1.4
15 0.00797808049801796 1.5
16 0.008505917512603047 1.6
17 0.009039404087066157 1.7
18 0.009569888748138747 1.8
19 0.01010281261038585 1.9
20 0.0106519298199241 2
21 0.01116412854584297 2.1
22 0.01172381530843386 2.2
23 0.01225312443196341 2.3
24 0.01280895387814559 2.4
25 0.01336651518842885 2.5
26 0.01389615921265383 2.6
27 0.01445165289984815 2.7
28 0.01500798279798087 2.8
29 0.01554743716171003 2.9
30 0.0160880733494737 3
31 0.01662884447391359 3.1
32 0.01716597843741277 3.2
33 0.01770019414181715 3.3
34 0.01822985236121263 3.4
35 0.01875497944809413 3.5
36 0.01927258353117023 3.6
37 0.01978191833818707 3.7
38 0.02028101471524661 3.8
39 0.02077028125629626 3.9
40 0.02124913363835702 4
41 0.02171795473717574 4.100000000000001
42 0.02217737476826243 4.2
43 0.02263038376528507 4.3
44 0.02307415283376765 4.4
45 0.02351176196595519 4.5
46 0.02394510071624362 4.600000000000001
47 0.02437663770526391 4.7
48 0.02480781910473549 4.800000000000001
49 0.02523935010910746 4.9
50 0.02567341326047122 5
51 0.02610845632197638 5.100000000000001
52 0.02654891460154667 5.2
53 0.0269934881657106 5.300000000000001
54 0.02744345464370177 5.4
55 0.02789777818252981 5.5
56 0.02835670060387388 5.600000000000001
57 0.02882087697227016 5.7
58 0.02928948908360523 5.800000000000001
59 0.0297632814452633 5.9
60 0.03024145457116086 6
61 0.03072406819078416 6.100000000000001
62 0.03121164893044678 6.2
63 0.03170326623347703 6.300000000000001
64 0.03219888193592258 6.4
65 0.03269820507208523 6.5
66 0.03320148363392458 6.600000000000001
67 0.03370780283193799 6.7
68 0.03421617283952869 6.800000000000001
69 0.03472774082858925 6.9
70 0.03524078935057413 7
71 0.035756534960101 7.100000000000001
72 0.03627407808339739 7.2
73 0.03679322251561325 7.300000000000001
74 0.03731340913067116 7.4
75 0.03783343727716156 7.5
76 0.03835029467049889 7.600000000000001
77 0.03886977593111858 7.7
78 0.03938854871469496 7.800000000000001
79 0.03990580203246116 7.9
80 0.04042127662416103 8
81 0.04093556346500623 8.1
82 0.04144748087028984 8.200000000000001
83 0.04195744255576318 8.300000000000001
84 0.04246543035647918 8.4
85 0.04297089797875511 8.5
86 0.04347511270268913 8.6
87 0.04397747557607738 8.700000000000001
88 0.04447849215825488 8.800000000000001
89 0.044978188128069 8.9
90 0.04547754976306047 9
91 0.04597619356043366 9.1
92 0.04647488931862066 9.200000000000001
93 0.04697357692579599 9.300000000000001
94 0.04747267382364804 9.4
95 0.04793861554521641 9.5
96 0.04839897535618998 9.600000000000001
97 0.04886424095686322 9.700000000000001
98 0.04933095883774537 9.800000000000001
99 0.0498023656908825 9.9
100 0.05027218061365936 10
101 0.05074219333572624 10.1
102 0.05122070541829847 10.2
103 0.05169557179221333 10.3
104 0.05216999333036017 10.4
105 0.05264593457774191 10.5
106 0.05313100119575789 10.6
107 0.05360340504485395 10.7
108 0.05408277833777697 10.8
109 0.05455953918499284 10.9
110 0.05503549836054186 11
111 0.05550925594340807 11.1
112 0.05598452186946879 11.2
113 0.05646443995728554 11.3
114 0.05694183851987115 11.4
115 0.05741843759095722 11.5
116 0.05789908668797223 11.6
117 0.05838200111139282 11.7
118 0.05886233277687975 11.8
119 0.05933941627109144 11.9
120 0.05978750492301189 12
121 0.06026535181350619 12.1
122 0.06074715112859001 12.2
123 0.06123309143295031 12.3
124 0.06172002696552432 12.4
125 0.06220921660594449 12.5
126 0.06269424097255651 12.6
127 0.06317565112512903 12.7
128 0.06366012588632888 12.8
129 0.06414882364211889 12.9
130 0.064634010353407 13
131 0.06511799750477704 13.1
132 0.06560299767647719 13.2
133 0.06609276280599849 13.3
134 0.06658267145077675 13.4
135 0.06706527016147885 13.5
136 0.06755382978723737 13.6
137 0.06804313040949557 13.7
138 0.06853470780216971 13.8
139 0.06902440553329318 13.9
140 0.06951314645303211 14
141 0.07000856301238315 14.1
142 0.07050007979029473 14.2
143 0.07099275089324653 14.3
144 0.07148744926762861 14.4
145 0.07198197894218632 14.5
146 0.07247330890966606 14.6
147 0.07295790514900284 14.7
148 0.07344678142142694 14.8
149 0.07393772721860303 14.9
150 0.07442625315877172 15
151 0.07491230532769549 15.1
152 0.075401694119879 15.2
153 0.07589890215022965 15.3
154 0.07638904396196972 15.4
155 0.07687941639055219 15.5
156 0.07737618401535798 15.6
157 0.07786707658905065 15.7
158 0.07835435240730979 15.8
159 0.07884521407582562 15.9
160 0.07933552219087421 16
161 0.07982159073524706 16.1
162 0.08030869391441099 16.2
163 0.08079598593846411 16.3
164 0.08128448321401252 16.4
165 0.08177797448412259 16.5
166 0.08227038413404107 16.6
167 0.08276235504313022 16.7
168 0.08325307668400557 16.8
169 0.08374252907650455 16.9
170 0.08423860328004389 17
171 0.0847287210697141 17.1
172 0.08522629687607088 17.2
173 0.08572092458245859 17.3
174 0.08622076397353784 17.4
175 0.08675961378162191 17.5
176 0.08726645909441297 17.6
177 0.08777469319221068 17.7
178 0.0882854915867507 17.8
179 0.08879141692130756 17.9
180 0.08930332276641401 18
181 0.08981150703370878 18.1
182 0.09032704207386034 18.2
183 0.09083512064585524 18.3
184 0.09134591741509947 18.4
185 0.09188570867900815 18.5
186 0.09239080029538425 18.6
187 0.09292979768529272 18.7
188 0.09343612922414088 18.8
189 0.09397448268850128 18.9
190 0.09447258618089004 19
191 0.09496820165829202 19.1
192 0.09550356530002226 19.2
193 0.09599627335404223 19.3
194 0.09648700302075514 19.4
195 0.09698276464667076 19.5
196 0.09747297111633135 19.6
197 0.09797168057518928 19.7
198 0.09846362688743657 19.8
199 0.0989575520963086 19.9
200 0.09945422116688792 20
201 0.09995310097712437 20.1
202 0.1004962909351654 20.2
203 0.1010469429605896 20.3
204 0.1015901759273571 20.4
205 0.1021220628139665 20.5
206 0.1026472282423847 20.6
207 0.1030782235430172 20.7
208 0.1035626888575755 20.8
209 0.1041197842051603 20.9
210 0.1045767100702834 21
211 0.105176098699339 21.1
212 0.1056405885217453 21.2
213 0.1060957736338663 21.3
214 0.1066730115468206 21.4
215 0.1071886756542862 21.5
216 0.1076385787681033 21.6
217 0.1081848449939 21.7
218 0.108710405483931 21.8
219 0.1091508126716293 21.9
220 0.1096595378025666 22
221 0.110185510872289 22.1
222 0.1107017236347761 22.2
223 0.1111896649664602 22.3
224 0.1116859474779488 22.4
225 0.1121568782176333 22.5
226 0.112661718878514 22.6
227 0.1131694271318298 22.7
228 0.1136632839099959 22.8
229 0.1140902645588697 22.9
230 0.1145660487089979 23
231 0.1150829629668201 23.1
232 0.1155812361590164 23.2
233 0.1160640749223827 23.3
234 0.1165855113161363 23.4
235 0.117061320580782 23.5
236 0.1175505697455525 23.6
237 0.1180600560753148 23.7
238 0.1185613240242977 23.8
239 0.1190550815289096 23.9
240 0.1195309015403348 24
241 0.1199901992477242 24.1
242 0.1204395986836748 24.2
243 0.1209302669966016 24.3
244 0.1213746295361235 24.4
245 0.1217999211565071 24.5
246 0.1222617684143477 24.6
247 0.1226694057063097 24.7
248 0.1230901749068509 24.8
249 0.1235691954244939 24.9
250 0.1240056883460254 25
251 0.1244475835043918 25.1
252 0.1249462983487258 25.2
253 0.1253981491787944 25.3
254 0.1258456318649632 25.4
255 0.1263490313484169 25.5
256 0.1268549237025171 25.6
257 0.1273238088577377 25.7
258 0.1278453765242865 25.8
259 0.1283476233881322 25.9
260 0.128878913967431 26
261 0.129365757238216 26.1
262 0.1297978848006048 26.2
263 0.1302786112898122 26.3
264 0.1307227503114775 26.4
265 0.1311696562040297 26.5
266 0.1316567548396826 26.6
267 0.1321074195859515 26.7
268 0.132550753724691 26.8
269 0.1330761933240403 26.9
270 0.1335553955565118 27
271 0.1340313648566782 27.1
272 0.1345428200526645 27.2
273 0.135061691709836 27.3
274 0.1355457941544869 27.4
275 0.1360228861740181 27.5
276 0.1365471786463725 27.6
277 0.1370267367577883 27.7
278 0.1374972490786841 27.8
279 0.1380139254913919 27.9
280 0.138518188113698 28
281 0.1389816890197981 28.1
282 0.1394341475369987 28.2
283 0.1399599696545683 28.3
284 0.14049381717163 28.4
285 0.1410220360013302 28.5
286 0.1415388012345667 28.6
287 0.1420095448128636 28.7
288 0.1424716381942014 28.8
289 0.1429758919993583 28.9
290 0.1434359332189505 29
291 0.1438839559411403 29.1
292 0.1443458922712106 29.2
293 0.1447527817027051 29.3
294 0.1451417285152156 29.4
295 0.145510627525215 29.5
296 0.1460930447990075 29.6
297 0.1466003380824155 29.7
298 0.1470128944764786 29.8
299 0.1472683454012621 29.9
300 0.1475254709530072 30
301 0.1478206024053269 30.1
302 0.1481325590957664 30.2
303 0.1485493442484786 30.3
304 0.1489353149413533 30.4
305 0.1493010887540745 30.5
306 0.1497322769217868 30.6
307 0.1501116974374949 30.7
308 0.1504470412057608 30.8
309 0.1508150058295457 30.9
310 0.1511435959326936 31
311 0.1514429258315753 31.1
312 0.1517766088914577 31.2
313 0.1520811576411443 31.3
314 0.1523664320155403 31.4
315 0.1526601891713416 31.5
316 0.1529050153515014 31.6
317 0.153004421036257 31.7
318 0.1529952713297783 31.8
319 0.1529643521089064 31.9
320 0.1529328605948266 32
321 0.152901250977359 32.1
322 0.1528694705969042 32.2
323 0.1528376266070972 32.3
324 0.1528059146424302 32.4
325 0.1527745368269499 32.5
326 0.152741958737454 32.6
327 0.1527088363643003 32.7
328 0.1526757791580319 32.8
329 0.1526426424796197 32.9
330 0.1526100294721844 33
331 0.1525768729457507 33.1
332 0.1525440126473058 33.2
333 0.1525110480711138 33.3
334 0.152478900182847 33.4
335 0.1524465993569619 33.5
336 0.1524143493235697 33.6
337 0.1523818073987313 33.7
338 0.1523494010419715 33.8
339 0.1523169868562127 33.9
340 0.1522853421819402 34
341 0.1522537981298613 34.1
342 0.1522227375000369 34.2
343 0.1521917056381207 34.3
344 0.1521607165190483 34.4
345 0.1521297628147154 34.5
346 0.1520990633175656 34.6
347 0.1520682552733834 34.7
348 0.1520372538817566 34.8
349 0.152006306841334 34.9
350 0.1519754466385553 35
351 0.1519446682009806 35.1
352 0.1519138581172839 35.2
353 0.151882795074864 35.3
354 0.151852172840316 35.4
355 0.1518214813843022 35.5
356 0.1517906545981597 35.6
357 0.1517597345781593 35.7
358 0.1517290215037074 35.8
359 0.1516982669100044 35.9
360 0.1516670947464604 36
361 0.1516359817203985 36.1
362 0.1516049554178345 36.2
363 0.1515740583222843 36.3
364 0.1515428554239631 36.4
365 0.1515117714843459 36.5
366 0.1514806910885009 36.6
367 0.1514499636782745 36.7
368 0.151418965595796 36.8
369 0.1513877403697313 36.9
370 0.1513571774970081 37
371 0.1513259120220645 37.1
372 0.1512951114336436 37.2
373 0.1512635416691895 37.3
374 0.1512326666428429 37.4
375 0.1512011099933204 37.5
376 0.1511695235178177 37.6
377 0.1511379788346127 37.7
378 0.1511067719051729 37.8
379 0.1510751960204633 37.9
380 0.1510435816580344 38
381 0.1510118490892459 38.1
382 0.1509800762178319 38.2
383 0.1509482847589561 38.3
384 0.1509164674249371 38.40000000000001
385 0.1508843219716634 38.5
386 0.150852186732907 38.6
387 0.1508197184976144 38.7
388 0.1507871799101422 38.8
389 0.1507545865693447 38.90000000000001
390 0.1507219275243178 39
391 0.1506892030829004 39.1
392 0.15065621830672 39.2
393 0.1506235001790928 39.3
394 0.1505925239313781 39.40000000000001
395 0.1505614198673474 39.5
396 0.1505303098371987 39.6
397 0.1504991933381117 39.7
398 0.150468172575796 39.8
399 0.1504369735128585 39.90000000000001
400 0.1504059217852135 40
401 0.1503750123742325 40.1
402 0.150344218660385 40.2
403 0.150313476324572 40.3
404 0.1502826928076083 40.40000000000001
405 0.1502533812681864 40.5
406 0.1502225289859042 40.6
407 0.1501917920309744 40.7
408 0.1501610228034797 40.8
409 0.1501302438290547 40.90000000000001
410 0.150099644970006 41
411 0.1500689514915493 41.1
412 0.1500380675009934 41.2
413 0.1500074092084018 41.3
414 0.1499766988268043 41.40000000000001
415 0.1499458218220798 41.5
416 0.149915277818723 41.6
417 0.1498842866600155 41.7
418 0.1498533826382077 41.8
419 0.1498223509184404 41.90000000000001
420 0.1497913742251534 42
421 0.1497601830877702 42.1
422 0.1497290623164875 42.2
423 0.1496977490470072 42.3
424 0.1496664633178287 42.40000000000001
425 0.1496351576344123 42.5
426 0.1496037811436258 42.6
427 0.149572184193521 42.7
428 0.1495403771875733 42.8
429 0.1495085614467989 42.90000000000001
430 0.1494763599058472 43
431 0.1494441754990032 43.1
432 0.1494117540304828 43.2
433 0.149379109864798 43.3
434 0.1493463787579168 43.40000000000001
435 0.1493137249437213 43.5
436 0.1492808700744654 43.6
437 0.1492479344328876 43.7
438 0.1492150857381888 43.8
439 0.1491824339286738 43.90000000000001
440 0.1491498738465821 44
441 0.1491170447286281 44.1
442 0.1490830299586491 44.2
443 0.1490496066440455 44.3
444 0.1490164885866087 44.40000000000001
445 0.1489836395605222 44.5
446 0.148950937021349 44.6
447 0.1489184021594351 44.7
448 0.1488864044761585 44.8
449 0.1488543860704279 44.90000000000001
450 0.1488232979883963 45
451 0.1487920723776364 45.1
452 0.1487606211581664 45.2
453 0.1487288820795002 45.3
454 0.1486968652414182 45.40000000000001
455 0.1486646389407065 45.5
456 0.1486321707918325 45.6
457 0.1485996667624696 45.7
458 0.1485669782646 45.8
459 0.1485342360764468 45.90000000000001
460 0.1485015160312381 46
461 0.1484692239663316 46.1
462 0.1484374825382734 46.2
463 0.1484057656477715 46.3
464 0.1483745155404551 46.40000000000001
465 0.1483438583549525 46.5
466 0.1483137752110124 46.6
467 0.1482840318257654 46.7
468 0.1482549003688089 46.8
469 0.1482259485960893 46.90000000000001
470 0.1481971773533496 47
471 0.1481686854154467 47.1
472 0.1481401030722802 47.2
473 0.1481114932529107 47.3
474 0.1480824037614696 47.40000000000001
475 0.1480531865553227 47.5
476 0.148023766566795 47.6
477 0.1479942158337836 47.7
478 0.1479643849840738 47.8
479 0.1479343815196402 47.90000000000001
480 0.147904302472566 48
481 0.1478739592289632 48.1
482 0.1478433897559414 48.2
483 0.1478126980974195 48.3
484 0.1477819124592386 48.40000000000001
485 0.1477511305061373 48.5
486 0.1477196588944863 48.6
487 0.1476881345757507 48.7
488 0.1476567293793698 48.8
489 0.1476251879290285 48.90000000000001
490 0.147593529575284 49
491 0.1475632636032104 49.1
492 0.1475329531758889 49.2
493 0.1475025242147642 49.3
494 0.1474719283073044 49.40000000000001
495 0.1474412348119843 49.5
496 0.1474104264102406 49.6
497 0.1473796583953267 49.7
498 0.1473487760079824 49.8
499 0.1473183349596901 49.90000000000001
500 0.1472876381328843 50
501 0.1472844838818364 50.01
502 0.147281321657412 50.02
503 0.1472781607844792 50.03
504 0.1472749729773779 50.04
505 0.1472716863382237 50.05
506 0.1472683234110246 50.06
507 0.1472648867548438 50.07
508 0.1472613728429926 50.08
509 0.1472577813490597 50.09
510 0.1472541121960533 50.1
511 0.1472502841548198 50.11
512 0.1472462885777837 50.12
513 0.1472420869500941 50.13
514 0.1472376569432467 50.14
515 0.1472329920241108 50.15
516 0.1472280935677146 50.16
517 0.1472229533394311 50.17
518 0.1472175685412949 50.18
519 0.1472119274204995 50.19
520 0.1472060386047297 50.2
521 0.1471998957080883 50.21
522 0.1471934982539138 50.22
523 0.1471868571040093 50.23
524 0.1471799745523418 50.24
525 0.1471728614925952 50.25
526 0.1471655191077013 50.26
527 0.1471579355001315 50.27
528 0.1471501179945285 50.28
529 0.1471420547713607 50.29
530 0.1471337325388292 50.3
531 0.1471251323220968 50.31
532 0.1471162340941502 50.32
533 0.1471070208272565 50.33
534 0.1470974733042645 50.34
535 0.147087573139408 50.35
536 0.1470773013070009 50.36
537 0.1470666298966754 50.37
538 0.1470555405872048 50.38
539 0.1470440141190884 50.39
540 0.147032029848959 50.4
541 0.1470195654919662 50.41
542 0.1470065995575922 50.42
543 0.1469931104031625 50.43
544 0.1469790761032448 50.44
545 0.1469644742307325 50.45
546 0.1469492832029596 50.46
547 0.1469334735180609 50.47
548 0.1469170344819696 50.48
549 0.1468999224970343 50.49
550 0.1468821084874579 50.5
551 0.146863557325638 50.51
552 0.1468442328400042 50.52
553 0.146824096930421 50.53
554 0.1468031027106302 50.54
555 0.1467812095105645 50.55
556 0.1467583698062274 50.56
557 0.1467369670493224 50.57
558 0.1467127852564696 50.58
559 0.1466867865604009 50.59
560 0.1466662730116409 50.6
561 0.1466507912459157 50.61
562 0.1466439594106533 50.62
563 0.1466886802174391 50.63
564 0.146750978867315 50.64
565 0.1471109750814508 50.65
566 0.1478837780718037 50.66
567 0.148906198686005 50.67
568 0.1499996476438461 50.68
569 0.1513722520940315 50.69
570 0.1530668853800785 50.7
571 0.1546893151678605 50.71
572 0.1559229477352836 50.72
573 0.1569953719724542 50.73
574 0.157799347274846 50.74
575 0.1580676927944404 50.75
576 0.1576459893830229 50.76
577 0.1569386335665304 50.77
578 0.1559826355401014 50.78
579 0.1548939469000071 50.79
580 0.1535170240714591 50.8
581 0.1517668385940238 50.81
582 0.1495816582017759 50.82
583 0.1468927987523667 50.83
584 0.1438075754374114 50.84
585 0.1404815336164641 50.85
586 0.1369812562213776 50.86
587 0.1333485881139973 50.87
588 0.1297992765476862 50.88
589 0.1264713063997202 50.89
590 0.1234282936835852 50.9
591 0.1206712331137275 50.91
592 0.1181249282659437 50.92
593 0.1155990811718179 50.93
594 0.113068764107522 50.94
595 0.1105342672108661 50.95
596 0.1079400734495407 50.96
597 0.1053290659287304 50.97
598 0.1027429288144234 50.98
599 0.1001959684249451 50.99
600 0.09769585868989172 51
601 0.09521941134547578 51.01
602 0.0927491977470347 51.02
603 0.09029911179037665 51.03
604 0.0878562187726868 51.04
605 0.08534455363144962 51.05
606 0.08268138328605429 51.06
607 0.07992832271591578 51.07
608 0.07724696877588524 51.08
609 0.07464799960165311 51.09
610 0.07216332613052555 51.1
611 0.06983700364384668 51.11
612 0.06766298086194739 51.12
613 0.06565071640423703 51.13
614 0.06380071517677011 51.14
615 0.06210335658146687 51.15
616 0.06055404343694493 51.16
617 0.0591464242604378 51.17
618 0.05787544004784453 51.18
619 0.05671636203554917 51.19
620 0.05564065316346146 51.2
621 0.05463989634762819 51.21
622 0.05372777198807945 51.22
623 0.0528820280669851 51.23
624 0.0520878324291205 51.24
625 0.05133365232324778 51.25
626 0.05060957913893578 51.26
627 0.04991122675790311 51.27
628 0.04923593441564662 51.28
629 0.04858506001564546 51.29
630 0.0479599090173971 51.3
631 0.04735790879858769 51.31
632 0.04678368172818306 51.32
633 0.04623643709944573 51.33
634 0.04572103121265583 51.34
635 0.04524600002454628 51.35
636 0.04481284094422796 51.36
637 0.04442522258465689 51.37
638 0.04408252348917239 51.38
639 0.04378027671905761 51.39
640 0.04351582489503139 51.4
641 0.04327446320442093 51.41
642 0.04306121253667708 51.42
643 0.04287238794788189 51.43
644 0.04270809396140546 51.44
645 0.04259606015368082 51.45
646 0.04253006422883002 51.46
647 0.04251972339995287 51.47
648 0.04255664778564425 51.48
649 0.04263404787689022 51.49
650 0.04274737355896994 51.5
651 0.04289951078033356 51.51
652 0.04307944733103173 51.52
653 0.04328639666563362 51.53
654 0.04351789440249428 51.54
655 0.04376884817902118 51.55
656 0.0440430122147951 51.56
657 0.04432985179185048 51.57
658 0.04463229255076057 51.58
659 0.04494794415036759 51.59
660 0.04527546978186971 51.6
661 0.04561815585163048 51.61
662 0.04597005734733067 51.62
663 0.04633338797253577 51.63
664 0.04670686528225736 51.64
665 0.0470911375370385 51.65
666 0.04748847902902245 51.66
667 0.0479002401720223 51.67
668 0.0483274394710103 51.68
669 0.04877017627031396 51.69
670 0.04922893739948192 51.7
671 0.04969711160977165 51.71
672 0.05017412523586744 51.72
673 0.05066172403010819 51.73
674 0.05116017918766405 51.74
675 0.05167661414117548 51.75
676 0.05220809302110604 51.76
677 0.05275050391679515 51.77
678 0.05330469017422101 51.78
679 0.05386637380186077 51.79
680 0.05442831083044834 51.8
681 0.05498128067273524 51.81
682 0.05551457291297174 51.82
683 0.05602879862802066 51.83
684 0.05652198106973757 51.84
685 0.05698747097302126 51.85
686 0.05741611542529296 51.86
687 0.05780198217476828 51.87
688 0.05814505015453512 51.88
689 0.05843609794926901 51.89
690 0.05865758256894057 51.9
691 0.05880353223360525 51.91
692 0.05885870375973581 51.92
693 0.05879999831626669 51.93
694 0.05861210110178132 51.94
695 0.05830702062445305 51.95
696 0.05790467070423558 51.96
697 0.05742013458030983 51.97
698 0.05686582954894977 51.98
699 0.05623591749463386 51.99
700 0.05554657570982472 52
701 0.05480160499970907 52.01
702 0.05399629943399853 52.02
703 0.05312019070758471 52.03
704 0.05222495025354461 52.04
705 0.05131858550538906 52.05
706 0.05041791010828429 52.06
707 0.04952228940874154 52.07
708 0.04864157130898303 52.08
709 0.04777382763317801 52.09
710 0.04690617867752487 52.1
711 0.04604180496390894 52.11
712 0.0451932981429892 52.12
713 0.04436226580103683 52.13
714 0.04354843420985597 52.14
715 0.04274838600926268 52.15
716 0.04197092075880066 52.16
717 0.04121437556215671 52.17
718 0.04047949017051487 52.18
719 0.0397654876775734 52.19
720 0.0390720865160348 52.2
721 0.03840024433400119 52.21
722 0.03774963290971339 52.22
723 0.03711977787743881 52.23
724 0.03651033522777727 52.24
725 0.03592109867230053 52.25
726 0.03535154955054474 52.26
727 0.03480184408478526 52.27
728 0.03427075800319894 52.28
729 0.03375426268324857 52.29
730 0.03324851026241012 52.3
731 0.03275186992456223 52.31
732 0.03226366809258852 52.32
733 0.03178126467004786 52.33
734 0.03130314328431599 52.34
735 0.03082680535110714 52.35
736 0.03034416228608026 52.36
737 0.02985350250582102 52.37
738 0.02935364582527552 52.38
739 0.02884516562507276 52.39
740 0.02832569861350462 52.4
741 0.02779464384857507 52.41
742 0.02725072037985627 52.42
743 0.02669064513427023 52.43
744 0.02613283649229214 52.44
745 0.02558852308114837 52.45
746 0.02506425242297053 52.46
747 0.02456373710584761 52.47
748 0.02408958569533953 52.48
749 0.02364340756721544 52.49
750 0.02322120850969386 52.5
751 0.02282207894952472 52.51
752 0.02244423194856055 52.52
753 0.02208687248801194 52.53
754 0.02174979673042306 52.54
755 0.02143245204896156 52.55
756 0.02113357941154571 52.56
757 0.02085068641717714 52.57
758 0.02058322827589439 52.58
759 0.02033036401045083 52.59
760 0.02009210354797178 52.6
761 0.01986773879434039 52.61
762 0.0196566965128767 52.62
763 0.01945857877387894 52.63
764 0.01927271967434444 52.64
765 0.01909924229169193 52.65
766 0.0189374888673727 52.66
767 0.01878728921655424 52.67
768 0.01864806011316914 52.68
769 0.0185191655364342 52.69
770 0.0184000074885037 52.7
771 0.01829037205359518 52.71
772 0.01818984994407822 52.72
773 0.01809783701565028 52.73
774 0.01801385433643779 52.74
775 0.01793743498443785 52.75
776 0.01786825482085578 52.76
777 0.01780581818831135 52.77
778 0.01774969720908945 52.78
779 0.01769949521751231 52.79
780 0.01765496493501706 52.8
781 0.0176156947185301 52.81
782 0.01758137376227302 52.82
783 0.01755158270160333 52.83
784 0.01752621460530387 52.84
785 0.01750522135379609 52.85
786 0.01748832839348256 52.86
787 0.01747566165447106 52.87
788 0.01746684280825745 52.88
789 0.01746161265609078 52.89
790 0.01746211698706394 52.9
791 0.01746611328102547 52.91
792 0.01747110104397338 52.92
793 0.01748223134523957 52.93
794 0.01749693887592601 52.94
795 0.01751532101463189 52.95
796 0.01753706545884064 52.96
797 0.01756260497775115 52.97
798 0.01759237594490124 52.98
799 0.0176259634649595 52.99
800 0.01766055060840787 53
801 0.01770207992816952 53.01
802 0.01774761878430301 53.02
803 0.01779428784940804 53.03
804 0.01784835847378309 53.04
805 0.01790358420310928 53.05
806 0.01796648484995751 53.06
807 0.01803360929724578 53.07
808 0.01810531809778222 53.08
809 0.01817832041387846 53.09
810 0.0182594250935002 53.1
811 0.01834553359502794 53.11
812 0.01843631492676391 53.12
813 0.01852877394232291 53.13
814 0.01862947439800328 53.14
815 0.01873476660072846 53.15
816 0.01884522000994146 53.16
817 0.0189572767790703 53.17
818 0.01907451506298906 53.18
819 0.01919695102408033 53.19
820 0.01932456919765326 53.2
821 0.01945730269627358 53.21
822 0.01959512603912366 53.22
823 0.01973801139019885 53.23
824 0.01988566229079601 53.24
825 0.02003802871598435 53.25
826 0.02019502358861195 53.26
827 0.02035651526450306 53.27
828 0.02052249156515033 53.28
829 0.0206929752284442 53.29
830 0.02086872556191521 53.3
831 0.02104776407629983 53.31
832 0.02123102737211362 53.32
833 0.02141821547176124 53.33
834 0.0216098485110406 53.34
835 0.02180470002892036 53.35
836 0.02200414034408579 53.36
837 0.02220708617863515 53.37
838 0.02241421843276188 53.38
839 0.02262464026119652 53.39
840 0.02283667192127636 53.4
841 0.02305001020774249 53.41
842 0.0232625052344984 53.42
843 0.02347305634090037 53.43
844 0.02368060868576126 53.44
845 0.02388439726095136 53.45
846 0.02408462107100791 53.46
847 0.02428192486443782 53.47
848 0.02447697452211747 53.48
849 0.02467098722666049 53.49
850 0.02486499486632678 53.5
851 0.02505982936605475 53.51
852 0.02525435644316367 53.52
853 0.02544973591770452 53.53
854 0.02564633135471853 53.54
855 0.0258425759296564 53.55
856 0.02603531776632398 53.56
857 0.02622048972199468 53.57
858 0.02639930734594169 53.58
859 0.02656690774810686 53.59
860 0.02672556603093881 53.6
861 0.02687086795150711 53.61
862 0.02699768079734671 53.62
863 0.02710150319006168 53.63
864 0.02718093570927121 53.64
865 0.02723672628682176 53.65
866 0.02726645257302184 53.66
867 0.0272674166771188 53.67
868 0.02724102220237811 53.68
869 0.02718638771050066 53.69
870 0.02710443649610238 53.7
871 0.02699677162263462 53.71
872 0.0268611956671742 53.72
873 0.02670565439120326 53.73
874 0.02653031778390288 53.74
875 0.02633790536546113 53.75
876 0.02612804927542497 53.76
877 0.02590312156836598 53.77
878 0.02566459584382583 53.78
879 0.02541370111964612 53.79
880 0.02514926132238627 53.8
881 0.02487886403702898 53.81
882 0.02460291408485446 53.82
883 0.02432139108319951 53.83
884 0.02403276968573765 53.84
885 0.02374013566528716 53.85
886 0.02344554145939149 53.86
887 0.02314917989980723 53.87
888 0.02285208670630826 53.88
889 0.02255531365831721 53.89
890 0.02225971289678249 53.9
891 0.02196642649303462 53.91
892 0.0216781306135912 53.92
893 0.02139536203421909 53.93
894 0.02111924019877561 53.94
895 0.02085075616117183 53.95
896 0.02059127307057977 53.96
897 0.02034144764743036 53.97
898 0.02010226670882424 53.98
899 0.0198745785550597 53.99
900 0.01965923797967594 54
901 0.01945653398948761 54.01
902 0.01926694197594809 54.02
903 0.01909087358376605 54.03
904 0.0189283181723724 54.04
905 0.01877960948576214 54.05
906 0.01864502406110447 54.06
907 0.01852495170487611 54.07
908 0.01841900124194152 54.08
909 0.01832768248455926 54.09
910 0.01825105797286327 54.1
911 0.01818794682637578 54.11
912 0.01813876422443669 54.12
913 0.01810398346774013 54.13
914 0.01808243908255656 54.14
915 0.01807454006509866 54.15
916 0.01807985657071079 54.16
917 0.01809818474945363 54.17
918 0.01812941971049058 54.18
919 0.01817312482885024 54.19
920 0.01822944805901387 54.2
921 0.0182982250234178 54.21
922 0.01837995004274842 54.22
923 0.01847339193241449 54.23
924 0.01857856695845585 54.24
925 0.01869494529872669 54.25
926 0.01882216630119078 54.26
927 0.01896032498366893 54.27
928 0.01910953251754833 54.28
929 0.01926922283438184 54.29
930 0.01943905601873687 54.3
931 0.0196182438611339 54.31
932 0.01980652438296202 54.32
933 0.02000343282563667 54.33
934 0.02020876954632755 54.34
935 0.02042091713201561 54.35
936 0.02063925839710209 54.36
937 0.02086310232207722 54.37
938 0.02109183333886035 54.38
939 0.02132482345519043 54.39
940 0.02156112770109848 54.4
941 0.02179952660187596 54.41
942 0.02203883759198077 54.42
943 0.02227793678506559 54.43
944 0.02251583104326089 54.44
945 0.02275083777250852 54.45
946 0.0229827951213834 54.46
947 0.02321100786530015 54.47
948 0.02343424011279169 54.48
949 0.02365093763510521 54.49
950 0.02385974811048733 54.5
951 0.02406064496123256 54.51
952 0.02425229368305038 54.52
953 0.02443306702110631 54.53
954 0.02459940443692937 54.54
955 0.02475246291998191 54.55
956 0.02489039031410755 54.56
957 0.02501376250788774 54.57
958 0.02511913268068543 54.58
959 0.02520449326217414 54.59
960 0.02526819233870555 54.6
961 0.02530981081944393 54.61
962 0.0253276459755269 54.62
963 0.025320699557723 54.63
964 0.02529242309624135 54.64
965 0.02524027664020197 54.65
966 0.02516302816063896 54.66
967 0.02506358308887412 54.67
968 0.02494529341674442 54.68
969 0.02480594524471197 54.69
970 0.02464512206342694 54.7
971 0.02446433114795131 54.71
972 0.02426613280408094 54.72
973 0.02405151241634437 54.73
974 0.02382236876546896 54.74
975 0.02357939731803256 54.75
976 0.02332656861474424 54.76
977 0.02306526506176943 54.77
978 0.02279317245251723 54.78
979 0.02251864441979905 54.79
980 0.02224130411128053 54.8
981 0.0219620474644802 54.81
982 0.02168233129259321 54.82
983 0.02140363919605692 54.83
984 0.02112730090484993 54.84
985 0.02085533351286343 54.85
986 0.02058864907798141 54.86
987 0.02032847288731629 54.87
988 0.02007602994039014 54.88
989 0.0198323892779163 54.89
990 0.01959845070258779 54.9
991 0.0193748848773281 54.91
992 0.01916237338135841 54.92
993 0.01896129923556967 54.93
994 0.01877262089928254 54.94
995 0.01859615613819691 54.95
996 0.01843224782032578 54.96
997 0.01828126604165444 54.97
998 0.01814344950896303 54.98
999 0.01802018051328741 54.99
1000 0.01790994152527963 55
1001 0.01781416689082325 55.01
1002 0.01773228219922276 55.02
1003 0.01766500261682677 55.03
1004 0.01761201923225502 55.04
1005 0.01757329804376474 55.05
1006 0.0175491712547685 55.06
1007 0.01753903856000062 55.07
1008 0.01754264860781431 55.08
1009 0.01756047588283704 55.09
1010 0.01759206096997824 55.1
1011 0.0176370270994361 55.11
1012 0.01769508267533481 55.12
1013 0.01776613438622323 55.13
1014 0.01785009081995604 55.14
1015 0.01794670425387569 55.15
1016 0.0180551687466275 55.16
1017 0.01817522165066278 55.17
1018 0.01830575875344321 55.18
1019 0.01844686286642882 55.19
1020 0.01859801280963097 55.2
1021 0.01875863686546188 55.21
1022 0.01892860720758033 55.22
1023 0.01910618074138391 55.23
1024 0.0192908905059568 55.24
1025 0.01948238577806431 55.25
1026 0.01968043496431854 55.26
1027 0.01988418697408518 55.27
1028 0.02009279696976267 55.28
1029 0.02030515194255362 55.29
1030 0.02052001370154072 55.3
1031 0.02073622356433295 55.31
1032 0.02095264387816332 55.32
1033 0.02116824736112678 55.33
1034 0.02138208139466672 55.34
1035 0.0215928822785189 55.35
1036 0.02179988664566255 55.36
1037 0.02200243144016366 55.37
1038 0.02219960363522811 55.38
1039 0.02239066948516011 55.39
1040 0.02257427171737819 55.4
1041 0.02274798689719521 55.41
1042 0.02291144305683461 55.42
1043 0.0230627885365048 55.43
1044 0.02319896403513911 55.44
1045 0.02332144935591643 55.45
1046 0.02342805764573941 55.46
1047 0.02351653936096139 55.47
1048 0.02358562098365051 55.48
1049 0.02363411323893713 55.49
1050 0.02366081798140472 55.5
1051 0.02366636150655242 55.51
1052 0.02365001832893338 55.52
1053 0.02360982584012183 55.53
1054 0.02355086062441596 55.54
1055 0.02347141560795895 55.55
1056 0.02337039339715081 55.56
1057 0.02324847920185015 55.57
1058 0.02310738754023124 55.58
1059 0.02294911328121155 55.59
1060 0.0227731370978234 55.6
1061 0.02258337688915571 55.61
1062 0.02238084210571602 55.62
1063 0.02216663226827715 55.63
1064 0.02194200712116391 55.64
1065 0.02170864480946974 55.65
1066 0.02146818728173812 55.66
1067 0.02122240115606553 55.67
1068 0.02097357459541398 55.68
1069 0.02072130431516016 55.69
1070 0.02047054333432117 55.7
1071 0.02022304277329503 55.71
1072 0.01997947648508661 55.72
1073 0.01974115406158732 55.73
1074 0.01950935888224074 55.74
1075 0.01928519592920774 55.75
1076 0.01906966176355365 55.76
1077 0.01886364991946345 55.77
1078 0.01866746458986221 55.78
1079 0.01848232510539339 55.79
1080 0.01830886812338591 55.8
1081 0.01814789020537731 55.81
1082 0.01799902016230554 55.82
1083 0.01786267962008289 55.83
1084 0.01773951893252798 55.84
1085 0.017630205456604 55.85
1086 0.01753477405097478 55.86
1087 0.01745363103434926 55.87
1088 0.01738641534836794 55.88
1089 0.01733364850492306 55.89
1090 0.01729509441188707 55.9
1091 0.01727053279285046 55.91
1092 0.01725988197751026 55.92
1093 0.01726313454637293 55.93
1094 0.01728047000212527 55.94
1095 0.01731091529537803 55.95
1096 0.0173541230714561 55.96
1097 0.01741042112320465 55.97
1098 0.01747943403955732 55.98
1099 0.0175604458823005 55.99
1100 0.01765316627561122 56
1101 0.01775770556970717 56.01
1102 0.01787293048214374 56.02
1103 0.01799849506278145 56.03
1104 0.01813363945648811 56.04
1105 0.01827806417191549 56.05
1106 0.0184306221628589 56.06
1107 0.01859079528238466 56.07
1108 0.01875800870832338 56.08
1109 0.01893181450710649 56.09
1110 0.01911157264861987 56.1
1111 0.01929631637864156 56.11
1112 0.01948503647089047 56.12
1113 0.01967689551165715 56.13
1114 0.01987058173751906 56.14
1115 0.02006484417017434 56.15
1116 0.02025874477236018 56.16
1117 0.02045124424450894 56.17
1118 0.0206413282555124 56.18
1119 0.02082810626037498 56.19
1120 0.02101051062328171 56.2
1121 0.0211874264534227 56.21
1122 0.02135786584804912 56.22
1123 0.02152085836924085 56.23
1124 0.02167501268514605 56.24
1125 0.02181833629538699 56.25
1126 0.02195201439325153 56.26
1127 0.02207348429457682 56.27
1128 0.0221814433566324 56.28
1129 0.02227464671887047 56.29
1130 0.02235115457102867 56.3
1131 0.02240957607896606 56.31
1132 0.02245016872795643 56.32
1133 0.02246947236928265 56.33
1134 0.02247216359029564 56.34
1135 0.0224560863075604 56.35
1136 0.022420329635132 56.36
1137 0.02236507020257572 56.37
1138 0.02228877049632495 56.38
1139 0.02219344632909548 56.39
1140 0.02208084728315238 56.4
1141 0.02195241352062954 56.41
1142 0.02180782018140166 56.42
1143 0.02164802199966367 56.43
1144 0.02147442757826076 56.44
1145 0.02128857319938834 56.45
1146 0.02109208567758834 56.46
1147 0.02088699265372753 56.47
1148 0.02067505544788404 56.48
1149 0.02045814243302733 56.49
1150 0.02023812091090214 56.5
1151 0.02001679423595401 56.51
1152 0.01979604494993084 56.52
1153 0.01957739265440754 56.53
1154 0.01936195593509693 56.54
1155 0.01915249874601704 56.55
1156 0.01895024652090878 56.56
1157 0.0187565068334855 56.57
1158 0.01857188779098557 56.58
1159 0.01839719579805981 56.59
1160 0.01823370432432544 56.6
1161 0.01808180647976114 56.61
1162 0.01794224139727198 56.62
1163 0.0178155061850295 56.63
1164 0.01770187437225794 56.64
1165 0.01760168315425638 56.65
1166 0.01751507776466431 56.66
1167 0.01744213705584383 56.67
1168 0.01738293055566581 56.68
1169 0.01733749893882277 56.69
1170 0.01730565326475715 56.7
1171 0.01728740310254231 56.71
1172 0.01728273504431856 56.72
1173 0.01729133211789325 56.73
1174 0.01731275432572999 56.74
1175 0.01734698147650248 56.75
1176 0.0173936330848006 56.76
1177 0.01745259680817409 56.77
1178 0.01752306054769033 56.78
1179 0.01760491102629846 56.79
1180 0.01769741644290523 56.8
1181 0.01780015569604226 56.81
1182 0.01791314678593054 56.82
1183 0.01803525099360505 56.83
1184 0.01816611725701847 56.84
1185 0.01830498399312402 56.85
1186 0.01845141224513076 56.86
1187 0.0186045371831119 56.87
1188 0.01876367390293842 56.88
1189 0.01892784718668272 56.89
1190 0.01909628084812706 56.9
1191 0.01926813772979494 56.91
1192 0.01944227734161454 56.92
1193 0.01961757849867566 56.93
1194 0.01979289985904684 56.94
1195 0.0199672777246666 56.95
1196 0.02013964810437156 56.96
1197 0.02030916028472688 56.97
1198 0.02047463894684393 56.98
1199 0.02063470317867686 56.99
1200 0.02078820382966867 57
1201 0.02093453518391844 57.01
1202 0.02107178666679495 57.02
1203 0.02120074690407466 57.03
1204 0.02131973114956476 57.04
1205 0.0214269331640604 57.05
1206 0.02152148745796727 57.06
1207 0.02160073294329626 57.07
1208 0.02166693591359893 57.08
1209 0.02171749937373817 57.09
1210 0.02175258372009799 57.1
1211 0.02177153765668552 57.11
1212 0.02177328308289325 57.12
1213 0.0217574705018015 57.13
1214 0.02172304880321518 57.14
1215 0.0216717020835715 57.15
1216 0.0216034438382861 57.16
1217 0.02151834590219706 57.17
1218 0.02141677922978422 57.18
1219 0.02129981146095344 57.19
1220 0.02116812085127652 57.2
1221 0.02102290940606137 57.21
1222 0.02086560132190098 57.22
1223 0.02069774341459959 57.23
1224 0.02052087475357892 57.24
1225 0.02033677408490278 57.25
1226 0.02014733298905862 57.26
1227 0.01995449039269457 57.27
1228 0.01976018998105796 57.28
1229 0.01956625365562201 57.29
1230 0.019374648324038 57.3
1231 0.01918707310979835 57.31
1232 0.01900504895918944 57.32
1233 0.01883014433662475 57.33
1234 0.01866344345397597 57.34
1235 0.01850610177585787 57.35
1236 0.01835906385694166 57.36
1237 0.01822300568000184 57.37
1238 0.01809855684599043 57.38
1239 0.01798619073049791 57.39
1240 0.0178863427718375 57.4
1241 0.01779938831352934 57.41
1242 0.01772552857875929 57.42
1243 0.01766486035397368 57.43
1244 0.01761740804013832 57.44
1245 0.01758335966681114 57.45
1246 0.01756262395458184 57.46
1247 0.01755500447730047 57.47
1248 0.01755984367564061 57.48
1249 0.01757708680702413 57.49
1250 0.01760672989103506 57.5
1251 0.01764855815592503 57.51
1252 0.0177024070218468 57.52
1253 0.01776734252361093 57.53
1254 0.01784301522623778 57.54
1255 0.01792887928772715 57.55
1256 0.01802482376612816 57.56
1257 0.01813057127897066 57.57
1258 0.01824521772048942 57.58
1259 0.01836805924512118 57.59
1260 0.01849836237400997 57.6
1261 0.01863549120453955 57.61
1262 0.01877886146046196 57.62
1263 0.01892763505020309 57.63
1264 0.01908091838421162 57.64
1265 0.01923769143552438 57.65
1266 0.01939688457234684 57.66
1267 0.01955738387133393 57.67
1268 0.01971809182428663 57.68
1269 0.01987791782900221 57.69
1270 0.02003582653300705 57.7
1271 0.02019071101049807 57.71
1272 0.02034146616089753 57.72
1273 0.02048703937734743 57.73
1274 0.0206255370829897 57.74
1275 0.02075679151097091 57.75
1276 0.02088002180446791 57.76
1277 0.0209950200105485 57.77
1278 0.02110075326811175 57.78
1279 0.0211954637629331 57.79
1280 0.02127835251397628 57.8
1281 0.02134745019505138 57.81
1282 0.02140326822808826 57.82
1283 0.02144472380427629 57.83
1284 0.0214720300929292 57.84
1285 0.02148385272632336 57.85
1286 0.02148028624576882 57.86
1287 0.02146145546908157 57.87
1288 0.02142616928560395 57.88
1289 0.02137401835139809 57.89
1290 0.02130554279135589 57.9
1291 0.02122167951988417 57.91
1292 0.02112361807713256 57.92
1293 0.02101182853518705 57.93
1294 0.02088733294013111 57.94
1295 0.02075125986336384 57.95
1296 0.02060503414388656 57.96
1297 0.02045027848751193 57.97
1298 0.02028867192941644 57.98
1299 0.02012188219605834 57.99
1300 0.0199508226301404 58
1301 0.01977958840949205 58.01
1302 0.01960937952445475 58.02
1303 0.01944188633555184 58.03
1304 0.01927863069424013 58.04
1305 0.01912102759319372 58.05
1306 0.0189705048545616 58.06
1307 0.01882799285299624 58.07
1308 0.01869448877918448 58.08
1309 0.01857088136967467 58.09
1310 0.01845798699889904 58.1
1311 0.01835642030754343 58.11
1312 0.01826664039371515 58.12
1313 0.01818945729407795 58.13
1314 0.01812467938000475 58.14
1315 0.01807263300405632 58.15
1316 0.01803345757540575 58.16
1317 0.01800714948619383 58.17
1318 0.01799412269102081 58.18
1319 0.01799373393037127 58.19
1320 0.0180059963373185 58.2
1321 0.01803034640661092 58.21
1322 0.01806664772052028 58.22
1323 0.0181145697535661 58.23
1324 0.01817360196113029 58.24
1325 0.01824347644947613 58.25
1326 0.01832326412031538 58.26
1327 0.01841261955900077 58.27
1328 0.01851111495790947 58.28
1329 0.01861794879598775 58.29
1330 0.0187324488203949 58.3
1331 0.01885443528762302 58.31
1332 0.01898326177328269 58.32
1333 0.01911721834742278 58.33
1334 0.01925562013515579 58.34
1335 0.01939776607345431 58.35
1336 0.01954283182715503 58.36
1337 0.01968977697859283 58.37
1338 0.01983745208000606 58.38
1339 0.01998477264575051 58.39
1340 0.02013065875045028 58.4
1341 0.02027404077861734 58.41
1342 0.02041342707769202 58.42
1343 0.02054774760803954 58.43
1344 0.02067740655490487 58.44
1345 0.02080104381924395 58.45
1346 0.02091689510061543 58.46
1347 0.02102434241488032 58.47
1348 0.02112231157227703 58.48
1349 0.0212102566253886 58.49
1350 0.0212871430705417 58.5
1351 0.02135188272546884 58.51
1352 0.0214038242889532 58.52
1353 0.02144198905807261 58.53
1354 0.02146501288435077 58.54
1355 0.02147469559191017 58.55
1356 0.0214700006689059 58.56
1357 0.02144964692180922 58.57
1358 0.0214135706746907 58.58
1359 0.0213624124245795 58.59
1360 0.02129661924593045 58.6
1361 0.02121739304432031 58.61
1362 0.02112508856476173 58.62
1363 0.02102091504084082 58.63
1364 0.0209058605118555 58.64
1365 0.02078092295568362 58.65
1366 0.02064812487425323 58.66
1367 0.02050855911567223 58.67
1368 0.0203639374661032 58.68
1369 0.02021604845151361 58.69
1370 0.02006675986405696 58.7
1371 0.01991791404991253 58.71
1372 0.01977126310291114 58.72
1373 0.01962838806128791 58.73
1374 0.0194907774238177 58.74
1375 0.01935981803275075 58.75
1376 0.01923660049907364 58.76
1377 0.01912213479169331 58.77
1378 0.0190174392498462 58.78
1379 0.01892319651950075 58.79
1380 0.0188398955541499 58.8
1381 0.01876817643546234 58.81
1382 0.01870842751033929 58.82
1383 0.01866090946220254 58.83
1384 0.01862575579235842 58.84
1385 0.01860300957004672 58.85
1386 0.01859287627735443 58.86
1387 0.0185951078723205 58.87
1388 0.01860928279716071 58.88
1389 0.0186355449379546 58.89
1390 0.01867324837145213 58.9
1391 0.01872162251371645 58.91
1392 0.01878088313687489 58.92
1393 0.01885034404857582 58.93
1394 0.0189293508559585 58.94
1395 0.01901729414082823 58.95
1396 0.01911358510258712 58.96
1397 0.01921768241934126 58.97
1398 0.01932870955247692 58.98
1399 0.01944590006760078 58.99
1400 0.01956863235302413 59
1401 0.01969599762026083 59.01
1402 0.01982725804127685 59.02
1403 0.01996127442030937 59.03
1404 0.02009690917291813 59.04
1405 0.02023310078864408 59.05
1406 0.02036868258785046 59.06
1407 0.02050259629253798 59.07
1408 0.02063396982394236 59.08
1409 0.02076170898798775 59.09
1410 0.02088473501553981 59.1
1411 0.02100227951156558 59.11
1412 0.02111337900853642 59.12
1413 0.02121707167323379 59.13
1414 0.02131234464574235 59.14
1415 0.02139796930046977 59.15
1416 0.02147277299696045 59.16
1417 0.02153663546519795 59.17
1418 0.02158829059221699 59.18
1419 0.02162776551729483 59.19
1420 0.02165583908203381 59.2
1421 0.02167033368162451 59.21
1422 0.02167122946712394 59.22
1423 0.0216579685349898 59.23
1424 0.02163017526292841 59.24
1425 0.02158905585590893 59.25
1426 0.02153470799793186 59.26
1427 0.02146685543698231 59.27
1428 0.02138705769058968 59.28
1429 0.02129582614926152 59.29
1430 0.02119488213030092 59.3
1431 0.02108532442882266 59.31
1432 0.02096833231689656 59.32
1433 0.02084484712761396 59.33
1434 0.0207172653237364 59.34
1435 0.02058750559520327 59.35
1436 0.02045738122187739 59.36
1437 0.02032861200455718 59.37
1438 0.02020280927314492 59.38
1439 0.020081417253598 59.39
1440 0.01996579658827891 59.4
1441 0.01985707097323956 59.41
1442 0.01975633748615582 59.42
1443 0.01966469751339828 59.43
1444 0.01958317219258606 59.44
1445 0.01951214428391648 59.45
1446 0.01945221014746614 59.46
1447 0.01940384204175967 59.47
1448 0.01936731780140131 59.48
1449 0.01934277708102381 59.49
1450 0.0193303967033691 59.5
1451 0.0193299450131537 59.51
1452 0.0193410864837829 59.52
1453 0.01936371867702056 59.53
1454 0.01939765610538711 59.54
1455 0.01944290896245746 59.55
1456 0.01949869163424392 59.56
1457 0.019563908643693 59.57
1458 0.01963841869667539 59.58
1459 0.0197216435386841 59.59
1460 0.0198128993069663 59.6
1461 0.01991144157244147 59.61
1462 0.02001658743185522 59.62
1463 0.02012732106602627 59.63
1464 0.02024286631620484 59.64
1465 0.020362293833143 59.65
1466 0.02048494364027601 59.66
1467 0.02060948797508767 59.67
1468 0.02073489491378509 59.68
1469 0.02086009543177831 59.69
1470 0.02098398009051831 59.7
1471 0.02110542939100343 59.71
1472 0.02122350433778232 59.72
1473 0.02133722421758944 59.73
1474 0.02144543569892863 59.74
1475 0.02154740936603194 59.75
1476 0.02164223404587304 59.76
1477 0.02172911676071618 59.77
1478 0.02180693422187705 59.78
1479 0.0218743352640126 59.79
1480 0.02193188576578494 59.8
1481 0.02197851887524288 59.81
1482 0.02201328334600823 59.82
1483 0.02203551792496392 59.83
1484 0.02204518090991906 59.84
1485 0.02204193080937137 59.85
1486 0.02202589896784612 59.86
1487 0.02199675435981183 59.87
1488 0.02195497230119384 59.88
1489 0.0219009127176906 59.89
1490 0.02183562588415149 59.9
1491 0.02176013869633798 59.91
1492 0.02167517066614551 59.92
1493 0.02158210129681658 59.93
1494 0.02148075001724527 59.94
1495 0.02137454546117416 59.95
1496 0.02126494998431057 59.96
1497 0.02115361735751878 59.97
1498 0.02104219645648563 59.98
1499 0.02093230688554479 59.99
1500 0.02082541331312929 60
