"pressao-porta-rfile"
"Time Step" "pressao-porta etc.."
("Time Step" "pressao-porta" "flow-time")
0 -791.948102189942 0
1 40166.86799065326 0.1
2 -15839.56906289444 0.2
3 -39933.92128835362 0.3
4 -47654.62532644863 0.4
5 -50345.92139512431 0.5
6 -52103.00174570575 0.6000000000000001
7 -53210.11739365322 0.7000000000000001
8 -51402.15928714786 0.8
9 -46401.84743126239 0.9
10 -39040.27599836141 1
11 -30743.56021788329 1.1
12 -22373.13605610025 1.2
13 -11617.86589091195 1.3
14 -2786.535292656169 1.4
15 8144.197302057246 1.5
16 17804.1681709643 1.6
17 25259.48153426244 1.7
18 30542.76084193879 1.8
19 35080.38080551051 1.9
20 37278.99138803382 2
21 37438.09601549031 2.1
22 36016.05560743648 2.2
23 33628.45613400135 2.3
24 31052.34085566717 2.4
25 27426.46326026618 2.5
26 23756.45093227931 2.6
27 20067.07461268534 2.7
28 16212.9431835792 2.8
29 12639.21474323896 2.9
30 9420.64801235736 3
31 6464.63624542453 3.1
32 3843.111065901845 3.2
33 1643.818275320447 3.3
34 -56.88616197927907 3.4
35 -1194.618267756341 3.5
36 -1717.641496125644 3.6
37 -1570.533111102622 3.7
38 -705.668560782088 3.8
39 914.373533981577 3.9
40 3305.067980151347 4
41 6448.388172955929 4.100000000000001
42 10302.54426035675 4.2
43 14785.83096067143 4.3
44 19774.25912408396 4.4
45 25120.05709310079 4.5
46 30657.49931516603 4.600000000000001
47 36202.57834107532 4.7
48 41583.02894251712 4.800000000000001
49 46647.65810625492 4.9
50 51261.57204091168 5
51 55321.38904229643 5.100000000000001
52 58759.77083103071 5.2
53 61541.78519099643 5.300000000000001
54 63664.75890065936 5.4
55 65158.89888511836 5.5
56 66065.56840188392 5.600000000000001
57 66445.73935040242 5.7
58 66370.76247823483 5.800000000000001
59 65904.89187219169 5.9
60 65125.8330260538 6
61 64089.47206642545 6.100000000000001
62 62864.5946857258 6.2
63 61499.22279563094 6.300000000000001
64 60047.13294288226 6.4
65 58545.59799472824 6.5
66 57043.523483237 6.600000000000001
67 55579.77541986087 6.7
68 54190.51591610038 6.800000000000001
69 52903.69257805634 6.9
70 51754.50576767427 7
71 50781.42468261415 7.100000000000001
72 50004.46081348586 7.2
73 49454.86706870588 7.300000000000001
74 49151.3181226719 7.4
75 49108.17984465956 7.5
76 49339.87586915301 7.600000000000001
77 49856.96108432271 7.7
78 50657.55831572256 7.800000000000001
79 51736.07614146014 7.9
80 53084.69880977149 8
81 54682.94456247181 8.1
82 56491.64229034497 8.200000000000001
83 58479.76607337401 8.300000000000001
84 60605.02567198955 8.4
85 62817.36158413142 8.5
86 65063.7616276012 8.6
87 67298.81946003003 8.700000000000001
88 69471.19936577987 8.800000000000001
89 71539.20756188295 8.9
90 73467.79222362097 9
91 75230.1726280435 9.1
92 76814.45463079978 9.200000000000001
93 78211.23206196865 9.300000000000001
94 79419.06615984745 9.4
95 80320.66806631569 9.5
96 80304.35921535525 9.600000000000001
97 81280.47084478106 9.700000000000001
98 81878.54658284735 9.800000000000001
99 81752.82672459126 9.9
100 82403.36121865669 10
101 82727.8961591386 10.1
102 82503.13919812434 10.2
103 82844.068838484 10.3
104 82604.93898861452 10.4
105 82828.5443410536 10.5
106 82558.48780156329 10.6
107 82701.67279170229 10.7
108 82406.97191916387 10.8
109 82490.79531307418 10.9
110 82178.67437866895 11
111 82216.36387285052 11.1
112 81893.08344681628 11.2
113 81898.28522475858 11.3
114 81566.53145709826 11.4
115 81545.74488697354 11.5
116 81209.00311254301 11.6
117 81176.5999639112 11.7
118 80841.65603773593 11.8
119 80805.62586755198 11.9
120 80478.41824732887 12
121 80445.56073067787 12.1
122 80128.25688410481 12.2
123 80113.09837536862 12.3
124 79811.45885544176 12.4
125 79818.57572328005 12.5
126 79532.92992227076 12.6
127 79574.26866171601 12.7
128 79313.99445681355 12.8
129 79401.29860288819 12.9
130 79170.53915843435 13
131 79322.21113661132 13.1
132 79126.74031116828 13.2
133 79346.39743178645 13.3
134 79187.82743135205 13.4
135 79490.65408855064 13.5
136 79373.71321955386 13.6
137 79770.86985375288 13.7
138 79696.98792379379 13.8
139 80191.79668240936 13.9
140 80160.02825828237 14
141 80746.32227688609 14.1
142 80752.68067067956 14.2
143 81420.11309941352 14.3
144 81457.11358953282 14.4
145 82196.01871878622 14.5
146 82261.53463403598 14.6
147 83048.87472398368 14.7
148 83129.91815501409 14.8
149 83942.69075214033 14.9
150 84028.35272713157 15
151 84847.93808772559 15.1
152 84929.47455896321 15.2
153 85728.16050091817 15.3
154 85795.77406990358 15.4
155 86550.47580197167 15.5
156 86596.95484831477 15.6
157 87292.06092925802 15.7
158 87313.39005119752 15.8
159 87933.93918476238 15.9
160 87925.54281954122 16
161 88469.64446153304 16.1
162 88432.07676422516 16.2
163 88896.36258144221 16.3
164 88828.19884902865 16.4
165 89215.92368417008 16.5
166 89124.90054842379 16.6
167 89451.11656881192 16.7
168 89342.88383263498 16.8
169 89624.93590352558 16.9
170 89510.17531049256 17
171 89770.82052102002 17.1
172 89654.73717225702 17.2
173 89914.68852387466 17.3
174 89805.20281606597 17.4
175 90562.1607553442 17.5
176 90199.67137387056 17.6
177 90720.50765438894 17.7
178 90697.55284495075 17.8
179 91238.58621092892 17.9
180 91233.23056844936 18
181 91805.23864155311 18.1
182 91818.59921252615 18.2
183 92427.73529866262 18.3
184 92451.26840503053 18.4
185 93082.10877767575 18.5
186 93109.37167270121 18.6
187 93745.92153695796 18.7
188 93776.62992026898 18.8
189 94996.58825912983 18.9
190 95053.34602971903 19
191 95044.97988358217 19.1
192 95624.69420592141 19.2
193 95583.33099508361 19.3
194 95982.94048599304 19.4
195 95894.02020581417 19.5
196 96152.75468969224 19.6
197 96024.64407398798 19.7
198 96175.1764045149 19.8
199 96017.43046112296 19.9
200 96095.24558661861 20
201 95922.25555798589 20.1
202 96239.27717448947 20.2
203 96529.7770762312 20.3
204 97724.42363382061 20.4
205 99817.48850114536 20.5
206 101743.9716301499 20.6
207 102267.8505046013 20.7
208 101502.4716016954 20.8
209 100872.547392095 20.9
210 101940.3843721043 21
211 104608.0622008343 21.1
212 106770.6606959596 21.2
213 107568.2796699175 21.3
214 106386.4227211771 21.4
215 104737.2160595784 21.5
216 106520.3983333587 21.6
217 109792.3696767346 21.7
218 111748.5131480241 21.8
219 110925.0639888739 21.9
220 108432.633627264 22
221 108929.775250956 22.1
222 112303.6389860867 22.2
223 114508.9403512882 22.3
224 114276.6058121532 22.4
225 111618.6823779472 22.5
226 110350.3968518412 22.6
227 113529.0223384429 22.7
228 116070.914713007 22.8
229 116347.6066944246 22.9
230 116035.5188248901 23
231 113693.5269294156 23.1
232 111912.2451620544 23.2
233 114789.4061189619 23.3
234 118056.5560634096 23.4
235 118888.1421188557 23.5
236 118276.2457195328 23.6
237 117006.9956404313 23.7
238 117796.7247546247 23.8
239 121440.1869805751 23.9
240 123963.2850928933 24
241 124849.1271520599 24.1
242 125548.6758341731 24.2
243 126399.8006075455 24.3
244 126634.8297872472 24.4
245 126763.6826824027 24.5
246 126912.1302035965 24.6
247 126691.0082373649 24.7
248 126413.7680253891 24.8
249 125970.291950847 24.9
250 125422.9604454522 25
251 124897.5626769226 25.1
252 123996.7545123977 25.2
253 123273.6102856072 25.3
254 122613.8362283072 25.4
255 121390.9631723918 25.5
256 120249.0397922862 25.6
257 119469.6632393303 25.7
258 117935.7214602485 25.8
259 119564.5243694378 25.9
260 124172.7496203558 26
261 127945.8291227999 26.1
262 129550.7625163089 26.2
263 131634.3766299999 26.3
264 132520.6078110281 26.4
265 133249.8305933074 26.5
266 134045.660238067 26.6
267 134188.1438976149 26.7
268 134219.3218406301 26.8
269 132019.5952957071 26.9
270 127297.783965004 27
271 122869.7154195165 27.1
272 124164.5277207346 27.2
273 125789.3048429196 27.3
274 125500.3449799683 27.4
275 125082.7629575804 27.5
276 124562.5217550147 27.6
277 123931.9690835005 27.7
278 123319.5505530275 27.8
279 121855.355569636 27.9
280 120304.6924615016 28
281 119427.0331478375 28.1
282 118692.9664313868 28.2
283 117655.1272702356 28.3
284 120435.4709492012 28.4
285 126896.2402486499 28.5
286 130794.6694197315 28.6
287 132516.5564197168 28.7
288 133928.8375810561 28.8
289 135533.6889427096 28.9
290 136189.4078309089 29
291 136667.673706596 29.1
292 134440.7242560122 29.2
293 132517.8070313934 29.3
294 131068.5137794798 29.4
295 129751.1040924638 29.5
296 127657.5043409209 29.6
297 126640.7723690641 29.7
298 128929.6879309489 29.8
299 129780.7008913617 29.9
300 129534.9087438158 30
301 129124.5165174536 30.1
302 128644.9304839939 30.2
303 128093.3065455403 30.3
304 127497.8737054004 30.4
305 126940.9819561504 30.5
306 126321.7087731208 30.6
307 125778.1435714451 30.7
308 125269.7529359693 30.8
309 124590.6613876984 30.9
310 124120.1347513275 31
311 123712.9772829406 31.1
312 123215.0797555531 31.2
313 122886.2816693911 31.3
314 122613.6957613984 31.4
315 122308.4951902853 31.5
316 122103.7737049986 31.6
317 120979.6906124034 31.7
318 122515.4630883849 31.8
319 127989.5926352484 31.9
320 131031.8922248755 32
321 132580.1154489543 32.1
322 133010.6578724854 32.2
323 132612.3763572625 32.3
324 130189.2825846948 32.4
325 126459.044259207 32.5
326 126462.2796949375 32.6
327 126782.7578358292 32.7
328 125899.3089931538 32.8
329 124061.7000494034 32.9
330 121899.8735544896 33
331 122096.5731249558 33.1
332 127143.5279082168 33.2
333 129281.3186909209 33.3
334 129190.59203252 33.4
335 127590.8105976875 33.5
336 125381.1891838936 33.6
337 126726.1403441401 33.7
338 128072.7836514133 33.8
339 128425.6501352828 33.9
340 128537.585023785 34
341 128586.8467949604 34.1
342 128589.6465841361 34.2
343 128555.4924661494 34.3
344 128495.4356918074 34.4
345 128404.0511799947 34.5
346 128296.6837218871 34.6
347 128169.5941325367 34.7
348 128032.1320710235 34.8
349 127885.1475563999 34.9
350 127725.6592445878 35
351 127557.0015850865 35.1
352 127385.6636131618 35.2
353 127208.3689876238 35.3
354 127030.7161852505 35.4
355 126855.5169760913 35.5
356 126678.9850874732 35.6
357 126502.0061820869 35.7
358 126332.629546792 35.8
359 126166.4478034684 35.9
360 126005.7666976083 36
361 125851.4757810015 36.1
362 125703.0585115551 36.2
363 125564.0228546342 36.3
364 125431.0280133732 36.4
365 125299.0902351512 36.5
366 125178.31456229 36.6
367 125065.5874718681 36.7
368 124958.2174389744 36.8
369 124859.1650508923 36.9
370 124769.9342947132 37
371 124682.5438075636 37.1
372 124601.7649281553 37.2
373 124528.9350243056 37.3
374 124459.3834486918 37.4
375 124393.0480801763 37.5
376 124335.4657970521 37.6
377 124287.5481288067 37.7
378 124246.7219929076 37.8
379 124207.3652170618 37.9
380 124174.7318794462 38
381 124150.9178211132 38.1
382 124128.556202283 38.2
383 124109.8068952931 38.3
384 124095.8526985245 38.40000000000001
385 124055.0174160317 38.5
386 125388.7849587699 38.6
387 126563.9034863431 38.7
388 127519.9578911963 38.8
389 128419.1290738703 38.90000000000001
390 129251.9819095435 39
391 129979.4034904765 39.1
392 130836.7893666984 39.2
393 130493.9954235903 39.3
394 130078.3413270751 39.40000000000001
395 129618.4934686792 39.5
396 129143.0245378382 39.6
397 128701.401629982 39.7
398 128261.1304466757 39.8
399 127827.1329477884 39.90000000000001
400 127418.1127311651 40
401 127035.8234853991 40.1
402 126693.0947951969 40.2
403 126381.6279397141 40.3
404 126106.6901898016 40.40000000000001
405 125855.9861427904 40.5
406 125646.8794284048 40.6
407 125475.5853868968 40.7
408 125331.0066848346 40.8
409 125218.6536590706 40.90000000000001
410 125133.5749980309 41
411 125076.4883748952 41.1
412 125046.0639879614 41.2
413 125032.5835883919 41.3
414 125044.8522214193 41.40000000000001
415 125074.8381576488 41.5
416 125118.6290996756 41.6
417 125177.3022406943 41.7
418 125251.0712450148 41.8
419 125330.9116778064 41.90000000000001
420 125413.2955740919 42
421 125509.9601171889 42.1
422 125612.6780095639 42.2
423 125717.7970905039 42.3
424 125825.4198516984 42.40000000000001
425 125929.4816653341 42.5
426 126038.2464261915 42.6
427 126145.5550204218 42.7
428 126249.1716209951 42.8
429 126348.6298310939 42.90000000000001
430 126443.8005966106 43
431 126537.1650336 43.1
432 126625.131044993 43.2
433 126713.9542054512 43.3
434 126801.4621727669 43.40000000000001
435 126883.7999460344 43.5
436 126966.1637546497 43.6
437 127050.8195233481 43.7
438 127133.5000329842 43.8
439 127217.4025947793 43.90000000000001
440 127242.4062871569 44
441 129547.2113737642 44.1
442 131404.4534526189 44.2
443 132511.0727541848 44.3
444 133277.4619354713 44.40000000000001
445 133850.5311331711 44.5
446 134249.6729066493 44.6
447 134515.6166921239 44.7
448 133147.6164566947 44.8
449 131666.9189614958 44.90000000000001
450 130584.6638108962 45
451 129664.1824509195 45.1
452 128841.5210076154 45.2
453 128119.9468879902 45.3
454 127510.1797453267 45.40000000000001
455 126994.8911293539 45.5
456 126578.3212799938 45.6
457 126260.3263483882 45.7
458 126011.7012095795 45.8
459 125851.496670522 45.90000000000001
460 125765.2881282284 46
461 125749.1220460473 46.1
462 125788.1954112931 46.2
463 125874.7210042775 46.3
464 125997.4968654642 46.40000000000001
465 126151.7528312539 46.5
466 126328.5407761023 46.6
467 126514.3505156848 46.7
468 126706.2401242466 46.8
469 126901.4425992773 46.90000000000001
470 127092.6857546439 47
471 127289.6671391746 47.1
472 127479.728701922 47.2
473 127662.1743098747 47.3
474 127836.8689380546 47.40000000000001
475 128003.0514044134 47.5
476 128156.3332146591 47.6
477 128301.8407225252 47.7
478 128434.7913902648 47.8
479 128560.837079082 47.90000000000001
480 128674.2992767951 48
481 128778.0550572096 48.1
482 128872.6924296265 48.2
483 128954.1017632758 48.3
484 129031.2188684636 48.40000000000001
485 129103.1392716454 48.5
486 128913.712160171 48.6
487 131889.1587936834 48.7
488 133932.8003611428 48.8
489 134111.6453411342 48.90000000000001
490 133046.4760280328 49
491 132347.9648190743 49.1
492 131861.9470588191 49.2
493 131487.0638442444 49.3
494 131158.6809120928 49.40000000000001
495 130869.2694999918 49.5
496 130609.4939230859 49.6
497 130379.3722969159 49.7
498 130177.5048010045 49.8
499 130001.5862467523 49.90000000000001
500 129854.2650527663 50
501 -154.4435063632174 50.01
502 -124.9508747916091 50.02
503 -117.4863056556091 50.03
504 -116.6228133081948 50.04
505 -95.33185780492562 50.05
506 -86.84742515471673 50.06
507 -82.59830024192871 50.07
508 -73.63961978680432 50.08
509 -73.01712847332766 50.09
510 -71.59066193612847 50.1
511 -54.07404819604374 50.11
512 -41.42684828630281 50.12
513 -28.14439356178782 50.13
514 -25.83014674117031 50.14
515 -18.60915306721602 50.15
516 -18.30693937033906 50.16
517 -7.892876632679066 50.17
518 -5.790178569128052 50.18
519 -5.783342591961373 50.19
520 -3.328578792309443 50.2
521 -3.374313433841676 50.21
522 -1.907810498363523 50.22
523 -1.065949205849336 50.23
524 -1.057384620969043 50.24
525 -1.0508873947468 50.25
526 -1.046471431691713 50.26
527 -1.045552819053611 50.27
528 -1.043233852530973 50.28
529 -1.040368498284354 50.29
530 -1.037280504015293 50.3
531 -1.034046596514497 50.31
532 -1.030683047515003 50.32
533 -1.02719858141357 50.33
534 -1.023608421408357 50.34
535 -1.781426004935539 50.35
536 -2.879222890631762 50.36
537 -3.415965549867806 50.37
538 -3.40762999947216 50.38
539 -3.376990520769017 50.39
540 -3.345688595407468 50.4
541 -3.314036065601049 50.41
542 -3.736583778844614 50.42
543 -3.957470549302947 50.43
544 -6.002357122220587 50.44
545 -8.858568267460313 50.45
546 -10.45583019504052 50.46
547 -13.86252924042785 50.47
548 -14.43015556420417 50.48
549 -15.40507741591158 50.49
550 -15.44306567868654 50.5
551 -22.78310536700963 50.51
552 -23.72886042492845 50.52
553 -24.56548619140951 50.53
554 -26.53251983792859 50.54
555 -30.11216797939258 50.55
556 -30.74778246629483 50.56
557 -37.79376170895456 50.57
558 -40.77203478255062 50.58
559 -52.91583145616449 50.59
560 -64.97439559760305 50.6
561 -75.9310888421213 50.61
562 -81.80364998804899 50.62
563 -94.97326483990653 50.63
564 -101.7750066972829 50.64
565 -109.4482985696464 50.65
566 -117.2979375873245 50.66
567 -118.250208283977 50.67
568 -125.7923027332745 50.68
569 -132.575867625448 50.69
570 -139.9180211992309 50.7
571 -151.2030929211879 50.71
572 -171.5227837958642 50.72
573 -190.3124925792595 50.73
574 -198.0773116140971 50.74
575 -202.0639546439645 50.75
576 -202.9113265307249 50.76
577 -202.7141768121139 50.77
578 -204.9571259741657 50.78
579 -206.2914047854124 50.79
580 -212.0014193861249 50.8
581 -213.7454426694864 50.81
582 -216.8052830897499 50.82
583 -222.7810148379937 50.83
584 -221.7902280757735 50.84
585 -223.6842554459402 50.85
586 -224.4121743546331 50.86
587 -225.0136284895266 50.87
588 -233.4004713519749 50.88
589 -237.2527223307235 50.89
590 -240.8553285277899 50.9
591 -239.9919173665752 50.91
592 -243.3486765993243 50.92
593 -244.7727530798972 50.93
594 -246.9104295620691 50.94
595 -246.8173638213123 50.95
596 -249.0439574468235 50.96
597 -248.8803719144018 50.97
598 -250.4630644860915 50.98
599 -253.0526037244765 50.99
600 -257.5346223085056 51
601 -262.9095733764239 51.01
602 -262.1905188403703 51.02
603 -261.0499351339913 51.03
604 -259.7981838868154 51.04
605 -258.621640333793 51.05
606 -256.8603621377497 51.06
607 -255.0982405606439 51.07
608 -253.8242927685795 51.08
609 -252.1713528708977 51.09
610 -250.783104649073 51.1
611 -251.8954373080007 51.11
612 -250.1059209930762 51.12
613 -247.6484176724207 51.13
614 -247.2553855587321 51.14
615 -243.5631943266566 51.15
616 -239.760331711581 51.16
617 -235.8665109289124 51.17
618 -230.0914791455688 51.18
619 -226.3055553510232 51.19
620 -224.9049374520973 51.2
621 -222.542969120775 51.21
622 -214.9668649590368 51.22
623 -210.2492908187496 51.23
624 -202.0902680030329 51.24
625 -196.4149258382976 51.25
626 -191.6868735199751 51.26
627 -185.2526695059748 51.27
628 -179.7075213083201 51.28
629 -170.9308211044622 51.29
630 -165.9857861441726 51.3
631 -161.571224763205 51.31
632 -153.098235618095 51.32
633 -142.0195509551591 51.33
634 -137.4622840845197 51.34
635 -131.7485489900699 51.35
636 -125.1898531983356 51.36
637 -118.313627821174 51.37
638 -111.412995745217 51.38
639 -105.1947753072247 51.39
640 -99.83060356045496 51.4
641 -95.05595702753206 51.41
642 -79.66960841826716 51.42
643 -67.22439657922951 51.43
644 -61.67061960251814 51.44
645 -56.43867570295926 51.45
646 -45.62864684064652 51.46
647 -37.03770928304959 51.47
648 -32.62966697128391 51.48
649 -23.23208461398822 51.49
650 -20.83086484474387 51.5
651 -18.32377602168758 51.51
652 -13.54966088660478 51.52
653 -12.2460709069226 51.53
654 -10.26497837380767 51.54
655 -9.140620066833437 51.55
656 -8.457857489552191 51.56
657 -8.382557956248712 51.57
658 -7.16450454975802 51.58
659 -6.682336481210306 51.59
660 -4.84749196368849 51.6
661 -4.836207995868479 51.61
662 -3.305340736563008 51.62
663 -3.281931624008952 51.63
664 -4.36166660864366 51.64
665 -4.325774428864438 51.65
666 -4.289832183147988 51.66
667 -4.254506520457149 51.67
668 -4.220179782653507 51.68
669 -4.724461813291068 51.69
670 -5.209564713754705 51.7
671 -5.191366924754159 51.71
672 -5.378330261225892 51.72
673 -5.417407842259478 51.73
674 -7.169698456377137 51.74
675 -9.427122353988475 51.75
676 -10.41250228688048 51.76
677 -12.20617764047214 51.77
678 -12.22358278806036 51.78
679 -12.12002088915746 51.79
680 -13.48297712615859 51.8
681 -15.19469967049969 51.81
682 -18.22450449751006 51.82
683 -24.00938944728798 51.83
684 -28.59566184905158 51.84
685 -31.50731720630035 51.85
686 -36.693163484956 51.86
687 -45.73377562041399 51.87
688 -47.81782590635278 51.88
689 -51.03540443222495 51.89
690 -54.69653016170337 51.9
691 -61.49606265260123 51.91
692 -68.86259206655792 51.92
693 -75.54257619920195 51.93
694 -83.33221858338403 51.94
695 -91.34288273460261 51.95
696 -94.40190259018398 51.96
697 -98.31947850289163 51.97
698 -106.6848081649539 51.98
699 -113.7242166092651 51.99
700 -119.8399086674473 52
701 -121.483441826497 52.01
702 -126.7819502870552 52.02
703 -132.3911391398462 52.03
704 -134.2028606966876 52.04
705 -138.5389520245038 52.05
706 -139.8397684295163 52.06
707 -140.6004853619061 52.07
708 -141.1456191253615 52.08
709 -143.2617667057519 52.09
710 -145.8720966217446 52.1
711 -149.3347846565935 52.11
712 -152.2743050423723 52.12
713 -153.4788629165557 52.13
714 -154.2474275239259 52.14
715 -155.0181860137252 52.15
716 -156.1466435667483 52.16
717 -157.5921780745481 52.17
718 -159.2250441243785 52.18
719 -160.1477193839769 52.19
720 -160.9562204607487 52.2
721 -164.5726305828804 52.21
722 -165.7255996195864 52.22
723 -167.4140008853354 52.23
724 -171.0353762208993 52.24
725 -172.0388621574844 52.25
726 -173.0069966491426 52.26
727 -174.4728255579763 52.27
728 -176.9554668368585 52.28
729 -177.7771965943218 52.29
730 -178.7201990674092 52.3
731 -179.7632577579361 52.31
732 -180.673028818252 52.32
733 -182.6412503085198 52.33
734 -184.1538123940155 52.34
735 -184.500722008354 52.35
736 -184.6054269713194 52.36
737 -184.0428664971786 52.37
738 -182.864592005143 52.38
739 -179.3562421570508 52.39
740 -176.2650931230704 52.4
741 -173.1335998143581 52.41
742 -170.3893001477412 52.42
743 -167.417510003297 52.43
744 -163.6334607550427 52.44
745 -160.1743695258633 52.45
746 -154.523542872263 52.46
747 -151.1911097654026 52.47
748 -143.615319429781 52.48
749 -139.238313138435 52.49
750 -137.0211127461133 52.5
751 -135.1874820200113 52.51
752 -133.8586414018758 52.52
753 -130.9791801164491 52.53
754 -127.4677992811216 52.54
755 -125.8426639664338 52.55
756 -124.6183096723994 52.56
757 -123.4753865474173 52.57
758 -121.8684764946773 52.58
759 -120.7801608639575 52.59
760 -119.8535352228992 52.6
761 -118.104283079383 52.61
762 -115.1374732547439 52.62
763 -113.8555292906083 52.63
764 -111.4155215998801 52.64
765 -110.5454863824819 52.65
766 -109.6916528420338 52.66
767 -107.3948013361052 52.67
768 -105.3091767335898 52.68
769 -103.2674898657343 52.69
770 -98.59715956057703 52.7
771 -96.98395066563754 52.71
772 -96.17372998341486 52.72
773 -94.23413959840754 52.73
774 -93.47113886242509 52.74
775 -89.07856054989232 52.75
776 -87.86466245011724 52.76
777 -85.05654954932307 52.77
778 -83.07951184659564 52.78
779 -81.10302880721216 52.79
780 -77.62275157820142 52.8
781 -76.46592058105549 52.81
782 -75.02661540671052 52.82
783 -71.30833014332318 52.83
784 -69.84174127103699 52.84
785 -67.18564596837629 52.85
786 -65.55639234035124 52.86
787 -62.53567296774157 52.87
788 -61.20683193750742 52.88
789 -56.35413814272383 52.89
790 -55.81501660470709 52.9
791 -55.30785122351996 52.91
792 -54.79168274711989 52.92
793 -53.86565261198453 52.93
794 -51.0340482419669 52.94
795 -50.29208557734643 52.95
796 -49.41359219046638 52.96
797 -45.66312571107669 52.97
798 -44.76147037199708 52.98
799 -42.45050673659733 52.99
800 -37.26658006541777 53
801 -34.466037678265 53.01
802 -33.71425311039599 53.02
803 -33.46256383745894 53.03
804 -32.62944396566496 53.04
805 -32.34118843087334 53.05
806 -32.13328708403458 53.06
807 -30.51043675692852 53.07
808 -29.21484131135513 53.08
809 -29.04854541857463 53.09
810 -28.89347700714351 53.1
811 -27.13923300378834 53.11
812 -25.06350853484043 53.12
813 -21.39479677789182 53.13
814 -18.36077416709302 53.14
815 -18.06093608709162 53.15
816 -17.96604585719243 53.16
817 -17.35135771603436 53.17
818 -15.38321389495275 53.18
819 -14.47297592140893 53.19
820 -14.03740583167066 53.2
821 -12.34782298812385 53.21
822 -11.83992649254589 53.22
823 -11.71828345828751 53.23
824 -11.66343053936031 53.24
825 -11.06622362089185 53.25
826 -10.83668749299742 53.26
827 -10.49344117816608 53.27
828 -10.22217298865123 53.28
829 -9.832079286941278 53.29
830 -9.690656569698737 53.3
831 -9.662511751357266 53.31
832 -9.846525627834 53.32
833 -9.825418247936664 53.33
834 -9.796266114702124 53.34
835 -9.768119268706275 53.35
836 -11.00628858336289 53.36
837 -11.12291698743388 53.37
838 -11.4274371723487 53.38
839 -11.38898105001516 53.39
840 -12.37065461668552 53.4
841 -12.64338802199085 53.41
842 -14.39337923857484 53.42
843 -14.53267378225811 53.43
844 -15.52736451621691 53.44
845 -18.71256961622445 53.45
846 -20.79757680362025 53.46
847 -21.41362239557075 53.47
848 -23.10395174491065 53.48
849 -23.93563576273543 53.49
850 -25.32546325161988 53.5
851 -26.5466138480533 53.51
852 -27.91992753570392 53.52
853 -28.94344851461969 53.53
854 -30.31039337444644 53.54
855 -31.68917556765069 53.55
856 -32.48990482723296 53.56
857 -38.60393463158697 53.57
858 -41.39001777482964 53.58
859 -44.10384776417704 53.59
860 -45.55494982670236 53.6
861 -52.92623098260319 53.61
862 -55.41700264843403 53.62
863 -58.4540229708072 53.63
864 -60.15005884845787 53.64
865 -63.19215607408398 53.65
866 -64.95461355084763 53.66
867 -67.11569123055983 53.67
868 -73.71231442243314 53.68
869 -75.71495717931022 53.69
870 -78.45938503594817 53.7
871 -81.90517089457191 53.71
872 -83.3073667030897 53.72
873 -86.31197437973255 53.73
874 -93.93903867551435 53.74
875 -95.74677389902548 53.75
876 -98.90346810938787 53.76
877 -101.6354433831521 53.77
878 -103.5956092698495 53.78
879 -105.2394068483082 53.79
880 -107.2894064657361 53.8
881 -109.3607765907525 53.81
882 -111.8282082228423 53.82
883 -114.7316075541843 53.83
884 -116.0507902085138 53.84
885 -117.6373339657501 53.85
886 -119.0031401390564 53.86
887 -122.0420680859645 53.87
888 -122.9655361050128 53.88
889 -123.0064666895789 53.89
890 -122.1463299271398 53.9
891 -119.1439503910396 53.91
892 -118.1677932223103 53.92
893 -116.9309336174648 53.93
894 -115.4478011743839 53.94
895 -113.4984264164596 53.95
896 -111.6036747620964 53.96
897 -107.2091588063115 53.97
898 -105.0329410399424 53.98
899 -102.2927982877087 53.99
900 -99.93519783114535 54
901 -96.76300565538041 54.01
902 -94.30747485808398 54.02
903 -90.76571556248678 54.03
904 -86.07963455795907 54.04
905 -83.76199228539021 54.05
906 -77.83485446728345 54.06
907 -73.86818812042951 54.07
908 -71.67817456803081 54.08
909 -67.7871580605058 54.09
910 -64.97872795654332 54.1
911 -61.66994384811911 54.11
912 -56.95877105148923 54.12
913 -54.17697928677643 54.13
914 -48.74233099858386 54.14
915 -47.59780195162539 54.15
916 -42.66524755234629 54.16
917 -40.507629932836 54.17
918 -38.09844405390169 54.18
919 -36.31869737166335 54.19
920 -33.52232116515498 54.2
921 -30.4477606013249 54.21
922 -29.23427476270675 54.22
923 -26.79221094161065 54.23
924 -24.05814525774703 54.24
925 -21.28087006123915 54.25
926 -19.88407329703635 54.26
927 -19.02007210972806 54.27
928 -18.30348868633367 54.28
929 -17.57855247821582 54.29
930 -16.14049590148828 54.3
931 -15.95429477269109 54.31
932 -15.59967190910067 54.32
933 -15.14224731774009 54.33
934 -15.01954602116938 54.34
935 -14.6391594517489 54.35
936 -14.53979799575014 54.36
937 -14.45034964104476 54.37
938 -14.64232850423845 54.38
939 -14.58093191152214 54.39
940 -14.53537129674269 54.4
941 -15.73920534285642 54.41
942 -16.23455232857822 54.42
943 -16.23195084286291 54.43
944 -17.8088258885992 54.44
945 -18.25054242159616 54.45
946 -19.2971826678304 54.46
947 -20.27900841692459 54.47
948 -20.4283597144207 54.48
949 -20.65054222650448 54.49
950 -21.83433909527072 54.5
951 -24.24927386357043 54.51
952 -26.14044809367311 54.52
953 -29.66747461057405 54.53
954 -32.61420368701223 54.54
955 -35.04517117421583 54.55
956 -38.06976991909517 54.56
957 -38.99206333314694 54.57
958 -42.13768480857379 54.58
959 -43.87743846802868 54.59
960 -47.50600113140759 54.6
961 -49.64101838911974 54.61
962 -54.2401576174282 54.62
963 -56.53412456807721 54.63
964 -58.78343609535453 54.64
965 -61.77257686241455 54.65
966 -66.91403575311926 54.66
967 -69.27659055285598 54.67
968 -73.08041307610547 54.68
969 -75.62473215695734 54.69
970 -77.75510894850686 54.7
971 -80.01725561597732 54.71
972 -84.66189705627778 54.72
973 -89.06234883771842 54.73
974 -91.09053568821527 54.74
975 -92.69231125672081 54.75
976 -94.22664779078853 54.76
977 -97.27016001680924 54.77
978 -99.39520826419415 54.78
979 -100.5746436273844 54.79
980 -101.6099846516095 54.8
981 -102.4202560899069 54.81
982 -102.9144226182392 54.82
983 -103.0063145474375 54.83
984 -102.6884725211239 54.84
985 -102.0380356280751 54.85
986 -100.7401235917065 54.86
987 -98.3737634425825 54.87
988 -96.91620898734323 54.88
989 -95.2141113211688 54.89
990 -93.23944035770612 54.9
991 -90.88608711903875 54.91
992 -87.64549627984465 54.92
993 -82.228330057763 54.93
994 -78.4108759034975 54.94
995 -76.16464595629579 54.95
996 -73.65671818721489 54.96
997 -71.45807590887863 54.97
998 -67.6488095051854 54.98
999 -64.72399866032879 54.99
1000 -61.41814554233503 55
1001 -58.77886461802195 55.01
1002 -52.93356205214801 55.02
1003 -49.69791935943936 55.03
1004 -45.53056693685625 55.04
1005 -43.88938596163644 55.05
1006 -40.23267983844708 55.06
1007 -37.69088292840327 55.07
1008 -33.68268058113939 55.08
1009 -31.19490401396316 55.09
1010 -28.36845186931244 55.1
1011 -27.45501117720238 55.11
1012 -26.62214272605645 55.12
1013 -23.8428524097783 55.13
1014 -22.30758842109427 55.14
1015 -19.80624886253596 55.15
1016 -18.67787371743971 55.16
1017 -18.02526113378371 55.17
1018 -16.88144883341847 55.18
1019 -15.51003465473324 55.19
1020 -14.68745632713102 55.2
1021 -14.11289262620065 55.21
1022 -13.94368866944776 55.22
1023 -12.97529145439006 55.23
1024 -11.7112852475668 55.24
1025 -11.59934911676885 55.25
1026 -11.42264028829844 55.26
1027 -11.33688652410418 55.27
1028 -11.26497283469532 55.28
1029 -11.61493643575324 55.29
1030 -12.34073678912109 55.3
1031 -12.32079104533422 55.31
1032 -14.36702735439792 55.32
1033 -15.58344824326043 55.33
1034 -15.63791876303651 55.34
1035 -15.88450283282817 55.35
1036 -16.47719794516535 55.36
1037 -17.0433692258352 55.37
1038 -17.27814140286051 55.38
1039 -17.62722323211112 55.39
1040 -18.66738983694739 55.4
1041 -21.94139103948263 55.41
1042 -24.76418619026055 55.42
1043 -26.37654429633722 55.43
1044 -27.48667601830458 55.44
1045 -29.37135442161125 55.45
1046 -31.47900322057128 55.46
1047 -33.14902622152247 55.47
1048 -36.12698334494137 55.48
1049 -38.34849430512075 55.49
1050 -42.98912661751925 55.5
1051 -45.3159222034144 55.51
1052 -49.6914086210566 55.52
1053 -51.72071197306822 55.53
1054 -53.59148691027077 55.54
1055 -55.42209526629581 55.55
1056 -57.83963810518593 55.56
1057 -60.09258760252727 55.57
1058 -65.28903102205646 55.58
1059 -66.95349155845483 55.59
1060 -68.56517681702171 55.6
1061 -71.82805315944071 55.61
1062 -74.41727569704547 55.62
1063 -76.53524183404051 55.63
1064 -78.24732897613463 55.64
1065 -79.57631284864731 55.65
1066 -80.77050987519664 55.66
1067 -82.12539866952925 55.67
1068 -83.83952038496147 55.68
1069 -84.23196838702532 55.69
1070 -84.03449872338078 55.7
1071 -82.97777181700721 55.71
1072 -82.34262346524837 55.72
1073 -81.4199989712329 55.73
1074 -79.96708473296214 55.74
1075 -78.45607833452401 55.75
1076 -76.21786939371749 55.76
1077 -74.35470345264434 55.77
1078 -71.02204957271965 55.78
1079 -68.60052282840067 55.79
1080 -63.62560253272429 55.8
1081 -61.04935543934617 55.81
1082 -59.0373645737977 55.82
1083 -56.49031585440223 55.83
1084 -54.21206582972717 55.84
1085 -52.04435862921841 55.85
1086 -48.20503290875821 55.86
1087 -45.35621131177295 55.87
1088 -42.71078760953629 55.88
1089 -37.77457401604938 55.89
1090 -35.5478726846439 55.9
1091 -33.68334393606594 55.91
1092 -31.98242382946228 55.92
1093 -26.93603478689257 55.93
1094 -25.36575557732591 55.94
1095 -22.43147984019576 55.95
1096 -21.49467502846913 55.96
1097 -20.50738216553314 55.97
1098 -19.60039542755514 55.98
1099 -17.70254952343276 55.99
1100 -16.53385648939625 56
1101 -16.03982872503713 56.01
1102 -14.66047497297126 56.02
1103 -13.80250488350933 56.03
1104 -13.21227867845179 56.04
1105 -12.36526454540481 56.05
1106 -12.19123493892744 56.06
1107 -11.68509827443722 56.07
1108 -11.56546292500796 56.08
1109 -11.46159948799339 56.09
1110 -11.37230175616747 56.1
1111 -11.29613635114621 56.11
1112 -11.2333917363928 56.12
1113 -11.19088993563088 56.13
1114 -11.46832473089447 56.14
1115 -11.55675892056681 56.15
1116 -12.80246688468502 56.16
1117 -12.83678895680277 56.17
1118 -12.96785519900208 56.18
1119 -13.09062267778133 56.19
1120 -13.3221877290255 56.2
1121 -13.48605512732332 56.21
1122 -14.72614080888849 56.22
1123 -16.72934395448026 56.23
1124 -17.55097758348545 56.24
1125 -19.37284221042528 56.25
1126 -20.22409196087167 56.26
1127 -21.45185662890321 56.27
1128 -22.56750837246879 56.28
1129 -25.62045208614303 56.29
1130 -27.39330882205384 56.3
1131 -30.31888206353074 56.31
1132 -33.03724525853455 56.32
1133 -37.45342472091393 56.33
1134 -39.60669969294722 56.34
1135 -41.79455926341294 56.35
1136 -44.00710772050946 56.36
1137 -45.4632948966082 56.37
1138 -46.66110499098552 56.38
1139 -49.68869634493869 56.39
1140 -51.77067918095693 56.4
1141 -54.92212409948682 56.41
1142 -57.3863561621068 56.42
1143 -59.63199775293108 56.43
1144 -61.10465172624187 56.44
1145 -62.79002830206108 56.45
1146 -64.03453001951044 56.46
1147 -66.00216486452804 56.47
1148 -67.13112067164117 56.48
1149 -67.98779282576206 56.49
1150 -68.76392827599439 56.5
1151 -71.01520218732075 56.51
1152 -70.8066855981231 56.52
1153 -69.15862662680151 56.53
1154 -67.3252801805598 56.54
1155 -66.02672055330717 56.55
1156 -63.82119416813527 56.56
1157 -61.85948714537513 56.57
1158 -60.34504315557079 56.58
1159 -57.19308973598501 56.59
1160 -54.63179163771596 56.6
1161 -51.05869705479888 56.61
1162 -47.81855024909564 56.62
1163 -46.00664476586419 56.63
1164 -44.35648782882781 56.64
1165 -42.17165273851623 56.65
1166 -40.57531681729068 56.66
1167 -38.59750732028952 56.67
1168 -35.55106820878326 56.68
1169 -32.56372729434849 56.69
1170 -30.68122806075808 56.7
1171 -27.58756837399185 56.71
1172 -25.10863423388881 56.72
1173 -22.31714152934455 56.73
1174 -19.57640835440138 56.74
1175 -18.46899729633917 56.75
1176 -17.52282034948286 56.76
1177 -16.22465362584351 56.77
1178 -15.58614598941673 56.78
1179 -14.65666760131116 56.79
1180 -14.06487034678544 56.8
1181 -12.69571554273402 56.81
1182 -11.77262122306025 56.82
1183 -10.5991692063737 56.83
1184 -10.38860904585221 56.84
1185 -10.18348695441114 56.85
1186 -10.05626381055877 56.86
1187 -9.544845348016239 56.87
1188 -9.44227408246023 56.88
1189 -9.367248480570339 56.89
1190 -9.305329073634269 56.9
1191 -9.570149342895832 56.91
1192 -9.588448458731378 56.92
1193 -9.578921074702988 56.93
1194 -9.945578311447621 56.94
1195 -10.14866022902125 56.95
1196 -10.30704050609215 56.96
1197 -11.30605364425662 56.97
1198 -11.43891112137398 56.98
1199 -11.72472808545265 56.99
1200 -13.01933959087611 57
1201 -13.48780723341377 57.01
1202 -13.92806571291614 57.02
1203 -14.56713745322809 57.03
1204 -15.61538032724711 57.04
1205 -16.900883515832 57.05
1206 -19.85728972506772 57.06
1207 -21.68109383544341 57.07
1208 -23.42350740754243 57.08
1209 -27.33032521270751 57.09
1210 -30.37416208237088 57.1
1211 -32.17862778081251 57.11
1212 -34.20837702463376 57.12
1213 -35.42481064066781 57.13
1214 -37.48870828455195 57.14
1215 -38.89888641508924 57.15
1216 -40.79512760794805 57.16
1217 -42.99631425369429 57.17
1218 -44.27579028669153 57.18
1219 -46.55107419303232 57.19
1220 -48.90439395137876 57.2
1221 -50.10077387595886 57.21
1222 -53.86587158537602 57.22
1223 -55.49940384402159 57.23
1224 -56.64697748964161 57.24
1225 -57.67006549193393 57.25
1226 -58.26175391452583 57.26
1227 -58.58375264399677 57.27
1228 -58.56549811204074 57.28
1229 -58.21615666210788 57.29
1230 -57.58936552088326 57.3
1231 -56.74041727708147 57.31
1232 -55.21998085703906 57.32
1233 -53.37550561835218 57.33
1234 -49.7308225388872 57.34
1235 -47.39740004563934 57.35
1236 -44.76273472735013 57.36
1237 -41.59467042099062 57.37
1238 -40.12000328669036 57.38
1239 -38.68240747348307 57.39
1240 -36.61777977237088 57.4
1241 -35.25587293067476 57.41
1242 -32.96233317692032 57.42
1243 -30.47264810574745 57.43
1244 -28.66473115937916 57.44
1245 -26.03052586756733 57.45
1246 -25.07980755869455 57.46
1247 -22.37951356793043 57.47
1248 -19.45438990058231 57.48
1249 -16.71597659968501 57.49
1250 -15.57176259071814 57.5
1251 -14.87199840644536 57.51
1252 -14.14088009235185 57.52
1253 -13.38768547181391 57.53
1254 -12.84029835344821 57.54
1255 -11.73824032655307 57.55
1256 -11.36841270426052 57.56
1257 -10.8721639554561 57.57
1258 -9.401368274612528 57.58
1259 -9.106518785107044 57.59
1260 -8.820603906266669 57.6
1261 -8.052261636776919 57.61
1262 -7.93328725151482 57.62
1263 -7.860883849872844 57.63
1264 -7.802960250989801 57.64
1265 -7.758909998462799 57.65
1266 -7.996688178253479 57.66
1267 -8.775666975392539 57.67
1268 -8.95472662125427 57.68
1269 -9.084092329734624 57.69
1270 -9.247700190552731 57.7
1271 -9.419192132723456 57.71
1272 -9.765799628353811 57.72
1273 -10.66528183496212 57.73
1274 -10.97909627877326 57.74
1275 -11.30614886303748 57.75
1276 -11.91808927432425 57.76
1277 -12.85994606760707 57.77
1278 -14.0701161304516 57.78
1279 -15.0631309470574 57.79
1280 -16.74905647391913 57.8
1281 -19.59046365009244 57.81
1282 -22.34589490147679 57.82
1283 -24.46963924487057 57.83
1284 -26.42298975118224 57.84
1285 -27.80197441130026 57.85
1286 -29.52773861499351 57.86
1287 -31.20367922424741 57.87
1288 -32.40825752258851 57.88
1289 -35.34587748724195 57.89
1290 -36.74210421541321 57.9
1291 -37.85159916920677 57.91
1292 -39.46075451358166 57.92
1293 -41.37536167299858 57.93
1294 -44.31527086986836 57.94
1295 -45.68957000148392 57.95
1296 -47.72963388668563 57.96
1297 -48.72747050415779 57.97
1298 -49.32851123867153 57.98
1299 -49.72790205726176 57.99
1300 -50.04042201919805 58
1301 -49.86320617913004 58.01
1302 -49.41496858112419 58.02
1303 -48.53792055486781 58.03
1304 -46.98892699680799 58.04
1305 -45.88966572408313 58.05
1306 -42.7268199682954 58.06
1307 -40.83986135349887 58.07
1308 -39.41829267672564 58.08
1309 -36.33905418056167 58.09
1310 -34.22373026145296 58.1
1311 -32.65547643462364 58.11
1312 -31.4100332022135 58.12
1313 -29.70423488954003 58.13
1314 -26.84600876896948 58.14
1315 -25.39364184045799 58.15
1316 -23.89636364982098 58.16
1317 -21.67254739794036 58.17
1318 -20.27326275963591 58.18
1319 -17.64538504535739 58.19
1320 -16.3852538130524 58.2
1321 -14.01452186153027 58.21
1322 -13.46251762122126 58.22
1323 -12.1657491291539 58.23
1324 -11.56238881773349 58.24
1325 -11.07383400013925 58.25
1326 -10.38623980210762 58.26
1327 -9.971897744843226 58.27
1328 -9.489485798526864 58.28
1329 -9.155342987294437 58.29
1330 -8.582407067016213 58.3
1331 -7.926077466324253 58.31
1332 -7.375201118991735 58.32
1333 -7.264542118302882 58.33
1334 -7.139875298105472 58.34
1335 -7.093796899733968 58.35
1336 -7.480353066517131 58.36
1337 -7.527610412923125 58.37
1338 -7.529827460029159 58.38
1339 -7.972156138138896 58.39
1340 -8.070639103786663 58.4
1341 -8.994721652976729 58.41
1342 -9.191101106197493 58.42
1343 -9.532161204854347 58.43
1344 -9.670175705640922 58.44
1345 -10.03663774259426 58.45
1346 -10.47103400192097 58.46
1347 -10.85587800624607 58.47
1348 -11.62376443396729 58.48
1349 -12.91239819387368 58.49
1350 -13.89728523585798 58.5
1351 -17.27907580775496 58.51
1352 -19.25340390383681 58.52
1353 -20.45053436521292 58.53
1354 -22.66827228361009 58.54
1355 -23.93858548231122 58.55
1356 -24.95860802333157 58.56
1357 -26.32729434386746 58.57
1358 -28.20226544681209 58.58
1359 -30.87028423864174 58.59
1360 -32.00206823345971 58.6
1361 -33.82511049029494 58.61
1362 -35.62642514657015 58.62
1363 -37.44576536512107 58.63
1364 -39.76718920584502 58.64
1365 -40.48511741542659 58.65
1366 -41.41137784884135 58.66
1367 -41.94038265955739 58.67
1368 -42.246704606196 58.68
1369 -42.31487329648161 58.69
1370 -42.11251162799298 58.7
1371 -41.68327641727649 58.71
1372 -40.7660093376777 58.72
1373 -39.85229197336181 58.73
1374 -37.69039350604532 58.74
1375 -35.80833516331521 58.75
1376 -34.20456477135924 58.76
1377 -31.11907652218147 58.77
1378 -30.07795826713999 58.78
1379 -28.42947710518421 58.79
1380 -27.34269251554645 58.8
1381 -24.73148019688223 58.81
1382 -23.08871078403563 58.82
1383 -21.82702734473364 58.83
1384 -20.51292470806203 58.84
1385 -18.7164304873492 58.85
1386 -17.54130417114716 58.86
1387 -15.12077883986805 58.87
1388 -13.83170922168469 58.88
1389 -12.79945070018822 58.89
1390 -11.24657415913381 58.9
1391 -10.67428858125329 58.91
1392 -10.22055284017189 58.92
1393 -9.516163006902284 58.93
1394 -9.179143233167679 58.94
1395 -8.655317685367448 58.95
1396 -8.236709566787017 58.96
1397 -7.900256880448143 58.97
1398 -7.523746391758983 58.98
1399 -7.429754531806218 58.99
1400 -7.242329569032265 59
1401 -7.180667587768591 59.01
1402 -7.110170651214161 59.02
1403 -7.185290020155211 59.03
1404 -7.168006823499537 59.04
1405 -7.495415816890937 59.05
1406 -7.553565763382735 59.06
1407 -7.754789989085181 59.07
1408 -7.945921375266098 59.08
1409 -8.361788085661088 59.09
1410 -8.54233596056301 59.1
1411 -8.992680488860076 59.11
1412 -9.1669742827614 59.12
1413 -9.404821725253541 59.13
1414 -9.74267357547413 59.14
1415 -10.21670442213078 59.15
1416 -12.40516277752258 59.16
1417 -13.9637319777396 59.17
1418 -16.4971883724206 59.18
1419 -17.69859931899305 59.19
1420 -18.7788631455677 59.2
1421 -20.36844659460542 59.21
1422 -21.38645161198707 59.22
1423 -22.09907542711673 59.23
1424 -23.24849709527508 59.24
1425 -26.60690122716549 59.25
1426 -28.11651867022128 59.26
1427 -29.074236495601 59.27
1428 -30.59053279468913 59.28
1429 -33.06099134615292 59.29
1430 -33.8772383640458 59.3
1431 -35.0516209033881 59.31
1432 -35.50209370124524 59.32
1433 -36.10838784966001 59.33
1434 -36.2331057757027 59.34
1435 -36.01960781852608 59.35
1436 -35.41174313108925 59.36
1437 -34.95093845049336 59.37
1438 -34.18896836236872 59.38
1439 -31.52283784990987 59.39
1440 -30.50012948686435 59.4
1441 -27.77731593360785 59.41
1442 -26.28885420208714 59.42
1443 -25.35570936490919 59.43
1444 -23.82353098021365 59.44
1445 -22.11578549742936 59.45
1446 -21.1146093294631 59.46
1447 -20.2624783720429 59.47
1448 -18.75631246776451 59.48
1449 -17.39334386734948 59.49
1450 -15.28260462118657 59.5
1451 -13.52462058296158 59.51
1452 -12.2117422052505 59.52
1453 -11.4973940342408 59.53
1454 -10.43069345311292 59.54
1455 -9.855263726476647 59.55
1456 -8.606736735689449 59.56
1457 -8.286255893570761 59.57
1458 -8.038521488346861 59.58
1459 -7.86253441676631 59.59
1460 -7.652817518720864 59.6
1461 -7.325548392910194 59.61
1462 -6.990745332284639 59.62
1463 -6.882881408467142 59.63
1464 -6.789006678234548 59.64
1465 -6.738586250423621 59.65
1466 -6.701438832468171 59.66
1467 -6.85665704373529 59.67
1468 -6.850528886179363 59.68
1469 -6.911273231059584 59.69
1470 -7.176280322710205 59.7
1471 -7.219671207811551 59.71
1472 -7.343571142388638 59.72
1473 -7.458789405782387 59.73
1474 -7.618844936026711 59.74
1475 -7.845149908908437 59.75
1476 -8.0582370925798 59.76
1477 -9.328763878692072 59.77
1478 -9.639693145334856 59.78
1479 -10.87996738714146 59.79
1480 -13.21522608897362 59.8
1481 -14.39653784891367 59.81
1482 -16.11510727376496 59.82
1483 -16.64168195170746 59.83
1484 -18.09124981079578 59.84
1485 -19.21619593729022 59.85
1486 -20.34721634262424 59.86
1487 -21.00262703207301 59.87
1488 -23.2886522536641 59.88
1489 -24.33398572245106 59.89
1490 -25.87149383967037 59.9
1491 -26.71717042739183 59.91
1492 -29.21056263951015 59.92
1493 -30.17948396191535 59.93
1494 -30.51557730267838 59.94
1495 -31.10724782178456 59.95
1496 -31.17857296981384 59.96
1497 -31.06220121529504 59.97
1498 -29.89659762143812 59.98
1499 -29.12055387796728 59.99
1500 -27.03366724224209 60
