"temperatura-rfile"
"Time Step" "temperatura etc.."
("Time Step" "temperatura" "flow-time")
0 317.0212507598504 0
1 326.2329403775434 0.1
2 333.5229838122451 0.2
3 340.8732244011962 0.3
4 349.0122401604022 0.4
5 356.9628534823734 0.5
6 364.5047726000123 0.6000000000000001
7 371.9054145397745 0.7000000000000001
8 380.5715069439482 0.8
9 389.8979078788074 0.9
10 399.6472941242629 1
11 409.065603395081 1.1
12 417.5983051925552 1.2
13 426.8137261428749 1.3
14 434.3402066162487 1.4
15 443.2018387253889 1.5
16 451.9818434252051 1.6
17 460.6102156559937 1.7
18 468.0142984277016 1.8
19 475.0490526161927 1.9
20 482.7826141470244 2
21 488.7938444922943 2.1
22 496.0371985330772 2.2
23 501.5646933985883 2.3
24 507.2782023639322 2.4
25 513.6524906560804 2.5
26 518.5921537052059 2.6
27 523.6735153047294 2.7
28 529.2773299816743 2.8
29 534.1035082937478 2.9
30 538.6982467712897 3
31 543.0167882207369 3.1
32 547.0662311984976 3.2
33 550.8721373259503 3.3
34 554.4476880625245 3.4
35 557.8102720992748 3.5
36 560.9683023464928 3.6
37 563.9285127066432 3.7
38 566.7047008699975 3.8
39 569.3069495336829 3.9
40 571.7475870827876 4
41 574.0401623501838 4.100000000000001
42 576.2099447579174 4.2
43 578.256801210696 4.3
44 580.2400318029077 4.4
45 582.1615202963404 4.5
46 584.0453290952994 4.600000000000001
47 585.9086474341409 4.7
48 587.7745227059177 4.800000000000001
49 589.6516916184548 4.9
50 591.5448862213473 5
51 593.4576386293925 5.100000000000001
52 595.4004452659956 5.2
53 597.3717933456793 5.300000000000001
54 599.3700443161027 5.4
55 601.3942959262301 5.5
56 603.445521525927 5.600000000000001
57 605.5220760527754 5.7
58 607.6181335913145 5.800000000000001
59 609.7343786245888 5.9
60 611.8732392279032 6
61 614.0343379302622 6.100000000000001
62 616.2075408456931 6.2
63 618.3907569860302 6.300000000000001
64 620.575588159005 6.4
65 622.7607666689527 6.5
66 624.9364657261516 6.600000000000001
67 627.1018578671558 6.7
68 629.2553557848145 6.800000000000001
69 631.3884981643655 6.9
70 633.5030441112679 7
71 635.5945779378172 7.100000000000001
72 637.6576830667681 7.2
73 639.6940180946671 7.300000000000001
74 641.6985928303395 7.4
75 643.6712218062386 7.5
76 645.6108505079166 7.600000000000001
77 647.5176535456054 7.7
78 649.3870119905481 7.800000000000001
79 651.2218973897806 7.9
80 653.0265639733225 8
81 654.7976619096614 8.1
82 656.5387842942436 8.200000000000001
83 658.2488442480513 8.300000000000001
84 659.9347367773283 8.4
85 661.597564098701 8.5
86 663.2414031866393 8.6
87 664.8684989610547 8.700000000000001
88 666.4793517329794 8.800000000000001
89 668.0777794920118 8.9
90 669.6653880882649 9
91 671.2450134416848 9.1
92 672.8165956936604 9.200000000000001
93 674.3840065124072 9.300000000000001
94 675.9455755977102 9.4
95 677.4829965886296 9.5
96 678.501650716762 9.600000000000001
97 679.8941613514246 9.700000000000001
98 681.2879405025665 9.800000000000001
99 682.214963476512 9.9
100 683.4996594824108 10
101 684.8218228609401 10.1
102 685.7104927885845 10.2
103 686.9298457320967 10.3
104 687.7535322841741 10.4
105 688.8929545559851 10.5
106 689.645479113986 10.6
107 690.7405141361648 10.7
108 691.4812362279256 10.8
109 692.5403740248208 10.9
110 693.2409648082728 11
111 694.278412928629 11.1
112 694.9822156142892 11.2
113 696.0000771325296 11.3
114 696.7008017810954 11.4
115 697.7056692870783 11.5
116 698.3987582889027 11.6
117 699.3926251220087 11.7
118 700.0687171719995 11.8
119 701.0481405533058 11.9
120 701.7238198136669 12
121 702.6902844433907 12.1
122 703.3559227872624 12.2
123 704.3130577990486 12.3
124 704.9638146574397 12.4
125 705.9129362078248 12.5
126 706.5633559003721 12.6
127 707.497221633024 12.7
128 708.1373099031506 12.8
129 709.065108035081 12.9
130 709.6982133384323 13
131 710.6157857612777 13.1
132 711.231036206525 13.2
133 712.1284209599339 13.3
134 712.7393909364491 13.4
135 713.6301897993202 13.5
136 714.2351168535237 13.6
137 715.1172273067182 13.7
138 715.7206519664429 13.8
139 716.5953275972962 13.9
140 717.1929108295179 14
141 718.059915587236 14.1
142 718.6520433480487 14.2
143 719.5111154559261 14.3
144 720.0995114605046 14.4
145 720.955724829109 14.5
146 721.5426186124361 14.6
147 722.3957127633131 14.7
148 722.9753581246218 14.8
149 723.8241316834092 14.9
150 724.4078912313176 15
151 725.2556542517076 15.1
152 725.8380429188351 15.2
153 726.6808144563145 15.3
154 727.2626421373708 15.4
155 728.1050655581478 15.5
156 728.6871772294114 15.6
157 729.5271728363062 15.7
158 730.1022991197921 15.8
159 730.9433779008634 15.9
160 731.5069202243731 16
161 732.3494320012128 16.1
162 732.9253792706504 16.2
163 733.765529556938 16.3
164 734.330503325531 16.4
165 735.1651649321946 16.5
166 735.7459923124695 16.6
167 736.5761208057762 16.7
168 737.1531553564885 16.8
169 737.9793237654155 16.9
170 738.551861513116 17
171 739.3746459243697 17.1
172 739.9331560796177 17.2
173 740.7517611902131 17.3
174 741.3197241001457 17.4
175 742.8681310444823 17.5
176 743.804291565594 17.6
177 744.9842358133102 17.7
178 745.7623755162989 17.8
179 746.7730286793629 17.9
180 747.4463986155338 18
181 748.3565636955955 18.1
182 748.9761919781655 18.2
183 749.8298674390948 18.3
184 750.4155965792366 18.4
185 751.2266794408177 18.5
186 751.7933605028092 18.6
187 752.5828036919509 18.7
188 753.1285096531569 18.8
189 754.8329783671577 18.9
190 756.0796672508018 19
191 756.915147239121 19.1
192 757.9833945222229 19.2
193 758.7093476770577 19.3
194 759.6288402654335 19.4
195 760.2646019403056 19.5
196 761.1004258616185 19.6
197 761.680971333273 19.7
198 762.4725942140166 19.8
199 763.0248234673012 19.9
200 763.7856494082224 20
201 764.3197372371995 20.1
202 765.9814972747122 20.2
203 768.247738068285 20.3
204 770.6782256404141 20.4
205 773.4168314409961 20.5
206 776.354142946081 20.6
207 778.1855500533549 20.7
208 780.0408798001622 20.8
209 783.9602402878795 20.9
210 785.9368554588203 21
211 790.1267144586554 21.1
212 792.138728131085 21.2
213 794.4774870186071 21.3
214 798.7391953863354 21.4
215 801.491923579169 21.5
216 803.1363222402525 21.6
217 806.569815494192 21.7
218 809.3227921966462 21.8
219 810.6447246035265 21.9
220 813.8035198242965 22
221 816.7590241646392 22.1
222 819.4016797896761 22.2
223 821.3106549998823 22.3
224 824.0572355617599 22.4
225 826.1535970496033 22.5
226 829.05178647527 22.6
227 831.2529787442289 22.7
228 833.5234399946471 22.8
229 834.9017054762315 22.9
230 836.8346478792872 23
231 839.3995204119957 23.1
232 841.5723976078065 23.2
233 843.6161735139636 23.3
234 846.1993203176814 23.4
235 848.0577375853881 23.5
236 850.404065333624 23.6
237 852.7785206475055 23.7
238 855.0007125628665 23.8
239 857.4346357447645 23.9
240 859.0639320111019 24
241 860.0569759935613 24.1
242 860.7397355061167 24.2
243 861.7254244008533 24.3
244 862.3767268571532 24.4
245 862.8545384516967 24.5
246 863.4353426033204 24.6
247 863.8336083906139 24.7
248 864.1774774710058 24.8
249 864.5972325733862 24.9
250 864.9730844747968 25
251 865.2805480267572 25.1
252 865.6656794498725 25.2
253 865.9599863999014 25.3
254 866.1970273234575 25.4
255 866.4541881620823 25.5
256 866.9125473965025 25.6
257 867.3108372142459 25.7
258 868.6287914424655 25.8
259 870.3756394996698 25.9
260 872.4224245729467 26
261 873.6502266499983 26.1
262 874.4033858049535 26.2
263 875.111918734184 26.3
264 875.5908204858732 26.4
265 875.9629265792491 26.5
266 876.4153963764195 26.6
267 876.7904931390319 26.7
268 877.0235782262574 26.8
269 878.2759161398989 26.9
270 879.8436767608591 27
271 880.8055812647898 27.1
272 882.9112033611163 27.2
273 884.5456471958903 27.3
274 885.6022667126252 27.4
275 886.33179177951 27.5
276 887.1350465444733 27.6
277 887.7193881137657 27.7
278 888.089675953661 27.8
279 889.3266590275188 27.9
280 890.5386877440112 28
281 891.3242102619126 28.1
282 891.7665871305114 28.2
283 892.9404829608941 28.3
284 894.5175093055726 28.4
285 896.1134154422164 28.5
286 897.8366576634221 28.6
287 898.8528729655802 28.7
288 899.426836673587 28.8
289 900.2761799446524 28.9
290 900.8155217505954 29
291 901.0862841521048 29.1
292 900.8796109182042 29.2
293 900.807778375766 29.3
294 901.3295183774183 29.4
295 901.0801742693807 29.5
296 903.6030748916063 29.6
297 905.2381967720737 29.7
298 905.9412223705142 29.8
299 905.0844755679457 29.9
300 905.0663419283486 30
301 905.1624577614531 30.1
302 905.5802360595314 30.2
303 906.7830072923413 30.3
304 907.7752715842383 30.4
305 908.5164275239946 30.5
306 909.1978654685622 30.6
307 909.8229897267768 30.7
308 910.0535246370172 30.8
309 909.7015004914612 30.9
310 909.7622946868812 31
311 909.652845646583 31.1
312 909.3433040013613 31.2
313 909.4187222645884 31.3
314 909.4035803460955 31.4
315 909.0517368907227 31.5
316 909.0446438537035 31.6
317 907.0982435867456 31.7
318 904.7824510939327 31.8
319 902.9190029500611 31.9
320 901.6541884899559 32
321 900.8100056037069 32.1
322 900.2466375535314 32.2
323 899.8666129581289 32.3
324 899.5769268510833 32.4
325 899.3614327417255 32.5
326 899.2196915774277 32.6
327 899.0842114943761 32.7
328 898.937860234228 32.8
329 898.7535696390574 32.9
330 898.6247955483842 33
331 898.5533209580898 33.1
332 898.381416879567 33.2
333 898.1548901088227 33.3
334 897.9405595656419 33.4
335 897.7386872123632 33.5
336 897.5191197463779 33.6
337 897.2793561391171 33.7
338 897.0050480445082 33.8
339 896.8142514583518 33.9
340 896.8339767018483 34
341 896.8479932037163 34.1
342 896.849861670428 34.2
343 896.8521839452389 34.3
344 896.85356463583 34.4
345 896.8561386726873 34.5
346 896.8570998060347 34.6
347 896.8589758604801 34.7
348 896.8479535725419 34.8
349 896.8378109990516 34.9
350 896.8303446110443 35
351 896.8259524171635 35.1
352 896.8210800902521 35.2
353 896.8187352471518 35.3
354 896.8022362181511 35.4
355 896.7893626197447 35.5
356 896.7791187054136 35.6
357 896.7730065742999 35.7
358 896.7678113390729 35.8
359 896.7629786188103 35.9
360 896.7464359284106 36
361 896.7321400971615 36.1
362 896.7219106857831 36.2
363 896.7135268996474 36.3
364 896.7067437081015 36.4
365 896.7006798817363 36.5
366 896.6826797898945 36.6
367 896.6673704468645 36.7
368 896.6556294662781 36.8
369 896.6476493199275 36.9
370 896.6414204947054 37
371 896.6368447660772 37.1
372 896.6189474866328 37.2
373 896.6050263392813 37.3
374 896.5936931700745 37.4
375 896.5857142018164 37.5
376 896.579067021817 37.6
377 896.5731507126192 37.7
378 896.5552481609632 37.8
379 896.5401530162852 37.9
380 896.5287349056133 38
381 896.5198645634907 38.1
382 896.5123541843421 38.2
383 896.5058015952421 38.3
384 896.4871788485231 38.40000000000001
385 896.2332995655355 38.5
386 896.0627418496364 38.6
387 896.0413855832346 38.7
388 896.0321951848032 38.8
389 896.0270628657113 38.90000000000001
390 896.0299848018467 39
391 896.0366717738585 39.1
392 895.8737051226461 39.2
393 895.7142817008968 39.3
394 895.7466524216156 39.40000000000001
395 895.7698336719139 39.5
396 895.7886115919109 39.6
397 895.7947429507147 39.7
398 895.7962028252659 39.8
399 895.7932773626334 39.90000000000001
400 895.7738681284734 40
401 895.7533817553613 40.1
402 895.7345161966728 40.2
403 895.7199364576157 40.3
404 895.7041585758485 40.40000000000001
405 895.6897005802554 40.5
406 895.6624938599936 40.6
407 895.6388618664612 40.7
408 895.6184868225647 40.8
409 895.600357682171 40.90000000000001
410 895.5850966239288 41
411 895.5713773003949 41.1
412 895.5442734250759 41.2
413 895.5210573402047 41.3
414 895.5011205512413 41.40000000000001
415 895.4838205397598 41.5
416 895.4696074691274 41.6
417 895.4567218907266 41.7
418 895.4311738510534 41.8
419 895.4098570617614 41.90000000000001
420 895.3915136324791 42
421 895.376559959328 42.1
422 895.3647939034771 42.2
423 895.3552111803007 42.3
424 895.3321750060491 42.40000000000001
425 895.3119486820931 42.5
426 895.295819676194 42.6
427 895.2831612508675 42.7
428 895.2711381711408 42.8
429 895.2621404139713 42.90000000000001
430 895.2396355198607 43
431 895.2225131837686 43.1
432 895.2093482920922 43.2
433 895.1999808498005 43.3
434 895.1937186668039 43.40000000000001
435 895.1812639928454 43.5
436 895.1624966843281 43.6
437 895.1482012875301 43.7
438 895.1368902971177 43.8
439 895.1316461494948 43.90000000000001
440 894.9798447945936 44
441 894.836516376375 44.1
442 894.7294994892044 44.2
443 894.7498510557306 44.3
444 894.7629848824645 44.40000000000001
445 894.7576817901586 44.5
446 894.7543586114562 44.6
447 894.7554962860158 44.7
448 894.5054458782597 44.8
449 894.2544259997663 44.90000000000001
450 894.2475746042185 45
451 894.2375168811684 45.1
452 894.2160355659646 45.2
453 894.1993711192417 45.3
454 894.1815024168295 45.40000000000001
455 894.1652231212744 45.5
456 894.1484503567654 45.6
457 894.1328307838858 45.7
458 894.1020767489939 45.8
459 894.0710481858856 45.90000000000001
460 894.0462997558953 46
461 894.0253861646212 46.1
462 894.0080713080242 46.2
463 893.9956629855919 46.3
464 893.9701114026394 46.40000000000001
465 893.9515083676256 46.5
466 893.9387941816489 46.6
467 893.9268841609764 46.7
468 893.9222627351643 46.8
469 893.916236657974 46.90000000000001
470 893.8957826276898 47
471 893.8804393588517 47.1
472 893.8683903875495 47.2
473 893.858185329477 47.3
474 893.8480431821059 47.40000000000001
475 893.8359685304296 47.5
476 893.8075155421574 47.6
477 893.7875022662257 47.7
478 893.7671353034204 47.8
479 893.7485794934598 47.90000000000001
480 893.7321277857354 48
481 893.7180203896647 48.1
482 893.6867671103744 48.2
483 893.6608717997742 48.3
484 893.6394885640829 48.40000000000001
485 893.6207707359015 48.5
486 893.3335815445953 48.6
487 892.976113939401 48.7
488 892.5407210112533 48.8
489 892.1580797374678 48.90000000000001
490 891.7524349036427 49
491 891.5033123885538 49.1
492 891.4340188884408 49.2
493 891.3767358514941 49.3
494 891.3234594668482 49.40000000000001
495 891.2797483805183 49.5
496 891.2432903112082 49.6
497 891.2119751897742 49.7
498 891.1574737565694 49.8
499 891.1112433570468 49.90000000000001
500 891.0721652493409 50
501 889.6838074192551 50.01
502 888.4009425890672 50.02
503 887.1222567625694 50.03
504 885.8465223678515 50.04
505 884.25665945068 50.05
506 882.5278700421148 50.06
507 880.7097603051642 50.07
508 878.823301716462 50.08
509 876.8815876938339 50.09
510 874.9017597437123 50.1
511 872.644077302626 50.11
512 870.1258272095846 50.12
513 867.3671514002207 50.13
514 864.3267984873075 50.14
515 860.9514942156204 50.15
516 857.208981334174 50.16
517 853.0893788223101 50.17
518 848.5833576193332 50.18
519 843.7481424415631 50.19
520 838.6122521755196 50.2
521 833.1616989253594 50.21
522 827.4479559559818 50.22
523 821.4912973279652 50.23
524 815.2791210274623 50.24
525 809.0097004743278 50.25
526 802.782362296139 50.26
527 796.863532454919 50.27
528 791.1039668486106 50.28
529 785.5109991133008 50.29
530 780.0937984665144 50.3
531 774.8595526765173 50.31
532 769.8131488969766 50.32
533 764.9558839534675 50.33
534 760.2845648855972 50.34
535 755.7936378833556 50.35
536 751.4773652988947 50.36
537 747.3276307164508 50.37
538 743.3369215691669 50.38
539 739.4969549962477 50.39
540 735.7993783052113 50.4
541 732.2361888246426 50.41
542 728.8007582240397 50.42
543 725.4847486549326 50.43
544 722.2840459775812 50.44
545 719.1968985413292 50.45
546 716.2154391271018 50.46
547 713.3380639966909 50.47
548 710.5662169422906 50.48
549 707.8974673421125 50.49
550 705.335490703746 50.5
551 702.8778110419631 50.51
552 700.5282460896356 50.52
553 698.284908164624 50.53
554 696.147216150876 50.54
555 694.1125381616731 50.55
556 692.1794222086312 50.56
557 690.0782350847381 50.57
558 687.8057833784372 50.58
559 685.5400598343156 50.59
560 683.2230910293929 50.6
561 679.6756366889931 50.61
562 675.5496682635915 50.62
563 672.6944532123573 50.63
564 669.1512800485108 50.64
565 664.0902184881654 50.65
566 658.0573696737839 50.66
567 653.829323738876 50.67
568 650.6230240403505 50.68
569 647.8818022812509 50.69
570 647.2349567370406 50.7
571 647.7271826966172 50.71
572 648.7044848366669 50.72
573 649.3008277565901 50.73
574 651.1753034426315 50.74
575 654.0786717369359 50.75
576 657.1799651399127 50.76
577 666.0368519283386 50.77
578 678.9067762448802 50.78
579 696.7637112478891 50.79
580 715.4546961021603 50.8
581 732.8810881546551 50.81
582 748.5837129602718 50.82
583 760.6700282171282 50.83
584 770.1745090008131 50.84
585 778.4713552825388 50.85
586 784.7776804772054 50.86
587 788.9818771644068 50.87
588 792.9786678013705 50.88
589 797.4639090502657 50.89
590 802.919607464881 50.9
591 809.1047867083616 50.91
592 815.570047580222 50.92
593 820.9889803391218 50.93
594 825.362322696351 50.94
595 828.638213326094 50.95
596 830.9231485735287 50.96
597 832.2650674251711 50.97
598 832.9185181881551 50.98
599 833.1061732962697 50.99
600 832.7411027588693 51
601 831.4884453800282 51.01
602 829.2138942759534 51.02
603 826.029084923919 51.03
604 821.6831089216358 51.04
605 815.3464052151777 51.05
606 806.1117709908174 51.06
607 795.2487957618134 51.07
608 784.7601547291687 51.08
609 774.9736859153525 51.09
610 765.9167615526425 51.1
611 757.6589513550202 51.11
612 750.1697828598068 51.12
613 743.4214328272841 51.13
614 737.3476689384555 51.14
615 731.8827888348777 51.15
616 726.9511289877377 51.16
617 722.4970495887137 51.17
618 718.5047093359422 51.18
619 714.902262069542 51.19
620 711.5676431809293 51.2
621 708.4925717003557 51.21
622 705.6483645739306 51.22
623 702.9530174194106 51.23
624 700.3317137876174 51.24
625 697.7698676445192 51.25
626 695.2215992787558 51.26
627 692.6968873569512 51.27
628 690.2070485933509 51.28
629 687.778127571676 51.29
630 685.4382439772106 51.3
631 683.2061947117569 51.31
632 681.0425188829429 51.32
633 678.8640263101044 51.33
634 676.7760947381641 51.34
635 674.7489670811148 51.35
636 672.8262961360782 51.36
637 670.9656636532316 51.37
638 669.1587900112154 51.38
639 667.3501634799998 51.39
640 665.4514280162783 51.4
641 663.392936819881 51.41
642 661.1855426664558 51.42
643 659.0521377171505 51.43
644 656.9561206417043 51.44
645 654.9337128024243 51.45
646 653.0720270424064 51.46
647 651.5598613645366 51.47
648 650.2257688119677 51.48
649 648.916235773549 51.49
650 647.5574040677961 51.5
651 646.3360062651097 51.51
652 645.2948860062331 51.52
653 644.1483457452988 51.53
654 642.9182638696045 51.54
655 641.661338596056 51.55
656 640.3671648179111 51.56
657 638.9854863893406 51.57
658 637.5003915936782 51.58
659 635.8339968139596 51.59
660 634.0966761542494 51.6
661 632.4646193129578 51.61
662 630.735440890449 51.62
663 628.7370807230583 51.63
664 626.4662761158605 51.64
665 624.0182376272452 51.65
666 621.4304687415638 51.66
667 618.7325077457112 51.67
668 615.9367126138518 51.68
669 613.0712483173016 51.69
670 610.1729197326576 51.7
671 607.2586906717653 51.71
672 604.2965060064855 51.72
673 601.4082902972278 51.73
674 598.6428803433348 51.74
675 595.9004657476987 51.75
676 593.2542172755867 51.76
677 590.5510018585001 51.77
678 588.0700103300567 51.78
679 585.8777905047132 51.79
680 583.7666282688948 51.8
681 581.6186124414754 51.81
682 579.3509929856895 51.82
683 577.2226957319402 51.83
684 575.2996340649801 51.84
685 573.6750704226613 51.85
686 571.8624630847241 51.86
687 570.0364345441419 51.87
688 568.5174132038999 51.88
689 567.2441718342817 51.89
690 565.7685442199611 51.9
691 564.3376616425981 51.91
692 562.7857907710957 51.92
693 560.6749099369349 51.93
694 558.0784534215649 51.94
695 555.2295148668106 51.95
696 552.3580022056971 51.96
697 549.6905373086851 51.97
698 547.3731595014772 51.98
699 545.1671480424783 51.99
700 543.312772735888 52
701 541.8721772536074 52.01
702 540.5296963317585 52.02
703 539.0063064515193 52.03
704 537.6769905009764 52.04
705 536.7026162492143 52.05
706 536.0304546686481 52.06
707 535.5992804252586 52.07
708 535.3409689882972 52.08
709 535.1912703600581 52.09
710 535.1005887013837 52.1
711 535.0577330758831 52.11
712 535.0635094936434 52.12
713 535.1007604664273 52.13
714 535.1773381926041 52.14
715 535.2895880152071 52.15
716 535.4359111771907 52.16
717 535.6184391340565 52.17
718 535.8512426662553 52.18
719 536.1094566329559 52.19
720 536.3739482266996 52.2
721 536.6346322683745 52.21
722 536.8881051704393 52.22
723 537.1012335561347 52.23
724 537.2856873403342 52.24
725 537.4445252764581 52.25
726 537.6252585526562 52.26
727 537.8465851861687 52.27
728 538.0857920080217 52.28
729 538.289668825791 52.29
730 538.4615818314844 52.3
731 538.5969240296954 52.31
732 538.6662998115161 52.32
733 538.6526851822963 52.33
734 538.5571465968867 52.34
735 538.3760008262396 52.35
736 538.1116132308894 52.36
737 537.7268816501636 52.37
738 537.2060040384638 52.38
739 536.5492881303076 52.39
740 535.7166330683101 52.4
741 534.6868944753438 52.41
742 533.4369874277523 52.42
743 531.9152269697382 52.43
744 530.3301018590233 52.44
745 528.7523912288525 52.45
746 527.2244772599619 52.46
747 525.7559531557931 52.47
748 524.3778753905923 52.48
749 523.0828357714319 52.49
750 521.8631988918595 52.5
751 520.7123793981281 52.51
752 519.6258565763362 52.52
753 518.6051180454706 52.53
754 517.6525316238815 52.54
755 516.7583655625516 52.55
756 515.9355641426071 52.56
757 515.1682229871138 52.57
758 514.4564242064906 52.58
759 513.7941552899847 52.59
760 513.1799811093465 52.6
761 512.6104538366091 52.61
762 512.0816365399351 52.62
763 511.5874310312104 52.63
764 511.135897141274 52.64
765 510.7195853546477 52.65
766 510.3348709711509 52.66
767 509.9910524808096 52.67
768 509.6777427446362 52.68
769 509.385882635466 52.69
770 509.1133266435289 52.7
771 508.8598117969719 52.71
772 508.6208023651249 52.72
773 508.4007882600395 52.73
774 508.193257602619 52.74
775 507.9948631794784 52.75
776 507.80677081793 52.76
777 507.622611154676 52.77
778 507.4392263917874 52.78
779 507.2592225852371 52.79
780 507.0836245101778 52.8
781 506.9145438225766 52.81
782 506.7337991769571 52.82
783 506.5488594301879 52.83
784 506.3702192060327 52.84
785 506.2022227038782 52.85
786 506.0474514801232 52.86
787 505.9067558281794 52.87
788 505.7720514490848 52.88
789 505.6177870377633 52.89
790 505.4344455628366 52.9
791 505.223775242472 52.91
792 504.9981939535868 52.92
793 504.7542428633448 52.93
794 504.4897123229534 52.94
795 504.2037450407129 52.95
796 503.9040178478149 52.96
797 503.585952180787 52.97
798 503.254836256306 52.98
799 502.9215789211112 52.99
800 502.5908196971876 53
801 502.2592300269519 53.01
802 501.9173645028552 53.02
803 501.569088428503 53.03
804 501.2175553879915 53.04
805 500.8479197219705 53.05
806 500.4540271039879 53.06
807 500.0457726527623 53.07
808 499.62440994982 53.08
809 499.1913552608898 53.09
810 498.7445087005066 53.1
811 498.2957758087364 53.11
812 497.8307712538622 53.12
813 497.3484664509172 53.13
814 496.8497097165434 53.14
815 496.3366507745078 53.15
816 495.8163408178386 53.16
817 495.2975435579842 53.17
818 494.7936875326302 53.18
819 494.2911226012629 53.19
820 493.7944232389419 53.2
821 493.2966379910326 53.21
822 492.8019738413365 53.22
823 492.2901778009772 53.23
824 491.769776482002 53.24
825 491.2292962152227 53.25
826 490.6725146683613 53.26
827 490.1023968419997 53.27
828 489.5246009786182 53.28
829 488.944647742738 53.29
830 488.3867317474711 53.3
831 487.8237551694114 53.31
832 487.2727028615096 53.32
833 486.7281310522709 53.33
834 486.1993209353113 53.34
835 485.6685602435912 53.35
836 485.1561145003361 53.36
837 484.648540316 53.37
838 484.1452986995187 53.38
839 483.6445170311569 53.39
840 483.1358791243866 53.4
841 482.6250741208302 53.41
842 482.1052366811045 53.42
843 481.5776688736956 53.43
844 481.0513282988359 53.44
845 480.504863628205 53.45
846 479.9861883773367 53.46
847 479.5139673636236 53.47
848 479.0981256642342 53.48
849 478.7558611034638 53.49
850 478.5074752342759 53.5
851 478.3554921953677 53.51
852 478.2366929669935 53.52
853 478.2361442851551 53.53
854 478.3964804019161 53.54
855 478.6777588336667 53.55
856 479.0357757252494 53.56
857 479.3620130511525 53.57
858 479.8712597870293 53.58
859 480.4859162943832 53.59
860 481.1798832768466 53.6
861 481.9418978668676 53.61
862 482.7956785355545 53.62
863 483.577494965465 53.63
864 484.4009042343751 53.64
865 485.2516094997333 53.65
866 486.0815080221298 53.66
867 486.9176547005005 53.67
868 487.7058005792329 53.68
869 488.4637662065608 53.69
870 489.2078355814691 53.7
871 489.8975146198309 53.71
872 490.4791787647995 53.72
873 491.0393558681855 53.73
874 491.6136649993215 53.74
875 492.1694280420869 53.75
876 492.6910017274053 53.76
877 493.1883535888377 53.77
878 493.6584460498191 53.78
879 494.0836238083552 53.79
880 494.4299037485569 53.8
881 494.7606587906505 53.81
882 495.0843685772007 53.82
883 495.3913491961125 53.83
884 495.6433279415905 53.84
885 495.8642189193985 53.85
886 496.0594723129121 53.86
887 496.2254407839698 53.87
888 496.355854768087 53.88
889 496.4524249408861 53.89
890 496.5073109165053 53.9
891 496.5272488505161 53.91
892 496.5247744518293 53.92
893 496.5049696477678 53.93
894 496.4685225897258 53.94
895 496.4169502467237 53.95
896 496.3600705176902 53.96
897 496.2919816805463 53.97
898 496.2185543646243 53.98
899 496.1457092729065 53.99
900 496.0832291648478 54
901 496.0341552067858 54.01
902 495.9886085348182 54.02
903 495.9536214345621 54.03
904 495.9253277620895 54.04
905 495.9049710153533 54.05
906 495.8944333203361 54.06
907 495.8956226693548 54.07
908 495.9017363397647 54.08
909 495.9370146066354 54.09
910 495.9827866745637 54.1
911 496.0164226500319 54.11
912 496.0534268079514 54.12
913 496.1092167279656 54.13
914 496.163766184222 54.14
915 496.2102089560823 54.15
916 496.2448395255257 54.16
917 496.2775649431379 54.17
918 496.2913635897846 54.18
919 496.2794961866329 54.19
920 496.2628384120806 54.2
921 496.2376506885328 54.21
922 496.21287129533 54.22
923 496.1818502784978 54.23
924 496.1186920361752 54.24
925 495.9850150010576 54.25
926 495.8116414366841 54.26
927 495.6279377810092 54.27
928 495.4385050222535 54.28
929 495.2067481571815 54.29
930 494.9464040662437 54.3
931 494.6586179147884 54.31
932 494.3488874587347 54.32
933 494.0393847549443 54.33
934 493.730966018883 54.34
935 493.3864940103389 54.35
936 493.0238045482654 54.36
937 492.6480380516413 54.37
938 492.2717419580468 54.38
939 491.9041036512954 54.39
940 491.5509579640827 54.4
941 491.2192341611523 54.41
942 490.916230860852 54.42
943 490.6323706654325 54.43
944 490.3946405974949 54.44
945 490.1583584832018 54.45
946 489.9947086986369 54.46
947 489.911150933185 54.47
948 489.8987614865823 54.48
949 489.9476713599675 54.49
950 490.0379921026108 54.5
951 490.2347352062081 54.51
952 490.5336975131983 54.52
953 490.9184069953555 54.53
954 491.3039829708541 54.54
955 491.7489065965025 54.55
956 492.2645355120386 54.56
957 492.906647748342 54.57
958 493.6249388460938 54.58
959 494.38305075581 54.59
960 495.1420144565611 54.6
961 495.9357209732511 54.61
962 496.7006119369096 54.62
963 497.4350660936929 54.63
964 498.2050692921101 54.64
965 498.9550913909059 54.65
966 499.631524653029 54.66
967 500.282406612889 54.67
968 500.9483632170086 54.68
969 501.5950741128175 54.69
970 502.1738057717491 54.7
971 502.6792685420081 54.71
972 503.1495385178793 54.72
973 503.576848393657 54.73
974 503.941078486693 54.74
975 504.2450357222033 54.75
976 504.5157366671139 54.76
977 504.750239379523 54.77
978 504.8997929132829 54.78
979 505.0280043213033 54.79
980 505.1360559250773 54.8
981 505.2173307962373 54.81
982 505.2685376770454 54.82
983 505.2855798562525 54.83
984 505.2750052154938 54.84
985 505.2448935319576 54.85
986 505.1968502726243 54.86
987 505.1344433640645 54.87
988 505.0605027327209 54.88
989 504.9783481688455 54.89
990 504.8939257444954 54.9
991 504.8098514070791 54.91
992 504.7291104283287 54.92
993 504.6529431191605 54.93
994 504.5917766023629 54.94
995 504.5365017323658 54.95
996 504.4893150989094 54.96
997 504.4491542330697 54.97
998 504.4242115029056 54.98
999 504.4328769714751 54.99
1000 504.4389297297809 55
1001 504.4539768728991 55.01
1002 504.4754932840936 55.02
1003 504.5158278469319 55.03
1004 504.5653249773233 55.04
1005 504.6284239773082 55.05
1006 504.7101714190432 55.06
1007 504.7770893154823 55.07
1008 504.8299895602966 55.08
1009 504.9010823102586 55.09
1010 504.9648854406245 55.1
1011 505.0069784782796 55.11
1012 505.0332904684961 55.12
1013 505.040985319665 55.13
1014 505.0499248492884 55.14
1015 505.0167461753313 55.15
1016 504.9680047237334 55.16
1017 504.8763883675311 55.17
1018 504.7544773449615 55.18
1019 504.6124999699087 55.19
1020 504.4355704536066 55.2
1021 504.2631786674538 55.21
1022 504.073071315965 55.22
1023 503.8021208741032 55.23
1024 503.4888572065524 55.24
1025 503.1592800319834 55.25
1026 502.8181570506611 55.26
1027 502.4658490547783 55.27
1028 502.1094731290533 55.28
1029 501.7555092740677 55.29
1030 501.4108239880928 55.3
1031 501.0844998974506 55.31
1032 500.7853741969328 55.32
1033 500.5220842737116 55.33
1034 500.3051660999687 55.34
1035 500.1048060810959 55.35
1036 499.9696272731267 55.36
1037 499.8911939431455 55.37
1038 499.9123827614142 55.38
1039 500.036278618171 55.39
1040 500.2473718583864 55.4
1041 500.5039487963751 55.41
1042 500.8538136364437 55.42
1043 501.2902604347144 55.43
1044 501.7456369520668 55.44
1045 502.3054203830304 55.45
1046 502.9522837657853 55.46
1047 503.6392703589845 55.47
1048 504.3642680550223 55.48
1049 505.098014014649 55.49
1050 505.8177125150968 55.5
1051 506.5313698342906 55.51
1052 507.2464887981141 55.52
1053 507.8984301637031 55.53
1054 508.5665519269216 55.54
1055 509.2451336787697 55.55
1056 509.8703975540557 55.56
1057 510.4222116651233 55.57
1058 510.9264551125428 55.58
1059 511.3942779391831 55.59
1060 511.776467158959 55.6
1061 512.12934458922 55.61
1062 512.4529109741405 55.62
1063 512.7315761218563 55.63
1064 512.9650030010895 55.64
1065 513.1501207271602 55.65
1066 513.2864352246835 55.66
1067 513.3791366135267 55.67
1068 513.4322593006777 55.68
1069 513.414419301515 55.69
1070 513.3696689186472 55.7
1071 513.3114273117044 55.71
1072 513.2388179902581 55.72
1073 513.1521807547578 55.73
1074 513.0533593645663 55.74
1075 512.9487017147759 55.75
1076 512.8435574923325 55.76
1077 512.7395456340355 55.77
1078 512.636202418831 55.78
1079 512.5454780037475 55.79
1080 512.4678232695024 55.8
1081 512.4206643261555 55.81
1082 512.3817297050769 55.82
1083 512.3437511137438 55.83
1084 512.3153718641771 55.84
1085 512.3037294923623 55.85
1086 512.3185125754993 55.86
1087 512.3473593649347 55.87
1088 512.3732680049413 55.88
1089 512.417977850418 55.89
1090 512.4691906612131 55.9
1091 512.5235037677971 55.91
1092 512.5935922951772 55.92
1093 512.6739922529249 55.93
1094 512.7660659980862 55.94
1095 512.8342254544003 55.95
1096 512.8906341310877 55.96
1097 512.9359835033657 55.97
1098 512.9609551079042 55.98
1099 512.9582806094153 55.99
1100 512.9289303616422 56
1101 512.8987814296679 56.01
1102 512.8287429241529 56.02
1103 512.7178738665118 56.03
1104 512.6041013483363 56.04
1105 512.4560680279094 56.05
1106 512.2756320951589 56.06
1107 512.0522314762594 56.07
1108 511.801710622325 56.08
1109 511.5455142070515 56.09
1110 511.2698929791498 56.1
1111 510.9765234650676 56.11
1112 510.6790495195053 56.12
1113 510.3848843611036 56.13
1114 510.0946795760465 56.14
1115 509.8222087771451 56.15
1116 509.5785257753317 56.16
1117 509.3714762974174 56.17
1118 509.2028136025255 56.18
1119 509.0885040136181 56.19
1120 509.0420319769115 56.2
1121 509.0606595892756 56.21
1122 509.154940378626 56.22
1123 509.3043792311522 56.23
1124 509.542260362072 56.24
1125 509.8088801750751 56.25
1126 510.1948555762617 56.26
1127 510.6725523545895 56.27
1128 511.2170186112667 56.28
1129 511.8209750449612 56.29
1130 512.4611225191973 56.3
1131 513.1007229528774 56.31
1132 513.7717035471779 56.32
1133 514.3727978036574 56.33
1134 515.0245733008512 56.34
1135 515.6970078582511 56.35
1136 516.3654275508586 56.36
1137 517.0209716704001 56.37
1138 517.6062096400346 56.38
1139 518.1101316901621 56.39
1140 518.6003119836645 56.4
1141 519.0884574319167 56.41
1142 519.5256332355048 56.42
1143 519.9022729119408 56.43
1144 520.224878106769 56.44
1145 520.492458669134 56.45
1146 520.7019630398709 56.46
1147 520.8607587839772 56.47
1148 520.9747523648533 56.48
1149 521.0479174999472 56.49
1150 521.0826825260114 56.5
1151 521.0814539723212 56.51
1152 521.0501112695388 56.52
1153 520.9899215066865 56.53
1154 520.8996180299683 56.54
1155 520.799836335129 56.55
1156 520.7000099349719 56.56
1157 520.6055395321677 56.57
1158 520.5141298098858 56.58
1159 520.4322210197325 56.59
1160 520.3573697548477 56.6
1161 520.2918501740647 56.61
1162 520.2406222975328 56.62
1163 520.2076744108634 56.63
1164 520.1899440983809 56.64
1165 520.1879218549482 56.65
1166 520.2023392295227 56.66
1167 520.2327374255456 56.67
1168 520.2793175233745 56.68
1169 520.3415820396649 56.69
1170 520.4091063168739 56.7
1171 520.4782399341583 56.71
1172 520.5586059601119 56.72
1173 520.6473190088735 56.73
1174 520.7254328938187 56.74
1175 520.7875829335235 56.75
1176 520.8480496817481 56.76
1177 520.922499087394 56.77
1178 520.9771534776604 56.78
1179 521.0062274589441 56.79
1180 520.9975813478496 56.8
1181 520.9587237655946 56.81
1182 520.9103508481691 56.82
1183 520.831565275587 56.83
1184 520.7147505738674 56.84
1185 520.5694657588311 56.85
1186 520.3944695197185 56.86
1187 520.1939857507563 56.87
1188 519.9713367888977 56.88
1189 519.7266811277301 56.89
1190 519.4716150319249 56.9
1191 519.2168899712902 56.91
1192 518.9671729860461 56.92
1193 518.7275362889374 56.93
1194 518.5106824625733 56.94
1195 518.3296634032642 56.95
1196 518.1902052171438 56.96
1197 518.105452236917 56.97
1198 518.0772401626685 56.98
1199 518.1145330404271 56.99
1200 518.2050685381446 57
1201 518.3667850103931 57.01
1202 518.5561149850997 57.02
1203 518.8393419920502 57.03
1204 519.2065054360232 57.04
1205 519.6391678158021 57.05
1206 520.1326264260471 57.06
1207 520.6105179696127 57.07
1208 521.162971620981 57.08
1209 521.7202519102473 57.09
1210 522.3003007714696 57.1
1211 522.9200701900644 57.11
1212 523.5611841363576 57.12
1213 524.1927978078087 57.13
1214 524.7563208958784 57.14
1215 525.3111099898166 57.15
1216 525.8661217934126 57.16
1217 526.3901139773396 57.17
1218 526.8700207259776 57.18
1219 527.2993747568299 57.19
1220 527.674632982872 57.2
1221 527.9946400693469 57.21
1222 528.2649072905564 57.22
1223 528.4837734212701 57.23
1224 528.6499950698641 57.24
1225 528.7679040839 57.25
1226 528.8420408829484 57.26
1227 528.8760466784695 57.27
1228 528.875719241658 57.28
1229 528.8462870759413 57.29
1230 528.7924651304804 57.3
1231 528.7227972566527 57.31
1232 528.6442919557289 57.32
1233 528.5620000987245 57.33
1234 528.480636295677 57.34
1235 528.4063931414471 57.35
1236 528.3429035666636 57.36
1237 528.2928494121753 57.37
1238 528.256500249392 57.38
1239 528.2347181752257 57.39
1240 528.2275243800121 57.4
1241 528.2397101922226 57.41
1242 528.2674215649363 57.42
1243 528.3123806656509 57.43
1244 528.3717017040026 57.44
1245 528.4505398832516 57.45
1246 528.5521947307361 57.46
1247 528.6504118213203 57.47
1248 528.72562005054 57.48
1249 528.7911435639036 57.49
1250 528.8698720674364 57.5
1251 528.9580431034013 57.51
1252 529.0340776285383 57.52
1253 529.0887724707155 57.53
1254 529.1154886664884 57.54
1255 529.1188370137596 57.55
1256 529.1263267152824 57.56
1257 529.113340963546 57.57
1258 529.089589767255 57.58
1259 529.0212505761358 57.59
1260 528.9111240243301 57.6
1261 528.77341987715 57.61
1262 528.6115725807297 57.62
1263 528.4315745356382 57.63
1264 528.2374090831956 57.64
1265 528.0363811925495 57.65
1266 527.8370706667856 57.66
1267 527.6504301857367 57.67
1268 527.4856263424379 57.68
1269 527.3516910317804 57.69
1270 527.2600869131405 57.7
1271 527.2172901426618 57.71
1272 527.2307375091441 57.72
1273 527.3000440373894 57.73
1274 527.36830525495 57.74
1275 527.5072818854948 57.75
1276 527.6997841882189 57.76
1277 527.9687630746054 57.77
1278 528.3270687738451 57.78
1279 528.7504243041686 57.79
1280 529.2149651706918 57.8
1281 529.6880501487276 57.81
1282 530.1890908203561 57.82
1283 530.7182344580041 57.83
1284 531.2960384212136 57.84
1285 531.8349786827888 57.85
1286 532.4045594804785 57.86
1287 533.0169995310241 57.87
1288 533.6047858629605 57.88
1289 534.1411216750058 57.89
1290 534.6324980303926 57.9
1291 535.0829119776936 57.91
1292 535.4913968566742 57.92
1293 535.8548412792338 57.93
1294 536.1719243886398 57.94
1295 536.4384505024937 57.95
1296 536.6515806588292 57.96
1297 536.8176965670702 57.97
1298 536.9378351774185 57.98
1299 537.0073411295348 57.99
1300 537.0161204711612 58
1301 537.0014043976851 58.01
1302 536.9670026970814 58.02
1303 536.9199903371593 58.03
1304 536.8600027414211 58.04
1305 536.7931485542202 58.05
1306 536.7291401341237 58.06
1307 536.6688683135091 58.07
1308 536.6102958793035 58.08
1309 536.5580913827497 58.09
1310 536.519568317771 58.1
1311 536.5000997492346 58.11
1312 536.499594559886 58.12
1313 536.5336588206152 58.13
1314 536.5790519468042 58.14
1315 536.6377088834228 58.15
1316 536.711755363947 58.16
1317 536.7915813369763 58.17
1318 536.8991820651448 58.18
1319 537.007662071766 58.19
1320 537.1135253837907 58.2
1321 537.2011353998793 58.21
1322 537.2832158150042 58.22
1323 537.3533811082833 58.23
1324 537.4214389643221 58.24
1325 537.4698557554871 58.25
1326 537.4846127020228 58.26
1327 537.4771418750031 58.27
1328 537.4576104973753 58.28
1329 537.4091389888276 58.29
1330 537.3349887921578 58.3
1331 537.2810949926925 58.31
1332 537.2138678229488 58.32
1333 537.1041080188681 58.33
1334 536.9688956169737 58.34
1335 536.8242242415531 58.35
1336 536.680449858653 58.36
1337 536.5456532045836 58.37
1338 536.4263770216288 58.38
1339 536.331941262423 58.39
1340 536.2712204515474 58.4
1341 536.249978756722 58.41
1342 536.2286468285419 58.42
1343 536.2395907185403 58.43
1344 536.3432094379759 58.44
1345 536.5239383180599 58.45
1346 536.7455407354404 58.46
1347 537.0238265808821 58.47
1348 537.3447972807464 58.48
1349 537.7322463385756 58.49
1350 538.1783724754368 58.5
1351 538.6646879751424 58.51
1352 539.1826374134349 58.52
1353 539.7103323433772 58.53
1354 540.2003989012725 58.54
1355 540.7424047590639 58.55
1356 541.3358812189758 58.56
1357 541.8962714186803 58.57
1358 542.4118326753286 58.58
1359 542.8886405211027 58.59
1360 543.3193331867202 58.6
1361 543.7092920242856 58.61
1362 544.0604248047014 58.62
1363 544.3666170809556 58.63
1364 544.6245445433694 58.64
1365 544.8334422220989 58.65
1366 545.0022650070061 58.66
1367 545.1275205381465 58.67
1368 545.2137959226176 58.68
1369 545.2664167379759 58.69
1370 545.2890857869563 58.7
1371 545.2867647569248 58.71
1372 545.2664935123701 58.72
1373 545.2339408236538 58.73
1374 545.193560591544 58.74
1375 545.1511157869295 58.75
1376 545.1171985951607 58.76
1377 545.090178792634 58.77
1378 545.0801769975444 58.78
1379 545.0820971971729 58.79
1380 545.1021502948272 58.8
1381 545.1371130419759 58.81
1382 545.1849574997073 58.82
1383 545.2533298621736 58.83
1384 545.3329346994052 58.84
1385 545.4201138196947 58.85
1386 545.530810837001 58.86
1387 545.6323020630775 58.87
1388 545.7223764293578 58.88
1389 545.8512722284831 58.89
1390 545.9591229211643 58.9
1391 546.0358707200513 58.91
1392 546.1126599469713 58.92
1393 546.1697157543841 58.93
1394 546.2040450425865 58.94
1395 546.2132817406037 58.95
1396 546.2062120062488 58.96
1397 546.1865728489933 58.97
1398 546.1378915722298 58.98
1399 546.0688996390636 58.99
1400 545.9860952331627 59
1401 545.9014460181905 59.01
1402 545.8187674553826 59.02
1403 545.7345092422281 59.03
1404 545.6545258032444 59.04
1405 545.587458924052 59.05
1406 545.5395996041755 59.06
1407 545.5144701644597 59.07
1408 545.5299616477215 59.08
1409 545.5912506254377 59.09
1410 545.6841435666245 59.1
1411 545.8314502642733 59.11
1412 546.0454845402359 59.12
1413 546.3184732645523 59.13
1414 546.6483134731342 59.14
1415 547.0070917341642 59.15
1416 547.3846778123813 59.16
1417 547.8157318497144 59.17
1418 548.2103260978404 59.18
1419 548.6405178611187 59.19
1420 549.1577456003436 59.2
1421 549.6687076288956 59.21
1422 550.2055717873403 59.22
1423 550.7386347537363 59.23
1424 551.2261362819241 59.24
1425 551.6922927562546 59.25
1426 552.1403041670847 59.26
1427 552.5374939642469 59.27
1428 552.8861315721358 59.28
1429 553.1794374419184 59.29
1430 553.4389170899769 59.3
1431 553.6575019150805 59.31
1432 553.8350325231202 59.32
1433 553.9605588346044 59.33
1434 554.047705002029 59.34
1435 554.1047439485759 59.35
1436 554.1366397627769 59.36
1437 554.1494237703525 59.37
1438 554.1479640850545 59.38
1439 554.1374144960088 59.39
1440 554.1271592142305 59.4
1441 554.1181574169061 59.41
1442 554.1233699657997 59.42
1443 554.1458139237549 59.43
1444 554.1834235986681 59.44
1445 554.2326600847546 59.45
1446 554.3022461045979 59.46
1447 554.3799548973719 59.47
1448 554.4686281602103 59.48
1449 554.5767852727465 59.49
1450 554.6991840341992 59.5
1451 554.8272472805319 59.51
1452 554.9418083691669 59.52
1453 555.0515931186594 59.53
1454 555.1607028835576 59.54
1455 555.2924665812958 59.55
1456 555.4002093732014 59.56
1457 555.4666824431258 59.57
1458 555.5116905758177 59.58
1459 555.5400553997209 59.59
1460 555.5504659962635 59.6
1461 555.5483629383789 59.61
1462 555.5307186652244 59.62
1463 555.4936988468316 59.63
1464 555.4464897013935 59.64
1465 555.3961370940646 59.65
1466 555.3418860394353 59.66
1467 555.2957290930192 59.67
1468 555.2643189396352 59.68
1469 555.2542010127256 59.69
1470 555.2712200692147 59.7
1471 555.3196768687483 59.71
1472 555.4082363613488 59.72
1473 555.5428046076731 59.73
1474 555.7156828234631 59.74
1475 555.9353926134909 59.75
1476 556.2066431277998 59.76
1477 556.5329060243531 59.77
1478 556.9018687404385 59.78
1479 557.2432862827513 59.79
1480 557.6637561773194 59.8
1481 558.1074638674488 59.81
1482 558.568647994146 59.82
1483 559.0208650680644 59.83
1484 559.5162585315204 59.84
1485 560.0187536354426 59.85
1486 560.4887229647145 59.86
1487 560.9353645454246 59.87
1488 561.3508977787852 59.88
1489 561.7205522057891 59.89
1490 562.0629804219388 59.9
1491 562.3737659064772 59.91
1492 562.6431218460043 59.92
1493 562.8748889015638 59.93
1494 563.042330631752 59.94
1495 563.1757426247475 59.95
1496 563.2826457478276 59.96
1497 563.3647665659926 59.97
1498 563.4259849752792 59.98
1499 563.4721191950971 59.99
1500 563.5103400654257 60
