"vazao-mass-porta-rfile"
"Time Step" "vazao-mass-porta etc.."
("Time Step" "vazao-mass-porta" "flow-time")
0 0.01787909588265263 0
1 0 0.1
2 0 0.2
3 0 0.3
4 0 0.4
5 0 0.5
6 0 0.6000000000000001
7 0 0.7000000000000001
8 0 0.8
9 0 0.9
10 0 1
11 0 1.1
12 0 1.2
13 0 1.3
14 0 1.4
15 0 1.5
16 0 1.6
17 0 1.7
18 0 1.8
19 0 1.9
20 0 2
21 0 2.1
22 0 2.2
23 0 2.3
24 0 2.4
25 0 2.5
26 0 2.6
27 0 2.7
28 0 2.8
29 0 2.9
30 0 3
31 0 3.1
32 0 3.2
33 0 3.3
34 0 3.4
35 0 3.5
36 0 3.6
37 0 3.7
38 0 3.8
39 0 3.9
40 0 4
41 0 4.100000000000001
42 0 4.2
43 0 4.3
44 0 4.4
45 0 4.5
46 0 4.600000000000001
47 0 4.7
48 0 4.800000000000001
49 0 4.9
50 0 5
51 0 5.100000000000001
52 0 5.2
53 0 5.300000000000001
54 0 5.4
55 0 5.5
56 0 5.600000000000001
57 0 5.7
58 0 5.800000000000001
59 0 5.9
60 0 6
61 0 6.100000000000001
62 0 6.2
63 0 6.300000000000001
64 0 6.4
65 0 6.5
66 0 6.600000000000001
67 0 6.7
68 0 6.800000000000001
69 0 6.9
70 0 7
71 0 7.100000000000001
72 0 7.2
73 0 7.300000000000001
74 0 7.4
75 0 7.5
76 0 7.600000000000001
77 0 7.7
78 0 7.800000000000001
79 0 7.9
80 0 8
81 0 8.1
82 0 8.200000000000001
83 0 8.300000000000001
84 0 8.4
85 0 8.5
86 0 8.6
87 0 8.700000000000001
88 0 8.800000000000001
89 0 8.9
90 0 9
91 0 9.1
92 0 9.200000000000001
93 0 9.300000000000001
94 0 9.4
95 0 9.5
96 0 9.600000000000001
97 0 9.700000000000001
98 0 9.800000000000001
99 0 9.9
100 0 10
101 0 10.1
102 0 10.2
103 0 10.3
104 0 10.4
105 0 10.5
106 0 10.6
107 0 10.7
108 0 10.8
109 0 10.9
110 0 11
111 0 11.1
112 0 11.2
113 0 11.3
114 0 11.4
115 0 11.5
116 0 11.6
117 0 11.7
118 0 11.8
119 0 11.9
120 0 12
121 0 12.1
122 0 12.2
123 0 12.3
124 0 12.4
125 0 12.5
126 0 12.6
127 0 12.7
128 0 12.8
129 0 12.9
130 0 13
131 0 13.1
132 0 13.2
133 0 13.3
134 0 13.4
135 0 13.5
136 0 13.6
137 0 13.7
138 0 13.8
139 0 13.9
140 0 14
141 0 14.1
142 0 14.2
143 0 14.3
144 0 14.4
145 0 14.5
146 0 14.6
147 0 14.7
148 0 14.8
149 0 14.9
150 0 15
151 0 15.1
152 0 15.2
153 0 15.3
154 0 15.4
155 0 15.5
156 0 15.6
157 0 15.7
158 0 15.8
159 0 15.9
160 0 16
161 0 16.1
162 0 16.2
163 0 16.3
164 0 16.4
165 0 16.5
166 0 16.6
167 0 16.7
168 0 16.8
169 0 16.9
170 0 17
171 0 17.1
172 0 17.2
173 0 17.3
174 0 17.4
175 0 17.5
176 0 17.6
177 0 17.7
178 0 17.8
179 0 17.9
180 0 18
181 0 18.1
182 0 18.2
183 0 18.3
184 0 18.4
185 0 18.5
186 0 18.6
187 0 18.7
188 0 18.8
189 0 18.9
190 0 19
191 0 19.1
192 0 19.2
193 0 19.3
194 0 19.4
195 0 19.5
196 0 19.6
197 0 19.7
198 0 19.8
199 0 19.9
200 0 20
201 0 20.1
202 0 20.2
203 0 20.3
204 0 20.4
205 0 20.5
206 0 20.6
207 0 20.7
208 0 20.8
209 0 20.9
210 0 21
211 0 21.1
212 0 21.2
213 0 21.3
214 0 21.4
215 0 21.5
216 0 21.6
217 0 21.7
218 0 21.8
219 0 21.9
220 0 22
221 0 22.1
222 0 22.2
223 0 22.3
224 0 22.4
225 0 22.5
226 0 22.6
227 0 22.7
228 0 22.8
229 0 22.9
230 0 23
231 0 23.1
232 0 23.2
233 0 23.3
234 0 23.4
235 0 23.5
236 0 23.6
237 0 23.7
238 0 23.8
239 0 23.9
240 0 24
241 0 24.1
242 0 24.2
243 0 24.3
244 0 24.4
245 0 24.5
246 0 24.6
247 0 24.7
248 0 24.8
249 0 24.9
250 0 25
251 0 25.1
252 0 25.2
253 0 25.3
254 0 25.4
255 0 25.5
256 0 25.6
257 0 25.7
258 0 25.8
259 0 25.9
260 0 26
261 0 26.1
262 0 26.2
263 0 26.3
264 0 26.4
265 0 26.5
266 0 26.6
267 0 26.7
268 0 26.8
269 0 26.9
270 0 27
271 0 27.1
272 0 27.2
273 0 27.3
274 0 27.4
275 0 27.5
276 0 27.6
277 0 27.7
278 0 27.8
279 0 27.9
280 0 28
281 0 28.1
282 0 28.2
283 0 28.3
284 0 28.4
285 0 28.5
286 0 28.6
287 0 28.7
288 0 28.8
289 0 28.9
290 0 29
291 0 29.1
292 0 29.2
293 0 29.3
294 0 29.4
295 0 29.5
296 0 29.6
297 0 29.7
298 0 29.8
299 0 29.9
300 0 30
301 0 30.1
302 0 30.2
303 0 30.3
304 0 30.4
305 0 30.5
306 0 30.6
307 0 30.7
308 0 30.8
309 0 30.9
310 0 31
311 0 31.1
312 0 31.2
313 0 31.3
314 0 31.4
315 0 31.5
316 0 31.6
317 0 31.7
318 0 31.8
319 0 31.9
320 0 32
321 0 32.1
322 0 32.2
323 0 32.3
324 0 32.4
325 0 32.5
326 0 32.6
327 0 32.7
328 0 32.8
329 0 32.9
330 0 33
331 0 33.1
332 0 33.2
333 0 33.3
334 0 33.4
335 0 33.5
336 0 33.6
337 0 33.7
338 0 33.8
339 0 33.9
340 0 34
341 0 34.1
342 0 34.2
343 0 34.3
344 0 34.4
345 0 34.5
346 0 34.6
347 0 34.7
348 0 34.8
349 0 34.9
350 0 35
351 0 35.1
352 0 35.2
353 0 35.3
354 0 35.4
355 0 35.5
356 0 35.6
357 0 35.7
358 0 35.8
359 0 35.9
360 0 36
361 0 36.1
362 0 36.2
363 0 36.3
364 0 36.4
365 0 36.5
366 0 36.6
367 0 36.7
368 0 36.8
369 0 36.9
370 0 37
371 0 37.1
372 0 37.2
373 0 37.3
374 0 37.4
375 0 37.5
376 0 37.6
377 0 37.7
378 0 37.8
379 0 37.9
380 0 38
381 0 38.1
382 0 38.2
383 0 38.3
384 0 38.40000000000001
385 0 38.5
386 0 38.6
387 0 38.7
388 0 38.8
389 0 38.90000000000001
390 0 39
391 0 39.1
392 0 39.2
393 0 39.3
394 0 39.40000000000001
395 0 39.5
396 0 39.6
397 0 39.7
398 0 39.8
399 0 39.90000000000001
400 0 40
401 0 40.1
402 0 40.2
403 0 40.3
404 0 40.40000000000001
405 0 40.5
406 0 40.6
407 0 40.7
408 0 40.8
409 0 40.90000000000001
410 0 41
411 0 41.1
412 0 41.2
413 0 41.3
414 0 41.40000000000001
415 0 41.5
416 0 41.6
417 0 41.7
418 0 41.8
419 0 41.90000000000001
420 0 42
421 0 42.1
422 0 42.2
423 0 42.3
424 0 42.40000000000001
425 0 42.5
426 0 42.6
427 0 42.7
428 0 42.8
429 0 42.90000000000001
430 0 43
431 0 43.1
432 0 43.2
433 0 43.3
434 0 43.40000000000001
435 0 43.5
436 0 43.6
437 0 43.7
438 0 43.8
439 0 43.90000000000001
440 0 44
441 0 44.1
442 0 44.2
443 0 44.3
444 0 44.40000000000001
445 0 44.5
446 0 44.6
447 0 44.7
448 0 44.8
449 0 44.90000000000001
450 0 45
451 0 45.1
452 0 45.2
453 0 45.3
454 0 45.40000000000001
455 0 45.5
456 0 45.6
457 0 45.7
458 0 45.8
459 0 45.90000000000001
460 0 46
461 0 46.1
462 0 46.2
463 0 46.3
464 0 46.40000000000001
465 0 46.5
466 0 46.6
467 0 46.7
468 0 46.8
469 0 46.90000000000001
470 0 47
471 0 47.1
472 0 47.2
473 0 47.3
474 0 47.40000000000001
475 0 47.5
476 0 47.6
477 0 47.7
478 0 47.8
479 0 47.90000000000001
480 0 48
481 0 48.1
482 0 48.2
483 0 48.3
484 0 48.40000000000001
485 0 48.5
486 0 48.6
487 0 48.7
488 0 48.8
489 0 48.90000000000001
490 0 49
491 0 49.1
492 0 49.2
493 0 49.3
494 0 49.40000000000001
495 0 49.5
496 0 49.6
497 0 49.7
498 0 49.8
499 0 49.90000000000001
500 0 50
501 -0.02468742333975325 50.01
502 -0.02321902136757486 50.02
503 -0.02389839239489983 50.03
504 -0.02463641712935101 50.04
505 -0.03162652584384365 50.05
506 -0.03461087568617506 50.06
507 -0.0369112741249587 50.07
508 -0.03897647800169705 50.08
509 -0.04077723232800626 50.09
510 -0.0423045040274322 50.1
511 -0.04769271133623969 50.11
512 -0.0523980793322434 50.12
513 -0.0569171954230705 50.13
514 -0.06173644838361016 50.14
515 -0.06715338050111827 50.15
516 -0.07280181698709204 50.16
517 -0.07814237330796947 50.17
518 -0.08294717178677888 50.18
519 -0.08716053382333963 50.19
520 -0.09082271309504533 50.2
521 -0.09401393346981779 50.21
522 -0.09680183157263227 50.22
523 -0.09917599226443564 50.23
524 -0.1010773668484187 50.24
525 -0.1015992835389765 50.25
526 -0.100879109589114 50.26
527 -0.09872508422216629 50.27
528 -0.09674188030292902 50.28
529 -0.09480112243664793 50.29
530 -0.09276608085239417 50.3
531 -0.09061294116349906 50.31
532 -0.08834041902094823 50.32
533 -0.08597791834887036 50.33
534 -0.08357164377775259 50.34
535 -0.0811594289543279 50.35
536 -0.07875190945350381 50.36
537 -0.07637532285993973 50.37
538 -0.07402936180551659 50.38
539 -0.07172516831638515 50.39
540 -0.06947073042298957 50.4
541 -0.06726859019119388 50.41
542 -0.06511901885069032 50.42
543 -0.06302591389665274 50.43
544 -0.06098547203859386 50.44
545 -0.05899462777948157 50.45
546 -0.05705828449123838 50.46
547 -0.05516604547451643 50.47
548 -0.05332374739865457 50.48
549 -0.05152049162641258 50.49
550 -0.04976028895803848 50.5
551 -0.0480339005933985 50.51
552 -0.04634902070555993 50.52
553 -0.04470063694049468 50.53
554 -0.04308621681928316 50.54
555 -0.04150363036691247 50.55
556 -0.03996249014200558 50.56
557 -0.03633530133829396 50.57
558 -0.03368169330790769 50.58
559 -0.0308822334107929 50.59
560 -0.02803864086559772 50.6
561 -0.02423873706074934 50.61
562 -0.02109974350940472 50.62
563 -0.01883756420352251 50.63
564 -0.0158346855343749 50.64
565 -0.0115054870608117 50.65
566 -0.008748213370010515 50.66
567 -0.006834435138233987 50.67
568 -0.004256366041299342 50.68
569 -0.001350646478517094 50.69
570 0.0006765475825970347 50.7
571 0.003367671506597503 50.71
572 0.006779964048315068 50.72
573 0.01064384094458018 50.73
574 0.01369481124409291 50.74
575 0.01680576855541423 50.75
576 0.02018526261160984 50.76
577 0.02354858728326182 50.77
578 0.02668182238321004 50.78
579 0.02900739659193938 50.79
580 0.03232086795943681 50.8
581 0.0348505807236143 50.81
582 0.03822225694115512 50.82
583 0.04166718848930877 50.83
584 0.0445975783196641 50.84
585 0.04811193729827206 50.85
586 0.05114979160487285 50.86
587 0.0547792709087765 50.87
588 0.05853036155486884 50.88
589 0.06128644170086984 50.89
590 0.06438902822914752 50.9
591 0.06658077737248487 50.91
592 0.07031635172666686 50.92
593 0.07406734403863779 50.93
594 0.07665575741722923 50.94
595 0.07907801952227721 50.95
596 0.08275075914023226 50.96
597 0.0854419299744231 50.97
598 0.08772728067986441 50.98
599 0.09081481750261299 50.99
600 0.09364283481493042 51
601 0.09683584133584859 51.01
602 0.09979641871082479 51.02
603 0.1024592314366752 51.03
604 0.1047817415571609 51.04
605 0.1067192810402185 51.05
606 0.1082216977956926 51.06
607 0.1091504348201847 51.07
608 0.1096474647981749 51.08
609 0.110110377702847 51.09
610 0.1102429504791358 51.1
611 0.1101868383248073 51.11
612 0.1100300178298253 51.12
613 0.1095868553081242 51.13
614 0.1089218916745461 51.14
615 0.1080395366245399 51.15
616 0.1069371535273514 51.16
617 0.1056090756684826 51.17
618 0.104033994978459 51.18
619 0.1022933754319779 51.19
620 0.1015724808212261 51.2
621 0.1004888621830275 51.21
622 0.09817346599610205 51.22
623 0.09562697179143473 51.23
624 0.09282509521470093 51.24
625 0.08974235466108911 51.25
626 0.08633385314786737 51.26
627 0.08261374472140517 51.27
628 0.07856396761246057 51.28
629 0.07412493780960402 51.29
630 0.06929361277172003 51.3
631 0.06402150339378568 51.31
632 0.05821147287321156 51.32
633 0.05215454233228984 51.33
634 0.04581235641591089 51.34
635 0.03922681692449891 51.35
636 0.03244383831987362 51.36
637 0.02574867117141759 51.37
638 0.01900572882304779 51.38
639 0.01230273849275712 51.39
640 0.005526355406461748 51.4
641 -0.001219604665199268 51.41
642 -0.007937360680139414 51.42
643 -0.01510131869814602 51.43
644 -0.02271177765584525 51.44
645 -0.03048306018459689 51.45
646 -0.03816640470121028 51.46
647 -0.04576251554708224 51.47
648 -0.05341680251578344 51.48
649 -0.06071008689984115 51.49
650 -0.06711776608052819 51.5
651 -0.07320163796587917 51.51
652 -0.07935551381932267 51.52
653 -0.08460023598902455 51.53
654 -0.08904341504566607 51.54
655 -0.09333026456147289 51.55
656 -0.09749862029088216 51.56
657 -0.1011955404853295 51.57
658 -0.1044982518726413 51.58
659 -0.107313681275446 51.59
660 -0.1099511811726688 51.6
661 -0.1128283943438341 51.61
662 -0.1151802425218488 51.62
663 -0.1164794798343987 51.63
664 -0.116935126988124 51.64
665 -0.1169245899837993 51.65
666 -0.1165738645044642 51.66
667 -0.1158175309439734 51.67
668 -0.1146204621600907 51.68
669 -0.1129666571716679 51.69
670 -0.1108609065641797 51.7
671 -0.108508083354846 51.71
672 -0.1054308771091713 51.72
673 -0.1023062344620156 51.73
674 -0.09916084495989512 51.74
675 -0.09492200704904787 51.75
676 -0.09121662224129029 51.76
677 -0.08710865675039933 51.77
678 -0.0832598305147078 51.78
679 -0.07941024441227626 51.79
680 -0.07488742925142404 51.8
681 -0.07015313105009634 51.81
682 -0.06523683601894209 51.82
683 -0.06061481678484631 51.83
684 -0.0559754370343094 51.84
685 -0.05149267748369329 51.85
686 -0.04665656938780174 51.86
687 -0.04182574466597556 51.87
688 -0.03724250565086702 51.88
689 -0.03242209361612493 51.89
690 -0.02739012042138958 51.9
691 -0.02254266664029095 51.91
692 -0.01768893999922757 51.92
693 -0.01248856087825472 51.93
694 -0.007709906866504876 51.94
695 -0.002984987047048481 51.95
696 0.001803962292692432 51.96
697 0.006361170802522087 51.97
698 0.010918412938631 51.98
699 0.0155075339270964 51.99
700 0.01990497157650876 52
701 0.02446852297833304 52.01
702 0.02916002667690261 52.02
703 0.03368019985661581 52.03
704 0.03673121641206377 52.04
705 0.04071909904243676 52.05
706 0.04337652187347663 52.06
707 0.04605827315689789 52.07
708 0.04783422132696323 52.08
709 0.05006389364631918 52.09
710 0.05268942653035844 52.1
711 0.05529906308206055 52.11
712 0.05791705250436041 52.12
713 0.0596298428529891 52.13
714 0.06154259658944632 52.14
715 0.06343752620519338 52.15
716 0.06510779173328453 52.16
717 0.06677445797802022 52.17
718 0.06864747638950211 52.18
719 0.07051024064478538 52.19
720 0.07214767598969615 52.2
721 0.07375994122700058 52.21
722 0.07554024435878313 52.22
723 0.07728700613368789 52.23
724 0.07916107550552662 52.24
725 0.08061186933958769 52.25
726 0.08239408666501241 52.26
727 0.08449389403916401 52.27
728 0.08652716751821329 52.28
729 0.08781778709239771 52.29
730 0.08936664525725849 52.3
731 0.09110712531224495 52.31
732 0.09270151688146039 52.32
733 0.0941454731754099 52.33
734 0.09542272057283704 52.34
735 0.09652675837860894 52.35
736 0.09801876100135432 52.36
737 0.0990184881427028 52.37
738 0.09951501000651362 52.38
739 0.09953282801175349 52.39
740 0.09911402533979333 52.4
741 0.09830680995544952 52.41
742 0.09713884339873094 52.42
743 0.09561795560839842 52.43
744 0.09377403029404227 52.44
745 0.0916259342564392 52.45
746 0.08921447246953185 52.46
747 0.08654911917077372 52.47
748 0.0835961768788835 52.48
749 0.0805127870053534 52.49
750 0.0785727637544648 52.5
751 0.07652921097197227 52.51
752 0.0749720800503972 52.52
753 0.07295950701526223 52.53
754 0.07126425083239957 52.54
755 0.06907870987840659 52.55
756 0.06768566769617543 52.56
757 0.06624906339989221 52.57
758 0.06474588310630548 52.58
759 0.06319305288409371 52.59
760 0.06159172816695192 52.6
761 0.05992851414689354 52.61
762 0.05820350289588667 52.62
763 0.05642186004052428 52.63
764 0.05456610989176755 52.64
765 0.05263722664742166 52.65
766 0.05064656309553948 52.66
767 0.0485970739726195 52.67
768 0.04647602255230918 52.68
769 0.04430687302979433 52.69
770 0.04209458988340885 52.7
771 0.03979973545894262 52.71
772 0.03748658567340032 52.72
773 0.03513468804831671 52.73
774 0.03271198453060829 52.74
775 0.03023508377075986 52.75
776 0.0277028040162373 52.76
777 0.02515910759802382 52.77
778 0.02258816696798216 52.78
779 0.01998074736314756 52.79
780 0.01735168372061403 52.8
781 0.01469728302829916 52.81
782 0.01201929942682275 52.82
783 0.009317329273204802 52.83
784 0.006598578631902356 52.84
785 0.003862266255346123 52.85
786 0.00106827167641763 52.86
787 -0.001736595953631166 52.87
788 -0.00460619468744215 52.88
789 -0.007521677986194956 52.89
790 -0.01043808472003881 52.9
791 -0.01329234418353167 52.91
792 -0.01609754983416442 52.92
793 -0.01873894027101618 52.93
794 -0.02127343312745481 52.94
795 -0.02374745573704146 52.95
796 -0.02619856339637113 52.96
797 -0.02860385014756658 52.97
798 -0.0309678839236926 52.98
799 -0.03330664176415842 52.99
800 -0.03561040111517613 53
801 -0.03788104134325578 53.01
802 -0.04010766508321539 53.02
803 -0.04233547610560311 53.03
804 -0.04454620859896591 53.04
805 -0.04667022417838898 53.05
806 -0.04871556847116572 53.06
807 -0.05072497105912897 53.07
808 -0.05265035053579772 53.08
809 -0.05452084615782028 53.09
810 -0.0562989798620001 53.1
811 -0.05801872423740588 53.11
812 -0.05962474328410219 53.12
813 -0.06114605239928907 53.13
814 -0.06260906667573245 53.14
815 -0.06398537867624698 53.15
816 -0.06526102079034125 53.16
817 -0.06647765129065808 53.17
818 -0.06765960174813271 53.18
819 -0.06873049652380403 53.19
820 -0.06976650751224855 53.2
821 -0.07071336376030299 53.21
822 -0.07163666992572318 53.22
823 -0.07242397018763461 53.23
824 -0.07316223060292099 53.24
825 -0.07374671326890875 53.25
826 -0.07422607133433061 53.26
827 -0.07461215988006406 53.27
828 -0.07490968328280806 53.28
829 -0.07513527778893064 53.29
830 -0.07546956930250498 53.3
831 -0.07543219734391923 53.31
832 -0.07541160958755735 53.32
833 -0.07533174155934973 53.33
834 -0.07518472670353786 53.34
835 -0.07496435058536952 53.35
836 -0.07473289168612531 53.36
837 -0.07442923606031687 53.37
838 -0.07415174618207498 53.38
839 -0.07384996435906069 53.39
840 -0.07342816652985182 53.4
841 -0.07276369000788033 53.41
842 -0.07187476593020452 53.42
843 -0.07067452039991452 53.43
844 -0.06916489261851079 53.44
845 -0.0673458121393859 53.45
846 -0.06528937865932564 53.46
847 -0.06297375661037223 53.47
848 -0.06044721201420741 53.48
849 -0.05769307918909029 53.49
850 -0.05471459185167393 53.5
851 -0.05149396582680142 53.51
852 -0.04809204060701922 53.52
853 -0.04473515032097646 53.53
854 -0.04127242897039924 53.54
855 -0.03752017931809198 53.55
856 -0.03382291008285361 53.56
857 -0.03007231226529845 53.57
858 -0.0264580091700362 53.58
859 -0.02266024617197348 53.59
860 -0.01870766291711703 53.6
861 -0.01480266729629753 53.61
862 -0.010722587140861 53.62
863 -0.006633058509685549 53.63
864 -0.002855655314795189 53.64
865 0.00104902125169664 53.65
866 0.004950314739384196 53.66
867 0.008829974121743389 53.67
868 0.01274728753139769 53.68
869 0.01650514403192382 53.69
870 0.0203313580156512 53.7
871 0.02411456297335537 53.71
872 0.02774257869604595 53.72
873 0.03120938241313838 53.73
874 0.03469965492289119 53.74
875 0.03816343646977716 53.75
876 0.04152041104571866 53.76
877 0.04479526286799256 53.77
878 0.04798458118669723 53.78
879 0.05102783521737858 53.79
880 0.05383468243731179 53.8
881 0.05652054392225912 53.81
882 0.05908746277710303 53.82
883 0.06151483704836317 53.83
884 0.06371314418025001 53.84
885 0.06566065969866906 53.85
886 0.06741522685066323 53.86
887 0.06892053898265596 53.87
888 0.07013258084826644 53.88
889 0.07101288087899141 53.89
890 0.07155544228180495 53.9
891 0.07175779774554769 53.91
892 0.07167202317035533 53.92
893 0.07126834634727283 53.93
894 0.07054317163487049 53.94
895 0.06950541444243152 53.95
896 0.06813278270039613 53.96
897 0.06647460709333991 53.97
898 0.06453444434453666 53.98
899 0.06231744114590037 53.99
900 0.05979979382202626 54
901 0.05690032610615694 54.01
902 0.05368333371948273 54.02
903 0.05021211758176963 54.03
904 0.04651054317300538 54.04
905 0.04255443660610327 54.05
906 0.03841346906076487 54.06
907 0.03403756473650608 54.07
908 0.0295100463672482 54.08
909 0.02480567551909699 54.09
910 0.01974530418944838 54.1
911 0.01469505695105093 54.11
912 0.009689897829426794 54.12
913 0.004502866140546709 54.13
914 -0.0008382202988499255 54.14
915 -0.006005984887063481 54.15
916 -0.01111676991896685 54.16
917 -0.01627682496391838 54.17
918 -0.02129361708594921 54.18
919 -0.02611076172553783 54.19
920 -0.03079744400838925 54.2
921 -0.03540816721388708 54.21
922 -0.0399224754805235 54.22
923 -0.04435802714352891 54.23
924 -0.04857207549726896 54.24
925 -0.05238319969819057 54.25
926 -0.05568814789732047 54.26
927 -0.05873172477030142 54.27
928 -0.06170099067230242 54.28
929 -0.06440438497834639 54.29
930 -0.06672908912007106 54.3
931 -0.06876397574373001 54.31
932 -0.07047504546261554 54.32
933 -0.07196446961668243 54.33
934 -0.07319394603337444 54.34
935 -0.07403955958639789 54.35
936 -0.07446550785745498 54.36
937 -0.07449435279887195 54.37
938 -0.07413617097277066 54.38
939 -0.07338996248164034 54.39
940 -0.07226829818797535 54.4
941 -0.07079594650299627 54.41
942 -0.06899515342197733 54.42
943 -0.06688375290073946 54.43
944 -0.06449721682679579 54.44
945 -0.06183537171749433 54.45
946 -0.05901054697898302 54.46
947 -0.05596337641780727 54.47
948 -0.05271001508002787 54.48
949 -0.04925387102612301 54.49
950 -0.04561796416325697 54.5
951 -0.04185256560149349 54.51
952 -0.03790135923982022 54.52
953 -0.03378461995194958 54.53
954 -0.02964520829203934 54.54
955 -0.02537191413011507 54.55
956 -0.02116645089950533 54.56
957 -0.01688643391670602 54.57
958 -0.01243734761930657 54.58
959 -0.007946818017226662 54.59
960 -0.003450246934825104 54.6
961 0.0008927615987526045 54.61
962 0.005246929327005905 54.62
963 0.009270464154238796 54.63
964 0.01331589364241859 54.64
965 0.01737262514330261 54.65
966 0.02130067072103045 54.66
967 0.0250137217103393 54.67
968 0.02877788978360869 54.68
969 0.03254312233288619 54.69
970 0.0361892951969187 54.7
971 0.03961645050218059 54.71
972 0.04289207171936428 54.72
973 0.04609970323388252 54.73
974 0.04916258717059876 54.74
975 0.05200983318218071 54.75
976 0.05468786656732045 54.76
977 0.05724528450744589 54.77
978 0.05950889039020105 54.78
979 0.06154953029615514 54.79
980 0.06339457332114486 54.8
981 0.06496477240851488 54.81
982 0.06620451043720707 54.82
983 0.067066121298752 54.83
984 0.06753773731051999 54.84
985 0.06766630640635918 54.85
986 0.06742808057470569 54.86
987 0.06682739053959874 54.87
988 0.0658827852752544 54.88
989 0.06461314092395831 54.89
990 0.06302612510497592 54.9
991 0.06112329820408462 54.91
992 0.05890374029470192 54.92
993 0.05637045912649979 54.93
994 0.05346627332209813 54.94
995 0.05025787572756071 54.95
996 0.04677586134445093 54.96
997 0.04304182069804251 54.97
998 0.03903489740856753 54.98
999 0.03457908548786546 54.99
1000 0.02990763709273619 55
1001 0.02515818123667109 55.01
1002 0.02034324703713896 55.02
1003 0.01536613399701516 55.03
1004 0.01020957738848204 55.04
1005 0.004910520235112502 55.05
1006 -0.0004998066783758102 55.06
1007 -0.005875068764467541 55.07
1008 -0.01105434346933235 55.08
1009 -0.01624510488384306 55.09
1010 -0.02147466594845325 55.1
1011 -0.02648045643227661 55.11
1012 -0.03125584508506481 55.12
1013 -0.03581285846555411 55.13
1014 -0.04020786820015513 55.14
1015 -0.0443952670049914 55.15
1016 -0.04832882696151583 55.16
1017 -0.05189603386576494 55.17
1018 -0.05515693246547282 55.18
1019 -0.05815045531208579 55.19
1020 -0.06083710739756197 55.2
1021 -0.06332541254476788 55.21
1022 -0.06558587225371831 55.22
1023 -0.06728153525385995 55.23
1024 -0.06847409399754051 55.24
1025 -0.06935179488279915 55.25
1026 -0.06991979665120338 55.26
1027 -0.07011927311384486 55.27
1028 -0.06990455957815429 55.28
1029 -0.06925982269745243 55.29
1030 -0.06820236752356711 55.3
1031 -0.06676068322400693 55.31
1032 -0.06495923822303432 55.32
1033 -0.06281795079748223 55.33
1034 -0.06035212668829171 55.34
1035 -0.05751421146981922 55.35
1036 -0.05457645491233716 55.36
1037 -0.05134588423495492 55.37
1038 -0.04798739203851544 55.38
1039 -0.0443553689408993 55.39
1040 -0.04043067424314162 55.4
1041 -0.03629113910121403 55.41
1042 -0.03212071672154686 55.42
1043 -0.02775405281879057 55.43
1044 -0.0234036990979431 55.44
1045 -0.0189964170325938 55.45
1046 -0.01443494158176232 55.46
1047 -0.009831610250714568 55.47
1048 -0.00530874656523591 55.48
1049 -0.0007811844508751574 55.49
1050 0.003602760938346437 55.5
1051 0.007881599746602436 55.51
1052 0.01204544759709771 55.52
1053 0.01610486200789666 55.53
1054 0.02006176473185554 55.54
1055 0.0240825580355144 55.55
1056 0.0280066022488242 55.56
1057 0.03168021338659396 55.57
1058 0.03513316914930925 55.58
1059 0.03853216124764976 55.59
1060 0.04172656843543283 55.6
1061 0.04481098477630824 55.61
1062 0.04777424887268469 55.62
1063 0.05057434145508558 55.63
1064 0.05317411664714174 55.64
1065 0.05554893329120239 55.65
1066 0.05766998056634435 55.66
1067 0.05949809170697083 55.67
1068 0.06100824432183663 55.68
1069 0.06208117834869017 55.69
1070 0.06278606505564052 55.7
1071 0.06315978078995239 55.71
1072 0.06312156275953948 55.72
1073 0.0626833778470668 55.73
1074 0.0618799210737092 55.74
1075 0.06072910638883414 55.75
1076 0.05922355485076208 55.76
1077 0.05736734797348017 55.77
1078 0.05517104073050156 55.78
1079 0.05263534707385195 55.79
1080 0.0497475673850762 55.8
1081 0.04642887083823024 55.81
1082 0.04270475332573994 55.82
1083 0.03874692818834159 55.83
1084 0.03460578457151548 55.84
1085 0.03022979969090903 55.85
1086 0.02560119926445042 55.86
1087 0.0206710984921783 55.87
1088 0.01575994588437985 55.88
1089 0.01083255404993494 55.89
1090 0.005764424044155949 55.9
1091 0.0007558664917534574 55.91
1092 -0.004316433907463507 55.92
1093 -0.009480587972705172 55.93
1094 -0.01480695727819562 55.94
1095 -0.01989604899189778 55.95
1096 -0.02470703712646234 55.96
1097 -0.02934629660082402 55.97
1098 -0.03378829105711798 55.98
1099 -0.03795306817540415 55.99
1100 -0.0418443245397881 56
1101 -0.04560754567774957 56.01
1102 -0.04906485640579836 56.02
1103 -0.05211205280934789 56.03
1104 -0.05492642216895293 56.04
1105 -0.0574551647074911 56.05
1106 -0.05967227839739793 56.06
1107 -0.06141783801380059 56.07
1108 -0.06281327802257605 56.08
1109 -0.06387337675525021 56.09
1110 -0.0645275173407277 56.1
1111 -0.06475366133480434 56.11
1112 -0.0645548635942198 56.12
1113 -0.06386104671205359 56.13
1114 -0.06272708662471264 56.14
1115 -0.06119473653535602 56.15
1116 -0.05929060551273292 56.16
1117 -0.05705221676787647 56.17
1118 -0.05449222044122821 56.18
1119 -0.05166140106736741 56.19
1120 -0.04855222906934599 56.2
1121 -0.04518733695099653 56.21
1122 -0.04161070810106066 56.22
1123 -0.03778382359405304 56.23
1124 -0.03387476143169581 56.24
1125 -0.02978731667810379 56.25
1126 -0.02562851820900604 56.26
1127 -0.02135042698492284 56.27
1128 -0.01695409955351289 56.28
1129 -0.01247688708594612 56.29
1130 -0.008060786793812256 56.3
1131 -0.003696638839304192 56.31
1132 0.0006501615017405742 56.32
1133 0.004778533163797465 56.33
1134 0.008882679470125669 56.34
1135 0.01300685549579943 56.35
1136 0.01706418779753476 56.36
1137 0.02104841966440599 56.37
1138 0.02487348892651435 56.38
1139 0.02850005275336428 56.39
1140 0.03190189205125894 56.4
1141 0.03537325537091324 56.41
1142 0.03873599603592955 56.42
1143 0.04186861054570391 56.43
1144 0.04480505128251107 56.44
1145 0.04753341096873406 56.45
1146 0.05003746209180905 56.46
1147 0.05225030550083434 56.47
1148 0.05418016542473696 56.48
1149 0.05578957864241652 56.49
1150 0.05702472706177038 56.5
1151 0.05782942334663781 56.51
1152 0.05818046904872279 56.52
1153 0.05809347150953489 56.53
1154 0.05757514008860704 56.54
1155 0.05670282808431662 56.55
1156 0.05545321778940719 56.56
1157 0.05379671852549328 56.57
1158 0.05172979339069009 56.58
1159 0.04925060324922453 56.59
1160 0.04645478985479629 56.6
1161 0.04333564809966693 56.61
1162 0.03992305515976916 56.62
1163 0.03621478092673452 56.63
1164 0.03225118042161573 56.64
1165 0.02809939271358971 56.65
1166 0.02373915581780672 56.66
1167 0.01919894429513654 56.67
1168 0.01448500929615749 56.68
1169 0.00957852521270959 56.69
1170 0.004685840042932274 56.7
1171 -9.403767132626188e-05 56.71
1172 -0.004866675069503102 56.72
1173 -0.009737643654099761 56.73
1174 -0.01450285312048645 56.74
1175 -0.01901159532660093 56.75
1176 -0.02340096329496535 56.76
1177 -0.02779861737617034 56.77
1178 -0.03205280026679249 56.78
1179 -0.03602948426930815 56.79
1180 -0.03962234063790153 56.8
1181 -0.04292130064246362 56.81
1182 -0.04604486417245114 56.82
1183 -0.04889126327417592 56.83
1184 -0.05130947053046743 56.84
1185 -0.05340524153324645 56.85
1186 -0.05512726031598574 56.86
1187 -0.05652838975583152 56.87
1188 -0.05754949820423171 56.88
1189 -0.0581607076006545 56.89
1190 -0.05835606866494773 56.9
1191 -0.05810278701863735 56.91
1192 -0.05737983340788297 56.92
1193 -0.05621550873607553 56.93
1194 -0.05466619281833703 56.94
1195 -0.05274977325088731 56.95
1196 -0.05049854688580287 56.96
1197 -0.04791499997779396 56.97
1198 -0.04505011024569874 56.98
1199 -0.04190024335443004 56.99
1200 -0.03850925538320214 57
1201 -0.03490123692244949 57.01
1202 -0.03115241582999715 57.02
1203 -0.02722474576592604 57.03
1204 -0.02325066349298487 57.04
1205 -0.01918135221545319 57.05
1206 -0.01503897127263431 57.06
1207 -0.01088126569557408 57.07
1208 -0.006762244118141693 57.08
1209 -0.002582189767345706 57.09
1210 0.001440277235946385 57.1
1211 0.005471463378182628 57.11
1212 0.009484441118166823 57.12
1213 0.01347575612893147 57.13
1214 0.01731929096462868 57.14
1215 0.02101317918179301 57.15
1216 0.02459401250156809 57.16
1217 0.02812007862955369 57.17
1218 0.0315041461676937 57.18
1219 0.03473626162962706 57.19
1220 0.03779728828318685 57.2
1221 0.04064076314264523 57.21
1222 0.04324928419636453 57.22
1223 0.04560609139772329 57.23
1224 0.04767607865201863 57.24
1225 0.04943022953149701 57.25
1226 0.05082877261577569 57.26
1227 0.05181984186009225 57.27
1228 0.05234875007532101 57.28
1229 0.05241357409201791 57.29
1230 0.05203393674309423 57.3
1231 0.05123663919605434 57.31
1232 0.0500469284101229 57.32
1233 0.04847701495038868 57.33
1234 0.04653505961225835 57.34
1235 0.04423397054559525 57.35
1236 0.04158386905244583 57.36
1237 0.03861231629943479 57.37
1238 0.03532724310951079 57.38
1239 0.03178957443827123 57.39
1240 0.02802868111566984 57.4
1241 0.02403091778461716 57.41
1242 0.01985235993270412 57.42
1243 0.01550474022802447 57.43
1244 0.0110321615218146 57.44
1245 0.006462665866319566 57.45
1246 0.001787745067083477 57.46
1247 -0.00298137827338997 57.47
1248 -0.007439547709019598 57.48
1249 -0.01165227675816967 57.49
1250 -0.01588193354638963 57.5
1251 -0.02014012316166067 57.51
1252 -0.02421442891237384 57.52
1253 -0.02810245228112663 57.53
1254 -0.03172692757273867 57.54
1255 -0.03510147437115189 57.55
1256 -0.03829613669726777 57.56
1257 -0.04128235149429017 57.57
1258 -0.04401089187921219 57.58
1259 -0.04633377042340063 57.59
1260 -0.04821397203440335 57.6
1261 -0.04975426124005958 57.61
1262 -0.05095015990056851 57.62
1263 -0.05178462451935543 57.63
1264 -0.05220870754082974 57.64
1265 -0.05220300590836959 57.65
1266 -0.05174191998377826 57.66
1267 -0.05084079694984573 57.67
1268 -0.04953188460877853 57.68
1269 -0.04784132011975352 57.69
1270 -0.04579390425073311 57.7
1271 -0.0434088031488767 57.71
1272 -0.04072206151797165 57.72
1273 -0.03774953200865627 57.73
1274 -0.03446141375161806 57.74
1275 -0.03122760506325674 57.75
1276 -0.02775408094183453 57.76
1277 -0.02414892021083691 57.77
1278 -0.02042067727992426 57.78
1279 -0.01658701532980424 57.79
1280 -0.01263724555251577 57.8
1281 -0.008727887848078491 57.81
1282 -0.004758056058169516 57.82
1283 -0.0009151592714056462 57.83
1284 0.002982523361612081 57.84
1285 0.006922252027196285 57.85
1286 0.01059572304233015 57.86
1287 0.01442182636138798 57.87
1288 0.01817868158588602 57.88
1289 0.02168231782171744 57.89
1290 0.02507613678882471 57.9
1291 0.02832075563509594 57.91
1292 0.03138274787579195 57.92
1293 0.03427511574886595 57.93
1294 0.0369464634142166 57.94
1295 0.0393794462785847 57.95
1296 0.04155240434620158 57.96
1297 0.04341147611740515 57.97
1298 0.04493087787448578 57.98
1299 0.04607655566091425 57.99
1300 0.04671424658867029 58
1301 0.04697220982684733 58.01
1302 0.04677332220355297 58.02
1303 0.04611278965220336 58.03
1304 0.04507641880230118 58.04
1305 0.04366710450865229 58.05
1306 0.04188507691825834 58.06
1307 0.03972947347550396 58.07
1308 0.0372523605374219 58.08
1309 0.03452405685387878 58.09
1310 0.03152142252638099 58.1
1311 0.02821153702792631 58.11
1312 0.02469106950305697 58.12
1313 0.02081730757886909 58.13
1314 0.0167731070710519 58.14
1315 0.01263872329010391 58.15
1316 0.00836226267332538 58.16
1317 0.004076970623091909 58.17
1318 -0.0003414656753325395 58.18
1319 -0.004708645615498536 58.19
1320 -0.009023289763623434 58.2
1321 -0.01305697210755888 58.21
1322 -0.01696217329515954 58.22
1323 -0.02067603904693821 58.23
1324 -0.02432946799522908 58.24
1325 -0.02779081093608813 58.25
1326 -0.03094237801730935 58.26
1327 -0.03383644653032031 58.27
1328 -0.03651612897584098 58.28
1329 -0.03889856397755139 58.29
1330 -0.04096625136509665 58.3
1331 -0.04285320277797397 58.31
1332 -0.04441897535192847 58.32
1333 -0.04552271174982342 58.33
1334 -0.04619804739063242 58.34
1335 -0.0464887692412339 58.35
1336 -0.04637240267616125 58.36
1337 -0.04581849907547845 58.37
1338 -0.04485117109020938 58.38
1339 -0.04350220445302477 58.39
1340 -0.04179549974987689 58.4
1341 -0.03975242945348294 58.41
1342 -0.03733679465927842 58.42
1343 -0.03483145200998742 58.43
1344 -0.03209406987299233 58.44
1345 -0.02910035188583849 58.45
1346 -0.0258849827614853 58.46
1347 -0.02247268075520455 58.47
1348 -0.0189415013437909 58.48
1349 -0.01535659884084655 58.49
1350 -0.01170370269499105 58.5
1351 -0.007923605626564547 58.51
1352 -0.004097289253777777 58.52
1353 -0.000310427450415826 58.53
1354 0.003408318303130564 58.54
1355 0.007102875665552948 58.55
1356 0.01077776794470197 58.56
1357 0.01445611461817622 58.57
1358 0.01790813712229497 58.58
1359 0.02120834412029204 58.59
1360 0.02427477432626403 58.6
1361 0.02723968659145785 58.61
1362 0.02996237131799019 58.62
1363 0.03251426790101491 58.63
1364 0.03481379469129894 58.64
1365 0.03680472767693274 58.65
1366 0.03851186057567541 58.66
1367 0.03989938431355857 58.67
1368 0.0408920636760673 58.68
1369 0.04145640848343058 58.69
1370 0.04155963442202448 58.7
1371 0.04122494638344118 58.71
1372 0.04048557336505783 58.72
1373 0.03936207702266963 58.73
1374 0.03788672046473442 58.74
1375 0.03607803942845561 58.75
1376 0.03390266831378692 58.76
1377 0.03143919983872902 58.77
1378 0.0286570528688944 58.78
1379 0.02559689315633778 58.79
1380 0.02226560523794271 58.8
1381 0.01879809588588477 58.81
1382 0.01515237235877353 58.82
1383 0.01133682666462102 58.83
1384 0.007416993392632347 58.84
1385 0.00350417855904455 58.85
1386 -0.0005417396251341964 58.86
1387 -0.004466168825456206 58.87
1388 -0.008228403977693612 58.88
1389 -0.01216755419134424 58.89
1390 -0.01587349856040558 58.9
1391 -0.01924950608418376 58.91
1392 -0.02247673063488427 58.92
1393 -0.02555888758399524 58.93
1394 -0.02841439785842914 58.94
1395 -0.03099938633870859 58.95
1396 -0.03334559544445612 58.96
1397 -0.03545113875502751 58.97
1398 -0.03719736605552619 58.98
1399 -0.03862844054799064 58.99
1400 -0.03972244923922352 59
1401 -0.04050884981734401 59.01
1402 -0.04091575342176942 59.02
1403 -0.04088061389414615 59.03
1404 -0.04040631210374053 59.04
1405 -0.03952870930759235 59.05
1406 -0.03829921727092928 59.06
1407 -0.03672046539603323 59.07
1408 -0.03485710477282843 59.08
1409 -0.03272140819475892 59.09
1410 -0.03027516336620806 59.1
1411 -0.02764231517216202 59.11
1412 -0.02483456366499941 59.12
1413 -0.02179968652301394 59.13
1414 -0.01859985164428135 59.14
1415 -0.01521617188010806 59.15
1416 -0.01182683088824658 59.16
1417 -0.008399655615387493 59.17
1418 -0.004806187791454526 59.18
1419 -0.001439677845078638 59.19
1420 0.001977930493167725 59.2
1421 0.005463808546401465 59.21
1422 0.00884304737619985 59.22
1423 0.01222088951389025 59.23
1424 0.01549313466300896 59.24
1425 0.01857137013345535 59.25
1426 0.02154430542012079 59.26
1427 0.02434078660123408 59.27
1428 0.02693580811512318 59.28
1429 0.02925042940201244 59.29
1430 0.03127712520054794 59.3
1431 0.03304651109492258 59.31
1432 0.03446238194942076 59.32
1433 0.03549039036235116 59.33
1434 0.03612118337519594 59.34
1435 0.03632843290866191 59.35
1436 0.03610213112374483 59.36
1437 0.03547667062654274 59.37
1438 0.03447968695033882 59.38
1439 0.03313483387757793 59.39
1440 0.03144610780235072 59.4
1441 0.02944852826475421 59.41
1442 0.0271186642455756 59.42
1443 0.02448081460088805 59.43
1444 0.02158000666300298 59.44
1445 0.01846663287301977 59.45
1446 0.01512677921274225 59.46
1447 0.01169472739164409 59.47
1448 0.008168063306974217 59.48
1449 0.004515455380365773 59.49
1450 0.0008122729934504221 59.5
1451 -0.002903119453852749 59.51
1452 -0.006493731218191617 59.52
1453 -0.009897154345589939 59.53
1454 -0.01323647351529463 59.54
1455 -0.01652505290728759 59.55
1456 -0.01970894501603278 59.56
1457 -0.02247176516184403 59.57
1458 -0.02498677276991053 59.58
1459 -0.02730969519906258 59.59
1460 -0.02941107093541242 59.6
1461 -0.03127284307577927 59.61
1462 -0.03283944940026846 59.62
1463 -0.03407492908670628 59.63
1464 -0.03498538560741164 59.64
1465 -0.0355392492125935 59.65
1466 -0.03572407371774564 59.66
1467 -0.03550958714735545 59.67
1468 -0.03489845863505232 59.68
1469 -0.03392853436737426 59.69
1470 -0.03262733803961429 59.7
1471 -0.03102036152609404 59.71
1472 -0.02912682256855362 59.72
1473 -0.02697008150841631 59.73
1474 -0.02456398709877455 59.74
1475 -0.02195782719637375 59.75
1476 -0.01919639936723642 59.76
1477 -0.01627894755801528 59.77
1478 -0.01323988218921457 59.78
1479 -0.01000879371429885 59.79
1480 -0.006849065446756857 59.8
1481 -0.003607365123219932 59.81
1482 -0.0003166018893363944 59.82
1483 0.00289923583670118 59.83
1484 0.006061343653125254 59.84
1485 0.009221111830447227 59.85
1486 0.01228147004418505 59.86
1487 0.01517896763953032 59.87
1488 0.01792296946239691 59.88
1489 0.02050759328562797 59.89
1490 0.02285064214624792 59.9
1491 0.0249896080484421 59.91
1492 0.02687512198472737 59.92
1493 0.02848683804007904 59.93
1494 0.02967205209448912 59.94
1495 0.03056020244691379 59.95
1496 0.03106629200699793 59.96
1497 0.03113154090285904 59.97
1498 0.03078322493040027 59.98
1499 0.03005814651684461 59.99
1500 0.02895870121880745 60
